#n = 1.0e+04, Tgas =  25.0, Tdust =  25.0, Go = 10000.0
pc 	Av 	e- 	C 	C+ 	CO 	O 	O2 	H2O
0.01005 	0.15507 	1.398e-04 	2.555e-09 	1.396e-04 	4.585e-13 	3.367e-04 	1.247e-17 	2.095e-14
0.03015 	0.46521 	1.400e-04 	6.685e-09 	1.399e-04 	1.312e-12 	3.373e-04 	3.663e-17 	3.907e-14 
0.05025 	0.77536 	1.407e-04 	1.732e-08 	1.406e-04 	3.430e-12 	3.390e-04 	1.016e-16 	7.082e-14 
0.07035 	1.08550 	1.414e-04 	4.453e-08 	1.413e-04 	8.504e-12 	3.409e-04 	2.767e-16 	1.256e-13 
0.09045 	1.39564 	1.419e-04 	1.138e-07 	1.419e-04 	2.046e-11 	3.424e-04 	7.582e-16 	2.193e-13 
0.11055 	1.70579 	1.422e-04 	2.894e-07 	1.422e-04 	4.850e-11 	3.435e-04 	2.110e-15 	3.786e-13 
0.13065 	2.01593 	1.421e-04 	7.321e-07 	1.420e-04 	1.147e-10 	3.442e-04 	5.960e-15 	6.499e-13 
0.15075 	2.32607 	1.412e-04 	1.834e-06 	1.412e-04 	2.733e-10 	3.447e-04 	1.702e-14 	1.115e-12 
0.17085 	2.63622 	1.387e-04 	4.499e-06 	1.387e-04 	6.615e-10 	3.451e-04 	4.891e-14 	1.927e-12 
0.19095 	2.94636 	1.328e-04 	1.054e-05 	1.328e-04 	1.628e-09 	3.456e-04 	1.410e-13 	3.414e-12 
0.21105 	3.25650 	1.210e-04 	2.257e-05 	1.210e-04 	4.040e-09 	3.462e-04 	4.109e-13 	6.370e-12 
0.23115 	3.56664 	1.019e-04 	4.205e-05 	1.019e-04 	9.916e-09 	3.470e-04 	1.239e-12 	1.290e-11 
0.25125 	3.87679 	7.785e-05 	6.656e-05 	7.781e-05 	2.357e-08 	3.481e-04 	4.019e-12 	2.871e-11 
0.27135 	4.18693 	5.389e-05 	9.095e-05 	5.386e-05 	5.367e-08 	3.492e-04 	1.442e-11 	6.917e-11 
0.29145 	4.49707 	3.400e-05 	1.112e-04 	3.396e-05 	1.171e-07 	3.501e-04 	5.637e-11 	1.751e-10 
0.31155 	4.80722 	1.957e-05 	1.258e-04 	1.953e-05 	2.463e-07 	3.506e-04 	2.280e-10 	4.498e-10 
0.33165 	5.11736 	1.028e-05 	1.350e-04 	1.024e-05 	5.047e-07 	3.508e-04 	8.823e-10 	1.120e-09 
0.35175 	5.42750 	5.001e-06 	1.398e-04 	4.963e-06 	1.034e-06 	3.505e-04 	2.978e-09 	2.558e-09 
0.37185 	5.73765 	2.394e-06 	1.413e-04 	2.361e-06 	2.238e-06 	3.493e-04 	8.172e-09 	5.196e-09 
0.39195 	6.04779 	1.260e-06 	1.393e-04 	1.234e-06 	5.318e-06 	3.460e-04 	1.800e-08 	9.499e-09 
0.41205 	6.35793 	7.970e-07 	1.319e-04 	7.778e-07 	1.321e-05 	3.373e-04 	3.292e-08 	1.621e-08 
0.43215 	6.66807 	5.833e-07 	1.144e-04 	5.690e-07 	3.090e-05 	3.171e-04 	5.329e-08 	2.647e-08 
0.45225 	6.97822 	4.457e-07 	8.485e-05 	4.341e-07 	6.063e-05 	2.804e-04 	8.249e-08 	4.140e-08 
0.47235 	7.28836 	3.434e-07 	5.276e-05 	3.332e-07 	9.283e-05 	2.299e-04 	1.273e-07 	6.115e-08 
0.49245 	7.59850 	2.862e-07 	3.323e-05 	2.765e-07 	1.124e-04 	1.685e-04 	1.716e-07 	8.117e-08 
0.51255 	7.90865 	2.865e-07 	3.293e-05 	2.770e-07 	1.127e-04 	1.023e-04 	1.372e-07 	8.589e-08 
0.53265 	8.21879 	3.484e-07 	5.576e-05 	3.392e-07 	8.985e-05 	5.750e-05 	5.425e-08 	7.116e-08 
0.55275 	8.52893 	4.362e-07 	9.109e-05 	4.265e-07 	5.442e-05 	3.437e-05 	1.817e-08 	5.183e-08 
0.57285 	8.83908 	5.007e-07 	1.207e-04 	4.890e-07 	2.477e-05 	2.077e-05 	6.720e-09 	3.546e-08 
0.59295 	9.14922 	5.110e-07 	1.355e-04 	4.950e-07 	9.877e-06 	1.182e-05 	2.635e-09 	2.378e-08 
0.61305 	9.45936 	4.980e-07 	1.399e-04 	4.786e-07 	5.494e-06 	6.973e-06 	1.136e-09 	1.647e-08 
0.63315 	9.76950 	4.938e-07 	1.408e-04 	4.735e-07 	4.519e-06 	4.763e-06 	5.973e-10 	1.229e-08 
0.65325 	10.07965 	5.014e-07 	1.401e-04 	4.823e-07 	5.070e-06 	3.788e-06 	3.948e-10 	9.970e-09 
0.67335 	10.38979 	5.181e-07 	1.376e-04 	5.018e-07 	7.452e-06 	3.391e-06 	3.184e-10 	8.667e-09 
0.69345 	10.69993 	5.330e-07 	1.313e-04 	5.201e-07 	1.357e-05 	3.211e-06 	2.937e-10 	7.894e-09 
0.71355 	11.01008 	5.284e-07 	1.200e-04 	5.180e-07 	2.475e-05 	2.963e-06 	2.820e-10 	7.347e-09 
0.73365 	11.32022 	5.069e-07 	1.061e-04 	4.977e-07 	3.851e-05 	2.625e-06 	2.702e-10 	6.879e-09 
0.75375 	11.63036 	4.791e-07 	9.178e-05 	4.704e-07 	5.258e-05 	2.291e-06 	2.612e-10 	6.474e-09 
0.77385 	11.94051 	4.501e-07 	7.819e-05 	4.417e-07 	6.595e-05 	1.995e-06 	2.569e-10 	6.125e-09 
0.79395 	12.25065 	4.226e-07 	6.575e-05 	4.143e-07 	7.812e-05 	1.746e-06 	2.578e-10 	5.825e-09 
0.81405 	12.56079 	3.975e-07 	5.470e-05 	3.892e-07 	8.890e-05 	1.542e-06 	2.644e-10 	5.571e-09 
0.83415 	12.87093 	3.754e-07 	4.512e-05 	3.670e-07 	9.818e-05 	1.379e-06 	2.769e-10 	5.359e-09 
0.85425 	13.18108 	3.566e-07 	3.703e-05 	3.481e-07 	1.060e-04 	1.249e-06 	2.952e-10 	5.186e-09 
0.87435 	13.49122 	3.410e-07 	3.037e-05 	3.325e-07 	1.124e-04 	1.149e-06 	3.190e-10 	5.047e-09 
0.89445 	13.80136 	3.285e-07 	2.503e-05 	3.198e-07 	1.175e-04 	1.072e-06 	3.473e-10 	4.938e-09 
0.91455 	14.11151 	3.186e-07 	2.087e-05 	3.099e-07 	1.214e-04 	1.014e-06 	3.782e-10 	4.855e-09 
0.93465 	14.42165 	3.111e-07 	1.770e-05 	3.023e-07 	1.244e-04 	9.715e-07 	4.095e-10 	4.792e-09 
0.95475 	14.73179 	3.055e-07 	1.533e-05 	2.967e-07 	1.266e-04 	9.402e-07 	4.392e-10 	4.746e-09 
0.97485 	15.04194 	3.014e-07 	1.361e-05 	2.925e-07 	1.283e-04 	9.176e-07 	4.655e-10 	4.712e-09 
0.99495 	15.35208 	2.984e-07 	1.236e-05 	2.895e-07 	1.294e-04 	9.015e-07 	4.875e-10 	4.687e-09 
1.01505 	15.66222 	2.963e-07 	1.148e-05 	2.874e-07 	1.303e-04 	8.900e-07 	5.050e-10 	4.670e-09 
1.03515 	15.97236 	2.948e-07 	1.085e-05 	2.859e-07 	1.308e-04 	8.820e-07 	5.185e-10 	4.658e-09 
1.05525 	16.28251 	2.938e-07 	1.041e-05 	2.848e-07 	1.313e-04 	8.764e-07 	5.285e-10 	4.649e-09 
1.07535 	16.59265 	2.930e-07 	1.011e-05 	2.841e-07 	1.315e-04 	8.725e-07 	5.358e-10 	4.643e-09 
1.09545 	16.90279 	2.925e-07 	9.896e-06 	2.836e-07 	1.317e-04 	8.698e-07 	5.411e-10 	4.639e-09 
1.11555 	17.21294 	2.922e-07 	9.749e-06 	2.832e-07 	1.319e-04 	8.679e-07 	5.448e-10 	4.636e-09 
1.13565 	17.52308 	2.919e-07 	9.647e-06 	2.830e-07 	1.320e-04 	8.666e-07 	5.474e-10 	4.635e-09 
1.15575 	17.83322 	2.918e-07 	9.577e-06 	2.828e-07 	1.320e-04 	8.657e-07 	5.492e-10 	4.633e-09 
1.17585 	18.14337 	2.917e-07 	9.528e-06 	2.827e-07 	1.321e-04 	8.651e-07 	5.505e-10 	4.632e-09 
1.19595 	18.45351 	2.916e-07 	9.494e-06 	2.826e-07 	1.321e-04 	8.647e-07 	5.514e-10 	4.632e-09 
1.21605 	18.76365 	2.915e-07 	9.471e-06 	2.825e-07 	1.321e-04 	8.644e-07 	5.520e-10 	4.631e-09 
1.23615 	19.07379 	2.915e-07 	9.455e-06 	2.825e-07 	1.321e-04 	8.642e-07 	5.524e-10 	4.631e-09 
1.25625 	19.38394 	2.915e-07 	9.444e-06 	2.825e-07 	1.322e-04 	8.641e-07 	5.527e-10 	4.631e-09 
1.27635 	19.69408 	2.914e-07 	9.437e-06 	2.825e-07 	1.322e-04 	8.640e-07 	5.529e-10 	4.630e-09 
1.29645 	20.00422 	2.914e-07 	9.432e-06 	2.824e-07 	1.322e-04 	8.639e-07 	5.530e-10 	4.630e-09 
1.31655 	20.31437 	2.914e-07 	9.428e-06 	2.824e-07 	1.322e-04 	8.638e-07 	5.531e-10 	4.630e-09 
1.33665 	20.62451 	2.914e-07 	9.426e-06 	2.824e-07 	1.322e-04 	8.638e-07 	5.532e-10 	4.630e-09 
1.35675 	20.93465 	2.914e-07 	9.424e-06 	2.824e-07 	1.322e-04 	8.638e-07 	5.532e-10 	4.630e-09 
1.37685 	21.24480 	2.914e-07 	9.423e-06 	2.824e-07 	1.322e-04 	8.638e-07 	5.533e-10 	4.630e-09 
1.39695 	21.55494 	2.914e-07 	9.422e-06 	2.824e-07 	1.322e-04 	8.638e-07 	5.533e-10 	4.630e-09 
1.41705 	21.86508 	2.914e-07 	9.421e-06 	2.824e-07 	1.322e-04 	8.638e-07 	5.533e-10 	4.630e-09 
1.43715 	22.17522 	2.914e-07 	9.421e-06 	2.824e-07 	1.322e-04 	8.638e-07 	5.533e-10 	4.630e-09 
1.45725 	22.48537 	2.914e-07 	9.421e-06 	2.824e-07 	1.322e-04 	8.637e-07 	5.533e-10 	4.630e-09 
1.47735 	22.79551 	2.914e-07 	9.420e-06 	2.824e-07 	1.322e-04 	8.637e-07 	5.533e-10 	4.630e-09 
1.49745 	23.10565 	2.914e-07 	9.420e-06 	2.824e-07 	1.322e-04 	8.637e-07 	5.533e-10 	4.630e-09 
1.51755 	23.41580 	2.914e-07 	9.420e-06 	2.824e-07 	1.322e-04 	8.637e-07 	5.533e-10 	4.630e-09 
1.53765 	23.72594 	2.914e-07 	9.420e-06 	2.824e-07 	1.322e-04 	8.637e-07 	5.533e-10 	4.630e-09 
1.55775 	24.03608 	2.914e-07 	9.420e-06 	2.824e-07 	1.322e-04 	8.637e-07 	5.533e-10 	4.630e-09 
1.57785 	24.34623 	2.914e-07 	9.420e-06 	2.824e-07 	1.322e-04 	8.637e-07 	5.533e-10 	4.630e-09 
1.59795 	24.65637 	2.914e-07 	9.420e-06 	2.824e-07 	1.322e-04 	8.637e-07 	5.533e-10 	4.630e-09 
1.61805 	24.96651 	2.914e-07 	9.420e-06 	2.824e-07 	1.322e-04 	8.637e-07 	5.533e-10 	4.630e-09 
1.63815 	25.27665 	2.914e-07 	9.420e-06 	2.824e-07 	1.322e-04 	8.637e-07 	5.533e-10 	4.630e-09 
1.65825 	25.58680 	2.914e-07 	9.420e-06 	2.824e-07 	1.322e-04 	8.637e-07 	5.533e-10 	4.630e-09 
1.67835 	25.89694 	2.914e-07 	9.420e-06 	2.824e-07 	1.322e-04 	8.637e-07 	5.533e-10 	4.630e-09 
1.69845 	26.20708 	2.914e-07 	9.420e-06 	2.824e-07 	1.322e-04 	8.637e-07 	5.533e-10 	4.630e-09 
1.71855 	26.51723 	2.914e-07 	9.420e-06 	2.824e-07 	1.322e-04 	8.637e-07 	5.533e-10 	4.630e-09 
1.73865 	26.82737 	2.914e-07 	9.420e-06 	2.824e-07 	1.322e-04 	8.637e-07 	5.533e-10 	4.630e-09 
1.75875 	27.13751 	2.914e-07 	9.420e-06 	2.824e-07 	1.322e-04 	8.637e-07 	5.533e-10 	4.630e-09 
1.77885 	27.44766 	2.914e-07 	9.420e-06 	2.824e-07 	1.322e-04 	8.637e-07 	5.533e-10 	4.630e-09 
1.79895 	27.75780 	2.914e-07 	9.420e-06 	2.824e-07 	1.322e-04 	8.637e-07 	5.533e-10 	4.630e-09 
1.81905 	28.06794 	2.914e-07 	9.420e-06 	2.824e-07 	1.322e-04 	8.637e-07 	5.533e-10 	4.630e-09 
1.83915 	28.37808 	2.914e-07 	9.420e-06 	2.824e-07 	1.322e-04 	8.637e-07 	5.533e-10 	4.630e-09 
1.85925 	28.68823 	2.914e-07 	9.420e-06 	2.824e-07 	1.322e-04 	8.637e-07 	5.533e-10 	4.630e-09 
1.87935 	28.99837 	2.914e-07 	9.420e-06 	2.824e-07 	1.322e-04 	8.637e-07 	5.533e-10 	4.630e-09 
1.89945 	29.30851 	2.914e-07 	9.420e-06 	2.824e-07 	1.322e-04 	8.637e-07 	5.533e-10 	4.630e-09 
1.91955 	29.61866 	2.914e-07 	9.420e-06 	2.824e-07 	1.322e-04 	8.637e-07 	5.533e-10 	4.630e-09 
1.93965 	29.92880 	2.914e-07 	9.420e-06 	2.824e-07 	1.322e-04 	8.637e-07 	5.533e-10 	4.630e-09 
1.95975 	30.23894 	2.914e-07 	9.420e-06 	2.824e-07 	1.322e-04 	8.637e-07 	5.533e-10 	4.630e-09 
1.97985 	30.54909 	2.914e-07 	9.420e-06 	2.824e-07 	1.322e-04 	8.637e-07 	5.533e-10 	4.630e-09 
1.99995 	30.85923 	2.914e-07 	9.420e-06 	2.824e-07 	1.322e-04 	8.637e-07 	5.533e-10 	4.630e-09 
