n = 9.5e+03, Tgas =  22.5, Tdust =  22.5, Go = 10000.0
pc 	Av 	e- 	C 	C+ 	CO 	O 	O2 	H2O 
0.01005 	0.14732 	1.395e-04 	2.504e-09 	1.394e-04 	4.019e-13 	3.361e-04 	1.059e-17 	1.886e-14 
0.03015 	0.44195 	1.397e-04 	6.239e-09 	1.396e-04 	1.098e-12 	3.365e-04 	2.973e-17 	3.465e-14 
0.05025 	0.73659 	1.403e-04 	1.543e-08 	1.402e-04 	2.759e-12 	3.381e-04 	7.883e-17 	6.165e-14 
0.07035 	1.03123 	1.410e-04 	3.786e-08 	1.409e-04 	6.591e-12 	3.399e-04 	2.045e-16 	1.072e-13 
0.09045 	1.32586 	1.416e-04 	9.242e-08 	1.415e-04 	1.528e-11 	3.415e-04 	5.316e-16 	1.830e-13 
0.11055 	1.62050 	1.419e-04 	2.246e-07 	1.419e-04 	3.483e-11 	3.427e-04 	1.399e-15 	3.089e-13 
0.13065 	1.91513 	1.420e-04 	5.434e-07 	1.419e-04 	7.895e-11 	3.435e-04 	3.734e-15 	5.175e-13 
0.15075 	2.20977 	1.414e-04 	1.306e-06 	1.414e-04 	1.797e-10 	3.441e-04 	1.008e-14 	8.646e-13 
0.17085 	2.50440 	1.398e-04 	3.093e-06 	1.398e-04 	4.135e-10 	3.445e-04 	2.742e-14 	1.450e-12 
0.19095 	2.79904 	1.360e-04 	7.108e-06 	1.359e-04 	9.664e-10 	3.449e-04 	7.483e-14 	2.468e-12 
0.21105 	3.09368 	1.279e-04 	1.538e-05 	1.279e-04 	2.288e-09 	3.454e-04 	2.051e-13 	4.347e-12 
0.23115 	3.38831 	1.136e-04 	3.000e-05 	1.135e-04 	5.418e-09 	3.461e-04 	5.712e-13 	8.143e-12 
0.25125 	3.68295 	9.309e-05 	5.090e-05 	9.306e-05 	1.260e-08 	3.471e-04 	1.661e-12 	1.657e-11 
0.27135 	3.97758 	6.979e-05 	7.466e-05 	6.975e-05 	2.836e-08 	3.482e-04 	5.227e-12 	3.660e-11 
0.29145 	4.27222 	4.800e-05 	9.688e-05 	4.796e-05 	6.138e-08 	3.493e-04 	1.805e-11 	8.611e-11 
0.31155 	4.56686 	3.042e-05 	1.148e-04 	3.038e-05 	1.281e-07 	3.501e-04 	6.694e-11 	2.101e-10 
0.33165 	4.86149 	1.778e-05 	1.275e-04 	1.774e-05 	2.591e-07 	3.506e-04 	2.537e-10 	5.154e-10 
0.35175 	5.15613 	9.576e-06 	1.357e-04 	9.535e-06 	5.130e-07 	3.508e-04 	9.163e-10 	1.221e-09 
0.37185 	5.45076 	4.833e-06 	1.400e-04 	4.793e-06 	1.017e-06 	3.505e-04 	2.916e-09 	2.666e-09 
0.39195 	5.74540 	2.413e-06 	1.413e-04 	2.377e-06 	2.122e-06 	3.494e-04 	7.710e-09 	5.230e-09 
0.41205 	6.04003 	1.312e-06 	1.397e-04 	1.284e-06 	4.814e-06 	3.465e-04 	1.672e-08 	9.320e-09 
0.43215 	6.33467 	8.438e-07 	1.335e-04 	8.226e-07 	1.145e-05 	3.391e-04 	3.053e-08 	1.556e-08 
0.45225 	6.62931 	6.246e-07 	1.188e-04 	6.088e-07 	2.624e-05 	3.222e-04 	4.941e-08 	2.496e-08 
0.47235 	6.92394 	4.851e-07 	9.262e-05 	4.726e-07 	5.225e-05 	2.908e-04 	7.575e-08 	3.860e-08 
0.49245 	7.21858 	3.769e-07 	6.103e-05 	3.661e-07 	8.361e-05 	2.459e-04 	1.159e-07 	5.707e-08 
0.51255 	7.51321 	3.058e-07 	3.763e-05 	2.959e-07 	1.068e-04 	1.915e-04 	1.667e-07 	7.834e-08 
0.53265 	7.80785 	2.839e-07 	3.027e-05 	2.742e-07 	1.142e-04 	1.283e-04 	1.717e-07 	9.139e-08 
0.55275 	8.10249 	3.212e-07 	4.291e-05 	3.117e-07 	1.016e-04 	7.483e-05 	9.074e-08 	8.376e-08 
0.57285 	8.39712 	4.026e-07 	7.386e-05 	3.930e-07 	7.092e-05 	4.483e-05 	3.202e-08 	6.525e-08 
0.59295 	8.69176 	4.835e-07 	1.067e-04 	4.728e-07 	3.834e-05 	2.801e-05 	1.172e-08 	4.682e-08 
0.61305 	8.98639 	5.243e-07 	1.290e-04 	5.104e-07 	1.619e-05 	1.696e-05 	4.638e-09 	3.234e-08 
0.63315 	9.28103 	5.189e-07 	1.379e-04 	5.004e-07 	7.360e-06 	9.835e-06 	1.920e-09 	2.232e-08 
0.65325 	9.57567 	5.084e-07 	1.404e-04 	4.874e-07 	4.874e-06 	6.229e-06 	9.074e-10 	1.615e-08 
0.67335 	9.87030 	5.083e-07 	1.407e-04 	4.872e-07 	4.479e-06 	4.555e-06 	5.257e-10 	1.258e-08 
0.69345 	10.16494 	5.188e-07 	1.397e-04 	4.993e-07 	5.374e-06 	3.800e-06 	3.749e-10 	1.054e-08 
0.71355 	10.45957 	5.361e-07 	1.368e-04 	5.197e-07 	8.171e-06 	3.490e-06 	3.170e-10 	9.342e-09 
0.73365 	10.75421 	5.485e-07 	1.299e-04 	5.355e-07 	1.475e-05 	3.324e-06 	2.984e-10 	8.605e-09 
0.75375 	11.04884 	5.415e-07 	1.187e-04 	5.309e-07 	2.572e-05 	3.064e-06 	2.872e-10 	8.051e-09 
0.77385 	11.34348 	5.199e-07 	1.054e-04 	5.105e-07 	3.871e-05 	2.724e-06 	2.751e-10 	7.568e-09 
0.79395 	11.63812 	4.927e-07 	9.186e-05 	4.838e-07 	5.191e-05 	2.390e-06 	2.656e-10 	7.147e-09 
0.81405 	11.93275 	4.645e-07 	7.894e-05 	4.559e-07 	6.447e-05 	2.093e-06 	2.603e-10 	6.780e-09 
0.83415 	12.22739 	4.375e-07 	6.704e-05 	4.290e-07 	7.600e-05 	1.840e-06 	2.598e-10 	6.463e-09 
0.85425 	12.52202 	4.127e-07 	5.637e-05 	4.042e-07 	8.629e-05 	1.631e-06 	2.644e-10 	6.190e-09 
0.87435 	12.81666 	3.906e-07 	4.701e-05 	3.820e-07 	9.527e-05 	1.460e-06 	2.741e-10 	5.960e-09 
0.89445 	13.11130 	3.714e-07 	3.899e-05 	3.628e-07 	1.029e-04 	1.324e-06 	2.893e-10 	5.769e-09 
0.91455 	13.40593 	3.553e-07 	3.228e-05 	3.466e-07 	1.093e-04 	1.216e-06 	3.094e-10 	5.614e-09 
0.93465 	13.70057 	3.420e-07 	2.679e-05 	3.333e-07 	1.145e-04 	1.132e-06 	3.339e-10 	5.490e-09 
0.95475 	13.99520 	3.314e-07 	2.241e-05 	3.226e-07 	1.186e-04 	1.067e-06 	3.614e-10 	5.393e-09 
0.97485 	14.28984 	3.231e-07 	1.900e-05 	3.142e-07 	1.218e-04 	1.019e-06 	3.901e-10 	5.318e-09 
0.99495 	14.58447 	3.167e-07 	1.639e-05 	3.078e-07 	1.242e-04 	9.823e-07 	4.182e-10 	5.262e-09 
1.01505 	14.87911 	3.119e-07 	1.444e-05 	3.030e-07 	1.260e-04 	9.554e-07 	4.441e-10 	5.220e-09 
1.03515 	15.17375 	3.084e-07 	1.299e-05 	2.994e-07 	1.274e-04 	9.357e-07 	4.666e-10 	5.188e-09 
1.05525 	15.46838 	3.058e-07 	1.194e-05 	2.968e-07 	1.283e-04 	9.215e-07 	4.853e-10 	5.166e-09 
1.07535 	15.76302 	3.039e-07 	1.118e-05 	2.949e-07 	1.290e-04 	9.113e-07 	5.002e-10 	5.149e-09 
1.09545 	16.05765 	3.026e-07 	1.064e-05 	2.936e-07 	1.295e-04 	9.040e-07 	5.117e-10 	5.138e-09 
1.11555 	16.35229 	3.016e-07 	1.025e-05 	2.926e-07 	1.299e-04 	8.988e-07 	5.203e-10 	5.129e-09 
1.13565 	16.64693 	3.010e-07 	9.976e-06 	2.919e-07 	1.301e-04 	8.952e-07 	5.266e-10 	5.124e-09 
1.15575 	16.94156 	3.005e-07 	9.781e-06 	2.914e-07 	1.303e-04 	8.926e-07 	5.313e-10 	5.119e-09 
1.17585 	17.23620 	3.001e-07 	9.644e-06 	2.911e-07 	1.304e-04 	8.907e-07 	5.346e-10 	5.117e-09 
1.19595 	17.53083 	2.999e-07 	9.547e-06 	2.909e-07 	1.305e-04 	8.894e-07 	5.370e-10 	5.114e-09 
1.21605 	17.82547 	2.997e-07 	9.479e-06 	2.907e-07 	1.306e-04 	8.885e-07 	5.387e-10 	5.113e-09 
1.23615 	18.12010 	2.996e-07 	9.431e-06 	2.906e-07 	1.306e-04 	8.879e-07 	5.399e-10 	5.112e-09 
1.25625 	18.41474 	2.995e-07 	9.397e-06 	2.905e-07 	1.307e-04 	8.874e-07 	5.407e-10 	5.111e-09 
1.27635 	18.70938 	2.995e-07 	9.373e-06 	2.904e-07 	1.307e-04 	8.871e-07 	5.413e-10 	5.111e-09 
1.29645 	19.00401 	2.994e-07 	9.357e-06 	2.904e-07 	1.307e-04 	8.869e-07 	5.417e-10 	5.110e-09 
1.31655 	19.29865 	2.994e-07 	9.345e-06 	2.903e-07 	1.307e-04 	8.868e-07 	5.420e-10 	5.110e-09 
1.33665 	19.59328 	2.994e-07 	9.337e-06 	2.903e-07 	1.307e-04 	8.866e-07 	5.422e-10 	5.110e-09 
1.35675 	19.88792 	2.994e-07 	9.331e-06 	2.903e-07 	1.307e-04 	8.866e-07 	5.424e-10 	5.110e-09 
1.37685 	20.18256 	2.994e-07 	9.327e-06 	2.903e-07 	1.307e-04 	8.865e-07 	5.425e-10 	5.110e-09 
1.39695 	20.47719 	2.994e-07 	9.324e-06 	2.903e-07 	1.307e-04 	8.865e-07 	5.426e-10 	5.110e-09 
1.41705 	20.77183 	2.993e-07 	9.322e-06 	2.903e-07 	1.307e-04 	8.865e-07 	5.426e-10 	5.110e-09 
1.43715 	21.06646 	2.993e-07 	9.321e-06 	2.903e-07 	1.307e-04 	8.864e-07 	5.427e-10 	5.110e-09 
1.45725 	21.36110 	2.993e-07 	9.320e-06 	2.903e-07 	1.307e-04 	8.864e-07 	5.427e-10 	5.110e-09 
1.47735 	21.65573 	2.993e-07 	9.319e-06 	2.903e-07 	1.307e-04 	8.864e-07 	5.427e-10 	5.110e-09 
1.49745 	21.95037 	2.993e-07 	9.319e-06 	2.903e-07 	1.307e-04 	8.864e-07 	5.427e-10 	5.110e-09 
1.51755 	22.24501 	2.993e-07 	9.318e-06 	2.903e-07 	1.307e-04 	8.864e-07 	5.427e-10 	5.110e-09 
1.53765 	22.53964 	2.993e-07 	9.318e-06 	2.903e-07 	1.307e-04 	8.864e-07 	5.427e-10 	5.110e-09 
1.55775 	22.83428 	2.993e-07 	9.318e-06 	2.903e-07 	1.307e-04 	8.864e-07 	5.427e-10 	5.110e-09 
1.57785 	23.12891 	2.993e-07 	9.318e-06 	2.903e-07 	1.307e-04 	8.864e-07 	5.427e-10 	5.110e-09 
1.59795 	23.42355 	2.993e-07 	9.318e-06 	2.903e-07 	1.307e-04 	8.864e-07 	5.427e-10 	5.110e-09 
1.61805 	23.71819 	2.993e-07 	9.318e-06 	2.903e-07 	1.307e-04 	8.864e-07 	5.427e-10 	5.110e-09 
1.63815 	24.01282 	2.993e-07 	9.318e-06 	2.903e-07 	1.307e-04 	8.864e-07 	5.427e-10 	5.110e-09 
1.65825 	24.30746 	2.993e-07 	9.318e-06 	2.903e-07 	1.307e-04 	8.864e-07 	5.427e-10 	5.110e-09 
1.67835 	24.60209 	2.993e-07 	9.318e-06 	2.903e-07 	1.307e-04 	8.864e-07 	5.427e-10 	5.110e-09 
1.69845 	24.89673 	2.993e-07 	9.318e-06 	2.903e-07 	1.307e-04 	8.864e-07 	5.427e-10 	5.110e-09 
1.71855 	25.19137 	2.993e-07 	9.318e-06 	2.903e-07 	1.307e-04 	8.864e-07 	5.427e-10 	5.110e-09 
1.73865 	25.48600 	2.993e-07 	9.318e-06 	2.903e-07 	1.307e-04 	8.864e-07 	5.427e-10 	5.110e-09 
1.75875 	25.78064 	2.993e-07 	9.318e-06 	2.903e-07 	1.307e-04 	8.864e-07 	5.427e-10 	5.110e-09 
1.77885 	26.07527 	2.993e-07 	9.318e-06 	2.903e-07 	1.307e-04 	8.864e-07 	5.427e-10 	5.110e-09 
1.79895 	26.36991 	2.993e-07 	9.318e-06 	2.903e-07 	1.307e-04 	8.864e-07 	5.427e-10 	5.110e-09 
1.81905 	26.66454 	2.993e-07 	9.317e-06 	2.903e-07 	1.307e-04 	8.864e-07 	5.427e-10 	5.110e-09 
1.83915 	26.95918 	2.993e-07 	9.317e-06 	2.903e-07 	1.307e-04 	8.864e-07 	5.427e-10 	5.110e-09 
1.85925 	27.25382 	2.993e-07 	9.317e-06 	2.903e-07 	1.307e-04 	8.864e-07 	5.427e-10 	5.110e-09 
1.87935 	27.54845 	2.993e-07 	9.317e-06 	2.903e-07 	1.307e-04 	8.864e-07 	5.427e-10 	5.110e-09 
1.89945 	27.84309 	2.993e-07 	9.317e-06 	2.903e-07 	1.307e-04 	8.864e-07 	5.427e-10 	5.110e-09 
1.91955 	28.13772 	2.993e-07 	9.317e-06 	2.903e-07 	1.307e-04 	8.864e-07 	5.427e-10 	5.110e-09 
1.93965 	28.43236 	2.993e-07 	9.317e-06 	2.903e-07 	1.307e-04 	8.864e-07 	5.427e-10 	5.110e-09 
1.95975 	28.72700 	2.993e-07 	9.317e-06 	2.903e-07 	1.307e-04 	8.864e-07 	5.427e-10 	5.110e-09 
1.97985 	29.02163 	2.993e-07 	9.317e-06 	2.903e-07 	1.307e-04 	8.864e-07 	5.427e-10 	5.110e-09 
1.99995 	29.31627 	2.993e-07 	9.317e-06 	2.903e-07 	1.307e-04 	8.864e-07 	5.427e-10 	5.110e-09 
