n = 9.8e+03, Tgas =  25.0, Tdust =  25.0, Go = 10000.0
pc 	Av 	e- 	C 	C+ 	CO 	O 	O2 	H2O 
0.01005 	0.15119 	1.398e-04 	2.457e-09 	1.396e-04 	4.346e-13 	3.367e-04 	1.176e-17 	2.067e-14 
0.03015 	0.45358 	1.399e-04 	6.281e-09 	1.398e-04 	1.220e-12 	3.372e-04 	3.383e-17 	3.803e-14 
0.05025 	0.75597 	1.406e-04 	1.591e-08 	1.405e-04 	3.131e-12 	3.388e-04 	9.182e-17 	6.806e-14 
0.07035 	1.05836 	1.413e-04 	3.996e-08 	1.412e-04 	7.624e-12 	3.406e-04 	2.443e-16 	1.193e-13 
0.09045 	1.36075 	1.419e-04 	9.983e-08 	1.418e-04 	1.800e-11 	3.422e-04 	6.522e-16 	2.057e-13 
0.11055 	1.66314 	1.422e-04 	2.482e-07 	1.421e-04 	4.181e-11 	3.433e-04 	1.766e-15 	3.508e-13 
0.13065 	1.96553 	1.421e-04 	6.142e-07 	1.421e-04 	9.669e-11 	3.441e-04 	4.851e-15 	5.945e-13 
0.15075 	2.26792 	1.415e-04 	1.508e-06 	1.414e-04 	2.249e-10 	3.446e-04 	1.348e-14 	1.006e-12 
0.17085 	2.57031 	1.395e-04 	3.639e-06 	1.395e-04 	5.298e-10 	3.450e-04 	3.769e-14 	1.710e-12 
0.19095 	2.87270 	1.348e-04 	8.468e-06 	1.348e-04 	1.269e-09 	3.454e-04 	1.058e-13 	2.963e-12 
0.21105 	3.17509 	1.252e-04 	1.833e-05 	1.252e-04 	3.073e-09 	3.459e-04 	2.992e-13 	5.350e-12 
0.23115 	3.47748 	1.087e-04 	3.517e-05 	1.086e-04 	7.413e-09 	3.467e-04 	8.672e-13 	1.037e-11 
0.25125 	3.77987 	8.627e-05 	5.798e-05 	8.624e-05 	1.745e-08 	3.477e-04 	2.665e-12 	2.196e-11 
0.27135 	4.08226 	6.231e-05 	8.238e-05 	6.228e-05 	3.952e-08 	3.488e-04 	8.962e-12 	5.052e-11 
0.29145 	4.38465 	4.113e-05 	1.039e-04 	4.109e-05 	8.592e-08 	3.498e-04 	3.302e-11 	1.232e-10 
0.31155 	4.68704 	2.489e-05 	1.204e-04 	2.485e-05 	1.800e-07 	3.505e-04 	1.285e-10 	3.087e-10 
0.33165 	4.98943 	1.380e-05 	1.315e-04 	1.376e-05 	3.663e-07 	3.508e-04 	4.955e-10 	7.658e-10 
0.35175 	5.29181 	7.045e-06 	1.380e-04 	7.005e-06 	7.346e-07 	3.507e-04 	1.744e-09 	1.791e-09 
0.37185 	5.59420 	3.429e-06 	1.409e-04 	3.392e-06 	1.511e-06 	3.501e-04 	5.170e-09 	3.777e-09 
0.39195 	5.89659 	1.730e-06 	1.408e-04 	1.699e-06 	3.365e-06 	3.481e-04 	1.243e-08 	7.129e-09 
0.41205 	6.19898 	1.008e-06 	1.368e-04 	9.848e-07 	8.081e-06 	3.430e-04 	2.452e-08 	1.237e-08 
0.43215 	6.50137 	6.995e-07 	1.258e-04 	6.824e-07 	1.941e-05 	3.303e-04 	4.158e-08 	2.040e-08 
0.45225 	6.80376 	5.327e-07 	1.035e-04 	5.194e-07 	4.190e-05 	3.040e-04 	6.476e-08 	3.235e-08 
0.47235 	7.10615 	4.106e-07 	7.181e-05 	3.995e-07 	7.371e-05 	2.621e-04 	9.923e-08 	4.905e-08 
0.49245 	7.40854 	3.240e-07 	4.378e-05 	3.139e-07 	1.018e-04 	2.090e-04 	1.485e-07 	6.968e-08 
0.51255 	7.71093 	2.857e-07 	3.096e-05 	2.760e-07 	1.147e-04 	1.457e-04 	1.750e-07 	8.628e-08 
0.53265 	8.01332 	3.074e-07 	3.791e-05 	2.979e-07 	1.077e-04 	8.543e-05 	1.102e-07 	8.357e-08 
0.55275 	8.31571 	3.829e-07 	6.602e-05 	3.734e-07 	7.956e-05 	4.961e-05 	4.005e-08 	6.633e-08 
0.57285 	8.61810 	4.686e-07 	1.003e-04 	4.584e-07 	4.515e-05 	3.047e-05 	1.417e-08 	4.768e-08 
0.59295 	8.92049 	5.204e-07 	1.258e-04 	5.076e-07 	1.958e-05 	1.846e-05 	5.504e-09 	3.268e-08 
0.61305 	9.22288 	5.204e-07 	1.370e-04 	5.031e-07 	8.352e-06 	1.060e-05 	2.244e-09 	2.221e-08 
0.63315 	9.52527 	5.084e-07 	1.402e-04 	4.882e-07 	5.157e-06 	6.515e-06 	1.026e-09 	1.575e-08 
0.65325 	9.82766 	5.066e-07 	1.407e-04 	4.860e-07 	4.539e-06 	4.633e-06 	5.734e-10 	1.204e-08 
0.67335 	10.13005 	5.161e-07 	1.399e-04 	4.970e-07 	5.320e-06 	3.793e-06 	3.975e-10 	9.951e-09 
0.69345 	10.43244 	5.335e-07 	1.370e-04 	5.173e-07 	8.024e-06 	3.449e-06 	3.303e-10 	8.753e-09 
0.71355 	10.73482 	5.467e-07 	1.303e-04 	5.339e-07 	1.461e-05 	3.274e-06 	3.084e-10 	8.025e-09 
0.73365 	11.03721 	5.399e-07 	1.188e-04 	5.295e-07 	2.589e-05 	3.012e-06 	2.964e-10 	7.489e-09 
0.75375 	11.33960 	5.178e-07 	1.052e-04 	5.084e-07 	3.937e-05 	2.673e-06 	2.841e-10 	7.027e-09 
0.77385 	11.64199 	4.898e-07 	9.127e-05 	4.810e-07 	5.308e-05 	2.339e-06 	2.750e-10 	6.625e-09 
0.79395 	11.94438 	4.609e-07 	7.805e-05 	4.524e-07 	6.608e-05 	2.044e-06 	2.706e-10 	6.277e-09 
0.81405 	12.24677 	4.334e-07 	6.592e-05 	4.249e-07 	7.795e-05 	1.795e-06 	2.714e-10 	5.978e-09 
0.83415 	12.54916 	4.083e-07 	5.511e-05 	3.998e-07 	8.849e-05 	1.590e-06 	2.779e-10 	5.723e-09 
0.85425 	12.85155 	3.861e-07 	4.570e-05 	3.776e-07 	9.762e-05 	1.424e-06 	2.901e-10 	5.509e-09 
0.87435 	13.15394 	3.670e-07 	3.771e-05 	3.585e-07 	1.053e-04 	1.293e-06 	3.083e-10 	5.333e-09 
0.89445 	13.45633 	3.511e-07 	3.107e-05 	3.425e-07 	1.117e-04 	1.189e-06 	3.320e-10 	5.191e-09 
0.91455 	13.75872 	3.382e-07 	2.572e-05 	3.295e-07 	1.168e-04 	1.110e-06 	3.601e-10 	5.079e-09 
0.93465 	14.06111 	3.280e-07 	2.149e-05 	3.192e-07 	1.208e-04 	1.049e-06 	3.912e-10 	4.992e-09 
0.95475 	14.36350 	3.201e-07 	1.824e-05 	3.112e-07 	1.239e-04 	1.004e-06 	4.231e-10 	4.926e-09 
0.97485 	14.66589 	3.142e-07 	1.579e-05 	3.052e-07 	1.262e-04 	9.707e-07 	4.537e-10 	4.876e-09 
0.99495 	14.96828 	3.097e-07 	1.398e-05 	3.008e-07 	1.279e-04 	9.464e-07 	4.812e-10 	4.840e-09 
1.01505 	15.27067 	3.065e-07 	1.266e-05 	2.975e-07 	1.291e-04 	9.288e-07 	5.046e-10 	4.813e-09 
1.03515 	15.57306 	3.042e-07 	1.171e-05 	2.952e-07 	1.300e-04 	9.162e-07 	5.236e-10 	4.794e-09 
1.05525 	15.87544 	3.026e-07 	1.104e-05 	2.935e-07 	1.307e-04 	9.073e-07 	5.384e-10 	4.781e-09 
1.07535 	16.17783 	3.014e-07 	1.056e-05 	2.923e-07 	1.311e-04 	9.010e-07 	5.497e-10 	4.771e-09 
1.09545 	16.48022 	3.006e-07 	1.022e-05 	2.915e-07 	1.314e-04 	8.965e-07 	5.579e-10 	4.764e-09 
1.11555 	16.78261 	3.000e-07 	9.983e-06 	2.909e-07 	1.317e-04 	8.934e-07 	5.640e-10 	4.760e-09 
1.13565 	17.08500 	2.996e-07 	9.817e-06 	2.905e-07 	1.318e-04 	8.912e-07 	5.683e-10 	4.756e-09 
1.15575 	17.38739 	2.993e-07 	9.701e-06 	2.902e-07 	1.319e-04 	8.897e-07 	5.713e-10 	4.754e-09 
1.17585 	17.68978 	2.991e-07 	9.620e-06 	2.900e-07 	1.320e-04 	8.887e-07 	5.735e-10 	4.752e-09 
1.19595 	17.99217 	2.989e-07 	9.563e-06 	2.898e-07 	1.320e-04 	8.879e-07 	5.750e-10 	4.751e-09 
1.21605 	18.29456 	2.989e-07 	9.524e-06 	2.897e-07 	1.321e-04 	8.874e-07 	5.761e-10 	4.750e-09 
1.23615 	18.59695 	2.988e-07 	9.497e-06 	2.897e-07 	1.321e-04 	8.871e-07 	5.769e-10 	4.750e-09 
1.25625 	18.89934 	2.987e-07 	9.477e-06 	2.896e-07 	1.321e-04 	8.868e-07 	5.774e-10 	4.750e-09 
1.27635 	19.20173 	2.987e-07 	9.464e-06 	2.896e-07 	1.321e-04 	8.866e-07 	5.777e-10 	4.749e-09 
1.29645 	19.50412 	2.987e-07 	9.455e-06 	2.896e-07 	1.321e-04 	8.865e-07 	5.780e-10 	4.749e-09 
1.31655 	19.80651 	2.987e-07 	9.449e-06 	2.896e-07 	1.322e-04 	8.864e-07 	5.782e-10 	4.749e-09 
1.33665 	20.10890 	2.987e-07 	9.444e-06 	2.895e-07 	1.322e-04 	8.864e-07 	5.783e-10 	4.749e-09 
1.35675 	20.41129 	2.986e-07 	9.441e-06 	2.895e-07 	1.322e-04 	8.863e-07 	5.784e-10 	4.749e-09 
1.37685 	20.71368 	2.986e-07 	9.439e-06 	2.895e-07 	1.322e-04 	8.863e-07 	5.784e-10 	4.749e-09 
1.39695 	21.01607 	2.986e-07 	9.437e-06 	2.895e-07 	1.322e-04 	8.863e-07 	5.785e-10 	4.749e-09 
1.41705 	21.31845 	2.986e-07 	9.436e-06 	2.895e-07 	1.322e-04 	8.863e-07 	5.785e-10 	4.749e-09 
1.43715 	21.62084 	2.986e-07 	9.436e-06 	2.895e-07 	1.322e-04 	8.863e-07 	5.785e-10 	4.749e-09 
1.45725 	21.92323 	2.986e-07 	9.435e-06 	2.895e-07 	1.322e-04 	8.862e-07 	5.785e-10 	4.749e-09 
1.47735 	22.22562 	2.986e-07 	9.435e-06 	2.895e-07 	1.322e-04 	8.862e-07 	5.786e-10 	4.749e-09 
1.49745 	22.52801 	2.986e-07 	9.434e-06 	2.895e-07 	1.322e-04 	8.862e-07 	5.786e-10 	4.749e-09 
1.51755 	22.83040 	2.986e-07 	9.434e-06 	2.895e-07 	1.322e-04 	8.862e-07 	5.786e-10 	4.749e-09 
1.53765 	23.13279 	2.986e-07 	9.434e-06 	2.895e-07 	1.322e-04 	8.862e-07 	5.786e-10 	4.749e-09 
1.55775 	23.43518 	2.986e-07 	9.434e-06 	2.895e-07 	1.322e-04 	8.862e-07 	5.786e-10 	4.749e-09 
1.57785 	23.73757 	2.986e-07 	9.434e-06 	2.895e-07 	1.322e-04 	8.862e-07 	5.786e-10 	4.749e-09 
1.59795 	24.03996 	2.986e-07 	9.434e-06 	2.895e-07 	1.322e-04 	8.862e-07 	5.786e-10 	4.749e-09 
1.61805 	24.34235 	2.986e-07 	9.434e-06 	2.895e-07 	1.322e-04 	8.862e-07 	5.786e-10 	4.749e-09 
1.63815 	24.64474 	2.986e-07 	9.434e-06 	2.895e-07 	1.322e-04 	8.862e-07 	5.786e-10 	4.749e-09 
1.65825 	24.94713 	2.986e-07 	9.434e-06 	2.895e-07 	1.322e-04 	8.862e-07 	5.786e-10 	4.749e-09 
1.67835 	25.24952 	2.986e-07 	9.434e-06 	2.895e-07 	1.322e-04 	8.862e-07 	5.786e-10 	4.749e-09 
1.69845 	25.55191 	2.986e-07 	9.434e-06 	2.895e-07 	1.322e-04 	8.862e-07 	5.786e-10 	4.749e-09 
1.71855 	25.85430 	2.986e-07 	9.434e-06 	2.895e-07 	1.322e-04 	8.862e-07 	5.786e-10 	4.749e-09 
1.73865 	26.15669 	2.986e-07 	9.434e-06 	2.895e-07 	1.322e-04 	8.862e-07 	5.786e-10 	4.749e-09 
1.75875 	26.45907 	2.986e-07 	9.434e-06 	2.895e-07 	1.322e-04 	8.862e-07 	5.786e-10 	4.749e-09 
1.77885 	26.76146 	2.986e-07 	9.434e-06 	2.895e-07 	1.322e-04 	8.862e-07 	5.786e-10 	4.749e-09 
1.79895 	27.06385 	2.986e-07 	9.434e-06 	2.895e-07 	1.322e-04 	8.862e-07 	5.786e-10 	4.749e-09 
1.81905 	27.36624 	2.986e-07 	9.434e-06 	2.895e-07 	1.322e-04 	8.862e-07 	5.786e-10 	4.749e-09 
1.83915 	27.66863 	2.986e-07 	9.434e-06 	2.895e-07 	1.322e-04 	8.862e-07 	5.786e-10 	4.749e-09 
1.85925 	27.97102 	2.986e-07 	9.434e-06 	2.895e-07 	1.322e-04 	8.862e-07 	5.786e-10 	4.749e-09 
1.87935 	28.27341 	2.986e-07 	9.434e-06 	2.895e-07 	1.322e-04 	8.862e-07 	5.786e-10 	4.749e-09 
1.89945 	28.57580 	2.986e-07 	9.434e-06 	2.895e-07 	1.322e-04 	8.862e-07 	5.786e-10 	4.749e-09 
1.91955 	28.87819 	2.986e-07 	9.434e-06 	2.895e-07 	1.322e-04 	8.862e-07 	5.786e-10 	4.749e-09 
1.93965 	29.18058 	2.986e-07 	9.434e-06 	2.895e-07 	1.322e-04 	8.862e-07 	5.786e-10 	4.749e-09 
1.95975 	29.48297 	2.986e-07 	9.434e-06 	2.895e-07 	1.322e-04 	8.862e-07 	5.786e-10 	4.749e-09 
1.97985 	29.78536 	2.986e-07 	9.434e-06 	2.895e-07 	1.322e-04 	8.862e-07 	5.786e-10 	4.749e-09 
1.99995 	30.08775 	2.986e-07 	9.434e-06 	2.895e-07 	1.322e-04 	8.862e-07 	5.786e-10 	4.749e-09 
