n = 1.0e+04, Tgas =  30.0, Tdust =  30.0, Go = 10000.0
pc 	Av 	e- 	C 	C+ 	CO 	O 	O2 	H2O 
0.01005 	0.15507 	1.402e-04 	2.311e-09 	1.401e-04 	4.772e-13 	3.377e-04 	1.372e-17 	2.671e-14 
0.03015 	0.46521 	1.403e-04 	6.065e-09 	1.402e-04 	1.384e-12 	3.381e-04 	3.993e-17 	4.681e-14 
0.05025 	0.77536 	1.410e-04 	1.575e-08 	1.409e-04 	3.637e-12 	3.398e-04 	1.103e-16 	8.173e-14 
0.07035 	1.08550 	1.417e-04 	4.052e-08 	1.416e-04 	9.027e-12 	3.416e-04 	2.997e-16 	1.417e-13 
0.09045 	1.39564 	1.423e-04 	1.036e-07 	1.422e-04 	2.169e-11 	3.431e-04 	8.207e-16 	2.441e-13 
0.11055 	1.70579 	1.425e-04 	2.636e-07 	1.425e-04 	5.128e-11 	3.442e-04 	2.284e-15 	4.181e-13 
0.13065 	2.01593 	1.424e-04 	6.671e-07 	1.424e-04 	1.208e-10 	3.449e-04 	6.454e-15 	7.140e-13 
0.15075 	2.32607 	1.416e-04 	1.674e-06 	1.416e-04 	2.867e-10 	3.454e-04 	1.844e-14 	1.220e-12 
0.17085 	2.63622 	1.393e-04 	4.118e-06 	1.393e-04 	6.904e-10 	3.458e-04 	5.305e-14 	2.100e-12 
0.19095 	2.94636 	1.339e-04 	9.711e-06 	1.339e-04 	1.691e-09 	3.462e-04 	1.534e-13 	3.693e-12 
0.21105 	3.25650 	1.228e-04 	2.105e-05 	1.227e-04 	4.180e-09 	3.467e-04 	4.492e-13 	6.813e-12 
0.23115 	3.56664 	1.043e-04 	3.989e-05 	1.042e-04 	1.024e-08 	3.475e-04 	1.364e-12 	1.359e-11 
0.25125 	3.87679 	8.030e-05 	6.424e-05 	8.027e-05 	2.434e-08 	3.484e-04 	4.456e-12 	2.977e-11 
0.27135 	4.18693 	5.594e-05 	8.899e-05 	5.590e-05 	5.547e-08 	3.494e-04 	1.603e-11 	7.080e-11 
0.29145 	4.49707 	3.541e-05 	1.098e-04 	3.537e-05 	1.211e-07 	3.502e-04 	6.258e-11 	1.777e-10 
0.31155 	4.80722 	2.040e-05 	1.250e-04 	2.037e-05 	2.550e-07 	3.507e-04 	2.518e-10 	4.539e-10 
0.33165 	5.11736 	1.070e-05 	1.346e-04 	1.067e-05 	5.229e-07 	3.509e-04 	9.663e-10 	1.126e-09 
0.35175 	5.42750 	5.197e-06 	1.396e-04 	5.162e-06 	1.073e-06 	3.505e-04 	3.222e-09 	2.567e-09 
0.37185 	5.73765 	2.483e-06 	1.411e-04 	2.452e-06 	2.329e-06 	3.493e-04 	8.717e-09 	5.202e-09 
0.39195 	6.04779 	1.305e-06 	1.391e-04 	1.281e-06 	5.541e-06 	3.460e-04 	1.892e-08 	9.496e-09 
0.41205 	6.35793 	8.238e-07 	1.314e-04 	8.058e-07 	1.374e-05 	3.375e-04 	3.426e-08 	1.620e-08 
0.43215 	6.66807 	6.005e-07 	1.133e-04 	5.867e-07 	3.202e-05 	3.188e-04 	5.533e-08 	2.652e-08 
0.45225 	6.97822 	4.547e-07 	8.263e-05 	4.433e-07 	6.285e-05 	2.873e-04 	8.713e-08 	4.193e-08 
0.47235 	7.28836 	3.409e-07 	4.812e-05 	3.306e-07 	9.748e-05 	2.516e-04 	1.459e-07 	6.465e-08 
0.49245 	7.59850 	2.602e-07 	2.329e-05 	2.503e-07 	1.224e-04 	2.250e-04 	2.640e-07 	9.924e-08 
0.51255 	7.90865 	2.052e-07 	1.059e-05 	1.951e-07 	1.352e-04 	2.096e-04 	4.856e-07 	1.529e-07 
0.53265 	8.21879 	1.634e-07 	5.025e-06 	1.525e-07 	1.408e-04 	1.999e-04 	8.596e-07 	2.339e-07 
0.55275 	8.52893 	1.294e-07 	2.596e-06 	1.171e-07 	1.432e-04 	1.915e-04 	1.444e-06 	3.498e-07 
0.57285 	8.83908 	1.028e-07 	1.471e-06 	8.851e-08 	1.444e-04 	1.823e-04 	2.309e-06 	5.030e-07 
0.59295 	9.14922 	8.336e-08 	9.064e-07 	6.669e-08 	1.450e-04 	1.718e-04 	3.530e-06 	6.828e-07 
0.61305 	9.45936 	6.988e-08 	5.982e-07 	5.076e-08 	1.453e-04 	1.608e-04 	5.176e-06 	8.641e-07 
0.63315 	9.76950 	6.078e-08 	4.176e-07 	3.936e-08 	1.455e-04 	1.500e-04 	7.289e-06 	1.018e-06 
0.65325 	10.07965 	5.466e-08 	3.069e-07 	3.126e-08 	1.456e-04 	1.403e-04 	9.832e-06 	1.128e-06 
0.67335 	10.38979 	5.061e-08 	2.380e-07 	2.561e-08 	1.457e-04 	1.320e-04 	1.262e-05 	1.193e-06 
0.69345 	10.69993 	4.799e-08 	1.953e-07 	2.179e-08 	1.457e-04 	1.253e-04 	1.534e-05 	1.223e-06 
0.71355 	11.01008 	4.636e-08 	1.694e-07 	1.932e-08 	1.458e-04 	1.202e-04 	1.766e-05 	1.233e-06 
0.73365 	11.32022 	4.538e-08 	1.539e-07 	1.779e-08 	1.458e-04 	1.166e-04 	1.942e-05 	1.234e-06 
0.75375 	11.63036 	4.480e-08 	1.449e-07 	1.687e-08 	1.458e-04 	1.142e-04 	2.062e-05 	1.233e-06 
0.77385 	11.94051 	4.446e-08 	1.396e-07 	1.633e-08 	1.458e-04 	1.128e-04 	2.139e-05 	1.231e-06 
0.79395 	12.25065 	4.427e-08 	1.365e-07 	1.601e-08 	1.458e-04 	1.119e-04 	2.186e-05 	1.229e-06 
0.81405 	12.56079 	4.415e-08 	1.347e-07 	1.582e-08 	1.458e-04 	1.114e-04 	2.214e-05 	1.229e-06 
0.83415 	12.87093 	4.409e-08 	1.337e-07 	1.572e-08 	1.458e-04 	1.111e-04 	2.230e-05 	1.228e-06 
0.85425 	13.18108 	4.405e-08 	1.331e-07 	1.566e-08 	1.458e-04 	1.109e-04 	2.240e-05 	1.228e-06 
0.87435 	13.49122 	4.403e-08 	1.328e-07 	1.562e-08 	1.458e-04 	1.108e-04 	2.246e-05 	1.228e-06 
0.89445 	13.80136 	4.402e-08 	1.326e-07 	1.560e-08 	1.458e-04 	1.107e-04 	2.249e-05 	1.227e-06 
0.91455 	14.11151 	4.401e-08 	1.324e-07 	1.559e-08 	1.458e-04 	1.107e-04 	2.251e-05 	1.227e-06 
0.93465 	14.42165 	4.400e-08 	1.324e-07 	1.558e-08 	1.458e-04 	1.106e-04 	2.252e-05 	1.227e-06 
0.95475 	14.73179 	4.400e-08 	1.323e-07 	1.558e-08 	1.458e-04 	1.106e-04 	2.252e-05 	1.227e-06 
0.97485 	15.04194 	4.400e-08 	1.323e-07 	1.558e-08 	1.458e-04 	1.106e-04 	2.253e-05 	1.227e-06 
0.99495 	15.35208 	4.400e-08 	1.323e-07 	1.558e-08 	1.458e-04 	1.106e-04 	2.253e-05 	1.227e-06 
1.01505 	15.66222 	4.400e-08 	1.323e-07 	1.557e-08 	1.458e-04 	1.106e-04 	2.253e-05 	1.227e-06 
1.03515 	15.97236 	4.400e-08 	1.323e-07 	1.557e-08 	1.458e-04 	1.106e-04 	2.253e-05 	1.227e-06 
1.05525 	16.28251 	4.400e-08 	1.323e-07 	1.557e-08 	1.458e-04 	1.106e-04 	2.253e-05 	1.227e-06 
1.07535 	16.59265 	4.400e-08 	1.323e-07 	1.557e-08 	1.458e-04 	1.106e-04 	2.253e-05 	1.227e-06 
1.09545 	16.90279 	4.400e-08 	1.323e-07 	1.557e-08 	1.458e-04 	1.106e-04 	2.253e-05 	1.227e-06 
1.11555 	17.21294 	4.400e-08 	1.323e-07 	1.557e-08 	1.458e-04 	1.106e-04 	2.253e-05 	1.227e-06 
1.13565 	17.52308 	4.400e-08 	1.323e-07 	1.557e-08 	1.458e-04 	1.106e-04 	2.253e-05 	1.227e-06 
1.15575 	17.83322 	4.400e-08 	1.323e-07 	1.557e-08 	1.458e-04 	1.106e-04 	2.253e-05 	1.227e-06 
1.17585 	18.14337 	4.400e-08 	1.323e-07 	1.557e-08 	1.458e-04 	1.106e-04 	2.253e-05 	1.227e-06 
1.19595 	18.45351 	4.400e-08 	1.323e-07 	1.557e-08 	1.458e-04 	1.106e-04 	2.253e-05 	1.227e-06 
1.21605 	18.76365 	4.400e-08 	1.323e-07 	1.557e-08 	1.458e-04 	1.106e-04 	2.253e-05 	1.227e-06 
1.23615 	19.07379 	4.400e-08 	1.323e-07 	1.557e-08 	1.458e-04 	1.106e-04 	2.253e-05 	1.227e-06 
1.25625 	19.38394 	4.400e-08 	1.323e-07 	1.557e-08 	1.458e-04 	1.106e-04 	2.253e-05 	1.227e-06 
1.27635 	19.69408 	4.400e-08 	1.323e-07 	1.557e-08 	1.458e-04 	1.106e-04 	2.253e-05 	1.227e-06 
1.29645 	20.00422 	4.400e-08 	1.323e-07 	1.557e-08 	1.458e-04 	1.106e-04 	2.253e-05 	1.227e-06 
1.31655 	20.31437 	4.400e-08 	1.323e-07 	1.557e-08 	1.458e-04 	1.106e-04 	2.253e-05 	1.227e-06 
1.33665 	20.62451 	4.400e-08 	1.323e-07 	1.557e-08 	1.458e-04 	1.106e-04 	2.253e-05 	1.227e-06 
1.35675 	20.93465 	4.400e-08 	1.323e-07 	1.557e-08 	1.458e-04 	1.106e-04 	2.253e-05 	1.227e-06 
1.37685 	21.24480 	4.400e-08 	1.323e-07 	1.557e-08 	1.458e-04 	1.106e-04 	2.253e-05 	1.227e-06 
1.39695 	21.55494 	4.400e-08 	1.323e-07 	1.557e-08 	1.458e-04 	1.106e-04 	2.253e-05 	1.227e-06 
1.41705 	21.86508 	4.400e-08 	1.323e-07 	1.557e-08 	1.458e-04 	1.106e-04 	2.253e-05 	1.227e-06 
1.43715 	22.17522 	4.400e-08 	1.323e-07 	1.557e-08 	1.458e-04 	1.106e-04 	2.253e-05 	1.227e-06 
1.45725 	22.48537 	4.400e-08 	1.323e-07 	1.557e-08 	1.458e-04 	1.106e-04 	2.253e-05 	1.227e-06 
1.47735 	22.79551 	4.400e-08 	1.323e-07 	1.557e-08 	1.458e-04 	1.106e-04 	2.253e-05 	1.227e-06 
1.49745 	23.10565 	4.400e-08 	1.323e-07 	1.557e-08 	1.458e-04 	1.106e-04 	2.253e-05 	1.227e-06 
1.51755 	23.41580 	4.400e-08 	1.323e-07 	1.557e-08 	1.458e-04 	1.106e-04 	2.253e-05 	1.227e-06 
1.53765 	23.72594 	4.400e-08 	1.323e-07 	1.557e-08 	1.458e-04 	1.106e-04 	2.253e-05 	1.227e-06 
1.55775 	24.03608 	4.400e-08 	1.323e-07 	1.557e-08 	1.458e-04 	1.106e-04 	2.253e-05 	1.227e-06 
1.57785 	24.34623 	4.400e-08 	1.323e-07 	1.557e-08 	1.458e-04 	1.106e-04 	2.253e-05 	1.227e-06 
1.59795 	24.65637 	4.400e-08 	1.323e-07 	1.557e-08 	1.458e-04 	1.106e-04 	2.253e-05 	1.227e-06 
1.61805 	24.96651 	4.400e-08 	1.323e-07 	1.557e-08 	1.458e-04 	1.106e-04 	2.253e-05 	1.227e-06 
1.63815 	25.27665 	4.400e-08 	1.323e-07 	1.557e-08 	1.458e-04 	1.106e-04 	2.253e-05 	1.227e-06 
1.65825 	25.58680 	4.400e-08 	1.323e-07 	1.557e-08 	1.458e-04 	1.106e-04 	2.253e-05 	1.227e-06 
1.67835 	25.89694 	4.400e-08 	1.323e-07 	1.557e-08 	1.458e-04 	1.106e-04 	2.253e-05 	1.227e-06 
1.69845 	26.20708 	4.400e-08 	1.323e-07 	1.557e-08 	1.458e-04 	1.106e-04 	2.253e-05 	1.227e-06 
1.71855 	26.51723 	4.400e-08 	1.323e-07 	1.557e-08 	1.458e-04 	1.106e-04 	2.253e-05 	1.227e-06 
1.73865 	26.82737 	4.400e-08 	1.323e-07 	1.557e-08 	1.458e-04 	1.106e-04 	2.253e-05 	1.227e-06 
1.75875 	27.13751 	4.400e-08 	1.323e-07 	1.557e-08 	1.458e-04 	1.106e-04 	2.253e-05 	1.227e-06 
1.77885 	27.44766 	4.400e-08 	1.323e-07 	1.557e-08 	1.458e-04 	1.106e-04 	2.253e-05 	1.227e-06 
1.79895 	27.75780 	4.400e-08 	1.323e-07 	1.557e-08 	1.458e-04 	1.106e-04 	2.253e-05 	1.227e-06 
1.81905 	28.06794 	4.400e-08 	1.323e-07 	1.557e-08 	1.458e-04 	1.106e-04 	2.253e-05 	1.227e-06 
1.83915 	28.37808 	4.400e-08 	1.323e-07 	1.557e-08 	1.458e-04 	1.106e-04 	2.253e-05 	1.227e-06 
1.85925 	28.68823 	4.400e-08 	1.323e-07 	1.557e-08 	1.458e-04 	1.106e-04 	2.253e-05 	1.227e-06 
1.87935 	28.99837 	4.400e-08 	1.323e-07 	1.557e-08 	1.458e-04 	1.106e-04 	2.253e-05 	1.227e-06 
1.89945 	29.30851 	4.400e-08 	1.323e-07 	1.557e-08 	1.458e-04 	1.106e-04 	2.253e-05 	1.227e-06 
1.91955 	29.61866 	4.400e-08 	1.323e-07 	1.557e-08 	1.458e-04 	1.106e-04 	2.253e-05 	1.227e-06 
1.93965 	29.92880 	4.400e-08 	1.323e-07 	1.557e-08 	1.458e-04 	1.106e-04 	2.253e-05 	1.227e-06 
1.95975 	30.23894 	4.400e-08 	1.323e-07 	1.557e-08 	1.458e-04 	1.106e-04 	2.253e-05 	1.227e-06 
1.97985 	30.54909 	4.400e-08 	1.323e-07 	1.557e-08 	1.458e-04 	1.106e-04 	2.253e-05 	1.227e-06 
1.99995 	30.85923 	4.400e-08 	1.323e-07 	1.557e-08 	1.458e-04 	1.106e-04 	2.253e-05 	1.227e-06 
