n = 7.0e+03, Tgas =  23.8, Tdust =  23.8, Go = 10000.0
pc 	Av 	e- 	C 	C+ 	CO 	O 	O2 	H2O 
0.01005 	0.10855 	1.399e-04 	1.559e-09 	1.397e-04 	2.137e-13 	3.368e-04 	5.406e-18 	1.661e-14 
0.03015 	0.32565 	1.395e-04 	3.064e-09 	1.394e-04 	4.798e-13 	3.360e-04 	1.222e-17 	2.653e-14 
0.05025 	0.54275 	1.396e-04 	6.008e-09 	1.395e-04 	1.007e-12 	3.363e-04 	2.635e-17 	4.142e-14 
0.07035 	0.75985 	1.400e-04 	1.173e-08 	1.399e-04 	2.013e-12 	3.373e-04 	5.500e-17 	6.357e-14 
0.09045 	0.97695 	1.405e-04 	2.281e-08 	1.404e-04 	3.894e-12 	3.386e-04 	1.128e-16 	9.622e-14 
0.11055 	1.19405 	1.411e-04 	4.418e-08 	1.410e-04 	7.361e-12 	3.400e-04 	2.297e-16 	1.440e-13 
0.13065 	1.41115 	1.415e-04 	8.532e-08 	1.414e-04 	1.369e-11 	3.412e-04 	4.681e-16 	2.137e-13 
0.15075 	1.62825 	1.418e-04 	1.643e-07 	1.418e-04 	2.517e-11 	3.422e-04 	9.587e-16 	3.149e-13 
0.17085 	1.84535 	1.420e-04 	3.158e-07 	1.420e-04 	4.598e-11 	3.430e-04 	1.977e-15 	4.617e-13 
0.19095 	2.06245 	1.420e-04 	6.051e-07 	1.419e-04 	8.376e-11 	3.436e-04 	4.101e-15 	6.749e-13 
0.21105 	2.27955 	1.416e-04 	1.155e-06 	1.416e-04 	1.528e-10 	3.441e-04 	8.558e-15 	9.854e-13 
0.23115 	2.49665 	1.407e-04 	2.188e-06 	1.407e-04 	2.798e-10 	3.445e-04 	1.793e-14 	1.440e-12 
0.25125 	2.71375 	1.389e-04 	4.099e-06 	1.389e-04 	5.159e-10 	3.448e-04 	3.771e-14 	2.116e-12 
0.27135 	2.93085 	1.356e-04 	7.522e-06 	1.356e-04 	9.587e-10 	3.451e-04 	7.959e-14 	3.143e-12 
0.29145 	3.14795 	1.300e-04 	1.334e-05 	1.299e-04 	1.793e-09 	3.454e-04 	1.689e-13 	4.759e-12 
0.31155 	3.36505 	1.210e-04 	2.248e-05 	1.210e-04 	3.365e-09 	3.459e-04 	3.626e-13 	7.429e-12 
0.33165 	3.58215 	1.084e-04 	3.535e-05 	1.084e-04 	6.294e-09 	3.465e-04 	7.949e-13 	1.208e-11 
0.35175 	3.79925 	9.272e-05 	5.135e-05 	9.267e-05 	1.165e-08 	3.472e-04 	1.803e-12 	2.059e-11 
0.37185 	4.01635 	7.551e-05 	6.888e-05 	7.546e-05 	2.124e-08 	3.481e-04 	4.276e-12 	3.670e-11 
0.39195 	4.23345 	5.863e-05 	8.608e-05 	5.858e-05 	3.803e-08 	3.488e-04 	1.065e-11 	6.790e-11 
0.41205 	4.45055 	4.350e-05 	1.015e-04 	4.345e-05 	6.690e-08 	3.496e-04 	2.766e-11 	1.291e-10 
0.43215 	4.66765 	3.089e-05 	1.143e-04 	3.084e-05 	1.158e-07 	3.501e-04 	7.393e-11 	2.493e-10 
0.45225 	4.88475 	2.099e-05 	1.243e-04 	2.094e-05 	1.977e-07 	3.505e-04 	1.991e-10 	4.827e-10 
0.47235 	5.10185 	1.365e-05 	1.317e-04 	1.360e-05 	3.337e-07 	3.507e-04 	5.271e-10 	9.228e-10 
0.49245 	5.31895 	8.536e-06 	1.367e-04 	8.481e-06 	5.592e-07 	3.508e-04 	1.330e-09 	1.709e-09 
0.51255 	5.53605 	5.194e-06 	1.397e-04 	5.140e-06 	9.420e-07 	3.505e-04 	3.108e-09 	3.010e-09 
0.53265 	5.75315 	3.161e-06 	1.411e-04 	3.111e-06 	1.628e-06 	3.498e-04 	6.574e-09 	4.997e-09 
0.55275 	5.97025 	2.006e-06 	1.410e-04 	1.962e-06 	2.931e-06 	3.485e-04 	1.249e-08 	7.833e-09 
0.57285 	6.18735 	1.385e-06 	1.390e-04 	1.350e-06 	5.478e-06 	3.457e-04 	2.140e-08 	1.172e-08 
0.59295 	6.40445 	1.057e-06 	1.344e-04 	1.029e-06 	1.042e-05 	3.402e-04 	3.356e-08 	1.698e-08 
0.61305 	6.62155 	8.677e-07 	1.255e-04 	8.457e-07 	1.957e-05 	3.299e-04 	4.911e-08 	2.408e-08 
0.63315 	6.83865 	7.336e-07 	1.104e-04 	7.159e-07 	3.478e-05 	3.123e-04 	6.880e-08 	3.355e-08 
0.65325 	7.05575 	6.183e-07 	8.932e-05 	6.033e-07 	5.594e-05 	2.862e-04 	9.472e-08 	4.586e-08 
0.67335 	7.27285 	5.166e-07 	6.623e-05 	5.032e-07 	7.913e-05 	2.532e-04 	1.299e-07 	6.120e-08 
0.69345 	7.48995 	4.379e-07 	4.703e-05 	4.254e-07 	9.841e-05 	2.152e-04 	1.732e-07 	7.880e-08 
0.71355 	7.70705 	3.915e-07 	3.575e-05 	3.795e-07 	1.097e-04 	1.718e-04 	2.063e-07 	9.506e-08 
0.73365 	7.92415 	3.847e-07 	3.406e-05 	3.729e-07 	1.114e-04 	1.253e-04 	1.904e-07 	1.025e-07 
0.75375 	8.14125 	4.235e-07 	4.381e-05 	4.118e-07 	1.017e-04 	8.600e-05 	1.224e-07 	9.671e-08 
0.77385 	8.35835 	4.991e-07 	6.439e-05 	4.872e-07 	8.101e-05 	5.983e-05 	6.151e-08 	8.292e-08 
0.79395 	8.57545 	5.860e-07 	8.916e-05 	5.735e-07 	5.615e-05 	4.293e-05 	2.986e-08 	6.712e-08 
0.81405 	8.79255 	6.596e-07 	1.114e-04 	6.454e-07 	3.382e-05 	3.099e-05 	1.514e-08 	5.251e-08 
0.83415 	9.00965 	7.002e-07 	1.272e-04 	6.827e-07 	1.799e-05 	2.179e-05 	7.962e-09 	4.037e-08 
0.85425 	9.22675 	7.043e-07 	1.354e-04 	6.822e-07 	9.753e-06 	1.486e-05 	4.276e-09 	3.098e-08 
0.87435 	9.44385 	6.948e-07 	1.388e-04 	6.692e-07 	6.372e-06 	1.038e-05 	2.414e-09 	2.419e-08 
0.89445 	9.66095 	6.890e-07 	1.400e-04 	6.616e-07 	5.105e-06 	7.748e-06 	1.493e-09 	1.953e-08 
0.91455 	9.87805 	6.906e-07 	1.402e-04 	6.632e-07 	4.856e-06 	6.250e-06 	1.030e-09 	1.642e-08 
0.93465 	10.09515 	6.996e-07 	1.396e-04 	6.736e-07 	5.355e-06 	5.413e-06 	7.925e-10 	1.435e-08 
0.95475 	10.31225 	7.146e-07 	1.381e-04 	6.911e-07 	6.761e-06 	4.970e-06 	6.716e-10 	1.297e-08 
0.97485 	10.52935 	7.316e-07 	1.351e-04 	7.114e-07 	9.649e-06 	4.746e-06 	6.148e-10 	1.202e-08 
0.99495 	10.74645 	7.419e-07 	1.298e-04 	7.251e-07 	1.490e-05 	4.580e-06 	5.905e-10 	1.136e-08 
1.01505 	10.96356 	7.378e-07 	1.220e-04 	7.234e-07 	2.258e-05 	4.337e-06 	5.730e-10 	1.081e-08 
1.03515 	11.18066 	7.211e-07 	1.127e-04 	7.084e-07 	3.175e-05 	4.015e-06 	5.541e-10 	1.032e-08 
1.05525 	11.39776 	6.974e-07 	1.028e-04 	6.856e-07 	4.148e-05 	3.668e-06 	5.363e-10 	9.874e-09 
1.07535 	11.61486 	6.706e-07 	9.295e-05 	6.593e-07 	5.122e-05 	3.333e-06 	5.217e-10 	9.470e-09 
1.09545 	11.83196 	6.428e-07 	8.338e-05 	6.319e-07 	6.064e-05 	3.024e-06 	5.115e-10 	9.106e-09 
1.11555 	12.04906 	6.154e-07 	7.429e-05 	6.047e-07 	6.957e-05 	2.747e-06 	5.059e-10 	8.776e-09 
1.13565 	12.26616 	5.891e-07 	6.579e-05 	5.786e-07 	7.789e-05 	2.504e-06 	5.054e-10 	8.481e-09 
1.15575 	12.48326 	5.645e-07 	5.796e-05 	5.540e-07 	8.553e-05 	2.292e-06 	5.099e-10 	8.217e-09 
1.17585 	12.70036 	5.419e-07 	5.083e-05 	5.314e-07 	9.246e-05 	2.109e-06 	5.196e-10 	7.983e-09 
1.19595 	12.91746 	5.213e-07 	4.442e-05 	5.108e-07 	9.867e-05 	1.953e-06 	5.346e-10 	7.778e-09 
1.21605 	13.13456 	5.029e-07 	3.873e-05 	4.923e-07 	1.042e-04 	1.821e-06 	5.547e-10 	7.600e-09 
1.23615 	13.35166 	4.866e-07 	3.374e-05 	4.760e-07 	1.090e-04 	1.710e-06 	5.796e-10 	7.448e-09 
1.25625 	13.56876 	4.725e-07 	2.942e-05 	4.619e-07 	1.131e-04 	1.618e-06 	6.088e-10 	7.319e-09 
1.27635 	13.78586 	4.604e-07 	2.574e-05 	4.497e-07 	1.166e-04 	1.542e-06 	6.413e-10 	7.210e-09 
1.29645 	14.00296 	4.502e-07 	2.264e-05 	4.395e-07 	1.196e-04 	1.479e-06 	6.761e-10 	7.120e-09 
1.31655 	14.22006 	4.417e-07 	2.006e-05 	4.309e-07 	1.220e-04 	1.428e-06 	7.118e-10 	7.045e-09 
1.33665 	14.43716 	4.347e-07 	1.793e-05 	4.238e-07 	1.240e-04 	1.387e-06 	7.471e-10 	6.984e-09 
1.35675 	14.65426 	4.289e-07 	1.621e-05 	4.181e-07 	1.256e-04 	1.354e-06 	7.809e-10 	6.935e-09 
1.37685 	14.87136 	4.243e-07 	1.481e-05 	4.134e-07 	1.269e-04 	1.328e-06 	8.121e-10 	6.895e-09 
1.39695 	15.08846 	4.206e-07 	1.370e-05 	4.097e-07 	1.280e-04 	1.307e-06 	8.401e-10 	6.863e-09 
1.41705 	15.30556 	4.177e-07 	1.281e-05 	4.067e-07 	1.288e-04 	1.290e-06 	8.646e-10 	6.838e-09 
1.43715 	15.52266 	4.153e-07 	1.212e-05 	4.044e-07 	1.295e-04 	1.277e-06 	8.855e-10 	6.818e-09 
1.45725 	15.73976 	4.135e-07 	1.157e-05 	4.026e-07 	1.300e-04 	1.267e-06 	9.031e-10 	6.803e-09 
1.47735 	15.95686 	4.121e-07 	1.114e-05 	4.011e-07 	1.304e-04 	1.259e-06 	9.175e-10 	6.791e-09 
1.49745 	16.17396 	4.110e-07 	1.081e-05 	4.000e-07 	1.307e-04 	1.253e-06 	9.292e-10 	6.781e-09 
1.51755 	16.39106 	4.101e-07 	1.055e-05 	3.991e-07 	1.309e-04 	1.248e-06 	9.387e-10 	6.774e-09 
1.53765 	16.60816 	4.094e-07 	1.034e-05 	3.984e-07 	1.311e-04 	1.245e-06 	9.462e-10 	6.768e-09 
1.55775 	16.82526 	4.089e-07 	1.019e-05 	3.979e-07 	1.313e-04 	1.242e-06 	9.521e-10 	6.764e-09 
1.57785 	17.04236 	4.085e-07 	1.007e-05 	3.975e-07 	1.314e-04 	1.240e-06 	9.568e-10 	6.761e-09 
1.59795 	17.25946 	4.082e-07 	9.972e-06 	3.972e-07 	1.315e-04 	1.238e-06 	9.604e-10 	6.758e-09 
1.61805 	17.47656 	4.080e-07 	9.900e-06 	3.969e-07 	1.315e-04 	1.237e-06 	9.633e-10 	6.756e-09 
1.63815 	17.69366 	4.078e-07 	9.844e-06 	3.968e-07 	1.316e-04 	1.235e-06 	9.655e-10 	6.754e-09 
1.65825 	17.91076 	4.076e-07 	9.801e-06 	3.966e-07 	1.316e-04 	1.235e-06 	9.672e-10 	6.753e-09 
1.67835 	18.12786 	4.075e-07 	9.768e-06 	3.965e-07 	1.317e-04 	1.234e-06 	9.686e-10 	6.752e-09 
1.69845 	18.34496 	4.074e-07 	9.742e-06 	3.964e-07 	1.317e-04 	1.234e-06 	9.696e-10 	6.751e-09 
1.71855 	18.56206 	4.074e-07 	9.722e-06 	3.963e-07 	1.317e-04 	1.233e-06 	9.704e-10 	6.751e-09 
1.73865 	18.77916 	4.073e-07 	9.707e-06 	3.963e-07 	1.317e-04 	1.233e-06 	9.710e-10 	6.750e-09 
1.75875 	18.99626 	4.073e-07 	9.695e-06 	3.963e-07 	1.317e-04 	1.233e-06 	9.715e-10 	6.750e-09 
1.77885 	19.21336 	4.072e-07 	9.686e-06 	3.962e-07 	1.317e-04 	1.233e-06 	9.719e-10 	6.750e-09 
1.79895 	19.43046 	4.072e-07 	9.679e-06 	3.962e-07 	1.317e-04 	1.232e-06 	9.721e-10 	6.750e-09 
1.81905 	19.64756 	4.072e-07 	9.674e-06 	3.962e-07 	1.318e-04 	1.232e-06 	9.724e-10 	6.749e-09 
1.83915 	19.86466 	4.072e-07 	9.669e-06 	3.962e-07 	1.318e-04 	1.232e-06 	9.725e-10 	6.749e-09 
1.85925 	20.08176 	4.072e-07 	9.666e-06 	3.962e-07 	1.318e-04 	1.232e-06 	9.727e-10 	6.749e-09 
1.87935 	20.29886 	4.072e-07 	9.664e-06 	3.961e-07 	1.318e-04 	1.232e-06 	9.728e-10 	6.749e-09 
1.89945 	20.51596 	4.072e-07 	9.662e-06 	3.961e-07 	1.318e-04 	1.232e-06 	9.728e-10 	6.749e-09 
1.91955 	20.73306 	4.071e-07 	9.660e-06 	3.961e-07 	1.318e-04 	1.232e-06 	9.729e-10 	6.749e-09 
1.93965 	20.95016 	4.071e-07 	9.659e-06 	3.961e-07 	1.318e-04 	1.232e-06 	9.729e-10 	6.749e-09 
1.95975 	21.16726 	4.071e-07 	9.658e-06 	3.961e-07 	1.318e-04 	1.232e-06 	9.730e-10 	6.749e-09 
1.97985 	21.38436 	4.071e-07 	9.658e-06 	3.961e-07 	1.318e-04 	1.232e-06 	9.730e-10 	6.749e-09 
1.99995 	21.60146 	4.071e-07 	9.657e-06 	3.961e-07 	1.318e-04 	1.232e-06 	9.730e-10 	6.749e-09 
