n = 9.9e+03, Tgas =  22.5, Tdust =  22.5, Go = 10000.0
pc 	Av 	e- 	C 	C+ 	CO 	O 	O2 	H2O 
0.01005 	0.15352 	1.395e-04 	2.666e-09 	1.394e-04 	4.382e-13 	3.361e-04 	1.165e-17 	1.930e-14 
0.03015 	0.46056 	1.397e-04 	6.899e-09 	1.397e-04 	1.236e-12 	3.367e-04 	3.385e-17 	3.623e-14 
0.05025 	0.76760 	1.404e-04 	1.770e-08 	1.404e-04 	3.196e-12 	3.384e-04 	9.285e-17 	6.578e-14 
0.07035 	1.07465 	1.412e-04 	4.505e-08 	1.411e-04 	7.862e-12 	3.403e-04 	2.502e-16 	1.166e-13 
0.09045 	1.38169 	1.417e-04 	1.140e-07 	1.417e-04 	1.878e-11 	3.418e-04 	6.776e-16 	2.029e-13 
0.11055 	1.68873 	1.420e-04 	2.874e-07 	1.420e-04 	4.423e-11 	3.430e-04 	1.863e-15 	3.492e-13 
0.13065 	1.99577 	1.419e-04 	7.204e-07 	1.419e-04 	1.039e-10 	3.437e-04 	5.200e-15 	5.970e-13 
0.15075 	2.30281 	1.410e-04 	1.789e-06 	1.410e-04 	2.458e-10 	3.443e-04 	1.468e-14 	1.019e-12 
0.17085 	2.60985 	1.386e-04 	4.352e-06 	1.386e-04 	5.902e-10 	3.447e-04 	4.168e-14 	1.754e-12 
0.19095 	2.91689 	1.330e-04 	1.013e-05 	1.330e-04 	1.441e-09 	3.451e-04 	1.187e-13 	3.091e-12 
0.21105 	3.22394 	1.218e-04 	2.166e-05 	1.217e-04 	3.550e-09 	3.457e-04 	3.404e-13 	5.725e-12 
0.23115 	3.53098 	1.033e-04 	4.047e-05 	1.033e-04 	8.666e-09 	3.466e-04 	1.004e-12 	1.148e-11 
0.25125 	3.83802 	7.979e-05 	6.447e-05 	7.975e-05 	2.053e-08 	3.478e-04 	3.170e-12 	2.527e-11 
0.27135 	4.14506 	5.598e-05 	8.874e-05 	5.595e-05 	4.663e-08 	3.489e-04 	1.104e-11 	6.020e-11 
0.29145 	4.45210 	3.589e-05 	1.092e-04 	3.585e-05 	1.016e-07 	3.499e-04 	4.216e-11 	1.509e-10 
0.31155 	4.75914 	2.107e-05 	1.242e-04 	2.103e-05 	2.132e-07 	3.505e-04 	1.686e-10 	3.853e-10 
0.33165 	5.06619 	1.131e-05 	1.340e-04 	1.127e-05 	4.353e-07 	3.508e-04 	6.560e-10 	9.607e-10 
0.35175 	5.37323 	5.612e-06 	1.393e-04 	5.573e-06 	8.820e-07 	3.506e-04 	2.274e-09 	2.221e-09 
0.37185 	5.68027 	2.700e-06 	1.413e-04 	2.665e-06 	1.864e-06 	3.497e-04 	6.510e-09 	4.587e-09 
0.39195 	5.98731 	1.393e-06 	1.402e-04 	1.364e-06 	4.310e-06 	3.470e-04 	1.501e-08 	8.498e-09 
0.41205 	6.29435 	8.528e-07 	1.343e-04 	8.317e-07 	1.060e-05 	3.401e-04 	2.854e-08 	1.460e-08 
0.43215 	6.60139 	6.137e-07 	1.198e-04 	5.982e-07 	2.526e-05 	3.234e-04 	4.733e-08 	2.397e-08 
0.45225 	6.90844 	4.696e-07 	9.287e-05 	4.573e-07 	5.200e-05 	2.911e-04 	7.376e-08 	3.782e-08 
0.47235 	7.21548 	3.605e-07 	5.997e-05 	3.501e-07 	8.464e-05 	2.442e-04 	1.147e-07 	5.677e-08 
0.49245 	7.52252 	2.913e-07 	3.626e-05 	2.817e-07 	1.082e-04 	1.869e-04 	1.661e-07 	7.844e-08 
0.51255 	7.82956 	2.743e-07 	3.021e-05 	2.649e-07 	1.142e-04 	1.207e-04 	1.623e-07 	8.999e-08 
0.53265 	8.13660 	3.189e-07 	4.628e-05 	3.097e-07 	9.825e-05 	6.818e-05 	7.606e-08 	7.968e-08 
0.55275 	8.44364 	4.034e-07 	8.011e-05 	3.940e-07 	6.471e-05 	4.023e-05 	2.518e-08 	6.018e-08 
0.57285 	8.75068 	4.789e-07 	1.129e-04 	4.680e-07 	3.222e-05 	2.455e-05 	8.961e-09 	4.202e-08 
0.59295 	9.05773 	5.060e-07 	1.325e-04 	4.914e-07 	1.275e-05 	1.426e-05 	3.428e-09 	2.839e-08 
0.61305 	9.36477 	4.950e-07 	1.391e-04 	4.762e-07 	6.203e-06 	8.163e-06 	1.398e-09 	1.944e-08 
0.63315 	9.67181 	4.873e-07 	1.407e-04 	4.667e-07 	4.547e-06 	5.304e-06 	6.794e-10 	1.417e-08 
0.65325 	9.97885 	4.911e-07 	1.406e-04 	4.711e-07 	4.623e-06 	4.027e-06 	4.155e-10 	1.122e-08 
0.67335 	10.28589 	5.050e-07 	1.389e-04 	4.873e-07 	6.190e-06 	3.487e-06 	3.150e-10 	9.573e-09 
0.69345 	10.59293 	5.224e-07 	1.343e-04 	5.081e-07 	1.054e-05 	3.274e-06 	2.803e-10 	8.610e-09 
0.71355 	10.89998 	5.263e-07 	1.248e-04 	5.151e-07 	1.976e-05 	3.078e-06 	2.687e-10 	7.986e-09 
0.73365 	11.20702 	5.104e-07 	1.117e-04 	5.008e-07 	3.260e-05 	2.764e-06 	2.573e-10 	7.471e-09 
0.75375 	11.51406 	4.848e-07 	9.750e-05 	4.760e-07 	4.642e-05 	2.421e-06 	2.470e-10 	7.022e-09 
0.77385 	11.82110 	4.566e-07 	8.369e-05 	4.481e-07 	5.985e-05 	2.108e-06 	2.404e-10 	6.634e-09 
0.79395 	12.12814 	4.289e-07 	7.087e-05 	4.206e-07 	7.228e-05 	1.840e-06 	2.384e-10 	6.299e-09 
0.81405 	12.43518 	4.032e-07 	5.933e-05 	3.950e-07 	8.342e-05 	1.617e-06 	2.415e-10 	6.013e-09 
0.83415 	12.74223 	3.803e-07 	4.920e-05 	3.720e-07 	9.314e-05 	1.437e-06 	2.497e-10 	5.772e-09 
0.85425 	13.04927 	3.605e-07 	4.052e-05 	3.521e-07 	1.014e-04 	1.293e-06 	2.633e-10 	5.572e-09 
0.87435 	13.35631 	3.437e-07 	3.328e-05 	3.353e-07 	1.083e-04 	1.181e-06 	2.821e-10 	5.410e-09 
0.89445 	13.66335 	3.300e-07 	2.738e-05 	3.215e-07 	1.139e-04 	1.094e-06 	3.054e-10 	5.282e-09 
0.91455 	13.97039 	3.191e-07 	2.270e-05 	3.105e-07 	1.183e-04 	1.028e-06 	3.320e-10 	5.182e-09 
0.93465 	14.27743 	3.107e-07 	1.909e-05 	3.020e-07 	1.216e-04 	9.780e-07 	3.600e-10 	5.106e-09 
0.95475 	14.58447 	3.043e-07 	1.636e-05 	2.956e-07 	1.242e-04 	9.414e-07 	3.876e-10 	5.049e-09 
0.97485 	14.89152 	2.995e-07 	1.433e-05 	2.908e-07 	1.261e-04 	9.147e-07 	4.128e-10 	5.007e-09 
0.99495 	15.19856 	2.960e-07 	1.286e-05 	2.873e-07 	1.274e-04 	8.955e-07 	4.346e-10 	4.977e-09 
1.01505 	15.50560 	2.935e-07 	1.180e-05 	2.847e-07 	1.284e-04 	8.817e-07 	4.525e-10 	4.955e-09 
1.03515 	15.81264 	2.917e-07 	1.105e-05 	2.829e-07 	1.291e-04 	8.720e-07 	4.666e-10 	4.939e-09 
1.05525 	16.11968 	2.905e-07 	1.052e-05 	2.817e-07 	1.296e-04 	8.652e-07 	4.772e-10 	4.928e-09 
1.07535 	16.42672 	2.896e-07 	1.014e-05 	2.808e-07 	1.299e-04 	8.604e-07 	4.851e-10 	4.921e-09 
1.09545 	16.73377 	2.890e-07 	9.881e-06 	2.802e-07 	1.302e-04 	8.571e-07 	4.909e-10 	4.915e-09 
1.11555 	17.04081 	2.886e-07 	9.700e-06 	2.797e-07 	1.303e-04 	8.548e-07 	4.950e-10 	4.912e-09 
1.13565 	17.34785 	2.883e-07 	9.573e-06 	2.794e-07 	1.305e-04 	8.532e-07 	4.979e-10 	4.909e-09 
1.15575 	17.65489 	2.881e-07 	9.486e-06 	2.792e-07 	1.305e-04 	8.520e-07 	4.999e-10 	4.907e-09 
1.17585 	17.96193 	2.879e-07 	9.425e-06 	2.791e-07 	1.306e-04 	8.513e-07 	5.013e-10 	4.906e-09 
1.19595 	18.26897 	2.878e-07 	9.383e-06 	2.790e-07 	1.306e-04 	8.507e-07 	5.023e-10 	4.905e-09 
1.21605 	18.57601 	2.878e-07 	9.354e-06 	2.789e-07 	1.307e-04 	8.504e-07 	5.030e-10 	4.905e-09 
1.23615 	18.88306 	2.877e-07 	9.333e-06 	2.789e-07 	1.307e-04 	8.501e-07 	5.035e-10 	4.904e-09 
1.25625 	19.19010 	2.877e-07 	9.319e-06 	2.788e-07 	1.307e-04 	8.499e-07 	5.038e-10 	4.904e-09 
1.27635 	19.49714 	2.876e-07 	9.310e-06 	2.788e-07 	1.307e-04 	8.498e-07 	5.041e-10 	4.904e-09 
1.29645 	19.80418 	2.876e-07 	9.303e-06 	2.788e-07 	1.307e-04 	8.497e-07 	5.042e-10 	4.904e-09 
1.31655 	20.11122 	2.876e-07 	9.298e-06 	2.788e-07 	1.307e-04 	8.497e-07 	5.044e-10 	4.903e-09 
1.33665 	20.41826 	2.876e-07 	9.295e-06 	2.788e-07 	1.307e-04 	8.496e-07 	5.044e-10 	4.903e-09 
1.35675 	20.72531 	2.876e-07 	9.293e-06 	2.788e-07 	1.307e-04 	8.496e-07 	5.045e-10 	4.903e-09 
1.37685 	21.03235 	2.876e-07 	9.291e-06 	2.788e-07 	1.307e-04 	8.496e-07 	5.045e-10 	4.903e-09 
1.39695 	21.33939 	2.876e-07 	9.290e-06 	2.788e-07 	1.307e-04 	8.496e-07 	5.045e-10 	4.903e-09 
1.41705 	21.64643 	2.876e-07 	9.290e-06 	2.788e-07 	1.307e-04 	8.495e-07 	5.046e-10 	4.903e-09 
1.43715 	21.95347 	2.876e-07 	9.289e-06 	2.788e-07 	1.307e-04 	8.495e-07 	5.046e-10 	4.903e-09 
1.45725 	22.26051 	2.876e-07 	9.289e-06 	2.788e-07 	1.307e-04 	8.495e-07 	5.046e-10 	4.903e-09 
1.47735 	22.56756 	2.876e-07 	9.289e-06 	2.788e-07 	1.307e-04 	8.495e-07 	5.046e-10 	4.903e-09 
1.49745 	22.87460 	2.876e-07 	9.288e-06 	2.788e-07 	1.307e-04 	8.495e-07 	5.046e-10 	4.903e-09 
1.51755 	23.18164 	2.876e-07 	9.288e-06 	2.788e-07 	1.307e-04 	8.495e-07 	5.046e-10 	4.903e-09 
1.53765 	23.48868 	2.876e-07 	9.288e-06 	2.788e-07 	1.307e-04 	8.495e-07 	5.046e-10 	4.903e-09 
1.55775 	23.79572 	2.876e-07 	9.288e-06 	2.788e-07 	1.307e-04 	8.495e-07 	5.046e-10 	4.903e-09 
1.57785 	24.10276 	2.876e-07 	9.288e-06 	2.788e-07 	1.307e-04 	8.495e-07 	5.046e-10 	4.903e-09 
1.59795 	24.40980 	2.876e-07 	9.288e-06 	2.788e-07 	1.307e-04 	8.495e-07 	5.046e-10 	4.903e-09 
1.61805 	24.71685 	2.876e-07 	9.288e-06 	2.788e-07 	1.307e-04 	8.495e-07 	5.046e-10 	4.903e-09 
1.63815 	25.02389 	2.876e-07 	9.288e-06 	2.788e-07 	1.307e-04 	8.495e-07 	5.046e-10 	4.903e-09 
1.65825 	25.33093 	2.876e-07 	9.288e-06 	2.788e-07 	1.307e-04 	8.495e-07 	5.046e-10 	4.903e-09 
1.67835 	25.63797 	2.876e-07 	9.288e-06 	2.788e-07 	1.307e-04 	8.495e-07 	5.046e-10 	4.903e-09 
1.69845 	25.94501 	2.876e-07 	9.288e-06 	2.788e-07 	1.307e-04 	8.495e-07 	5.046e-10 	4.903e-09 
1.71855 	26.25205 	2.876e-07 	9.288e-06 	2.788e-07 	1.307e-04 	8.495e-07 	5.046e-10 	4.903e-09 
1.73865 	26.55910 	2.876e-07 	9.288e-06 	2.788e-07 	1.307e-04 	8.495e-07 	5.046e-10 	4.903e-09 
1.75875 	26.86614 	2.876e-07 	9.288e-06 	2.788e-07 	1.307e-04 	8.495e-07 	5.046e-10 	4.903e-09 
1.77885 	27.17318 	2.876e-07 	9.288e-06 	2.788e-07 	1.307e-04 	8.495e-07 	5.046e-10 	4.903e-09 
1.79895 	27.48022 	2.876e-07 	9.288e-06 	2.788e-07 	1.307e-04 	8.495e-07 	5.046e-10 	4.903e-09 
1.81905 	27.78726 	2.876e-07 	9.288e-06 	2.788e-07 	1.307e-04 	8.495e-07 	5.046e-10 	4.903e-09 
1.83915 	28.09430 	2.876e-07 	9.288e-06 	2.788e-07 	1.307e-04 	8.495e-07 	5.046e-10 	4.903e-09 
1.85925 	28.40135 	2.876e-07 	9.288e-06 	2.788e-07 	1.307e-04 	8.495e-07 	5.046e-10 	4.903e-09 
1.87935 	28.70839 	2.876e-07 	9.288e-06 	2.788e-07 	1.307e-04 	8.495e-07 	5.046e-10 	4.903e-09 
1.89945 	29.01543 	2.876e-07 	9.288e-06 	2.788e-07 	1.307e-04 	8.495e-07 	5.046e-10 	4.903e-09 
1.91955 	29.32247 	2.876e-07 	9.288e-06 	2.788e-07 	1.307e-04 	8.495e-07 	5.046e-10 	4.903e-09 
1.93965 	29.62951 	2.876e-07 	9.288e-06 	2.788e-07 	1.307e-04 	8.495e-07 	5.046e-10 	4.903e-09 
1.95975 	29.93655 	2.876e-07 	9.288e-06 	2.788e-07 	1.307e-04 	8.495e-07 	5.046e-10 	4.903e-09 
1.97985 	30.24359 	2.876e-07 	9.288e-06 	2.788e-07 	1.307e-04 	8.495e-07 	5.046e-10 	4.903e-09 
1.99995 	30.55064 	2.876e-07 	9.288e-06 	2.788e-07 	1.307e-04 	8.495e-07 	5.046e-10 	4.903e-09 
