n = 6.0e+03, Tgas =  20.0, Tdust =  20.0, Go = 10000.0
pc 	Av 	e- 	C 	C+ 	CO 	O 	O2 	H2O 
0.01005 	0.09304 	1.396e-04 	1.391e-09 	1.394e-04 	1.507e-13 	3.361e-04 	3.476e-18 	1.360e-14 
0.03015 	0.27913 	1.392e-04 	2.478e-09 	1.390e-04 	3.070e-13 	3.351e-04 	7.129e-18 	2.080e-14 
0.05025 	0.46521 	1.391e-04 	4.412e-09 	1.389e-04 	5.927e-13 	3.349e-04 	1.408e-17 	3.108e-14 
0.07035 	0.65130 	1.392e-04 	7.841e-09 	1.391e-04 	1.098e-12 	3.354e-04 	2.697e-17 	4.564e-14 
0.09045 	0.83739 	1.396e-04 	1.389e-08 	1.395e-04 	1.972e-12 	3.363e-04 	5.060e-17 	6.610e-14 
0.11055 	1.02347 	1.401e-04 	2.455e-08 	1.400e-04 	3.467e-12 	3.375e-04 	9.378e-17 	9.464e-14 
0.13065 	1.20956 	1.405e-04 	4.327e-08 	1.405e-04 	5.997e-12 	3.387e-04 	1.729e-16 	1.342e-13 
0.15075 	1.39564 	1.410e-04 	7.611e-08 	1.409e-04 	1.025e-11 	3.398e-04 	3.184e-16 	1.890e-13 
0.17085 	1.58173 	1.413e-04 	1.336e-07 	1.412e-04 	1.736e-11 	3.408e-04 	5.882e-16 	2.645e-13 
0.19095 	1.76782 	1.415e-04 	2.341e-07 	1.415e-04 	2.920e-11 	3.416e-04 	1.091e-15 	3.685e-13 
0.21105 	1.95390 	1.416e-04 	4.094e-07 	1.416e-04 	4.895e-11 	3.423e-04 	2.033e-15 	5.116e-13 
0.23115 	2.13999 	1.415e-04 	7.143e-07 	1.415e-04 	8.191e-11 	3.428e-04 	3.806e-15 	7.089e-13 
0.25125 	2.32607 	1.412e-04 	1.242e-06 	1.411e-04 	1.372e-10 	3.433e-04 	7.154e-15 	9.816e-13 
0.27135 	2.51216 	1.404e-04 	2.148e-06 	1.404e-04 	2.304e-10 	3.436e-04 	1.349e-14 	1.361e-12 
0.29145 	2.69824 	1.390e-04 	3.683e-06 	1.389e-04 	3.888e-10 	3.439e-04 	2.551e-14 	1.894e-12 
0.31155 	2.88433 	1.366e-04 	6.229e-06 	1.365e-04 	6.595e-10 	3.442e-04 	4.837e-14 	2.654e-12 
0.33165 	3.07042 	1.326e-04 	1.031e-05 	1.326e-04 	1.125e-09 	3.445e-04 	9.204e-14 	3.766e-12 
0.35175 	3.25650 	1.266e-04 	1.653e-05 	1.265e-04 	1.926e-09 	3.449e-04 	1.762e-13 	5.446e-12 
0.37185 	3.44259 	1.179e-04 	2.539e-05 	1.178e-04 	3.301e-09 	3.453e-04 	3.409e-13 	8.086e-12 
0.39195 	3.62867 	1.066e-04 	3.695e-05 	1.065e-04 	5.642e-09 	3.460e-04 	6.713e-13 	1.240e-11 
0.41205 	3.81476 	9.312e-05 	5.071e-05 	9.307e-05 	9.573e-09 	3.467e-04 	1.357e-12 	1.968e-11 
0.43215 	4.00084 	7.851e-05 	6.562e-05 	7.846e-05 	1.608e-08 	3.474e-04 	2.835e-12 	3.230e-11 
0.45225 	4.18693 	6.394e-05 	8.050e-05 	6.388e-05 	2.668e-08 	3.482e-04 	6.142e-12 	5.454e-11 
0.47235 	4.37302 	5.037e-05 	9.435e-05 	5.031e-05 	4.373e-08 	3.489e-04 	1.378e-11 	9.416e-11 
0.49245 	4.55910 	3.843e-05 	1.065e-04 	3.837e-05 	7.087e-08 	3.495e-04 	3.176e-11 	1.650e-10 
0.51255 	4.74519 	2.842e-05 	1.167e-04 	2.836e-05 	1.137e-07 	3.499e-04 	7.448e-11 	2.915e-10 
0.53265 	4.93127 	2.037e-05 	1.248e-04 	2.031e-05 	1.806e-07 	3.502e-04 	1.753e-10 	5.148e-10 
0.55275 	5.11736 	1.415e-05 	1.309e-04 	1.409e-05 	2.847e-07 	3.503e-04 	4.078e-10 	9.000e-10 
0.57285 	5.30345 	9.547e-06 	1.352e-04 	9.483e-06 	4.457e-07 	3.501e-04 	9.208e-10 	1.540e-09 
0.59295 	5.48953 	6.296e-06 	1.378e-04 	6.232e-06 	6.969e-07 	3.496e-04 	1.981e-09 	2.551e-09 
0.61305 	5.67562 	4.114e-06 	1.389e-04 	4.051e-06 	1.100e-06 	3.485e-04 	3.995e-09 	4.053e-09 
0.63315 	5.86170 	2.722e-06 	1.385e-04 	2.664e-06 	1.772e-06 	3.466e-04 	7.489e-09 	6.169e-09 
0.65325 	6.04779 	1.873e-06 	1.360e-04 	1.822e-06 	2.928e-06 	3.432e-04 	1.304e-08 	9.036e-09 
0.67335 	6.23387 	1.369e-06 	1.309e-04 	1.326e-06 	4.927e-06 	3.372e-04 	2.122e-08 	1.286e-08 
0.69345 	6.41996 	1.065e-06 	1.215e-04 	1.029e-06 	8.305e-06 	3.270e-04 	3.280e-08 	1.799e-08 
0.71355 	6.60605 	8.588e-07 	1.062e-04 	8.301e-07 	1.370e-05 	3.105e-04 	4.930e-08 	2.506e-08 
0.73365 	6.79213 	6.947e-07 	8.427e-05 	6.706e-07 	2.131e-05 	2.866e-04 	7.436e-08 	3.511e-08 
0.75375 	6.97822 	5.543e-07 	5.910e-05 	5.330e-07 	3.002e-05 	2.575e-04 	1.151e-07 	4.959e-08 
0.77385 	7.16430 	4.448e-07 	3.736e-05 	4.249e-07 	3.751e-05 	2.282e-04 	1.805e-07 	6.965e-08 
0.79395 	7.35039 	3.695e-07 	2.291e-05 	3.501e-07 	4.244e-05 	1.996e-04 	2.735e-07 	9.514e-08 
0.81405 	7.53647 	3.213e-07 	1.491e-05 	3.017e-07 	4.516e-05 	1.670e-04 	3.800e-07 	1.236e-07 
0.83415 	7.72256 	2.958e-07 	1.147e-05 	2.756e-07 	4.631e-05 	1.265e-04 	4.516e-07 	1.472e-07 
0.85425 	7.90865 	2.972e-07 	1.195e-05 	2.759e-07 	4.611e-05 	8.432e-05 	4.115e-07 	1.527e-07 
0.87435 	8.09473 	3.317e-07 	1.786e-05 	3.100e-07 	4.404e-05 	5.438e-05 	2.627e-07 	1.370e-07 
0.89445 	8.28082 	4.015e-07 	3.280e-05 	3.807e-07 	3.885e-05 	3.974e-05 	1.245e-07 	1.142e-07 
0.91455 	8.46690 	4.941e-07 	5.580e-05 	4.740e-07 	3.087e-05 	3.324e-05 	5.619e-08 	9.348e-08 
0.93465 	8.65299 	5.846e-07 	7.997e-05 	5.641e-07 	2.251e-05 	2.861e-05 	2.794e-08 	7.583e-08 
0.95475 	8.83908 	6.553e-07 	1.005e-04 	6.329e-07 	1.542e-05 	2.380e-05 	1.508e-08 	6.091e-08 
0.97485 	9.02516 	6.984e-07 	1.153e-04 	6.727e-07 	1.028e-05 	1.882e-05 	8.517e-09 	4.864e-08 
0.99495 	9.21125 	7.173e-07 	1.246e-04 	6.880e-07 	7.063e-06 	1.435e-05 	4.954e-09 	3.892e-08 
1.01505 	9.39733 	7.229e-07 	1.298e-04 	6.906e-07 	5.264e-06 	1.093e-05 	3.001e-09 	3.153e-08 
1.03515 	9.58342 	7.246e-07 	1.325e-04 	6.905e-07 	4.341e-06 	8.553e-06 	1.931e-09 	2.610e-08 
1.05525 	9.76950 	7.269e-07 	1.335e-04 	6.922e-07 	3.953e-06 	6.978e-06 	1.338e-09 	2.219e-08 
1.07535 	9.95559 	7.311e-07 	1.335e-04 	6.969e-07 	3.940e-06 	5.946e-06 	1.002e-09 	1.942e-08 
1.09545 	10.14168 	7.373e-07 	1.326e-04 	7.044e-07 	4.252e-06 	5.268e-06 	8.055e-10 	1.745e-08 
1.11555 	10.32776 	7.447e-07 	1.306e-04 	7.138e-07 	4.912e-06 	4.810e-06 	6.892e-10 	1.604e-08 
1.13565 	10.51385 	7.514e-07 	1.274e-04 	7.229e-07 	5.985e-06 	4.475e-06 	6.188e-10 	1.501e-08 
1.15575 	10.69993 	7.546e-07 	1.227e-04 	7.287e-07 	7.543e-06 	4.186e-06 	5.738e-10 	1.423e-08 
1.17585 	10.88602 	7.519e-07 	1.167e-04 	7.283e-07 	9.585e-06 	3.888e-06 	5.403e-10 	1.361e-08 
1.19595 	11.07211 	7.423e-07 	1.095e-04 	7.207e-07 	1.202e-05 	3.562e-06 	5.105e-10 	1.307e-08 
1.21605 	11.25819 	7.269e-07 	1.016e-04 	7.066e-07 	1.470e-05 	3.217e-06 	4.820e-10 	1.258e-08 
1.23615 	11.44428 	7.072e-07 	9.334e-05 	6.879e-07 	1.749e-05 	2.874e-06 	4.549e-10 	1.213e-08 
1.25625 	11.63036 	6.848e-07 	8.503e-05 	6.663e-07 	2.029e-05 	2.549e-06 	4.299e-10 	1.171e-08 
1.27635 	11.81645 	6.612e-07 	7.687e-05 	6.430e-07 	2.303e-05 	2.251e-06 	4.078e-10 	1.133e-08 
1.29645 	12.00253 	6.372e-07 	6.901e-05 	6.191e-07 	2.566e-05 	1.985e-06 	3.891e-10 	1.098e-08 
1.31655 	12.18862 	6.135e-07 	6.153e-05 	5.954e-07 	2.814e-05 	1.751e-06 	3.740e-10 	1.065e-08 
1.33665 	12.37471 	5.905e-07 	5.450e-05 	5.723e-07 	3.046e-05 	1.548e-06 	3.627e-10 	1.036e-08 
1.35675 	12.56079 	5.687e-07 	4.796e-05 	5.503e-07 	3.260e-05 	1.375e-06 	3.553e-10 	1.009e-08 
1.37685 	12.74688 	5.483e-07 	4.193e-05 	5.295e-07 	3.456e-05 	1.227e-06 	3.517e-10 	9.854e-09 
1.39695 	12.93296 	5.294e-07 	3.644e-05 	5.103e-07 	3.632e-05 	1.102e-06 	3.520e-10 	9.642e-09 
1.41705 	13.11905 	5.121e-07 	3.148e-05 	4.926e-07 	3.790e-05 	9.978e-07 	3.561e-10 	9.456e-09 
1.43715 	13.30513 	4.965e-07 	2.706e-05 	4.766e-07 	3.929e-05 	9.107e-07 	3.638e-10 	9.293e-09 
1.45725 	13.49122 	4.827e-07 	2.315e-05 	4.623e-07 	4.051e-05 	8.386e-07 	3.748e-10 	9.153e-09 
1.47735 	13.67731 	4.705e-07 	1.974e-05 	4.497e-07 	4.156e-05 	7.792e-07 	3.889e-10 	9.033e-09 
1.49745 	13.86339 	4.599e-07 	1.680e-05 	4.387e-07 	4.245e-05 	7.304e-07 	4.054e-10 	8.931e-09 
1.51755 	14.04948 	4.508e-07 	1.428e-05 	4.293e-07 	4.321e-05 	6.905e-07 	4.238e-10 	8.845e-09 
1.53765 	14.23556 	4.431e-07 	1.215e-05 	4.212e-07 	4.385e-05 	6.581e-07 	4.434e-10 	8.773e-09 
1.55775 	14.42165 	4.366e-07 	1.036e-05 	4.145e-07 	4.438e-05 	6.318e-07 	4.634e-10 	8.714e-09 
1.57785 	14.60774 	4.312e-07 	8.876e-06 	4.088e-07 	4.482e-05 	6.105e-07 	4.833e-10 	8.664e-09 
1.59795 	14.79382 	4.267e-07 	7.646e-06 	4.041e-07 	4.518e-05 	5.933e-07 	5.024e-10 	8.624e-09 
1.61805 	14.97991 	4.230e-07 	6.635e-06 	4.002e-07 	4.547e-05 	5.795e-07 	5.203e-10 	8.591e-09 
1.63815 	15.16599 	4.200e-07 	5.808e-06 	3.970e-07 	4.571e-05 	5.683e-07 	5.366e-10 	8.564e-09 
1.65825 	15.35208 	4.175e-07 	5.134e-06 	3.944e-07 	4.591e-05 	5.593e-07 	5.511e-10 	8.543e-09 
1.67835 	15.53816 	4.155e-07 	4.587e-06 	3.923e-07 	4.606e-05 	5.521e-07 	5.639e-10 	8.525e-09 
1.69845 	15.72425 	4.139e-07 	4.145e-06 	3.906e-07 	4.619e-05 	5.464e-07 	5.749e-10 	8.511e-09 
1.71855 	15.91034 	4.125e-07 	3.787e-06 	3.892e-07 	4.629e-05 	5.417e-07 	5.843e-10 	8.499e-09 
1.73865 	16.09642 	4.115e-07 	3.499e-06 	3.881e-07 	4.638e-05 	5.380e-07 	5.923e-10 	8.490e-09 
1.75875 	16.28251 	4.106e-07 	3.267e-06 	3.872e-07 	4.644e-05 	5.350e-07 	5.989e-10 	8.483e-09 
1.77885 	16.46859 	4.099e-07 	3.080e-06 	3.864e-07 	4.649e-05 	5.326e-07 	6.043e-10 	8.477e-09 
1.79895 	16.65468 	4.094e-07 	2.931e-06 	3.858e-07 	4.654e-05 	5.307e-07 	6.088e-10 	8.472e-09 
1.81905 	16.84076 	4.089e-07 	2.810e-06 	3.854e-07 	4.657e-05 	5.292e-07 	6.125e-10 	8.468e-09 
1.83915 	17.02685 	4.086e-07 	2.714e-06 	3.850e-07 	4.660e-05 	5.280e-07 	6.155e-10 	8.465e-09 
1.85925 	17.21294 	4.083e-07 	2.637e-06 	3.847e-07 	4.662e-05 	5.270e-07 	6.179e-10 	8.463e-09 
1.87935 	17.39902 	4.081e-07 	2.575e-06 	3.845e-07 	4.664e-05 	5.262e-07 	6.199e-10 	8.461e-09 
1.89945 	17.58511 	4.079e-07 	2.525e-06 	3.843e-07 	4.665e-05 	5.256e-07 	6.215e-10 	8.459e-09 
1.91955 	17.77119 	4.077e-07 	2.485e-06 	3.841e-07 	4.666e-05 	5.251e-07 	6.228e-10 	8.458e-09 
1.93965 	17.95728 	4.076e-07 	2.454e-06 	3.840e-07 	4.667e-05 	5.247e-07 	6.238e-10 	8.457e-09 
1.95975 	18.14337 	4.075e-07 	2.428e-06 	3.839e-07 	4.668e-05 	5.244e-07 	6.246e-10 	8.456e-09 
1.97985 	18.32945 	4.075e-07 	2.408e-06 	3.838e-07 	4.669e-05 	5.241e-07 	6.253e-10 	8.455e-09 
1.99995 	18.51554 	4.074e-07 	2.391e-06 	3.837e-07 	4.669e-05 	5.239e-07 	6.258e-10 	8.455e-09 
