n = 9.8e+03, Tgas =  22.5, Tdust =  22.5, Go = 10000.0
pc 	Av 	e- 	C 	C+ 	CO 	O 	O2 	H2O 
0.01005 	0.15119 	1.395e-04 	2.605e-09 	1.394e-04 	4.244e-13 	3.361e-04 	1.124e-17 	1.914e-14 
0.03015 	0.45358 	1.397e-04 	6.645e-09 	1.396e-04 	1.183e-12 	3.366e-04 	3.225e-17 	3.563e-14 
0.05025 	0.75597 	1.404e-04 	1.681e-08 	1.403e-04 	3.026e-12 	3.383e-04 	8.736e-17 	6.420e-14 
0.07035 	1.05836 	1.411e-04 	4.222e-08 	1.410e-04 	7.362e-12 	3.402e-04 	2.320e-16 	1.129e-13 
0.09045 	1.36075 	1.417e-04 	1.054e-07 	1.416e-04 	1.739e-11 	3.417e-04 	6.188e-16 	1.952e-13 
0.11055 	1.66314 	1.420e-04 	2.621e-07 	1.419e-04 	4.045e-11 	3.429e-04 	1.673e-15 	3.335e-13 
0.13065 	1.96553 	1.419e-04 	6.483e-07 	1.419e-04 	9.373e-11 	3.437e-04 	4.594e-15 	5.658e-13 
0.15075 	2.26792 	1.412e-04 	1.590e-06 	1.412e-04 	2.185e-10 	3.442e-04 	1.275e-14 	9.583e-13 
0.17085 	2.57031 	1.391e-04 	3.832e-06 	1.391e-04 	5.164e-10 	3.446e-04 	3.563e-14 	1.633e-12 
0.19095 	2.87270 	1.342e-04 	8.888e-06 	1.342e-04 	1.240e-09 	3.450e-04 	9.985e-14 	2.838e-12 
0.21105 	3.17509 	1.243e-04 	1.911e-05 	1.242e-04 	3.011e-09 	3.456e-04 	2.815e-13 	5.154e-12 
0.23115 	3.47748 	1.074e-04 	3.635e-05 	1.073e-04 	7.274e-09 	3.464e-04 	8.120e-13 	1.007e-11 
0.25125 	3.77987 	8.483e-05 	5.933e-05 	8.479e-05 	1.712e-08 	3.475e-04 	2.481e-12 	2.151e-11 
0.27135 	4.08226 	6.103e-05 	8.359e-05 	6.099e-05 	3.878e-08 	3.487e-04 	8.313e-12 	4.983e-11 
0.29145 	4.38465 	4.018e-05 	1.048e-04 	4.015e-05 	8.428e-08 	3.497e-04 	3.060e-11 	1.221e-10 
0.31155 	4.68704 	2.429e-05 	1.210e-04 	2.425e-05 	1.765e-07 	3.504e-04 	1.193e-10 	3.071e-10 
0.33165 	4.98943 	1.347e-05 	1.318e-04 	1.343e-05 	3.590e-07 	3.508e-04 	4.620e-10 	7.633e-10 
0.35175 	5.29181 	6.884e-06 	1.382e-04 	6.844e-06 	7.194e-07 	3.507e-04 	1.636e-09 	1.787e-09 
0.37185 	5.59420 	3.354e-06 	1.410e-04 	3.317e-06 	1.477e-06 	3.501e-04 	4.897e-09 	3.775e-09 
0.39195 	5.89659 	1.693e-06 	1.409e-04 	1.662e-06 	3.283e-06 	3.481e-04 	1.190e-08 	7.135e-09 
0.41205 	6.19898 	9.870e-07 	1.370e-04 	9.633e-07 	7.879e-06 	3.431e-04 	2.371e-08 	1.240e-08 
0.43215 	6.50137 	6.856e-07 	1.261e-04 	6.682e-07 	1.897e-05 	3.306e-04 	4.055e-08 	2.046e-08 
0.45225 	6.80376 	5.224e-07 	1.038e-04 	5.091e-07 	4.115e-05 	3.046e-04 	6.362e-08 	3.251e-08 
0.47235 	7.10615 	4.025e-07 	7.195e-05 	3.914e-07 	7.276e-05 	2.629e-04 	9.823e-08 	4.946e-08 
0.49245 	7.40854 	3.168e-07 	4.362e-05 	3.068e-07 	1.009e-04 	2.104e-04 	1.486e-07 	7.068e-08 
0.51255 	7.71093 	2.780e-07 	3.041e-05 	2.684e-07 	1.140e-04 	1.476e-04 	1.784e-07 	8.843e-08 
0.53265 	8.01332 	2.974e-07 	3.683e-05 	2.880e-07 	1.076e-04 	8.683e-05 	1.142e-07 	8.667e-08 
0.55275 	8.31571 	3.709e-07 	6.482e-05 	3.615e-07 	7.987e-05 	5.029e-05 	4.105e-08 	6.930e-08 
0.57285 	8.61810 	4.559e-07 	9.957e-05 	4.458e-07 	4.540e-05 	3.082e-05 	1.422e-08 	5.002e-08 
0.59295 	8.92049 	5.082e-07 	1.256e-04 	4.954e-07 	1.962e-05 	1.863e-05 	5.404e-09 	3.436e-08 
0.61305 	9.22288 	5.087e-07 	1.370e-04 	4.914e-07 	8.263e-06 	1.063e-05 	2.151e-09 	2.337e-08 
0.63315 	9.52527 	4.968e-07 	1.402e-04 	4.765e-07 	5.059e-06 	6.491e-06 	9.633e-10 	1.656e-08 
0.65325 	9.82766 	4.951e-07 	1.408e-04 	4.743e-07 	4.433e-06 	4.599e-06 	5.312e-10 	1.265e-08 
0.67335 	10.13005 	5.043e-07 	1.399e-04 	4.850e-07 	5.176e-06 	3.758e-06 	3.656e-10 	1.045e-08 
0.69345 	10.43244 	5.213e-07 	1.372e-04 	5.049e-07 	7.779e-06 	3.416e-06 	3.030e-10 	9.189e-09 
0.71355 	10.73482 	5.348e-07 	1.306e-04 	5.219e-07 	1.416e-05 	3.249e-06 	2.832e-10 	8.425e-09 
0.73365 	11.03721 	5.288e-07 	1.192e-04 	5.183e-07 	2.523e-05 	2.995e-06 	2.724e-10 	7.866e-09 
0.75375 	11.33960 	5.074e-07 	1.056e-04 	4.981e-07 	3.854e-05 	2.657e-06 	2.607e-10 	7.381e-09 
0.77385 	11.64199 	4.802e-07 	9.167e-05 	4.714e-07 	5.210e-05 	2.322e-06 	2.516e-10 	6.959e-09 
0.79395 	11.94438 	4.519e-07 	7.842e-05 	4.435e-07 	6.497e-05 	2.026e-06 	2.467e-10 	6.593e-09 
0.81405 	12.24677 	4.250e-07 	6.627e-05 	4.166e-07 	7.673e-05 	1.776e-06 	2.466e-10 	6.278e-09 
0.83415 	12.54916 	4.003e-07 	5.542e-05 	3.919e-07 	8.719e-05 	1.571e-06 	2.515e-10 	6.009e-09 
0.85425 	12.85155 	3.785e-07 	4.596e-05 	3.701e-07 	9.625e-05 	1.404e-06 	2.618e-10 	5.783e-09 
0.87435 	13.15394 	3.597e-07 	3.791e-05 	3.512e-07 	1.039e-04 	1.272e-06 	2.774e-10 	5.598e-09 
0.89445 	13.45633 	3.440e-07 	3.123e-05 	3.355e-07 	1.103e-04 	1.168e-06 	2.980e-10 	5.448e-09 
0.91455 	13.75872 	3.312e-07 	2.582e-05 	3.226e-07 	1.154e-04 	1.088e-06 	3.227e-10 	5.329e-09 
0.93465 	14.06111 	3.211e-07 	2.155e-05 	3.124e-07 	1.194e-04 	1.027e-06 	3.502e-10 	5.237e-09 
0.95475 	14.36350 	3.133e-07 	1.825e-05 	3.046e-07 	1.224e-04 	9.819e-07 	3.785e-10 	5.167e-09 
0.97485 	14.66589 	3.074e-07 	1.577e-05 	2.986e-07 	1.248e-04 	9.482e-07 	4.058e-10 	5.114e-09 
0.99495 	14.96828 	3.030e-07 	1.393e-05 	2.942e-07 	1.265e-04 	9.237e-07 	4.305e-10 	5.076e-09 
1.01505 	15.27067 	2.998e-07 	1.259e-05 	2.909e-07 	1.277e-04 	9.059e-07 	4.515e-10 	5.047e-09 
1.03515 	15.57306 	2.975e-07 	1.162e-05 	2.886e-07 	1.286e-04 	8.932e-07 	4.686e-10 	5.027e-09 
1.05525 	15.87544 	2.958e-07 	1.093e-05 	2.869e-07 	1.292e-04 	8.842e-07 	4.820e-10 	5.013e-09 
1.07535 	16.17783 	2.946e-07 	1.045e-05 	2.857e-07 	1.297e-04 	8.779e-07 	4.922e-10 	5.003e-09 
1.09545 	16.48022 	2.938e-07 	1.010e-05 	2.849e-07 	1.300e-04 	8.734e-07 	4.997e-10 	4.995e-09 
1.11555 	16.78261 	2.932e-07 	9.859e-06 	2.843e-07 	1.302e-04 	8.702e-07 	5.051e-10 	4.990e-09 
1.13565 	17.08500 	2.928e-07 	9.689e-06 	2.839e-07 	1.304e-04 	8.680e-07 	5.090e-10 	4.987e-09 
1.15575 	17.38739 	2.925e-07 	9.571e-06 	2.836e-07 	1.305e-04 	8.665e-07 	5.118e-10 	4.984e-09 
1.17585 	17.68978 	2.923e-07 	9.488e-06 	2.834e-07 	1.306e-04 	8.654e-07 	5.138e-10 	4.983e-09 
1.19595 	17.99217 	2.922e-07 	9.431e-06 	2.833e-07 	1.306e-04 	8.647e-07 	5.152e-10 	4.981e-09 
1.21605 	18.29456 	2.921e-07 	9.391e-06 	2.832e-07 	1.306e-04 	8.642e-07 	5.162e-10 	4.981e-09 
1.23615 	18.59695 	2.920e-07 	9.363e-06 	2.831e-07 	1.307e-04 	8.638e-07 	5.168e-10 	4.980e-09 
1.25625 	18.89934 	2.920e-07 	9.343e-06 	2.831e-07 	1.307e-04 	8.636e-07 	5.173e-10 	4.980e-09 
1.27635 	19.20173 	2.920e-07 	9.330e-06 	2.830e-07 	1.307e-04 	8.634e-07 	5.177e-10 	4.979e-09 
1.29645 	19.50412 	2.919e-07 	9.320e-06 	2.830e-07 	1.307e-04 	8.633e-07 	5.179e-10 	4.979e-09 
1.31655 	19.80651 	2.919e-07 	9.314e-06 	2.830e-07 	1.307e-04 	8.632e-07 	5.180e-10 	4.979e-09 
1.33665 	20.10890 	2.919e-07 	9.309e-06 	2.830e-07 	1.307e-04 	8.631e-07 	5.182e-10 	4.979e-09 
1.35675 	20.41129 	2.919e-07 	9.306e-06 	2.830e-07 	1.307e-04 	8.631e-07 	5.182e-10 	4.979e-09 
1.37685 	20.71368 	2.919e-07 	9.304e-06 	2.830e-07 	1.307e-04 	8.630e-07 	5.183e-10 	4.979e-09 
1.39695 	21.01607 	2.919e-07 	9.302e-06 	2.830e-07 	1.307e-04 	8.630e-07 	5.183e-10 	4.979e-09 
1.41705 	21.31845 	2.919e-07 	9.301e-06 	2.830e-07 	1.307e-04 	8.630e-07 	5.183e-10 	4.979e-09 
1.43715 	21.62084 	2.919e-07 	9.301e-06 	2.830e-07 	1.307e-04 	8.630e-07 	5.184e-10 	4.979e-09 
1.45725 	21.92323 	2.919e-07 	9.300e-06 	2.830e-07 	1.307e-04 	8.630e-07 	5.184e-10 	4.979e-09 
1.47735 	22.22562 	2.919e-07 	9.300e-06 	2.830e-07 	1.307e-04 	8.630e-07 	5.184e-10 	4.979e-09 
1.49745 	22.52801 	2.919e-07 	9.299e-06 	2.830e-07 	1.307e-04 	8.630e-07 	5.184e-10 	4.979e-09 
1.51755 	22.83040 	2.919e-07 	9.299e-06 	2.830e-07 	1.307e-04 	8.630e-07 	5.184e-10 	4.979e-09 
1.53765 	23.13279 	2.919e-07 	9.299e-06 	2.830e-07 	1.307e-04 	8.630e-07 	5.184e-10 	4.979e-09 
1.55775 	23.43518 	2.919e-07 	9.299e-06 	2.830e-07 	1.307e-04 	8.630e-07 	5.184e-10 	4.979e-09 
1.57785 	23.73757 	2.919e-07 	9.299e-06 	2.830e-07 	1.307e-04 	8.630e-07 	5.184e-10 	4.979e-09 
1.59795 	24.03996 	2.919e-07 	9.299e-06 	2.830e-07 	1.307e-04 	8.630e-07 	5.184e-10 	4.979e-09 
1.61805 	24.34235 	2.919e-07 	9.299e-06 	2.830e-07 	1.307e-04 	8.630e-07 	5.184e-10 	4.979e-09 
1.63815 	24.64474 	2.919e-07 	9.299e-06 	2.830e-07 	1.307e-04 	8.630e-07 	5.184e-10 	4.979e-09 
1.65825 	24.94713 	2.919e-07 	9.299e-06 	2.830e-07 	1.307e-04 	8.630e-07 	5.184e-10 	4.979e-09 
1.67835 	25.24952 	2.919e-07 	9.299e-06 	2.830e-07 	1.307e-04 	8.630e-07 	5.184e-10 	4.979e-09 
1.69845 	25.55191 	2.919e-07 	9.299e-06 	2.830e-07 	1.307e-04 	8.630e-07 	5.184e-10 	4.979e-09 
1.71855 	25.85430 	2.919e-07 	9.299e-06 	2.830e-07 	1.307e-04 	8.630e-07 	5.184e-10 	4.979e-09 
1.73865 	26.15669 	2.919e-07 	9.299e-06 	2.830e-07 	1.307e-04 	8.630e-07 	5.184e-10 	4.979e-09 
1.75875 	26.45907 	2.919e-07 	9.299e-06 	2.830e-07 	1.307e-04 	8.630e-07 	5.184e-10 	4.979e-09 
1.77885 	26.76146 	2.919e-07 	9.299e-06 	2.830e-07 	1.307e-04 	8.630e-07 	5.184e-10 	4.979e-09 
1.79895 	27.06385 	2.919e-07 	9.299e-06 	2.830e-07 	1.307e-04 	8.630e-07 	5.184e-10 	4.979e-09 
1.81905 	27.36624 	2.919e-07 	9.299e-06 	2.830e-07 	1.307e-04 	8.630e-07 	5.184e-10 	4.979e-09 
1.83915 	27.66863 	2.919e-07 	9.299e-06 	2.830e-07 	1.307e-04 	8.630e-07 	5.184e-10 	4.979e-09 
1.85925 	27.97102 	2.919e-07 	9.299e-06 	2.830e-07 	1.307e-04 	8.630e-07 	5.184e-10 	4.979e-09 
1.87935 	28.27341 	2.919e-07 	9.299e-06 	2.830e-07 	1.307e-04 	8.630e-07 	5.184e-10 	4.979e-09 
1.89945 	28.57580 	2.919e-07 	9.299e-06 	2.830e-07 	1.307e-04 	8.630e-07 	5.184e-10 	4.979e-09 
1.91955 	28.87819 	2.919e-07 	9.299e-06 	2.830e-07 	1.307e-04 	8.630e-07 	5.184e-10 	4.979e-09 
1.93965 	29.18058 	2.919e-07 	9.299e-06 	2.830e-07 	1.307e-04 	8.630e-07 	5.184e-10 	4.979e-09 
1.95975 	29.48297 	2.919e-07 	9.299e-06 	2.830e-07 	1.307e-04 	8.630e-07 	5.184e-10 	4.979e-09 
1.97985 	29.78536 	2.919e-07 	9.299e-06 	2.830e-07 	1.307e-04 	8.630e-07 	5.184e-10 	4.979e-09 
1.99995 	30.08775 	2.919e-07 	9.299e-06 	2.830e-07 	1.307e-04 	8.630e-07 	5.184e-10 	4.979e-09 
