n = 5.0e+03, Tgas =  23.8, Tdust =  23.8, Go = 10000.0
pc 	Av 	e- 	C 	C+ 	CO 	O 	O2 	H2O 
0.01005 	0.07754 	1.405e-04 	9.933e-10 	1.401e-04 	1.045e-13 	3.379e-04 	2.559e-18 	1.385e-14 
0.03015 	0.23261 	1.399e-04 	1.607e-09 	1.396e-04 	1.966e-13 	3.366e-04 	4.764e-18 	1.983e-14 
0.05025 	0.38768 	1.396e-04 	2.603e-09 	1.393e-04 	3.546e-13 	3.359e-04 	8.647e-18 	2.791e-14 
0.07035 	0.54275 	1.394e-04 	4.216e-09 	1.392e-04 	6.163e-13 	3.357e-04 	1.531e-17 	3.875e-14 
0.09045 	0.69782 	1.395e-04 	6.818e-09 	1.393e-04 	1.039e-12 	3.359e-04 	2.657e-17 	5.322e-14 
0.11055 	0.85289 	1.398e-04 	1.100e-08 	1.396e-04 	1.710e-12 	3.366e-04 	4.539e-17 	7.245e-14 
0.13065 	1.00796 	1.401e-04 	1.772e-08 	1.400e-04 	2.764e-12 	3.375e-04 	7.673e-17 	9.786e-14 
0.15075 	1.16304 	1.405e-04 	2.847e-08 	1.404e-04 	4.405e-12 	3.385e-04 	1.289e-16 	1.313e-13 
0.17085 	1.31811 	1.409e-04 	4.566e-08 	1.408e-04 	6.946e-12 	3.395e-04 	2.159e-16 	1.752e-13 
0.19095 	1.47318 	1.412e-04 	7.311e-08 	1.411e-04 	1.085e-11 	3.404e-04 	3.614e-16 	2.327e-13 
0.21105 	1.62825 	1.415e-04 	1.169e-07 	1.414e-04 	1.684e-11 	3.413e-04 	6.057e-16 	3.079e-13 
0.23115 	1.78332 	1.417e-04 	1.867e-07 	1.417e-04 	2.600e-11 	3.420e-04 	1.017e-15 	4.060e-13 
0.25125 	1.93839 	1.419e-04 	2.978e-07 	1.418e-04 	3.998e-11 	3.426e-04 	1.713e-15 	5.340e-13 
0.27135 	2.09347 	1.419e-04 	4.742e-07 	1.419e-04 	6.132e-11 	3.431e-04 	2.892e-15 	7.012e-13 
0.29145 	2.24854 	1.418e-04 	7.538e-07 	1.418e-04 	9.396e-11 	3.436e-04 	4.897e-15 	9.196e-13 
0.31155 	2.40361 	1.415e-04 	1.195e-06 	1.415e-04 	1.440e-10 	3.439e-04 	8.309e-15 	1.206e-12 
0.33165 	2.55868 	1.409e-04 	1.889e-06 	1.409e-04 	2.210e-10 	3.442e-04 	1.413e-14 	1.582e-12 
0.35175 	2.71375 	1.400e-04 	2.968e-06 	1.399e-04 	3.401e-10 	3.445e-04 	2.408e-14 	2.079e-12 
0.37185 	2.86882 	1.384e-04 	4.629e-06 	1.383e-04 	5.250e-10 	3.447e-04 	4.113e-14 	2.744e-12 
0.39195 	3.02389 	1.360e-04 	7.137e-06 	1.359e-04 	8.133e-10 	3.449e-04 	7.046e-14 	3.643e-12 
0.41205 	3.17897 	1.324e-04 	1.082e-05 	1.324e-04 	1.264e-09 	3.452e-04 	1.212e-13 	4.883e-12 
0.43215 	3.33404 	1.273e-04 	1.604e-05 	1.273e-04 	1.971e-09 	3.455e-04 	2.097e-13 	6.634e-12 
0.45225 	3.48911 	1.204e-04 	2.308e-05 	1.204e-04 	3.076e-09 	3.459e-04 	3.663e-13 	9.173e-12 
0.47235 	3.64418 	1.116e-04 	3.205e-05 	1.116e-04 	4.796e-09 	3.463e-04 	6.485e-13 	1.296e-11 
0.49245 	3.79925 	1.011e-04 	4.276e-05 	1.011e-04 	7.455e-09 	3.468e-04 	1.168e-12 	1.874e-11 
0.51255 	3.95432 	8.938e-05 	5.474e-05 	8.932e-05 	1.153e-08 	3.473e-04 	2.151e-12 	2.776e-11 
0.53265 	4.10939 	7.705e-05 	6.731e-05 	7.699e-05 	1.771e-08 	3.479e-04 	4.055e-12 	4.206e-11 
0.55275 	4.26447 	6.482e-05 	7.978e-05 	6.475e-05 	2.700e-08 	3.485e-04 	7.831e-12 	6.496e-11 
0.57285 	4.41954 	5.326e-05 	9.155e-05 	5.319e-05 	4.088e-08 	3.490e-04 	1.545e-11 	1.019e-10 
0.59295 	4.57461 	4.278e-05 	1.022e-04 	4.271e-05 	6.145e-08 	3.495e-04 	3.103e-11 	1.618e-10 
0.61305 	4.72968 	3.361e-05 	1.116e-04 	3.354e-05 	9.180e-08 	3.499e-04 	6.306e-11 	2.587e-10 
0.63315 	4.88475 	2.583e-05 	1.194e-04 	2.576e-05 	1.363e-07 	3.503e-04 	1.288e-10 	4.148e-10 
0.65325 	5.03982 	1.943e-05 	1.259e-04 	1.936e-05 	2.014e-07 	3.505e-04 	2.622e-10 	6.633e-10 
0.67335 	5.19490 	1.431e-05 	1.310e-04 	1.423e-05 	2.959e-07 	3.507e-04 	5.270e-10 	1.051e-09 
0.69345 	5.34997 	1.034e-05 	1.350e-04 	1.026e-05 	4.330e-07 	3.507e-04 	1.035e-09 	1.639e-09 
0.71355 	5.50504 	7.367e-06 	1.378e-04 	7.290e-06 	6.331e-07 	3.506e-04 	1.965e-09 	2.499e-09 
0.73365 	5.66011 	5.219e-06 	1.397e-04 	5.144e-06 	9.298e-07 	3.504e-04 	3.572e-09 	3.701e-09 
0.75375 	5.81518 	3.725e-06 	1.407e-04 	3.653e-06 	1.382e-06 	3.500e-04 	6.172e-09 	5.316e-09 
0.77385 	5.97025 	2.723e-06 	1.410e-04 	2.657e-06 	2.089e-06 	3.492e-04 	1.011e-08 	7.405e-09 
0.79395 	6.12532 	2.073e-06 	1.406e-04 	2.014e-06 	3.212e-06 	3.480e-04 	1.570e-08 	1.004e-08 
0.81405 	6.28040 	1.662e-06 	1.392e-04 	1.612e-06 	5.009e-06 	3.460e-04 	2.319e-08 	1.331e-08 
0.83415 	6.43547 	1.403e-06 	1.366e-04 	1.361e-06 	7.889e-06 	3.428e-04 	3.271e-08 	1.735e-08 
0.85425 	6.59054 	1.233e-06 	1.322e-04 	1.198e-06 	1.247e-05 	3.377e-04 	4.437e-08 	2.233e-08 
0.87435 	6.74561 	1.108e-06 	1.252e-04 	1.079e-06 	1.956e-05 	3.296e-04 	5.834e-08 	2.849e-08 
0.89445 	6.90068 	1.001e-06 	1.150e-04 	9.769e-07 	2.987e-05 	3.177e-04 	7.503e-08 	3.606e-08 
0.91455 	7.05575 	8.989e-07 	1.015e-04 	8.777e-07 	4.349e-05 	3.013e-04 	9.529e-08 	4.528e-08 
0.93465 	7.21082 	7.983e-07 	8.560e-05 	7.794e-07 	5.945e-05 	2.807e-04 	1.204e-07 	5.633e-08 
0.95475 	7.36590 	7.043e-07 	6.940e-05 	6.871e-07 	7.574e-05 	2.569e-04 	1.513e-07 	6.922e-08 
0.97485 	7.52097 	6.242e-07 	5.514e-05 	6.081e-07 	9.008e-05 	2.307e-04 	1.872e-07 	8.362e-08 
0.99495 	7.67604 	5.642e-07 	4.451e-05 	5.487e-07 	1.008e-04 	2.019e-04 	2.220e-07 	9.832e-08 
1.01505 	7.83111 	5.288e-07 	3.840e-05 	5.136e-07 	1.069e-04 	1.703e-04 	2.420e-07 	1.108e-07 
1.03515 	7.98618 	5.224e-07 	3.737e-05 	5.073e-07 	1.080e-04 	1.374e-04 	2.302e-07 	1.175e-07 
1.05525 	8.14125 	5.485e-07 	4.215e-05 	5.335e-07 	1.032e-04 	1.074e-04 	1.837e-07 	1.163e-07 
1.07535 	8.29633 	6.057e-07 	5.302e-05 	5.906e-07 	9.225e-05 	8.356e-05 	1.252e-07 	1.084e-07 
1.09545 	8.45140 	6.839e-07 	6.848e-05 	6.684e-07 	7.671e-05 	6.609e-05 	7.838e-08 	9.694e-08 
1.11555 	8.60647 	7.688e-07 	8.569e-05 	7.525e-07 	5.941e-05 	5.307e-05 	4.837e-08 	8.420e-08 
1.13565 	8.76154 	8.476e-07 	1.021e-04 	8.299e-07 	4.292e-05 	4.285e-05 	3.035e-08 	7.172e-08 
1.15575 	8.91661 	9.098e-07 	1.160e-04 	8.898e-07 	2.897e-05 	3.437e-05 	1.945e-08 	6.036e-08 
1.17585 	9.07168 	9.473e-07 	1.263e-04 	9.238e-07 	1.862e-05 	2.710e-05 	1.265e-08 	5.050e-08 
1.19595 	9.22675 	9.597e-07 	1.328e-04 	9.320e-07 	1.209e-05 	2.103e-05 	8.315e-09 	4.223e-08 
1.21605 	9.38183 	9.575e-07 	1.364e-04 	9.258e-07 	8.500e-06 	1.636e-05 	5.577e-09 	3.553e-08 
1.23615 	9.53690 	9.522e-07 	1.382e-04 	9.175e-07 	6.642e-06 	1.303e-05 	3.877e-09 	3.029e-08 
1.25625 	9.69197 	9.495e-07 	1.391e-04 	9.133e-07 	5.741e-06 	1.076e-05 	2.827e-09 	2.629e-08 
1.27635 	9.84704 	9.513e-07 	1.394e-04 	9.147e-07 	5.425e-06 	9.221e-06 	2.176e-09 	2.327e-08 
1.29645 	10.00211 	9.578e-07 	1.392e-04 	9.220e-07 	5.553e-06 	8.199e-06 	1.768e-09 	2.100e-08 
1.31655 	10.15718 	9.687e-07 	1.386e-04 	9.346e-07 	6.116e-06 	7.533e-06 	1.512e-09 	1.930e-08 
1.33665 	10.31225 	9.830e-07 	1.374e-04 	9.514e-07 	7.220e-06 	7.116e-06 	1.354e-09 	1.802e-08 
1.35675 	10.46733 	9.987e-07 	1.354e-04 	9.702e-07 	9.093e-06 	6.862e-06 	1.262e-09 	1.705e-08 
1.37685 	10.62240 	1.012e-06 	1.324e-04 	9.866e-07 	1.206e-05 	6.686e-06 	1.211e-09 	1.631e-08 
1.39695 	10.77747 	1.017e-06 	1.281e-04 	9.952e-07 	1.631e-05 	6.498e-06 	1.179e-09 	1.571e-08 
1.41705 	10.93254 	1.013e-06 	1.226e-04 	9.932e-07 	2.171e-05 	6.246e-06 	1.151e-09 	1.518e-08 
1.43715 	11.08761 	9.997e-07 	1.163e-04 	9.818e-07 	2.792e-05 	5.934e-06 	1.122e-09 	1.468e-08 
1.45725 	11.24268 	9.803e-07 	1.096e-04 	9.638e-07 	3.458e-05 	5.590e-06 	1.092e-09 	1.422e-08 
1.47735 	11.39776 	9.571e-07 	1.026e-04 	9.415e-07 	4.143e-05 	5.238e-06 	1.065e-09 	1.378e-08 
1.49745 	11.55283 	9.318e-07 	9.567e-05 	9.168e-07 	4.830e-05 	4.894e-06 	1.041e-09 	1.338e-08 
1.51755 	11.70790 	9.054e-07 	8.882e-05 	8.909e-07 	5.507e-05 	4.567e-06 	1.021e-09 	1.300e-08 
1.53765 	11.86297 	8.787e-07 	8.215e-05 	8.646e-07 	6.164e-05 	4.261e-06 	1.005e-09 	1.265e-08 
1.55775 	12.01804 	8.523e-07 	7.572e-05 	8.385e-07 	6.796e-05 	3.979e-06 	9.942e-10 	1.233e-08 
1.57785 	12.17311 	8.267e-07 	6.958e-05 	8.130e-07 	7.399e-05 	3.720e-06 	9.879e-10 	1.203e-08 
1.59795 	12.32818 	8.019e-07 	6.375e-05 	7.884e-07 	7.970e-05 	3.485e-06 	9.863e-10 	1.175e-08 
1.61805 	12.48326 	7.783e-07 	5.826e-05 	7.649e-07 	8.506e-05 	3.272e-06 	9.895e-10 	1.149e-08 
1.63815 	12.63833 	7.560e-07 	5.312e-05 	7.427e-07 	9.007e-05 	3.081e-06 	9.976e-10 	1.125e-08 
1.65825 	12.79340 	7.351e-07 	4.834e-05 	7.218e-07 	9.472e-05 	2.910e-06 	1.011e-09 	1.104e-08 
1.67835 	12.94847 	7.157e-07 	4.392e-05 	7.023e-07 	9.900e-05 	2.757e-06 	1.028e-09 	1.084e-08 
1.69845 	13.10354 	6.977e-07 	3.986e-05 	6.844e-07 	1.029e-04 	2.622e-06 	1.051e-09 	1.066e-08 
1.71855 	13.25861 	6.812e-07 	3.616e-05 	6.679e-07 	1.065e-04 	2.502e-06 	1.077e-09 	1.050e-08 
1.73865 	13.41368 	6.663e-07 	3.281e-05 	6.529e-07 	1.097e-04 	2.397e-06 	1.108e-09 	1.036e-08 
1.75875 	13.56876 	6.527e-07 	2.979e-05 	6.393e-07 	1.126e-04 	2.305e-06 	1.142e-09 	1.024e-08 
1.77885 	13.72383 	6.406e-07 	2.710e-05 	6.271e-07 	1.152e-04 	2.224e-06 	1.179e-09 	1.012e-08 
1.79895 	13.87890 	6.298e-07 	2.470e-05 	6.163e-07 	1.175e-04 	2.154e-06 	1.219e-09 	1.003e-08 
1.81905 	14.03397 	6.202e-07 	2.259e-05 	6.067e-07 	1.195e-04 	2.094e-06 	1.259e-09 	9.942e-09 
1.83915 	14.18904 	6.119e-07 	2.074e-05 	5.983e-07 	1.212e-04 	2.041e-06 	1.300e-09 	9.867e-09 
1.85925 	14.34411 	6.045e-07 	1.913e-05 	5.909e-07 	1.228e-04 	1.997e-06 	1.341e-09 	9.803e-09 
1.87935 	14.49919 	5.982e-07 	1.774e-05 	5.846e-07 	1.241e-04 	1.958e-06 	1.381e-09 	9.747e-09 
1.89945 	14.65426 	5.927e-07 	1.654e-05 	5.791e-07 	1.252e-04 	1.925e-06 	1.418e-09 	9.700e-09 
1.91955 	14.80933 	5.880e-07 	1.551e-05 	5.743e-07 	1.262e-04 	1.898e-06 	1.454e-09 	9.659e-09 
1.93965 	14.96440 	5.840e-07 	1.463e-05 	5.703e-07 	1.270e-04 	1.874e-06 	1.487e-09 	9.624e-09 
1.95975 	15.11947 	5.806e-07 	1.388e-05 	5.669e-07 	1.277e-04 	1.854e-06 	1.518e-09 	9.594e-09 
1.97985 	15.27454 	5.777e-07 	1.325e-05 	5.640e-07 	1.283e-04 	1.837e-06 	1.545e-09 	9.569e-09 
1.99995 	15.42961 	5.752e-07 	1.271e-05 	5.615e-07 	1.288e-04 	1.823e-06 	1.569e-09 	9.548e-09 
