n = 1.0e+04, Tgas =  30.0, Tdust =  30.0, Go = 10000.0
pc 	Av 	e- 	C 	C+ 	CO 	O 	O2 	H2O 
0.01005 	0.15662 	1.402e-04 	2.347e-09 	1.401e-04 	4.875e-13 	3.377e-04 	1.402e-17 	2.680e-14 
0.03015 	0.46987 	1.404e-04 	6.217e-09 	1.403e-04 	1.425e-12 	3.382e-04 	4.117e-17 	4.725e-14 
0.05025 	0.78311 	1.410e-04 	1.629e-08 	1.409e-04 	3.771e-12 	3.399e-04 	1.147e-16 	8.293e-14 
0.07035 	1.09636 	1.417e-04 	4.230e-08 	1.417e-04 	9.427e-12 	3.417e-04 	3.147e-16 	1.446e-13 
0.09045 	1.40960 	1.423e-04 	1.091e-07 	1.422e-04 	2.282e-11 	3.432e-04 	8.710e-16 	2.503e-13 
0.11055 	1.72284 	1.426e-04 	2.802e-07 	1.425e-04 	5.439e-11 	3.443e-04 	2.450e-15 	4.309e-13 
0.13065 	2.03609 	1.424e-04 	7.155e-07 	1.424e-04 	1.293e-10 	3.450e-04 	7.003e-15 	7.396e-13 
0.15075 	2.34933 	1.415e-04 	1.810e-06 	1.415e-04 	3.099e-10 	3.455e-04 	2.024e-14 	1.271e-12 
0.17085 	2.66258 	1.390e-04 	4.481e-06 	1.390e-04 	7.542e-10 	3.459e-04 	5.884e-14 	2.202e-12 
0.19095 	2.97582 	1.330e-04 	1.059e-05 	1.330e-04 	1.867e-09 	3.462e-04 	1.720e-13 	3.909e-12 
0.21105 	3.28907 	1.210e-04 	2.285e-05 	1.210e-04 	4.660e-09 	3.468e-04 	5.102e-13 	7.307e-12 
0.23115 	3.60231 	1.015e-04 	4.274e-05 	1.014e-04 	1.149e-08 	3.476e-04 	1.576e-12 	1.484e-11 
0.25125 	3.91556 	7.690e-05 	6.769e-05 	7.687e-05 	2.741e-08 	3.486e-04 	5.268e-12 	3.316e-11 
0.27135 	4.22880 	5.264e-05 	9.234e-05 	5.260e-05 	6.257e-08 	3.496e-04 	1.944e-11 	8.031e-11 
0.29145 	4.54204 	3.270e-05 	1.126e-04 	3.266e-05 	1.368e-07 	3.503e-04 	7.754e-11 	2.045e-10 
0.31155 	4.85529 	1.845e-05 	1.269e-04 	1.841e-05 	2.885e-07 	3.508e-04 	3.157e-10 	5.267e-10 
0.33165 	5.16853 	9.468e-06 	1.357e-04 	9.431e-06 	5.939e-07 	3.508e-04 	1.206e-09 	1.305e-09 
0.35175 	5.48178 	4.521e-06 	1.401e-04 	4.487e-06 	1.233e-06 	3.504e-04 	3.930e-09 	2.938e-09 
0.37185 	5.79502 	2.160e-06 	1.410e-04 	2.131e-06 	2.743e-06 	3.489e-04 	1.028e-08 	5.864e-09 
0.39195 	6.10827 	1.164e-06 	1.381e-04 	1.141e-06 	6.678e-06 	3.448e-04 	2.157e-08 	1.059e-08 
0.41205 	6.42151 	7.582e-07 	1.285e-04 	7.414e-07 	1.664e-05 	3.345e-04 	3.807e-08 	1.799e-08 
0.43215 	6.73476 	5.596e-07 	1.074e-04 	5.465e-07 	3.796e-05 	3.127e-04 	6.087e-08 	2.937e-08 
0.45225 	7.04800 	4.216e-07 	7.431e-05 	4.106e-07 	7.121e-05 	2.787e-04 	9.701e-08 	4.630e-08 
0.47235 	7.36124 	3.153e-07 	4.081e-05 	3.053e-07 	1.048e-04 	2.439e-04 	1.667e-07 	7.148e-08 
0.49245 	7.67449 	2.423e-07 	1.904e-05 	2.324e-07 	1.267e-04 	2.201e-04 	3.071e-07 	1.103e-07 
0.51255 	7.98773 	1.917e-07 	8.612e-06 	1.815e-07 	1.372e-04 	2.066e-04 	5.648e-07 	1.706e-07 
0.53265 	8.30098 	1.522e-07 	4.136e-06 	1.410e-07 	1.417e-04 	1.975e-04 	9.917e-07 	2.608e-07 
0.55275 	8.61422 	1.203e-07 	2.178e-06 	1.075e-07 	1.437e-04 	1.889e-04 	1.651e-06 	3.880e-07 
0.57285 	8.92747 	9.577e-08 	1.259e-06 	8.087e-08 	1.446e-04 	1.792e-04 	2.616e-06 	5.515e-07 
0.59295 	9.24071 	7.823e-08 	7.897e-07 	6.090e-08 	1.451e-04 	1.684e-04 	3.964e-06 	7.357e-07 
0.61305 	9.55396 	6.626e-08 	5.288e-07 	4.649e-08 	1.454e-04 	1.572e-04 	5.761e-06 	9.122e-07 
0.63315 	9.86720 	5.821e-08 	3.740e-07 	3.623e-08 	1.455e-04 	1.466e-04 	8.031e-06 	1.054e-06 
0.65325 	10.18044 	5.283e-08 	2.788e-07 	2.898e-08 	1.456e-04 	1.372e-04 	1.070e-05 	1.149e-06 
0.67335 	10.49369 	4.931e-08 	2.197e-07 	2.398e-08 	1.457e-04 	1.294e-04 	1.352e-05 	1.200e-06 
0.69345 	10.80693 	4.707e-08 	1.835e-07 	2.067e-08 	1.457e-04 	1.232e-04 	1.615e-05 	1.222e-06 
0.71355 	11.12018 	4.570e-08 	1.618e-07 	1.856e-08 	1.458e-04 	1.186e-04 	1.830e-05 	1.228e-06 
0.73365 	11.43342 	4.488e-08 	1.490e-07 	1.728e-08 	1.458e-04 	1.155e-04 	1.985e-05 	1.228e-06 
0.75375 	11.74667 	4.440e-08 	1.416e-07 	1.652e-08 	1.458e-04 	1.135e-04 	2.089e-05 	1.226e-06 
0.77385 	12.05991 	4.412e-08 	1.372e-07 	1.608e-08 	1.458e-04 	1.123e-04 	2.153e-05 	1.224e-06 
0.79395 	12.37315 	4.397e-08 	1.348e-07 	1.582e-08 	1.458e-04 	1.115e-04 	2.192e-05 	1.223e-06 
0.81405 	12.68640 	4.388e-08 	1.333e-07 	1.567e-08 	1.458e-04 	1.111e-04 	2.215e-05 	1.222e-06 
0.83415 	12.99964 	4.382e-08 	1.325e-07 	1.559e-08 	1.458e-04 	1.109e-04 	2.228e-05 	1.222e-06 
0.85425 	13.31289 	4.379e-08 	1.320e-07 	1.554e-08 	1.458e-04 	1.107e-04 	2.236e-05 	1.221e-06 
0.87435 	13.62613 	4.378e-08 	1.317e-07 	1.551e-08 	1.458e-04 	1.106e-04 	2.240e-05 	1.221e-06 
0.89445 	13.93938 	4.377e-08 	1.316e-07 	1.549e-08 	1.458e-04 	1.106e-04 	2.243e-05 	1.221e-06 
0.91455 	14.25262 	4.376e-08 	1.315e-07 	1.548e-08 	1.458e-04 	1.106e-04 	2.244e-05 	1.221e-06 
0.93465 	14.56587 	4.376e-08 	1.314e-07 	1.548e-08 	1.458e-04 	1.105e-04 	2.245e-05 	1.221e-06 
0.95475 	14.87911 	4.376e-08 	1.314e-07 	1.548e-08 	1.458e-04 	1.105e-04 	2.246e-05 	1.221e-06 
0.97485 	15.19235 	4.376e-08 	1.314e-07 	1.547e-08 	1.458e-04 	1.105e-04 	2.246e-05 	1.221e-06 
0.99495 	15.50560 	4.375e-08 	1.314e-07 	1.547e-08 	1.458e-04 	1.105e-04 	2.246e-05 	1.221e-06 
1.01505 	15.81884 	4.375e-08 	1.314e-07 	1.547e-08 	1.458e-04 	1.105e-04 	2.246e-05 	1.221e-06 
1.03515 	16.13209 	4.375e-08 	1.314e-07 	1.547e-08 	1.458e-04 	1.105e-04 	2.246e-05 	1.221e-06 
1.05525 	16.44533 	4.375e-08 	1.314e-07 	1.547e-08 	1.458e-04 	1.105e-04 	2.246e-05 	1.221e-06 
1.07535 	16.75858 	4.375e-08 	1.314e-07 	1.547e-08 	1.458e-04 	1.105e-04 	2.246e-05 	1.221e-06 
1.09545 	17.07182 	4.375e-08 	1.314e-07 	1.547e-08 	1.458e-04 	1.105e-04 	2.246e-05 	1.221e-06 
1.11555 	17.38507 	4.375e-08 	1.314e-07 	1.547e-08 	1.458e-04 	1.105e-04 	2.246e-05 	1.221e-06 
1.13565 	17.69831 	4.375e-08 	1.314e-07 	1.547e-08 	1.458e-04 	1.105e-04 	2.246e-05 	1.221e-06 
1.15575 	18.01155 	4.375e-08 	1.314e-07 	1.547e-08 	1.458e-04 	1.105e-04 	2.246e-05 	1.221e-06 
1.17585 	18.32480 	4.375e-08 	1.314e-07 	1.547e-08 	1.458e-04 	1.105e-04 	2.246e-05 	1.221e-06 
1.19595 	18.63804 	4.375e-08 	1.314e-07 	1.547e-08 	1.458e-04 	1.105e-04 	2.246e-05 	1.221e-06 
1.21605 	18.95129 	4.375e-08 	1.314e-07 	1.547e-08 	1.458e-04 	1.105e-04 	2.246e-05 	1.221e-06 
1.23615 	19.26453 	4.375e-08 	1.314e-07 	1.547e-08 	1.458e-04 	1.105e-04 	2.246e-05 	1.221e-06 
1.25625 	19.57778 	4.375e-08 	1.314e-07 	1.547e-08 	1.458e-04 	1.105e-04 	2.246e-05 	1.221e-06 
1.27635 	19.89102 	4.375e-08 	1.314e-07 	1.547e-08 	1.458e-04 	1.105e-04 	2.246e-05 	1.221e-06 
1.29645 	20.20427 	4.375e-08 	1.314e-07 	1.547e-08 	1.458e-04 	1.105e-04 	2.246e-05 	1.221e-06 
1.31655 	20.51751 	4.375e-08 	1.314e-07 	1.547e-08 	1.458e-04 	1.105e-04 	2.246e-05 	1.221e-06 
1.33665 	20.83075 	4.375e-08 	1.314e-07 	1.547e-08 	1.458e-04 	1.105e-04 	2.246e-05 	1.221e-06 
1.35675 	21.14400 	4.375e-08 	1.314e-07 	1.547e-08 	1.458e-04 	1.105e-04 	2.246e-05 	1.221e-06 
1.37685 	21.45724 	4.375e-08 	1.314e-07 	1.547e-08 	1.458e-04 	1.105e-04 	2.246e-05 	1.221e-06 
1.39695 	21.77049 	4.375e-08 	1.314e-07 	1.547e-08 	1.458e-04 	1.105e-04 	2.246e-05 	1.221e-06 
1.41705 	22.08373 	4.375e-08 	1.314e-07 	1.547e-08 	1.458e-04 	1.105e-04 	2.246e-05 	1.221e-06 
1.43715 	22.39698 	4.375e-08 	1.314e-07 	1.547e-08 	1.458e-04 	1.105e-04 	2.246e-05 	1.221e-06 
1.45725 	22.71022 	4.375e-08 	1.314e-07 	1.547e-08 	1.458e-04 	1.105e-04 	2.246e-05 	1.221e-06 
1.47735 	23.02347 	4.375e-08 	1.314e-07 	1.547e-08 	1.458e-04 	1.105e-04 	2.246e-05 	1.221e-06 
1.49745 	23.33671 	4.375e-08 	1.314e-07 	1.547e-08 	1.458e-04 	1.105e-04 	2.246e-05 	1.221e-06 
1.51755 	23.64995 	4.375e-08 	1.314e-07 	1.547e-08 	1.458e-04 	1.105e-04 	2.246e-05 	1.221e-06 
1.53765 	23.96320 	4.375e-08 	1.314e-07 	1.547e-08 	1.458e-04 	1.105e-04 	2.246e-05 	1.221e-06 
1.55775 	24.27644 	4.375e-08 	1.314e-07 	1.547e-08 	1.458e-04 	1.105e-04 	2.246e-05 	1.221e-06 
1.57785 	24.58969 	4.375e-08 	1.314e-07 	1.547e-08 	1.458e-04 	1.105e-04 	2.246e-05 	1.221e-06 
1.59795 	24.90293 	4.375e-08 	1.314e-07 	1.547e-08 	1.458e-04 	1.105e-04 	2.246e-05 	1.221e-06 
1.61805 	25.21618 	4.375e-08 	1.314e-07 	1.547e-08 	1.458e-04 	1.105e-04 	2.246e-05 	1.221e-06 
1.63815 	25.52942 	4.375e-08 	1.314e-07 	1.547e-08 	1.458e-04 	1.105e-04 	2.246e-05 	1.221e-06 
1.65825 	25.84267 	4.375e-08 	1.314e-07 	1.547e-08 	1.458e-04 	1.105e-04 	2.246e-05 	1.221e-06 
1.67835 	26.15591 	4.375e-08 	1.314e-07 	1.547e-08 	1.458e-04 	1.105e-04 	2.246e-05 	1.221e-06 
1.69845 	26.46915 	4.375e-08 	1.314e-07 	1.547e-08 	1.458e-04 	1.105e-04 	2.246e-05 	1.221e-06 
1.71855 	26.78240 	4.375e-08 	1.314e-07 	1.547e-08 	1.458e-04 	1.105e-04 	2.246e-05 	1.221e-06 
1.73865 	27.09564 	4.375e-08 	1.314e-07 	1.547e-08 	1.458e-04 	1.105e-04 	2.246e-05 	1.221e-06 
1.75875 	27.40889 	4.375e-08 	1.314e-07 	1.547e-08 	1.458e-04 	1.105e-04 	2.246e-05 	1.221e-06 
1.77885 	27.72213 	4.375e-08 	1.314e-07 	1.547e-08 	1.458e-04 	1.105e-04 	2.246e-05 	1.221e-06 
1.79895 	28.03538 	4.375e-08 	1.314e-07 	1.547e-08 	1.458e-04 	1.105e-04 	2.246e-05 	1.221e-06 
1.81905 	28.34862 	4.375e-08 	1.314e-07 	1.547e-08 	1.458e-04 	1.105e-04 	2.246e-05 	1.221e-06 
1.83915 	28.66187 	4.375e-08 	1.314e-07 	1.547e-08 	1.458e-04 	1.105e-04 	2.246e-05 	1.221e-06 
1.85925 	28.97511 	4.375e-08 	1.314e-07 	1.547e-08 	1.458e-04 	1.105e-04 	2.246e-05 	1.221e-06 
1.87935 	29.28835 	4.375e-08 	1.314e-07 	1.547e-08 	1.458e-04 	1.105e-04 	2.246e-05 	1.221e-06 
1.89945 	29.60160 	4.375e-08 	1.314e-07 	1.547e-08 	1.458e-04 	1.105e-04 	2.246e-05 	1.221e-06 
1.91955 	29.91484 	4.375e-08 	1.314e-07 	1.547e-08 	1.458e-04 	1.105e-04 	2.246e-05 	1.221e-06 
1.93965 	30.22809 	4.375e-08 	1.314e-07 	1.547e-08 	1.458e-04 	1.105e-04 	2.246e-05 	1.221e-06 
1.95975 	30.54133 	4.375e-08 	1.314e-07 	1.547e-08 	1.458e-04 	1.105e-04 	2.246e-05 	1.221e-06 
1.97985 	30.85458 	4.375e-08 	1.314e-07 	1.547e-08 	1.458e-04 	1.105e-04 	2.246e-05 	1.221e-06 
1.99995 	31.16782 	4.375e-08 	1.314e-07 	1.547e-08 	1.458e-04 	1.105e-04 	2.246e-05 	1.221e-06 
