n = 8.0e+03, Tgas =  22.5, Tdust =  22.5, Go = 10000.0
pc 	Av 	e- 	C 	C+ 	CO 	O 	O2 	H2O 
0.01005 	0.12406 	1.396e-04 	1.942e-09 	1.394e-04 	2.804e-13 	3.362e-04 	7.128e-18 	1.715e-14 
0.03015 	0.37217 	1.394e-04 	4.198e-09 	1.393e-04 	6.805e-13 	3.359e-04 	1.760e-17 	2.906e-14 
0.05025 	0.62029 	1.398e-04 	9.034e-09 	1.397e-04 	1.532e-12 	3.368e-04 	4.117e-17 	4.793e-14 
0.07035 	0.86840 	1.403e-04 	1.933e-08 	1.403e-04 	3.284e-12 	3.382e-04 	9.340e-17 	7.744e-14 
0.09045 	1.11651 	1.410e-04 	4.116e-08 	1.409e-04 	6.816e-12 	3.398e-04 	2.095e-16 	1.232e-13 
0.11055 	1.36463 	1.415e-04 	8.729e-08 	1.414e-04 	1.385e-11 	3.412e-04 	4.704e-16 	1.935e-13 
0.13065 	1.61274 	1.418e-04 	1.845e-07 	1.418e-04 	2.777e-11 	3.423e-04 	1.064e-15 	3.012e-13 
0.15075 	1.86086 	1.420e-04 	3.889e-07 	1.419e-04 	5.529e-11 	3.431e-04 	2.430e-15 	4.660e-13 
0.17085 	2.10897 	1.418e-04 	8.164e-07 	1.417e-04 	1.100e-10 	3.437e-04 	5.597e-15 	7.187e-13 
0.19095 	2.35709 	1.411e-04 	1.702e-06 	1.410e-04 	2.197e-10 	3.442e-04 	1.298e-14 	1.108e-12 
0.21105 	2.60520 	1.394e-04 	3.505e-06 	1.394e-04 	4.427e-10 	3.445e-04 	3.024e-14 	1.716e-12 
0.23115 	2.85332 	1.360e-04 	7.049e-06 	1.360e-04 	9.012e-10 	3.448e-04 	7.070e-14 	2.690e-12 
0.25125 	3.10143 	1.296e-04 	1.359e-05 	1.296e-04 	1.852e-09 	3.453e-04 	1.661e-13 	4.319e-12 
0.27135 	3.34954 	1.190e-04 	2.447e-05 	1.190e-04 	3.816e-09 	3.458e-04 	3.950e-13 	7.222e-12 
0.29145 	3.59766 	1.036e-04 	4.015e-05 	1.036e-04 	7.811e-09 	3.466e-04 	9.647e-13 	1.276e-11 
0.31155 	3.84577 	8.483e-05 	5.932e-05 	8.479e-05 	1.571e-08 	3.475e-04 	2.469e-12 	2.398e-11 
0.33165 	4.09389 	6.519e-05 	7.935e-05 	6.515e-05 	3.086e-08 	3.484e-04 	6.729e-12 	4.758e-11 
0.35175 	4.34200 	4.717e-05 	9.772e-05 	4.712e-05 	5.911e-08 	3.493e-04 	1.953e-11 	9.837e-11 
0.37185 	4.59012 	3.222e-05 	1.129e-04 	3.217e-05 	1.106e-07 	3.500e-04 	5.939e-11 	2.084e-10 
0.39195 	4.83823 	2.078e-05 	1.245e-04 	2.074e-05 	2.027e-07 	3.505e-04 	1.837e-10 	4.443e-10 
0.41205 	5.08635 	1.266e-05 	1.327e-04 	1.261e-05 	3.655e-07 	3.508e-04 	5.567e-10 	9.316e-10 
0.43215 	5.33446 	7.322e-06 	1.378e-04 	7.274e-06 	6.541e-07 	3.507e-04 	1.579e-09 	1.868e-09 
0.45225 	5.58257 	4.106e-06 	1.406e-04 	4.059e-06 	1.186e-06 	3.503e-04 	4.010e-09 	3.495e-09 
0.47235 	5.83069 	2.337e-06 	1.413e-04 	2.295e-06 	2.250e-06 	3.492e-04 	8.887e-09 	6.053e-09 
0.49245 	6.07880 	1.439e-06 	1.399e-04 	1.405e-06 	4.520e-06 	3.467e-04 	1.714e-08 	9.800e-09 
0.51255 	6.32692 	1.004e-06 	1.354e-04 	9.782e-07 	9.396e-06 	3.413e-04 	2.921e-08 	1.513e-08 
0.53265 	6.57503 	7.809e-07 	1.256e-04 	7.610e-07 	1.933e-05 	3.301e-04 	4.528e-08 	2.265e-08 
0.55275 	6.82315 	6.370e-07 	1.079e-04 	6.211e-07 	3.701e-05 	3.095e-04 	6.627e-08 	3.312e-08 
0.57285 	7.07126 	5.195e-07 	8.286e-05 	5.062e-07 	6.197e-05 	2.780e-04 	9.528e-08 	4.718e-08 
0.59295 	7.31937 	4.224e-07 	5.697e-05 	4.106e-07 	8.772e-05 	2.382e-04 	1.364e-07 	6.493e-08 
0.61305 	7.56749 	3.569e-07 	3.859e-05 	3.458e-07 	1.060e-04 	1.921e-04 	1.827e-07 	8.431e-08 
0.63315 	7.81560 	3.325e-07 	3.177e-05 	3.217e-07 	1.128e-04 	1.393e-04 	1.926e-07 	9.746e-08 
0.65325 	8.06372 	3.578e-07 	3.887e-05 	3.471e-07 	1.057e-04 	9.067e-05 	1.288e-07 	9.481e-08 
0.67335 	8.31183 	4.287e-07 	6.095e-05 	4.180e-07 	8.379e-05 	5.877e-05 	5.843e-08 	8.030e-08 
0.69345 	8.55995 	5.155e-07 	8.957e-05 	5.042e-07 	5.534e-05 	3.971e-05 	2.482e-08 	6.290e-08 
0.71355 	8.80806 	5.861e-07 	1.147e-04 	5.729e-07 	3.035e-05 	2.702e-05 	1.120e-08 	4.716e-08 
0.73365 	9.05618 	6.159e-07 	1.307e-04 	5.990e-07 	1.439e-05 	1.768e-05 	5.273e-09 	3.466e-08 
0.75375 	9.30429 	6.103e-07 	1.376e-04 	5.890e-07 	7.585e-06 	1.130e-05 	2.567e-09 	2.559e-08 
0.77385 	9.55240 	6.006e-07 	1.399e-04 	5.766e-07 	5.252e-06 	7.696e-06 	1.373e-09 	1.953e-08 
0.79395 	9.80052 	5.989e-07 	1.405e-04 	5.742e-07 	4.633e-06 	5.794e-06 	8.443e-10 	1.568e-08 
0.81405 	10.04863 	6.060e-07 	1.401e-04 	5.824e-07 	4.991e-06 	4.810e-06 	6.024e-10 	1.327e-08 
0.83415 	10.29675 	6.205e-07 	1.385e-04 	5.993e-07 	6.421e-06 	4.329e-06 	4.911e-10 	1.176e-08 
0.85425 	10.54486 	6.377e-07 	1.351e-04 	6.199e-07 	9.692e-06 	4.107e-06 	4.440e-10 	1.078e-08 
0.87435 	10.79298 	6.466e-07 	1.285e-04 	6.321e-07 	1.606e-05 	3.938e-06 	4.261e-10 	1.011e-08 
0.89445 	11.04109 	6.386e-07 	1.190e-04 	6.264e-07 	2.540e-05 	3.670e-06 	4.118e-10 	9.568e-09 
0.91455 	11.28921 	6.184e-07 	1.079e-04 	6.074e-07 	3.621e-05 	3.333e-06 	3.965e-10 	9.081e-09 
0.93465 	11.53732 	5.925e-07 	9.654e-05 	5.822e-07 	4.735e-05 	2.991e-06 	3.832e-10 	8.646e-09 
0.95475 	11.78543 	5.648e-07 	8.542e-05 	5.549e-07 	5.819e-05 	2.674e-06 	3.738e-10 	8.259e-09 
0.97485 	12.03355 	5.372e-07 	7.491e-05 	5.276e-07 	6.843e-05 	2.394e-06 	3.688e-10 	7.915e-09 
0.99495 	12.28166 	5.110e-07 	6.516e-05 	5.014e-07 	7.788e-05 	2.151e-06 	3.687e-10 	7.610e-09 
1.01505 	12.52978 	4.867e-07 	5.630e-05 	4.771e-07 	8.644e-05 	1.944e-06 	3.735e-10 	7.343e-09 
1.03515 	12.77789 	4.646e-07 	4.837e-05 	4.551e-07 	9.407e-05 	1.771e-06 	3.835e-10 	7.111e-09 
1.05525 	13.02601 	4.450e-07 	4.138e-05 	4.354e-07 	1.008e-04 	1.626e-06 	3.986e-10 	6.912e-09 
1.07535 	13.27412 	4.279e-07 	3.532e-05 	4.182e-07 	1.065e-04 	1.507e-06 	4.187e-10 	6.744e-09 
1.09545 	13.52223 	4.132e-07 	3.016e-05 	4.035e-07 	1.114e-04 	1.410e-06 	4.433e-10 	6.604e-09 
1.11555 	13.77035 	4.008e-07 	2.584e-05 	3.911e-07 	1.155e-04 	1.333e-06 	4.715e-10 	6.489e-09 
1.13565 	14.01846 	3.906e-07 	2.228e-05 	3.808e-07 	1.189e-04 	1.270e-06 	5.021e-10 	6.396e-09 
1.15575 	14.26658 	3.824e-07 	1.940e-05 	3.725e-07 	1.216e-04 	1.221e-06 	5.337e-10 	6.321e-09 
1.17585 	14.51469 	3.757e-07 	1.710e-05 	3.658e-07 	1.237e-04 	1.183e-06 	5.648e-10 	6.262e-09 
1.19595 	14.76281 	3.705e-07 	1.529e-05 	3.606e-07 	1.254e-04 	1.153e-06 	5.940e-10 	6.215e-09 
1.21605 	15.01092 	3.664e-07 	1.388e-05 	3.565e-07 	1.267e-04 	1.130e-06 	6.204e-10 	6.179e-09 
1.23615 	15.25904 	3.633e-07 	1.280e-05 	3.533e-07 	1.277e-04 	1.112e-06 	6.434e-10 	6.152e-09 
1.25625 	15.50715 	3.609e-07 	1.197e-05 	3.509e-07 	1.285e-04 	1.099e-06 	6.627e-10 	6.131e-09 
1.27635 	15.75526 	3.591e-07 	1.134e-05 	3.491e-07 	1.291e-04 	1.089e-06 	6.786e-10 	6.115e-09 
1.29645 	16.00338 	3.577e-07 	1.086e-05 	3.477e-07 	1.295e-04 	1.081e-06 	6.913e-10 	6.102e-09 
1.31655 	16.25149 	3.566e-07 	1.050e-05 	3.466e-07 	1.298e-04 	1.076e-06 	7.014e-10 	6.093e-09 
1.33665 	16.49961 	3.559e-07 	1.023e-05 	3.458e-07 	1.301e-04 	1.071e-06 	7.091e-10 	6.087e-09 
1.35675 	16.74772 	3.553e-07 	1.003e-05 	3.452e-07 	1.303e-04 	1.068e-06 	7.151e-10 	6.081e-09 
1.37685 	16.99584 	3.548e-07 	9.884e-06 	3.448e-07 	1.304e-04 	1.066e-06 	7.197e-10 	6.078e-09 
1.39695 	17.24395 	3.545e-07 	9.772e-06 	3.445e-07 	1.305e-04 	1.064e-06 	7.232e-10 	6.075e-09 
1.41705 	17.49207 	3.543e-07 	9.689e-06 	3.442e-07 	1.306e-04 	1.063e-06 	7.258e-10 	6.073e-09 
1.43715 	17.74018 	3.541e-07 	9.627e-06 	3.441e-07 	1.306e-04 	1.062e-06 	7.277e-10 	6.071e-09 
1.45725 	17.98829 	3.540e-07 	9.581e-06 	3.439e-07 	1.307e-04 	1.061e-06 	7.292e-10 	6.070e-09 
1.47735 	18.23641 	3.539e-07 	9.547e-06 	3.438e-07 	1.307e-04 	1.060e-06 	7.303e-10 	6.069e-09 
1.49745 	18.48452 	3.538e-07 	9.522e-06 	3.437e-07 	1.307e-04 	1.060e-06 	7.311e-10 	6.068e-09 
1.51755 	18.73264 	3.537e-07 	9.503e-06 	3.437e-07 	1.308e-04 	1.060e-06 	7.317e-10 	6.068e-09 
1.53765 	18.98075 	3.537e-07 	9.489e-06 	3.436e-07 	1.308e-04 	1.059e-06 	7.321e-10 	6.068e-09 
1.55775 	19.22887 	3.537e-07 	9.478e-06 	3.436e-07 	1.308e-04 	1.059e-06 	7.325e-10 	6.067e-09 
1.57785 	19.47698 	3.536e-07 	9.470e-06 	3.436e-07 	1.308e-04 	1.059e-06 	7.327e-10 	6.067e-09 
1.59795 	19.72509 	3.536e-07 	9.465e-06 	3.436e-07 	1.308e-04 	1.059e-06 	7.329e-10 	6.067e-09 
1.61805 	19.97321 	3.536e-07 	9.460e-06 	3.436e-07 	1.308e-04 	1.059e-06 	7.331e-10 	6.067e-09 
1.63815 	20.22132 	3.536e-07 	9.457e-06 	3.436e-07 	1.308e-04 	1.059e-06 	7.332e-10 	6.067e-09 
1.65825 	20.46944 	3.536e-07 	9.455e-06 	3.435e-07 	1.308e-04 	1.059e-06 	7.332e-10 	6.067e-09 
1.67835 	20.71755 	3.536e-07 	9.453e-06 	3.435e-07 	1.308e-04 	1.059e-06 	7.333e-10 	6.067e-09 
1.69845 	20.96567 	3.536e-07 	9.452e-06 	3.435e-07 	1.308e-04 	1.059e-06 	7.333e-10 	6.067e-09 
1.71855 	21.21378 	3.536e-07 	9.451e-06 	3.435e-07 	1.308e-04 	1.059e-06 	7.334e-10 	6.067e-09 
1.73865 	21.46190 	3.536e-07 	9.450e-06 	3.435e-07 	1.308e-04 	1.059e-06 	7.334e-10 	6.067e-09 
1.75875 	21.71001 	3.536e-07 	9.450e-06 	3.435e-07 	1.308e-04 	1.059e-06 	7.334e-10 	6.067e-09 
1.77885 	21.95812 	3.536e-07 	9.449e-06 	3.435e-07 	1.308e-04 	1.059e-06 	7.334e-10 	6.067e-09 
1.79895 	22.20624 	3.536e-07 	9.449e-06 	3.435e-07 	1.308e-04 	1.059e-06 	7.334e-10 	6.067e-09 
1.81905 	22.45435 	3.536e-07 	9.449e-06 	3.435e-07 	1.308e-04 	1.059e-06 	7.334e-10 	6.067e-09 
1.83915 	22.70247 	3.536e-07 	9.449e-06 	3.435e-07 	1.308e-04 	1.059e-06 	7.334e-10 	6.067e-09 
1.85925 	22.95058 	3.536e-07 	9.448e-06 	3.435e-07 	1.308e-04 	1.059e-06 	7.334e-10 	6.067e-09 
1.87935 	23.19870 	3.536e-07 	9.448e-06 	3.435e-07 	1.308e-04 	1.059e-06 	7.334e-10 	6.067e-09 
1.89945 	23.44681 	3.536e-07 	9.448e-06 	3.435e-07 	1.308e-04 	1.059e-06 	7.334e-10 	6.067e-09 
1.91955 	23.69493 	3.536e-07 	9.448e-06 	3.435e-07 	1.308e-04 	1.059e-06 	7.334e-10 	6.067e-09 
1.93965 	23.94304 	3.536e-07 	9.448e-06 	3.435e-07 	1.308e-04 	1.059e-06 	7.334e-10 	6.067e-09 
1.95975 	24.19115 	3.536e-07 	9.448e-06 	3.435e-07 	1.308e-04 	1.059e-06 	7.334e-10 	6.067e-09 
1.97985 	24.43927 	3.536e-07 	9.448e-06 	3.435e-07 	1.308e-04 	1.059e-06 	7.334e-10 	6.067e-09 
1.99995 	24.68738 	3.536e-07 	9.448e-06 	3.435e-07 	1.308e-04 	1.059e-06 	7.334e-10 	6.067e-09 
