n = 8.0e+03, Tgas =  25.0, Tdust =  25.0, Go = 10000.0
pc 	Av 	e- 	C 	C+ 	CO 	O 	O2 	H2O 
0.01005 	0.12406 	1.399e-04 	1.831e-09 	1.397e-04 	2.859e-13 	3.368e-04 	7.496e-18 	1.866e-14 
0.03015 	0.37217 	1.397e-04 	3.964e-09 	1.396e-04 	6.993e-13 	3.365e-04 	1.853e-17 	3.122e-14 
0.05025 	0.62029 	1.400e-04 	8.540e-09 	1.399e-04 	1.582e-12 	3.373e-04 	4.343e-17 	5.107e-14 
0.07035 	0.86840 	1.406e-04 	1.829e-08 	1.405e-04 	3.399e-12 	3.387e-04 	9.872e-17 	8.208e-14 
0.09045 	1.11651 	1.412e-04 	3.896e-08 	1.411e-04 	7.060e-12 	3.402e-04 	2.218e-16 	1.301e-13 
0.11055 	1.36463 	1.417e-04 	8.265e-08 	1.416e-04 	1.434e-11 	3.416e-04 	4.986e-16 	2.039e-13 
0.13065 	1.61274 	1.420e-04 	1.748e-07 	1.420e-04 	2.873e-11 	3.427e-04 	1.129e-15 	3.170e-13 
0.15075 	1.86086 	1.422e-04 	3.684e-07 	1.421e-04 	5.713e-11 	3.435e-04 	2.581e-15 	4.899e-13 
0.17085 	2.10897 	1.420e-04 	7.736e-07 	1.420e-04 	1.135e-10 	3.441e-04 	5.950e-15 	7.548e-13 
0.19095 	2.35709 	1.414e-04 	1.614e-06 	1.413e-04 	2.263e-10 	3.446e-04 	1.381e-14 	1.163e-12 
0.21105 	2.60520 	1.398e-04 	3.327e-06 	1.397e-04 	4.548e-10 	3.449e-04 	3.220e-14 	1.798e-12 
0.23115 	2.85332 	1.365e-04 	6.708e-06 	1.365e-04 	9.237e-10 	3.453e-04 	7.536e-14 	2.811e-12 
0.25125 	3.10143 	1.304e-04 	1.298e-05 	1.304e-04 	1.894e-09 	3.456e-04 	1.774e-13 	4.498e-12 
0.27135 	3.34954 	1.201e-04 	2.353e-05 	1.200e-04 	3.896e-09 	3.462e-04 	4.229e-13 	7.479e-12 
0.29145 	3.59766 	1.050e-04 	3.892e-05 	1.049e-04 	7.967e-09 	3.469e-04 	1.036e-12 	1.313e-11 
0.31155 	3.84577 	8.628e-05 	5.797e-05 	8.624e-05 	1.602e-08 	3.477e-04 	2.662e-12 	2.449e-11 
0.33165 	4.09389 	6.652e-05 	7.809e-05 	6.648e-05 	3.148e-08 	3.486e-04 	7.271e-12 	4.830e-11 
0.35175 	4.34200 	4.824e-05 	9.670e-05 	4.820e-05 	6.030e-08 	3.494e-04 	2.112e-11 	9.939e-11 
0.37185 	4.59012 	3.300e-05 	1.122e-04 	3.295e-05 	1.128e-07 	3.501e-04 	6.414e-11 	2.099e-10 
0.39195 	4.83823 	2.130e-05 	1.240e-04 	2.125e-05 	2.069e-07 	3.506e-04 	1.979e-10 	4.464e-10 
0.41205 	5.08635 	1.297e-05 	1.324e-04 	1.292e-05 	3.732e-07 	3.508e-04 	5.975e-10 	9.346e-10 
0.43215 	5.33446 	7.493e-06 	1.376e-04 	7.446e-06 	6.682e-07 	3.507e-04 	1.685e-09 	1.872e-09 
0.45225 	5.58257 	4.198e-06 	1.405e-04 	4.152e-06 	1.214e-06 	3.503e-04 	4.250e-09 	3.498e-09 
0.47235 	5.83069 	2.387e-06 	1.412e-04 	2.347e-06 	2.307e-06 	3.492e-04 	9.341e-09 	6.050e-09 
0.49245 	6.07880 	1.470e-06 	1.398e-04 	1.437e-06 	4.640e-06 	3.467e-04 	1.786e-08 	9.785e-09 
0.51255 	6.32692 	1.026e-06 	1.352e-04 	1.000e-06 	9.646e-06 	3.411e-04 	3.019e-08 	1.509e-08 
0.53265 	6.57503 	7.966e-07 	1.253e-04 	7.770e-07 	1.980e-05 	3.297e-04 	4.648e-08 	2.257e-08 
0.55275 	6.82315 	6.491e-07 	1.075e-04 	6.335e-07 	3.775e-05 	3.089e-04 	6.763e-08 	3.295e-08 
0.57285 	7.07126 	5.293e-07 	8.249e-05 	5.161e-07 	6.289e-05 	2.771e-04 	9.670e-08 	4.682e-08 
0.59295 	7.31937 	4.309e-07 	5.683e-05 	4.190e-07 	8.866e-05 	2.370e-04 	1.375e-07 	6.420e-08 
0.61305 	7.56749 	3.652e-07 	3.876e-05 	3.540e-07 	1.068e-04 	1.904e-04 	1.822e-07 	8.286e-08 
0.63315 	7.81560 	3.419e-07 	3.230e-05 	3.309e-07 	1.133e-04 	1.373e-04 	1.891e-07 	9.489e-08 
0.65325 	8.06372 	3.696e-07 	3.985e-05 	3.588e-07 	1.057e-04 	8.920e-05 	1.250e-07 	9.142e-08 
0.67335 	8.31183 	4.426e-07 	6.206e-05 	4.318e-07 	8.344e-05 	5.795e-05 	5.708e-08 	7.692e-08 
0.69345 	8.55995 	5.305e-07 	9.038e-05 	5.191e-07 	5.503e-05 	3.925e-05 	2.464e-08 	6.001e-08 
0.71355 	8.80806 	6.011e-07 	1.151e-04 	5.879e-07 	3.023e-05 	2.676e-05 	1.131e-08 	4.488e-08 
0.73365 	9.05618 	6.304e-07 	1.308e-04 	6.135e-07 	1.445e-05 	1.757e-05 	5.424e-09 	3.295e-08 
0.75375 	9.30429 	6.245e-07 	1.375e-04 	6.033e-07 	7.697e-06 	1.130e-05 	2.693e-09 	2.432e-08 
0.77385 	9.55240 	6.147e-07 	1.398e-04 	5.908e-07 	5.364e-06 	7.733e-06 	1.464e-09 	1.857e-08 
0.79395 	9.80052 	6.130e-07 	1.404e-04 	5.885e-07 	4.750e-06 	5.841e-06 	9.109e-10 	1.492e-08 
0.81405 	10.04863 	6.203e-07 	1.400e-04 	5.969e-07 	5.133e-06 	4.858e-06 	6.545e-10 	1.264e-08 
0.83415 	10.29675 	6.351e-07 	1.384e-04 	6.142e-07 	6.624e-06 	4.374e-06 	5.354e-10 	1.120e-08 
0.85425 	10.54486 	6.525e-07 	1.348e-04 	6.349e-07 	1.002e-05 	4.146e-06 	4.843e-10 	1.027e-08 
0.87435 	10.79298 	6.608e-07 	1.282e-04 	6.464e-07 	1.656e-05 	3.967e-06 	4.640e-10 	9.629e-09 
0.89445 	11.04109 	6.520e-07 	1.185e-04 	6.397e-07 	2.606e-05 	3.691e-06 	4.481e-10 	9.108e-09 
0.91455 	11.28921 	6.309e-07 	1.075e-04 	6.199e-07 	3.699e-05 	3.352e-06 	4.319e-10 	8.644e-09 
0.93465 	11.53732 	6.043e-07 	9.609e-05 	5.940e-07 	4.823e-05 	3.009e-06 	4.183e-10 	8.230e-09 
0.95475 	11.78543 	5.759e-07 	8.499e-05 	5.660e-07 	5.916e-05 	2.694e-06 	4.090e-10 	7.862e-09 
0.97485 	12.03355 	5.478e-07 	7.449e-05 	5.380e-07 	6.947e-05 	2.414e-06 	4.047e-10 	7.535e-09 
0.99495 	12.28166 	5.210e-07 	6.478e-05 	5.114e-07 	7.898e-05 	2.172e-06 	4.057e-10 	7.245e-09 
1.01505 	12.52978 	4.963e-07 	5.596e-05 	4.866e-07 	8.759e-05 	1.966e-06 	4.122e-10 	6.992e-09 
1.03515 	12.77789 	4.738e-07 	4.806e-05 	4.642e-07 	9.526e-05 	1.793e-06 	4.243e-10 	6.772e-09 
1.05525 	13.02601 	4.539e-07 	4.111e-05 	4.442e-07 	1.020e-04 	1.649e-06 	4.420e-10 	6.583e-09 
1.07535 	13.27412 	4.365e-07 	3.510e-05 	4.268e-07 	1.078e-04 	1.530e-06 	4.652e-10 	6.425e-09 
1.09545 	13.52223 	4.217e-07 	2.998e-05 	4.118e-07 	1.127e-04 	1.434e-06 	4.934e-10 	6.292e-09 
1.11555 	13.77035 	4.092e-07 	2.571e-05 	3.993e-07 	1.168e-04 	1.356e-06 	5.254e-10 	6.184e-09 
1.13565 	14.01846 	3.989e-07 	2.219e-05 	3.889e-07 	1.201e-04 	1.295e-06 	5.600e-10 	6.096e-09 
1.15575 	14.26658 	3.905e-07 	1.935e-05 	3.805e-07 	1.228e-04 	1.246e-06 	5.956e-10 	6.025e-09 
1.17585 	14.51469 	3.838e-07 	1.708e-05 	3.738e-07 	1.249e-04 	1.208e-06 	6.304e-10 	5.969e-09 
1.19595 	14.76281 	3.786e-07 	1.529e-05 	3.685e-07 	1.266e-04 	1.178e-06 	6.631e-10 	5.926e-09 
1.21605 	15.01092 	3.745e-07 	1.391e-05 	3.644e-07 	1.279e-04 	1.155e-06 	6.925e-10 	5.892e-09 
1.23615 	15.25904 	3.713e-07 	1.284e-05 	3.612e-07 	1.289e-04 	1.138e-06 	7.180e-10 	5.866e-09 
1.25625 	15.50715 	3.689e-07 	1.203e-05 	3.587e-07 	1.297e-04 	1.124e-06 	7.394e-10 	5.846e-09 
1.27635 	15.75526 	3.671e-07 	1.141e-05 	3.569e-07 	1.303e-04 	1.114e-06 	7.569e-10 	5.831e-09 
1.29645 	16.00338 	3.657e-07 	1.094e-05 	3.555e-07 	1.307e-04 	1.107e-06 	7.710e-10 	5.819e-09 
1.31655 	16.25149 	3.647e-07 	1.059e-05 	3.545e-07 	1.310e-04 	1.101e-06 	7.821e-10 	5.811e-09 
1.33665 	16.49961 	3.639e-07 	1.033e-05 	3.537e-07 	1.313e-04 	1.097e-06 	7.907e-10 	5.805e-09 
1.35675 	16.74772 	3.633e-07 	1.013e-05 	3.531e-07 	1.315e-04 	1.094e-06 	7.972e-10 	5.800e-09 
1.37685 	16.99584 	3.629e-07 	9.982e-06 	3.526e-07 	1.316e-04 	1.092e-06 	8.023e-10 	5.796e-09 
1.39695 	17.24395 	3.625e-07 	9.872e-06 	3.523e-07 	1.317e-04 	1.090e-06 	8.061e-10 	5.794e-09 
1.41705 	17.49207 	3.623e-07 	9.790e-06 	3.521e-07 	1.318e-04 	1.088e-06 	8.089e-10 	5.792e-09 
1.43715 	17.74018 	3.621e-07 	9.730e-06 	3.519e-07 	1.318e-04 	1.087e-06 	8.111e-10 	5.790e-09 
1.45725 	17.98829 	3.620e-07 	9.685e-06 	3.518e-07 	1.319e-04 	1.087e-06 	8.127e-10 	5.789e-09 
1.47735 	18.23641 	3.619e-07 	9.651e-06 	3.517e-07 	1.319e-04 	1.086e-06 	8.139e-10 	5.788e-09 
1.49745 	18.48452 	3.618e-07 	9.626e-06 	3.516e-07 	1.319e-04 	1.086e-06 	8.148e-10 	5.788e-09 
1.51755 	18.73264 	3.618e-07 	9.607e-06 	3.515e-07 	1.320e-04 	1.086e-06 	8.155e-10 	5.787e-09 
1.53765 	18.98075 	3.617e-07 	9.594e-06 	3.515e-07 	1.320e-04 	1.085e-06 	8.160e-10 	5.787e-09 
1.55775 	19.22887 	3.617e-07 	9.583e-06 	3.514e-07 	1.320e-04 	1.085e-06 	8.163e-10 	5.787e-09 
1.57785 	19.47698 	3.617e-07 	9.576e-06 	3.514e-07 	1.320e-04 	1.085e-06 	8.166e-10 	5.786e-09 
1.59795 	19.72509 	3.617e-07 	9.570e-06 	3.514e-07 	1.320e-04 	1.085e-06 	8.168e-10 	5.786e-09 
1.61805 	19.97321 	3.616e-07 	9.566e-06 	3.514e-07 	1.320e-04 	1.085e-06 	8.170e-10 	5.786e-09 
1.63815 	20.22132 	3.616e-07 	9.563e-06 	3.514e-07 	1.320e-04 	1.085e-06 	8.171e-10 	5.786e-09 
1.65825 	20.46944 	3.616e-07 	9.561e-06 	3.514e-07 	1.320e-04 	1.085e-06 	8.171e-10 	5.786e-09 
1.67835 	20.71755 	3.616e-07 	9.559e-06 	3.514e-07 	1.320e-04 	1.085e-06 	8.172e-10 	5.786e-09 
1.69845 	20.96567 	3.616e-07 	9.558e-06 	3.514e-07 	1.320e-04 	1.085e-06 	8.173e-10 	5.786e-09 
1.71855 	21.21378 	3.616e-07 	9.557e-06 	3.514e-07 	1.320e-04 	1.085e-06 	8.173e-10 	5.786e-09 
1.73865 	21.46190 	3.616e-07 	9.556e-06 	3.514e-07 	1.320e-04 	1.085e-06 	8.173e-10 	5.786e-09 
1.75875 	21.71001 	3.616e-07 	9.555e-06 	3.514e-07 	1.320e-04 	1.085e-06 	8.173e-10 	5.786e-09 
1.77885 	21.95812 	3.616e-07 	9.555e-06 	3.514e-07 	1.320e-04 	1.085e-06 	8.174e-10 	5.786e-09 
1.79895 	22.20624 	3.616e-07 	9.555e-06 	3.514e-07 	1.320e-04 	1.085e-06 	8.174e-10 	5.786e-09 
1.81905 	22.45435 	3.616e-07 	9.555e-06 	3.514e-07 	1.320e-04 	1.085e-06 	8.174e-10 	5.786e-09 
1.83915 	22.70247 	3.616e-07 	9.554e-06 	3.514e-07 	1.320e-04 	1.085e-06 	8.174e-10 	5.786e-09 
1.85925 	22.95058 	3.616e-07 	9.554e-06 	3.514e-07 	1.320e-04 	1.085e-06 	8.174e-10 	5.786e-09 
1.87935 	23.19870 	3.616e-07 	9.554e-06 	3.514e-07 	1.320e-04 	1.085e-06 	8.174e-10 	5.786e-09 
1.89945 	23.44681 	3.616e-07 	9.554e-06 	3.514e-07 	1.320e-04 	1.085e-06 	8.174e-10 	5.786e-09 
1.91955 	23.69493 	3.616e-07 	9.554e-06 	3.514e-07 	1.320e-04 	1.085e-06 	8.174e-10 	5.786e-09 
1.93965 	23.94304 	3.616e-07 	9.554e-06 	3.514e-07 	1.320e-04 	1.085e-06 	8.174e-10 	5.786e-09 
1.95975 	24.19115 	3.616e-07 	9.554e-06 	3.514e-07 	1.320e-04 	1.085e-06 	8.174e-10 	5.786e-09 
1.97985 	24.43927 	3.616e-07 	9.554e-06 	3.514e-07 	1.320e-04 	1.085e-06 	8.174e-10 	5.786e-09 
1.99995 	24.68738 	3.616e-07 	9.554e-06 	3.514e-07 	1.320e-04 	1.085e-06 	8.174e-10 	5.786e-09 
