n = 1.2e+04, Tgas =  23.8, Tdust =  23.8, Go = 10000.0
pc 	Av 	e- 	C 	C+ 	CO 	O 	O2 	H2O 
0.01005 	0.18609 	1.397e-04 	3.509e-09 	1.396e-04 	6.663e-13 	3.366e-04 	1.869e-17 	2.232e-14 
0.03015 	0.55826 	1.403e-04 	1.106e-08 	1.402e-04 	2.217e-12 	3.382e-04 	6.497e-17 	4.664e-14 
0.05025 	0.93043 	1.412e-04 	3.441e-08 	1.411e-04 	6.700e-12 	3.404e-04 	2.150e-16 	9.384e-14 
0.07035 	1.30260 	1.419e-04 	1.061e-07 	1.418e-04 	1.930e-11 	3.422e-04 	7.141e-16 	1.838e-13 
0.09045 	1.67477 	1.422e-04 	3.251e-07 	1.421e-04 	5.450e-11 	3.435e-04 	2.428e-15 	3.542e-13 
0.11055 	2.04694 	1.418e-04 	9.878e-07 	1.418e-04 	1.541e-10 	3.443e-04 	8.440e-15 	6.769e-13 
0.13065 	2.41912 	1.401e-04 	2.947e-06 	1.401e-04 	4.436e-10 	3.448e-04 	2.973e-14 	1.297e-12 
0.15075 	2.79129 	1.348e-04 	8.391e-06 	1.348e-04 	1.310e-09 	3.453e-04 	1.050e-13 	2.542e-12 
0.17085 	3.16346 	1.221e-04 	2.139e-05 	1.221e-04 	3.933e-09 	3.459e-04 	3.724e-13 	5.305e-12 
0.19095 	3.53563 	9.906e-05 	4.489e-05 	9.904e-05 	1.161e-08 	3.470e-04 	1.368e-12 	1.242e-11 
0.21105 	3.90780 	6.985e-05 	7.465e-05 	6.982e-05 	3.251e-08 	3.484e-04 	5.578e-12 	3.321e-11 
0.23115 	4.27997 	4.288e-05 	1.021e-04 	4.285e-05 	8.501e-08 	3.496e-04 	2.640e-11 	9.830e-11 
0.25125 	4.65214 	2.308e-05 	1.222e-04 	2.305e-05 	2.088e-07 	3.505e-04 	1.383e-10 	3.049e-10 
0.27135 	5.02432 	1.087e-05 	1.344e-04 	1.084e-05 	4.887e-07 	3.508e-04 	7.099e-10 	9.241e-10 
0.29145 	5.39649 	4.556e-06 	1.402e-04 	4.524e-06 	1.135e-06 	3.504e-04 	3.041e-09 	2.500e-09 
0.31155 	5.76866 	1.865e-06 	1.412e-04 	1.838e-06 	2.873e-06 	3.487e-04 	9.636e-09 	5.722e-09 
0.33165 	6.14083 	8.952e-07 	1.368e-04 	8.755e-07 	8.262e-06 	3.428e-04 	2.243e-08 	1.144e-08 
0.35175 	6.51300 	5.545e-07 	1.216e-04 	5.406e-07 	2.378e-05 	3.254e-04 	4.162e-08 	2.113e-08 
0.37185 	6.88517 	3.914e-07 	8.924e-05 	3.808e-07 	5.627e-05 	2.863e-04 	6.991e-08 	3.665e-08 
0.39195 	7.25735 	2.846e-07 	5.051e-05 	2.755e-07 	9.507e-05 	2.261e-04 	1.172e-07 	5.856e-08 
0.41205 	7.62952 	2.344e-07 	2.983e-05 	2.259e-07 	1.158e-04 	1.500e-04 	1.580e-07 	7.933e-08 
0.43215 	8.00169 	2.554e-07 	3.820e-05 	2.472e-07 	1.074e-04 	7.625e-05 	8.652e-08 	7.549e-08 
0.45225 	8.37386 	3.355e-07 	7.603e-05 	3.273e-07 	6.955e-05 	3.855e-05 	2.255e-08 	5.435e-08 
0.47235 	8.74603 	4.105e-07 	1.154e-04 	4.009e-07 	3.009e-05 	2.073e-05 	6.302e-09 	3.474e-08 
0.49245 	9.11820 	4.259e-07 	1.356e-04 	4.123e-07 	9.841e-06 	1.043e-05 	1.953e-09 	2.131e-08 
0.51255 	9.49038 	4.118e-07 	1.404e-04 	3.949e-07 	4.990e-06 	5.504e-06 	6.945e-10 	1.365e-08 
0.53265 	9.86255 	4.100e-07 	1.410e-04 	3.927e-07 	4.348e-06 	3.615e-06 	3.352e-10 	9.780e-09 
0.55275 	10.23472 	4.220e-07 	1.395e-04 	4.066e-07 	5.768e-06 	2.924e-06 	2.250e-10 	7.878e-09 
0.57285 	10.60689 	4.399e-07 	1.341e-04 	4.279e-07 	1.094e-05 	2.694e-06 	1.935e-10 	6.898e-09 
0.59295 	10.97906 	4.403e-07 	1.216e-04 	4.311e-07 	2.320e-05 	2.476e-06 	1.844e-10 	6.306e-09 
0.61305 	11.35123 	4.191e-07 	1.049e-04 	4.111e-07 	3.972e-05 	2.143e-06 	1.756e-10 	5.825e-09 
0.63315 	11.72341 	3.907e-07 	8.778e-05 	3.832e-07 	5.654e-05 	1.817e-06 	1.696e-10 	5.421e-09 
0.65325 	12.09558 	3.621e-07 	7.193e-05 	3.548e-07 	7.208e-05 	1.541e-06 	1.683e-10 	5.084e-09 
0.67335 	12.46775 	3.360e-07 	5.794e-05 	3.286e-07 	8.572e-05 	1.321e-06 	1.722e-10 	4.805e-09 
0.69345 	12.83992 	3.133e-07 	4.606e-05 	3.059e-07 	9.724e-05 	1.151e-06 	1.817e-10 	4.579e-09 
0.71355 	13.21209 	2.945e-07 	3.632e-05 	2.870e-07 	1.066e-04 	1.022e-06 	1.971e-10 	4.402e-09 
0.73365 	13.58426 	2.796e-07 	2.864e-05 	2.720e-07 	1.140e-04 	9.271e-07 	2.178e-10 	4.266e-09 
0.75375 	13.95643 	2.682e-07 	2.280e-05 	2.604e-07 	1.195e-04 	8.586e-07 	2.425e-10 	4.165e-09 
0.77385 	14.32861 	2.598e-07 	1.852e-05 	2.520e-07 	1.236e-04 	8.102e-07 	2.689e-10 	4.093e-09 
0.79395 	14.70078 	2.538e-07 	1.549e-05 	2.460e-07 	1.264e-04 	7.768e-07 	2.944e-10 	4.042e-09 
0.81405 	15.07295 	2.497e-07 	1.340e-05 	2.418e-07 	1.284e-04 	7.542e-07 	3.167e-10 	4.007e-09 
0.83415 	15.44512 	2.469e-07 	1.199e-05 	2.390e-07 	1.297e-04 	7.390e-07 	3.348e-10 	3.984e-09 
0.85425 	15.81729 	2.451e-07 	1.106e-05 	2.371e-07 	1.305e-04 	7.291e-07 	3.484e-10 	3.968e-09 
0.87435 	16.18946 	2.439e-07 	1.045e-05 	2.359e-07 	1.311e-04 	7.226e-07 	3.582e-10 	3.958e-09 
0.89445 	16.56164 	2.431e-07 	1.005e-05 	2.351e-07 	1.315e-04 	7.183e-07 	3.649e-10 	3.952e-09 
0.91455 	16.93381 	2.426e-07 	9.791e-06 	2.346e-07 	1.317e-04 	7.156e-07 	3.695e-10 	3.947e-09 
0.93465 	17.30598 	2.422e-07 	9.625e-06 	2.343e-07 	1.319e-04 	7.139e-07 	3.725e-10 	3.945e-09 
0.95475 	17.67815 	2.420e-07 	9.519e-06 	2.340e-07 	1.320e-04 	7.127e-07 	3.745e-10 	3.943e-09 
0.97485 	18.05032 	2.419e-07 	9.451e-06 	2.339e-07 	1.320e-04 	7.120e-07 	3.757e-10 	3.942e-09 
0.99495 	18.42249 	2.418e-07 	9.407e-06 	2.338e-07 	1.321e-04 	7.116e-07 	3.766e-10 	3.941e-09 
1.01505 	18.79467 	2.418e-07 	9.379e-06 	2.338e-07 	1.321e-04 	7.113e-07 	3.771e-10 	3.940e-09 
1.03515 	19.16684 	2.417e-07 	9.361e-06 	2.337e-07 	1.321e-04 	7.111e-07 	3.774e-10 	3.940e-09 
1.05525 	19.53901 	2.417e-07 	9.349e-06 	2.337e-07 	1.321e-04 	7.110e-07 	3.776e-10 	3.940e-09 
1.07535 	19.91118 	2.417e-07 	9.342e-06 	2.337e-07 	1.321e-04 	7.109e-07 	3.778e-10 	3.940e-09 
1.09545 	20.28335 	2.417e-07 	9.337e-06 	2.337e-07 	1.321e-04 	7.108e-07 	3.779e-10 	3.940e-09 
1.11555 	20.65552 	2.417e-07 	9.334e-06 	2.337e-07 	1.322e-04 	7.108e-07 	3.779e-10 	3.940e-09 
1.13565 	21.02770 	2.417e-07 	9.332e-06 	2.337e-07 	1.322e-04 	7.108e-07 	3.780e-10 	3.940e-09 
1.15575 	21.39987 	2.417e-07 	9.331e-06 	2.337e-07 	1.322e-04 	7.108e-07 	3.780e-10 	3.940e-09 
1.17585 	21.77204 	2.417e-07 	9.330e-06 	2.337e-07 	1.322e-04 	7.108e-07 	3.780e-10 	3.940e-09 
1.19595 	22.14421 	2.417e-07 	9.330e-06 	2.337e-07 	1.322e-04 	7.107e-07 	3.780e-10 	3.940e-09 
1.21605 	22.51638 	2.417e-07 	9.330e-06 	2.337e-07 	1.322e-04 	7.107e-07 	3.780e-10 	3.940e-09 
1.23615 	22.88855 	2.417e-07 	9.329e-06 	2.337e-07 	1.322e-04 	7.107e-07 	3.780e-10 	3.940e-09 
1.25625 	23.26072 	2.417e-07 	9.329e-06 	2.337e-07 	1.322e-04 	7.107e-07 	3.780e-10 	3.940e-09 
1.27635 	23.63290 	2.417e-07 	9.329e-06 	2.337e-07 	1.322e-04 	7.107e-07 	3.780e-10 	3.940e-09 
1.29645 	24.00507 	2.417e-07 	9.329e-06 	2.337e-07 	1.322e-04 	7.107e-07 	3.780e-10 	3.940e-09 
1.31655 	24.37724 	2.417e-07 	9.329e-06 	2.337e-07 	1.322e-04 	7.107e-07 	3.780e-10 	3.940e-09 
1.33665 	24.74941 	2.417e-07 	9.329e-06 	2.337e-07 	1.322e-04 	7.107e-07 	3.780e-10 	3.940e-09 
1.35675 	25.12158 	2.417e-07 	9.329e-06 	2.337e-07 	1.322e-04 	7.107e-07 	3.780e-10 	3.940e-09 
1.37685 	25.49375 	2.417e-07 	9.329e-06 	2.337e-07 	1.322e-04 	7.107e-07 	3.780e-10 	3.940e-09 
1.39695 	25.86593 	2.417e-07 	9.329e-06 	2.337e-07 	1.322e-04 	7.107e-07 	3.780e-10 	3.940e-09 
1.41705 	26.23810 	2.417e-07 	9.329e-06 	2.337e-07 	1.322e-04 	7.107e-07 	3.780e-10 	3.940e-09 
1.43715 	26.61027 	2.417e-07 	9.329e-06 	2.337e-07 	1.322e-04 	7.107e-07 	3.780e-10 	3.940e-09 
1.45725 	26.98244 	2.417e-07 	9.329e-06 	2.337e-07 	1.322e-04 	7.107e-07 	3.780e-10 	3.940e-09 
1.47735 	27.35461 	2.417e-07 	9.329e-06 	2.337e-07 	1.322e-04 	7.107e-07 	3.780e-10 	3.940e-09 
1.49745 	27.72678 	2.417e-07 	9.329e-06 	2.337e-07 	1.322e-04 	7.107e-07 	3.780e-10 	3.940e-09 
1.51755 	28.09896 	2.417e-07 	9.329e-06 	2.337e-07 	1.322e-04 	7.107e-07 	3.780e-10 	3.940e-09 
1.53765 	28.47113 	2.417e-07 	9.329e-06 	2.337e-07 	1.322e-04 	7.107e-07 	3.780e-10 	3.940e-09 
1.55775 	28.84330 	2.417e-07 	9.329e-06 	2.337e-07 	1.322e-04 	7.107e-07 	3.780e-10 	3.940e-09 
1.57785 	29.21547 	2.417e-07 	9.329e-06 	2.337e-07 	1.322e-04 	7.107e-07 	3.780e-10 	3.940e-09 
1.59795 	29.58764 	2.417e-07 	9.329e-06 	2.337e-07 	1.322e-04 	7.107e-07 	3.780e-10 	3.940e-09 
1.61805 	29.95981 	2.417e-07 	9.329e-06 	2.337e-07 	1.322e-04 	7.107e-07 	3.780e-10 	3.940e-09 
1.63815 	30.33199 	2.417e-07 	9.329e-06 	2.337e-07 	1.322e-04 	7.107e-07 	3.780e-10 	3.940e-09 
1.65825 	30.70416 	2.417e-07 	9.329e-06 	2.337e-07 	1.322e-04 	7.107e-07 	3.780e-10 	3.940e-09 
1.67835 	31.07633 	2.417e-07 	9.329e-06 	2.337e-07 	1.322e-04 	7.107e-07 	3.780e-10 	3.940e-09 
1.69845 	31.44850 	2.417e-07 	9.329e-06 	2.337e-07 	1.322e-04 	7.107e-07 	3.780e-10 	3.940e-09 
1.71855 	31.82067 	2.417e-07 	9.329e-06 	2.337e-07 	1.322e-04 	7.107e-07 	3.780e-10 	3.940e-09 
1.73865 	32.19284 	2.417e-07 	9.329e-06 	2.337e-07 	1.322e-04 	7.107e-07 	3.780e-10 	3.940e-09 
1.75875 	32.56501 	2.417e-07 	9.329e-06 	2.337e-07 	1.322e-04 	7.107e-07 	3.780e-10 	3.940e-09 
1.77885 	32.93719 	2.417e-07 	9.329e-06 	2.337e-07 	1.322e-04 	7.107e-07 	3.780e-10 	3.940e-09 
1.79895 	33.30936 	2.417e-07 	9.329e-06 	2.337e-07 	1.322e-04 	7.107e-07 	3.780e-10 	3.940e-09 
1.81905 	33.68153 	2.417e-07 	9.329e-06 	2.337e-07 	1.322e-04 	7.107e-07 	3.780e-10 	3.940e-09 
1.83915 	34.05370 	2.417e-07 	9.329e-06 	2.337e-07 	1.322e-04 	7.107e-07 	3.780e-10 	3.940e-09 
1.85925 	34.42587 	2.417e-07 	9.329e-06 	2.337e-07 	1.322e-04 	7.107e-07 	3.780e-10 	3.940e-09 
1.87935 	34.79804 	2.417e-07 	9.329e-06 	2.337e-07 	1.322e-04 	7.107e-07 	3.780e-10 	3.940e-09 
1.89945 	35.17022 	2.417e-07 	9.329e-06 	2.337e-07 	1.322e-04 	7.107e-07 	3.780e-10 	3.940e-09 
1.91955 	35.54239 	2.417e-07 	9.329e-06 	2.337e-07 	1.322e-04 	7.107e-07 	3.780e-10 	3.940e-09 
1.93965 	35.91456 	2.417e-07 	9.329e-06 	2.337e-07 	1.322e-04 	7.107e-07 	3.780e-10 	3.940e-09 
1.95975 	36.28673 	2.417e-07 	9.329e-06 	2.337e-07 	1.322e-04 	7.107e-07 	3.780e-10 	3.940e-09 
1.97985 	36.65890 	2.417e-07 	9.329e-06 	2.337e-07 	1.322e-04 	7.107e-07 	3.780e-10 	3.940e-09 
1.99995 	37.03107 	2.417e-07 	9.329e-06 	2.337e-07 	1.322e-04 	7.107e-07 	3.780e-10 	3.940e-09 
