n = 1.1e+04, Tgas =  26.2, Tdust =  26.2, Go = 10000.0
pc 	Av 	e- 	C 	C+ 	CO 	O 	O2 	H2O 
0.01005 	0.17058 	1.399e-04 	2.888e-09 	1.398e-04 	5.678e-13 	3.370e-04 	1.585e-17 	2.306e-14 
0.03015 	0.51174 	1.403e-04 	8.305e-09 	1.402e-04 	1.761e-12 	3.380e-04 	5.070e-17 	4.495e-14 
0.05025 	0.85289 	1.411e-04 	2.360e-08 	1.410e-04 	4.954e-12 	3.400e-04 	1.535e-16 	8.527e-14 
0.07035 	1.19405 	1.418e-04 	6.646e-08 	1.418e-04 	1.322e-11 	3.419e-04 	4.608e-16 	1.584e-13 
0.09045 	1.53521 	1.423e-04 	1.860e-07 	1.422e-04 	3.436e-11 	3.433e-04 	1.405e-15 	2.897e-13 
0.11055 	1.87637 	1.423e-04 	5.177e-07 	1.423e-04 	8.854e-11 	3.443e-04 	4.371e-15 	5.253e-13 
0.13065 	2.21752 	1.416e-04 	1.428e-06 	1.416e-04 	2.296e-10 	3.449e-04 	1.381e-14 	9.494e-13 
0.15075 	2.55868 	1.394e-04 	3.856e-06 	1.394e-04 	6.061e-10 	3.453e-04 	4.399e-14 	1.727e-12 
0.17085 	2.89984 	1.335e-04 	9.917e-06 	1.335e-04 	1.633e-09 	3.457e-04 	1.406e-13 	3.220e-12 
0.19095 	3.24099 	1.207e-04 	2.298e-05 	1.207e-04 	4.450e-09 	3.464e-04 	4.541e-13 	6.373e-12 
0.21105 	3.58215 	9.910e-05 	4.498e-05 	9.907e-05 	1.193e-08 	3.473e-04 	1.527e-12 	1.393e-11 
0.23115 	3.92331 	7.223e-05 	7.232e-05 	7.220e-05 	3.066e-08 	3.485e-04 	5.641e-12 	3.408e-11 
0.25125 	4.26447 	4.677e-05 	9.821e-05 	4.674e-05 	7.454e-08 	3.496e-04 	2.352e-11 	9.110e-11 
0.27135 	4.60562 	2.708e-05 	1.182e-04 	2.704e-05 	1.721e-07 	3.504e-04 	1.071e-10 	2.554e-10 
0.29145 	4.94678 	1.400e-05 	1.313e-04 	1.397e-05 	3.811e-07 	3.508e-04 	4.885e-10 	7.131e-10 
0.31155 	5.28794 	6.507e-06 	1.385e-04 	6.472e-06 	8.277e-07 	3.507e-04 	1.984e-09 	1.850e-09 
0.33165 	5.62910 	2.858e-06 	1.412e-04 	2.827e-06 	1.873e-06 	3.497e-04 	6.414e-09 	4.199e-09 
0.35175 	5.97025 	1.345e-06 	1.399e-04 	1.320e-06 	4.726e-06 	3.467e-04 	1.583e-08 	8.335e-09 
0.37185 	6.31141 	7.759e-07 	1.324e-04 	7.580e-07 	1.277e-05 	3.378e-04 	3.099e-08 	1.513e-08 
0.39195 	6.65257 	5.394e-07 	1.131e-04 	5.261e-07 	3.230e-05 	3.155e-04 	5.216e-08 	2.598e-08 
0.41205 	6.99372 	3.981e-07 	7.969e-05 	3.873e-07 	6.585e-05 	2.733e-04 	8.364e-08 	4.222e-08 
0.43215 	7.33488 	3.009e-07 	4.604e-05 	2.914e-07 	9.962e-05 	2.150e-04 	1.329e-07 	6.356e-08 
0.45225 	7.67604 	2.585e-07 	3.015e-05 	2.493e-07 	1.156e-04 	1.436e-04 	1.635e-07 	8.137e-08 
0.47235 	8.01720 	2.836e-07 	3.915e-05 	2.747e-07 	1.065e-04 	7.728e-05 	9.147e-08 	7.659e-08 
0.49245 	8.35835 	3.635e-07 	7.285e-05 	3.547e-07 	7.275e-05 	4.193e-05 	2.790e-08 	5.729e-08 
0.51255 	8.69951 	4.427e-07 	1.092e-04 	4.329e-07 	3.633e-05 	2.426e-05 	8.967e-09 	3.876e-08 
0.53265 	9.04067 	4.744e-07 	1.313e-04 	4.614e-07 	1.419e-05 	1.367e-05 	3.255e-09 	2.534e-08 
0.55275 	9.38183 	4.664e-07 	1.384e-04 	4.499e-07 	6.998e-06 	7.742e-06 	1.316e-09 	1.701e-08 
0.57285 	9.72298 	4.624e-07 	1.398e-04 	4.450e-07 	5.580e-06 	5.124e-06 	6.645e-10 	1.244e-08 
0.59295 	10.06414 	4.712e-07 	1.386e-04 	4.551e-07 	6.612e-06 	4.052e-06 	4.383e-10 	1.002e-08 
0.61305 	10.40530 	4.864e-07 	1.343e-04 	4.732e-07 	1.084e-05 	3.620e-06 	3.594e-10 	8.704e-09 
0.63315 	10.74645 	4.896e-07 	1.244e-04 	4.792e-07 	2.061e-05 	3.309e-06 	3.300e-10 	7.897e-09 
0.65325 	11.08761 	4.724e-07 	1.100e-04 	4.635e-07 	3.482e-05 	2.912e-06 	3.111e-10 	7.294e-09 
0.67335 	11.42877 	4.454e-07 	9.438e-05 	4.372e-07 	5.024e-05 	2.510e-06 	2.986e-10 	6.804e-09 
0.69345 	11.76993 	4.162e-07 	7.932e-05 	4.082e-07 	6.509e-05 	2.157e-06 	2.938e-10 	6.398e-09 
0.71355 	12.11108 	3.882e-07 	6.557e-05 	3.803e-07 	7.860e-05 	1.865e-06 	2.968e-10 	6.058e-09 
0.73365 	12.45224 	3.630e-07 	5.348e-05 	3.550e-07 	9.043e-05 	1.631e-06 	3.080e-10 	5.775e-09 
0.75375 	12.79340 	3.412e-07 	4.319e-05 	3.332e-07 	1.005e-04 	1.447e-06 	3.279e-10 	5.543e-09 
0.77385 	13.13456 	3.230e-07 	3.469e-05 	3.149e-07 	1.087e-04 	1.305e-06 	3.564e-10 	5.357e-09 
0.79395 	13.47571 	3.084e-07 	2.790e-05 	3.002e-07 	1.152e-04 	1.198e-06 	3.928e-10 	5.212e-09 
0.81405 	13.81687 	2.970e-07 	2.264e-05 	2.887e-07 	1.203e-04 	1.119e-06 	4.351e-10 	5.100e-09 
0.83415 	14.15803 	2.884e-07 	1.869e-05 	2.800e-07 	1.241e-04 	1.062e-06 	4.801e-10 	5.018e-09 
0.85425 	14.49919 	2.822e-07 	1.581e-05 	2.737e-07 	1.268e-04 	1.021e-06 	5.241e-10 	4.958e-09 
0.87435 	14.84034 	2.777e-07 	1.375e-05 	2.692e-07 	1.288e-04 	9.918e-07 	5.637e-10 	4.915e-09 
0.89445 	15.18150 	2.746e-07 	1.232e-05 	2.660e-07 	1.301e-04 	9.718e-07 	5.970e-10 	4.886e-09 
0.91455 	15.52266 	2.724e-07 	1.133e-05 	2.638e-07 	1.311e-04 	9.582e-07 	6.233e-10 	4.865e-09 
0.93465 	15.86381 	2.709e-07 	1.065e-05 	2.623e-07 	1.317e-04 	9.489e-07 	6.431e-10 	4.851e-09 
0.95475 	16.20497 	2.699e-07 	1.020e-05 	2.613e-07 	1.321e-04 	9.427e-07 	6.574e-10 	4.842e-09 
0.97485 	16.54613 	2.693e-07 	9.891e-06 	2.606e-07 	1.324e-04 	9.385e-07 	6.675e-10 	4.836e-09 
0.99495 	16.88729 	2.688e-07 	9.686e-06 	2.602e-07 	1.326e-04 	9.357e-07 	6.745e-10 	4.831e-09 
1.01505 	17.22844 	2.685e-07 	9.549e-06 	2.599e-07 	1.327e-04 	9.338e-07 	6.792e-10 	4.829e-09 
1.03515 	17.56960 	2.683e-07 	9.458e-06 	2.597e-07 	1.328e-04 	9.326e-07 	6.824e-10 	4.827e-09 
1.05525 	17.91076 	2.682e-07 	9.397e-06 	2.595e-07 	1.329e-04 	9.318e-07 	6.846e-10 	4.825e-09 
1.07535 	18.25192 	2.681e-07 	9.357e-06 	2.595e-07 	1.329e-04 	9.312e-07 	6.861e-10 	4.825e-09 
1.09545 	18.59307 	2.680e-07 	9.330e-06 	2.594e-07 	1.329e-04 	9.309e-07 	6.870e-10 	4.824e-09 
1.11555 	18.93423 	2.680e-07 	9.312e-06 	2.594e-07 	1.330e-04 	9.306e-07 	6.877e-10 	4.824e-09 
1.13565 	19.27539 	2.680e-07 	9.300e-06 	2.593e-07 	1.330e-04 	9.304e-07 	6.881e-10 	4.823e-09 
1.15575 	19.61654 	2.679e-07 	9.292e-06 	2.593e-07 	1.330e-04 	9.303e-07 	6.884e-10 	4.823e-09 
1.17585 	19.95770 	2.679e-07 	9.287e-06 	2.593e-07 	1.330e-04 	9.303e-07 	6.886e-10 	4.823e-09 
1.19595 	20.29886 	2.679e-07 	9.283e-06 	2.593e-07 	1.330e-04 	9.302e-07 	6.887e-10 	4.823e-09 
1.21605 	20.64002 	2.679e-07 	9.281e-06 	2.593e-07 	1.330e-04 	9.302e-07 	6.888e-10 	4.823e-09 
1.23615 	20.98117 	2.679e-07 	9.280e-06 	2.593e-07 	1.330e-04 	9.302e-07 	6.889e-10 	4.823e-09 
1.25625 	21.32233 	2.679e-07 	9.279e-06 	2.593e-07 	1.330e-04 	9.302e-07 	6.889e-10 	4.823e-09 
1.27635 	21.66349 	2.679e-07 	9.278e-06 	2.593e-07 	1.330e-04 	9.301e-07 	6.889e-10 	4.823e-09 
1.29645 	22.00465 	2.679e-07 	9.277e-06 	2.593e-07 	1.330e-04 	9.301e-07 	6.889e-10 	4.823e-09 
1.31655 	22.34580 	2.679e-07 	9.277e-06 	2.593e-07 	1.330e-04 	9.301e-07 	6.889e-10 	4.823e-09 
1.33665 	22.68696 	2.679e-07 	9.277e-06 	2.593e-07 	1.330e-04 	9.301e-07 	6.890e-10 	4.823e-09 
1.35675 	23.02812 	2.679e-07 	9.277e-06 	2.593e-07 	1.330e-04 	9.301e-07 	6.890e-10 	4.823e-09 
1.37685 	23.36928 	2.679e-07 	9.277e-06 	2.593e-07 	1.330e-04 	9.301e-07 	6.890e-10 	4.823e-09 
1.39695 	23.71043 	2.679e-07 	9.277e-06 	2.593e-07 	1.330e-04 	9.301e-07 	6.890e-10 	4.823e-09 
1.41705 	24.05159 	2.679e-07 	9.277e-06 	2.593e-07 	1.330e-04 	9.301e-07 	6.890e-10 	4.823e-09 
1.43715 	24.39275 	2.679e-07 	9.277e-06 	2.593e-07 	1.330e-04 	9.301e-07 	6.890e-10 	4.823e-09 
1.45725 	24.73390 	2.679e-07 	9.277e-06 	2.593e-07 	1.330e-04 	9.301e-07 	6.890e-10 	4.823e-09 
1.47735 	25.07506 	2.679e-07 	9.277e-06 	2.593e-07 	1.330e-04 	9.301e-07 	6.890e-10 	4.823e-09 
1.49745 	25.41622 	2.679e-07 	9.277e-06 	2.593e-07 	1.330e-04 	9.301e-07 	6.890e-10 	4.823e-09 
1.51755 	25.75738 	2.679e-07 	9.277e-06 	2.593e-07 	1.330e-04 	9.301e-07 	6.890e-10 	4.823e-09 
1.53765 	26.09853 	2.679e-07 	9.277e-06 	2.593e-07 	1.330e-04 	9.301e-07 	6.890e-10 	4.823e-09 
1.55775 	26.43969 	2.679e-07 	9.277e-06 	2.593e-07 	1.330e-04 	9.301e-07 	6.890e-10 	4.823e-09 
1.57785 	26.78085 	2.679e-07 	9.277e-06 	2.593e-07 	1.330e-04 	9.301e-07 	6.890e-10 	4.823e-09 
1.59795 	27.12201 	2.679e-07 	9.277e-06 	2.593e-07 	1.330e-04 	9.301e-07 	6.890e-10 	4.823e-09 
1.61805 	27.46316 	2.679e-07 	9.277e-06 	2.593e-07 	1.330e-04 	9.301e-07 	6.890e-10 	4.823e-09 
1.63815 	27.80432 	2.679e-07 	9.277e-06 	2.593e-07 	1.330e-04 	9.301e-07 	6.890e-10 	4.823e-09 
1.65825 	28.14548 	2.679e-07 	9.277e-06 	2.593e-07 	1.330e-04 	9.301e-07 	6.890e-10 	4.823e-09 
1.67835 	28.48663 	2.679e-07 	9.277e-06 	2.593e-07 	1.330e-04 	9.301e-07 	6.890e-10 	4.823e-09 
1.69845 	28.82779 	2.679e-07 	9.277e-06 	2.593e-07 	1.330e-04 	9.301e-07 	6.890e-10 	4.823e-09 
1.71855 	29.16895 	2.679e-07 	9.277e-06 	2.593e-07 	1.330e-04 	9.301e-07 	6.890e-10 	4.823e-09 
1.73865 	29.51011 	2.679e-07 	9.277e-06 	2.593e-07 	1.330e-04 	9.301e-07 	6.890e-10 	4.823e-09 
1.75875 	29.85126 	2.679e-07 	9.277e-06 	2.593e-07 	1.330e-04 	9.301e-07 	6.890e-10 	4.823e-09 
1.77885 	30.19242 	2.679e-07 	9.277e-06 	2.593e-07 	1.330e-04 	9.301e-07 	6.890e-10 	4.823e-09 
1.79895 	30.53358 	2.679e-07 	9.277e-06 	2.593e-07 	1.330e-04 	9.301e-07 	6.890e-10 	4.823e-09 
1.81905 	30.87474 	2.679e-07 	9.277e-06 	2.593e-07 	1.330e-04 	9.301e-07 	6.890e-10 	4.823e-09 
1.83915 	31.21589 	2.679e-07 	9.277e-06 	2.593e-07 	1.330e-04 	9.301e-07 	6.890e-10 	4.823e-09 
1.85925 	31.55705 	2.679e-07 	9.277e-06 	2.593e-07 	1.330e-04 	9.301e-07 	6.890e-10 	4.823e-09 
1.87935 	31.89821 	2.679e-07 	9.277e-06 	2.593e-07 	1.330e-04 	9.301e-07 	6.890e-10 	4.823e-09 
1.89945 	32.23936 	2.679e-07 	9.277e-06 	2.593e-07 	1.330e-04 	9.301e-07 	6.890e-10 	4.823e-09 
1.91955 	32.58052 	2.679e-07 	9.277e-06 	2.593e-07 	1.330e-04 	9.301e-07 	6.890e-10 	4.823e-09 
1.93965 	32.92168 	2.679e-07 	9.277e-06 	2.593e-07 	1.330e-04 	9.301e-07 	6.890e-10 	4.823e-09 
1.95975 	33.26284 	2.679e-07 	9.277e-06 	2.593e-07 	1.330e-04 	9.301e-07 	6.890e-10 	4.823e-09 
1.97985 	33.60399 	2.679e-07 	9.277e-06 	2.593e-07 	1.330e-04 	9.301e-07 	6.890e-10 	4.823e-09 
1.99995 	33.94515 	2.679e-07 	9.277e-06 	2.593e-07 	1.330e-04 	9.301e-07 	6.890e-10 	4.823e-09 
