n = 5.0e+03, Tgas =  25.0, Tdust =  25.0, Go = 10000.0
pc 	Av 	e- 	C 	C+ 	CO 	O 	O2 	H2O 
0.01005 	0.07754 	1.407e-04 	9.646e-10 	1.403e-04 	1.050e-13 	3.382e-04 	2.653e-18 	1.472e-14 
0.03015 	0.23261 	1.401e-04 	1.561e-09 	1.398e-04 	1.980e-13 	3.370e-04 	4.928e-18 	2.088e-14 
0.05025 	0.38768 	1.397e-04 	2.530e-09 	1.394e-04 	3.583e-13 	3.362e-04 	8.935e-18 	2.919e-14 
0.07035 	0.54275 	1.396e-04 	4.099e-09 	1.393e-04 	6.241e-13 	3.359e-04 	1.582e-17 	4.033e-14 
0.09045 	0.69782 	1.396e-04 	6.632e-09 	1.394e-04 	1.054e-12 	3.362e-04 	2.745e-17 	5.518e-14 
0.11055 	0.85289 	1.399e-04 	1.071e-08 	1.397e-04 	1.737e-12 	3.369e-04 	4.690e-17 	7.489e-14 
0.13065 	1.00796 	1.402e-04 	1.724e-08 	1.401e-04 	2.810e-12 	3.377e-04 	7.931e-17 	1.009e-13 
0.15075 	1.16304 	1.406e-04 	2.771e-08 	1.405e-04 	4.481e-12 	3.387e-04 	1.333e-16 	1.352e-13 
0.17085 	1.31811 	1.410e-04 	4.445e-08 	1.409e-04 	7.066e-12 	3.397e-04 	2.233e-16 	1.802e-13 
0.19095 	1.47318 	1.413e-04 	7.119e-08 	1.412e-04 	1.104e-11 	3.406e-04 	3.740e-16 	2.391e-13 
0.21105 	1.62825 	1.416e-04 	1.138e-07 	1.415e-04 	1.714e-11 	3.415e-04 	6.270e-16 	3.160e-13 
0.23115 	1.78332 	1.418e-04 	1.818e-07 	1.418e-04 	2.645e-11 	3.422e-04 	1.053e-15 	4.164e-13 
0.25125 	1.93839 	1.420e-04 	2.900e-07 	1.419e-04 	4.065e-11 	3.428e-04 	1.775e-15 	5.475e-13 
0.27135 	2.09347 	1.420e-04 	4.619e-07 	1.420e-04 	6.233e-11 	3.434e-04 	2.997e-15 	7.186e-13 
0.29145 	2.24854 	1.419e-04 	7.342e-07 	1.419e-04 	9.546e-11 	3.438e-04 	5.076e-15 	9.421e-13 
0.31155 	2.40361 	1.416e-04 	1.164e-06 	1.416e-04 	1.462e-10 	3.441e-04 	8.615e-15 	1.235e-12 
0.33165 	2.55868 	1.411e-04 	1.840e-06 	1.410e-04 	2.244e-10 	3.444e-04 	1.466e-14 	1.619e-12 
0.35175 	2.71375 	1.401e-04 	2.894e-06 	1.401e-04 	3.450e-10 	3.447e-04 	2.498e-14 	2.128e-12 
0.37185 	2.86882 	1.386e-04 	4.516e-06 	1.385e-04 	5.322e-10 	3.449e-04 	4.268e-14 	2.806e-12 
0.39195 	3.02389 	1.362e-04 	6.967e-06 	1.362e-04 	8.240e-10 	3.451e-04 	7.312e-14 	3.723e-12 
0.41205 	3.17897 	1.327e-04 	1.058e-05 	1.327e-04 	1.280e-09 	3.454e-04 	1.258e-13 	4.985e-12 
0.43215 	3.33404 	1.277e-04 	1.570e-05 	1.277e-04 	1.994e-09 	3.457e-04 	2.178e-13 	6.763e-12 
0.45225 	3.48911 	1.209e-04 	2.264e-05 	1.209e-04 	3.111e-09 	3.460e-04 	3.805e-13 	9.335e-12 
0.47235 	3.64418 	1.122e-04 	3.151e-05 	1.122e-04 	4.849e-09 	3.464e-04 	6.739e-13 	1.316e-11 
0.49245 	3.79925 	1.018e-04 	4.215e-05 	1.017e-04 	7.535e-09 	3.469e-04 	1.215e-12 	1.899e-11 
0.51255 	3.95432 	9.008e-05 	5.408e-05 	9.002e-05 	1.165e-08 	3.475e-04 	2.236e-12 	2.808e-11 
0.53265 	4.10939 	7.774e-05 	6.666e-05 	7.768e-05 	1.789e-08 	3.480e-04 	4.217e-12 	4.245e-11 
0.55275 	4.26447 	6.546e-05 	7.917e-05 	6.540e-05 	2.729e-08 	3.486e-04 	8.141e-12 	6.545e-11 
0.57285 	4.41954 	5.383e-05 	9.101e-05 	5.376e-05 	4.131e-08 	3.491e-04 	1.606e-11 	1.025e-10 
0.59295 	4.57461 	4.326e-05 	1.018e-04 	4.319e-05 	6.211e-08 	3.496e-04 	3.223e-11 	1.626e-10 
0.61305 	4.72968 	3.400e-05 	1.112e-04 	3.393e-05 	9.279e-08 	3.500e-04 	6.546e-11 	2.597e-10 
0.63315 	4.88475 	2.614e-05 	1.192e-04 	2.607e-05 	1.378e-07 	3.503e-04 	1.336e-10 	4.160e-10 
0.65325 	5.03982 	1.966e-05 	1.257e-04 	1.959e-05 	2.036e-07 	3.506e-04 	2.716e-10 	6.648e-10 
0.67335 	5.19490 	1.448e-05 	1.309e-04 	1.440e-05 	2.991e-07 	3.507e-04 	5.455e-10 	1.053e-09 
0.69345 	5.34997 	1.046e-05 	1.348e-04 	1.038e-05 	4.378e-07 	3.507e-04 	1.070e-09 	1.642e-09 
0.71355 	5.50504 	7.449e-06 	1.377e-04 	7.374e-06 	6.401e-07 	3.506e-04 	2.028e-09 	2.501e-09 
0.73365 	5.66011 	5.276e-06 	1.396e-04 	5.202e-06 	9.405e-07 	3.504e-04 	3.679e-09 	3.704e-09 
0.75375 	5.81518 	3.764e-06 	1.407e-04 	3.694e-06 	1.399e-06 	3.500e-04 	6.344e-09 	5.316e-09 
0.77385 	5.97025 	2.751e-06 	1.410e-04 	2.686e-06 	2.115e-06 	3.492e-04 	1.037e-08 	7.403e-09 
0.79395 	6.12532 	2.094e-06 	1.405e-04 	2.037e-06 	3.255e-06 	3.480e-04 	1.606e-08 	1.003e-08 
0.81405 	6.28040 	1.679e-06 	1.391e-04 	1.629e-06 	5.079e-06 	3.460e-04 	2.366e-08 	1.330e-08 
0.83415 	6.43547 	1.417e-06 	1.364e-04 	1.376e-06 	8.001e-06 	3.427e-04 	3.330e-08 	1.732e-08 
0.85425 	6.59054 	1.245e-06 	1.320e-04 	1.211e-06 	1.265e-05 	3.375e-04 	4.507e-08 	2.229e-08 
0.87435 	6.74561 	1.119e-06 	1.249e-04 	1.090e-06 	1.981e-05 	3.293e-04 	5.914e-08 	2.842e-08 
0.89445 	6.90068 	1.010e-06 	1.146e-04 	9.858e-07 	3.020e-05 	3.173e-04 	7.595e-08 	3.596e-08 
0.91455 	7.05575 	9.062e-07 	1.011e-04 	8.851e-07 	4.390e-05 	3.008e-04 	9.634e-08 	4.513e-08 
0.93465 	7.21082 	8.044e-07 	8.519e-05 	7.857e-07 	5.988e-05 	2.801e-04 	1.216e-07 	5.611e-08 
0.95475 	7.36590 	7.097e-07 	6.903e-05 	6.925e-07 	7.614e-05 	2.562e-04 	1.526e-07 	6.890e-08 
0.97485 	7.52097 	6.292e-07 	5.486e-05 	6.130e-07 	9.039e-05 	2.298e-04 	1.884e-07 	8.312e-08 
0.99495 	7.67604 	5.692e-07 	4.435e-05 	5.537e-07 	1.010e-04 	2.008e-04 	2.228e-07 	9.756e-08 
1.01505 	7.83111 	5.343e-07 	3.837e-05 	5.191e-07 	1.070e-04 	1.691e-04 	2.420e-07 	1.096e-07 
1.03515 	7.98618 	5.288e-07 	3.748e-05 	5.137e-07 	1.079e-04 	1.363e-04 	2.291e-07 	1.159e-07 
1.05525 	8.14125 	5.562e-07 	4.240e-05 	5.411e-07 	1.030e-04 	1.064e-04 	1.823e-07 	1.144e-07 
1.07535 	8.29633 	6.146e-07 	5.336e-05 	5.994e-07 	9.194e-05 	8.286e-05 	1.241e-07 	1.064e-07 
1.09545 	8.45140 	6.937e-07 	6.882e-05 	6.782e-07 	7.640e-05 	6.560e-05 	7.792e-08 	9.491e-08 
1.11555 	8.60647 	7.792e-07 	8.595e-05 	7.629e-07 	5.917e-05 	5.274e-05 	4.830e-08 	8.233e-08 
1.13565 	8.76154 	8.583e-07 	1.022e-04 	8.406e-07 	4.278e-05 	4.262e-05 	3.045e-08 	7.007e-08 
1.15575 	8.91661 	9.206e-07 	1.160e-04 	9.005e-07 	2.893e-05 	3.422e-05 	1.960e-08 	5.894e-08 
1.17585 	9.07168 	9.580e-07 	1.262e-04 	9.346e-07 	1.866e-05 	2.703e-05 	1.282e-08 	4.930e-08 
1.19595 	9.22675 	9.705e-07 	1.327e-04 	9.428e-07 	1.218e-05 	2.101e-05 	8.477e-09 	4.122e-08 
1.21605 	9.38183 	9.684e-07 	1.363e-04 	9.368e-07 	8.593e-06 	1.639e-05 	5.720e-09 	3.470e-08 
1.23615 	9.53690 	9.632e-07 	1.381e-04 	9.287e-07 	6.734e-06 	1.308e-05 	3.998e-09 	2.959e-08 
1.25625 	9.69197 	9.605e-07 	1.390e-04 	9.245e-07 	5.832e-06 	1.081e-05 	2.929e-09 	2.569e-08 
1.27635 	9.84704 	9.624e-07 	1.393e-04 	9.261e-07 	5.520e-06 	9.280e-06 	2.262e-09 	2.274e-08 
1.29645 	10.00211 	9.690e-07 	1.391e-04 	9.335e-07 	5.658e-06 	8.258e-06 	1.843e-09 	2.053e-08 
1.31655 	10.15718 	9.800e-07 	1.384e-04 	9.462e-07 	6.241e-06 	7.592e-06 	1.579e-09 	1.888e-08 
1.33665 	10.31225 	9.945e-07 	1.372e-04 	9.632e-07 	7.377e-06 	7.172e-06 	1.416e-09 	1.763e-08 
1.35675 	10.46733 	1.010e-06 	1.352e-04 	9.819e-07 	9.298e-06 	6.913e-06 	1.320e-09 	1.669e-08 
1.37685 	10.62240 	1.023e-06 	1.321e-04 	9.979e-07 	1.232e-05 	6.730e-06 	1.266e-09 	1.596e-08 
1.39695 	10.77747 	1.028e-06 	1.277e-04 	1.006e-06 	1.663e-05 	6.532e-06 	1.232e-09 	1.537e-08 
1.41705 	10.93254 	1.023e-06 	1.222e-04 	1.003e-06 	2.207e-05 	6.272e-06 	1.202e-09 	1.484e-08 
1.43715 	11.08761 	1.009e-06 	1.159e-04 	9.913e-07 	2.830e-05 	5.954e-06 	1.171e-09 	1.436e-08 
1.45725 	11.24268 	9.893e-07 	1.092e-04 	9.728e-07 	3.497e-05 	5.607e-06 	1.140e-09 	1.390e-08 
1.47735 	11.39776 	9.657e-07 	1.022e-04 	9.501e-07 	4.183e-05 	5.253e-06 	1.112e-09 	1.348e-08 
1.49745 	11.55283 	9.400e-07 	9.529e-05 	9.250e-07 	4.870e-05 	4.909e-06 	1.088e-09 	1.309e-08 
1.51755 	11.70790 	9.132e-07 	8.844e-05 	8.988e-07 	5.546e-05 	4.581e-06 	1.068e-09 	1.272e-08 
1.53765 	11.86297 	8.863e-07 	8.178e-05 	8.722e-07 	6.203e-05 	4.275e-06 	1.052e-09 	1.238e-08 
1.55775 	12.01804 	8.597e-07 	7.536e-05 	8.458e-07 	6.834e-05 	3.993e-06 	1.041e-09 	1.206e-08 
1.57785 	12.17311 	8.337e-07 	6.923e-05 	8.200e-07 	7.436e-05 	3.734e-06 	1.035e-09 	1.176e-08 
1.59795 	12.32818 	8.088e-07 	6.342e-05 	7.952e-07 	8.005e-05 	3.499e-06 	1.035e-09 	1.149e-08 
1.61805 	12.48326 	7.850e-07 	5.795e-05 	7.715e-07 	8.541e-05 	3.286e-06 	1.039e-09 	1.124e-08 
1.63815 	12.63833 	7.626e-07 	5.282e-05 	7.491e-07 	9.040e-05 	3.095e-06 	1.048e-09 	1.101e-08 
1.65825 	12.79340 	7.415e-07 	4.806e-05 	7.281e-07 	9.504e-05 	2.924e-06 	1.063e-09 	1.080e-08 
1.67835 	12.94847 	7.219e-07 	4.366e-05 	7.085e-07 	9.930e-05 	2.772e-06 	1.082e-09 	1.061e-08 
1.69845 	13.10354 	7.038e-07 	3.962e-05 	6.904e-07 	1.032e-04 	2.636e-06 	1.107e-09 	1.044e-08 
1.71855 	13.25861 	6.873e-07 	3.594e-05 	6.738e-07 	1.068e-04 	2.517e-06 	1.135e-09 	1.028e-08 
1.73865 	13.41368 	6.722e-07 	3.261e-05 	6.587e-07 	1.100e-04 	2.412e-06 	1.168e-09 	1.014e-08 
1.75875 	13.56876 	6.586e-07 	2.961e-05 	6.451e-07 	1.129e-04 	2.320e-06 	1.205e-09 	1.002e-08 
1.77885 	13.72383 	6.464e-07 	2.693e-05 	6.329e-07 	1.154e-04 	2.240e-06 	1.245e-09 	9.912e-09 
1.79895 	13.87890 	6.356e-07 	2.455e-05 	6.220e-07 	1.177e-04 	2.170e-06 	1.286e-09 	9.817e-09 
1.81905 	14.03397 	6.260e-07 	2.246e-05 	6.124e-07 	1.197e-04 	2.109e-06 	1.330e-09 	9.734e-09 
1.83915 	14.18904 	6.176e-07 	2.063e-05 	6.040e-07 	1.214e-04 	2.057e-06 	1.373e-09 	9.661e-09 
1.85925 	14.34411 	6.103e-07 	1.903e-05 	5.966e-07 	1.229e-04 	2.013e-06 	1.416e-09 	9.599e-09 
1.87935 	14.49919 	6.039e-07 	1.765e-05 	5.902e-07 	1.242e-04 	1.974e-06 	1.458e-09 	9.545e-09 
1.89945 	14.65426 	5.985e-07 	1.646e-05 	5.847e-07 	1.254e-04 	1.942e-06 	1.499e-09 	9.498e-09 
1.91955 	14.80933 	5.937e-07 	1.544e-05 	5.800e-07 	1.263e-04 	1.914e-06 	1.536e-09 	9.459e-09 
1.93965 	14.96440 	5.897e-07 	1.457e-05 	5.759e-07 	1.272e-04 	1.891e-06 	1.571e-09 	9.425e-09 
1.95975 	15.11947 	5.863e-07 	1.383e-05 	5.725e-07 	1.279e-04 	1.871e-06 	1.603e-09 	9.396e-09 
1.97985 	15.27454 	5.834e-07 	1.320e-05 	5.696e-07 	1.284e-04 	1.854e-06 	1.632e-09 	9.372e-09 
1.99995 	15.42961 	5.809e-07 	1.267e-05 	5.671e-07 	1.289e-04 	1.840e-06 	1.658e-09 	9.351e-09 
