n = 7.0e+03, Tgas =  22.5, Tdust =  22.5, Go = 10000.0
pc 	Av 	e- 	C 	C+ 	CO 	O 	O2 	H2O 
0.01005 	0.10855 	1.397e-04 	1.607e-09 	1.395e-04 	2.119e-13 	3.364e-04 	5.260e-18 	1.594e-14 
0.03015 	0.32565 	1.394e-04 	3.156e-09 	1.392e-04 	4.738e-13 	3.357e-04 	1.188e-17 	2.559e-14 
0.05025 	0.54275 	1.395e-04 	6.186e-09 	1.394e-04 	9.916e-13 	3.360e-04 	2.559e-17 	4.009e-14 
0.07035 	0.75985 	1.399e-04 	1.207e-08 	1.398e-04 	1.979e-12 	3.371e-04 	5.336e-17 	6.169e-14 
0.09045 	0.97695 	1.404e-04 	2.347e-08 	1.403e-04 	3.825e-12 	3.384e-04 	1.093e-16 	9.353e-14 
0.11055 	1.19405 	1.409e-04 	4.544e-08 	1.409e-04 	7.228e-12 	3.398e-04 	2.224e-16 	1.402e-13 
0.13065 	1.41115 	1.414e-04 	8.774e-08 	1.413e-04 	1.344e-11 	3.410e-04 	4.530e-16 	2.081e-13 
0.15075 	1.62825 	1.417e-04 	1.690e-07 	1.417e-04 	2.473e-11 	3.420e-04 	9.272e-16 	3.068e-13 
0.17085 	1.84535 	1.419e-04 	3.247e-07 	1.419e-04 	4.519e-11 	3.428e-04 	1.910e-15 	4.501e-13 
0.19095 	2.06245 	1.419e-04 	6.221e-07 	1.418e-04 	8.239e-11 	3.434e-04 	3.963e-15 	6.582e-13 
0.21105 	2.27955 	1.415e-04 	1.187e-06 	1.414e-04 	1.504e-10 	3.439e-04 	8.265e-15 	9.613e-13 
0.23115 	2.49665 	1.406e-04 	2.249e-06 	1.405e-04 	2.757e-10 	3.442e-04 	1.731e-14 	1.406e-12 
0.25125 	2.71375 	1.387e-04 	4.209e-06 	1.387e-04 	5.088e-10 	3.446e-04 	3.640e-14 	2.067e-12 
0.27135 	2.93085 	1.354e-04 	7.714e-06 	1.353e-04 	9.464e-10 	3.449e-04 	7.677e-14 	3.073e-12 
0.29145 	3.14795 	1.296e-04 	1.366e-05 	1.295e-04 	1.772e-09 	3.452e-04 	1.628e-13 	4.662e-12 
0.31155 	3.36505 	1.205e-04 	2.294e-05 	1.204e-04 	3.328e-09 	3.457e-04 	3.491e-13 	7.295e-12 
0.33165 	3.58215 	1.077e-04 	3.595e-05 	1.077e-04 	6.227e-09 	3.464e-04 	7.642e-13 	1.190e-11 
0.35175 	3.79925 	9.198e-05 	5.203e-05 	9.193e-05 	1.153e-08 	3.471e-04 	1.731e-12 	2.034e-11 
0.37185 	4.01635 	7.479e-05 	6.956e-05 	7.474e-05 	2.102e-08 	3.480e-04 	4.101e-12 	3.636e-11 
0.39195 	4.23345 	5.800e-05 	8.669e-05 	5.795e-05 	3.763e-08 	3.488e-04 	1.021e-11 	6.745e-11 
0.41205 	4.45055 	4.299e-05 	1.020e-04 	4.294e-05 	6.620e-08 	3.495e-04 	2.652e-11 	1.285e-10 
0.43215 	4.66765 	3.051e-05 	1.147e-04 	3.046e-05 	1.146e-07 	3.501e-04 	7.094e-11 	2.484e-10 
0.45225 	4.88475 	2.073e-05 	1.246e-04 	2.068e-05 	1.956e-07 	3.505e-04 	1.913e-10 	4.816e-10 
0.47235 	5.10185 	1.349e-05 	1.318e-04 	1.343e-05 	3.301e-07 	3.507e-04 	5.073e-10 	9.212e-10 
0.49245 	5.31895 	8.434e-06 	1.368e-04 	8.379e-06 	5.531e-07 	3.507e-04 	1.283e-09 	1.707e-09 
0.51255 	5.53605 	5.134e-06 	1.398e-04 	5.080e-06 	9.312e-07 	3.505e-04 	3.007e-09 	3.008e-09 
0.53265 	5.75315 	3.126e-06 	1.411e-04 	3.075e-06 	1.608e-06 	3.498e-04 	6.382e-09 	4.997e-09 
0.55275 	5.97025 	1.984e-06 	1.410e-04 	1.940e-06 	2.892e-06 	3.485e-04 	1.217e-08 	7.838e-09 
0.57285 	6.18735 	1.370e-06 	1.391e-04 	1.334e-06 	5.401e-06 	3.457e-04 	2.095e-08 	1.174e-08 
0.59295 	6.40445 	1.045e-06 	1.345e-04 	1.017e-06 	1.027e-05 	3.403e-04 	3.297e-08 	1.701e-08 
0.61305 	6.62155 	8.585e-07 	1.256e-04 	8.364e-07 	1.931e-05 	3.301e-04 	4.841e-08 	2.413e-08 
0.63315 	6.83865 	7.262e-07 	1.105e-04 	7.083e-07 	3.439e-05 	3.125e-04 	6.802e-08 	3.365e-08 
0.65325 	7.05575 	6.120e-07 	8.943e-05 	5.969e-07 	5.541e-05 	2.865e-04 	9.393e-08 	4.606e-08 
0.67335 	7.27285 	5.110e-07 	6.623e-05 	4.976e-07 	7.853e-05 	2.535e-04 	1.293e-07 	6.157e-08 
0.69345 	7.48995 	4.326e-07 	4.691e-05 	4.202e-07 	9.779e-05 	2.157e-04 	1.732e-07 	7.947e-08 
0.71355 	7.70705 	3.861e-07 	3.550e-05 	3.742e-07 	1.092e-04 	1.726e-04 	2.075e-07 	9.620e-08 
0.73365 	7.92415 	3.786e-07 	3.364e-05 	3.668e-07 	1.110e-04 	1.261e-04 	1.928e-07 	1.041e-07 
0.75375 	8.14125 	4.161e-07 	4.322e-05 	4.045e-07 	1.015e-04 	8.652e-05 	1.243e-07 	9.867e-08 
0.77385 	8.35835 	4.907e-07 	6.380e-05 	4.789e-07 	8.099e-05 	6.013e-05 	6.214e-08 	8.481e-08 
0.79395 	8.57545 	5.772e-07 	8.872e-05 	5.647e-07 	5.617e-05 	4.312e-05 	2.993e-08 	6.878e-08 
0.81405 	8.79255 	6.507e-07 	1.112e-04 	6.365e-07 	3.382e-05 	3.111e-05 	1.506e-08 	5.387e-08 
0.83415 	9.00965 	6.915e-07 	1.271e-04 	6.740e-07 	1.796e-05 	2.186e-05 	7.857e-09 	4.145e-08 
0.85425 	9.22675 	6.958e-07 	1.354e-04 	6.738e-07 	9.698e-06 	1.488e-05 	4.185e-09 	3.182e-08 
0.87435 	9.44385 	6.866e-07 	1.388e-04 	6.609e-07 	6.319e-06 	1.037e-05 	2.345e-09 	2.485e-08 
0.89445 	9.66095 	6.809e-07 	1.400e-04 	6.534e-07 	5.056e-06 	7.733e-06 	1.442e-09 	2.007e-08 
0.91455 	9.87805 	6.825e-07 	1.402e-04 	6.550e-07 	4.805e-06 	6.232e-06 	9.911e-10 	1.687e-08 
0.93465 	10.09515 	6.914e-07 	1.397e-04 	6.652e-07 	5.295e-06 	5.396e-06 	7.609e-10 	1.475e-08 
0.95475 	10.31225 	7.062e-07 	1.382e-04 	6.826e-07 	6.679e-06 	4.954e-06 	6.443e-10 	1.332e-08 
0.97485 	10.52935 	7.230e-07 	1.352e-04 	7.027e-07 	9.526e-06 	4.732e-06 	5.898e-10 	1.235e-08 
0.99495 	10.74645 	7.334e-07 	1.298e-04 	7.165e-07 	1.471e-05 	4.569e-06 	5.667e-10 	1.167e-08 
1.01505 	10.96356 	7.296e-07 	1.221e-04 	7.152e-07 	2.232e-05 	4.328e-06 	5.499e-10 	1.111e-08 
1.03515 	11.18066 	7.133e-07 	1.128e-04 	7.005e-07 	3.141e-05 	4.006e-06 	5.316e-10 	1.060e-08 
1.05525 	11.39776 	6.899e-07 	1.029e-04 	6.781e-07 	4.106e-05 	3.659e-06 	5.141e-10 	1.015e-08 
1.07535 	11.61486 	6.634e-07 	9.306e-05 	6.522e-07 	5.072e-05 	3.323e-06 	4.996e-10 	9.733e-09 
1.09545 	11.83196 	6.359e-07 	8.348e-05 	6.251e-07 	6.008e-05 	3.013e-06 	4.892e-10 	9.358e-09 
1.11555 	12.04906 	6.088e-07 	7.438e-05 	5.982e-07 	6.895e-05 	2.736e-06 	4.833e-10 	9.020e-09 
1.13565 	12.26616 	5.829e-07 	6.588e-05 	5.723e-07 	7.721e-05 	2.491e-06 	4.822e-10 	8.716e-09 
1.15575 	12.48326 	5.585e-07 	5.804e-05 	5.481e-07 	8.480e-05 	2.279e-06 	4.860e-10 	8.444e-09 
1.17585 	12.70036 	5.361e-07 	5.089e-05 	5.256e-07 	9.169e-05 	2.096e-06 	4.947e-10 	8.204e-09 
1.19595 	12.91746 	5.157e-07 	4.447e-05 	5.052e-07 	9.787e-05 	1.939e-06 	5.085e-10 	7.993e-09 
1.21605 	13.13456 	4.974e-07 	3.877e-05 	4.869e-07 	1.033e-04 	1.807e-06 	5.272e-10 	7.810e-09 
1.23615 	13.35166 	4.813e-07 	3.376e-05 	4.708e-07 	1.081e-04 	1.696e-06 	5.505e-10 	7.653e-09 
1.25625 	13.56876 	4.673e-07 	2.943e-05 	4.567e-07 	1.122e-04 	1.603e-06 	5.779e-10 	7.520e-09 
1.27635 	13.78586 	4.553e-07 	2.574e-05 	4.447e-07 	1.157e-04 	1.527e-06 	6.086e-10 	7.408e-09 
1.29645 	14.00296 	4.452e-07 	2.262e-05 	4.345e-07 	1.186e-04 	1.464e-06 	6.414e-10 	7.314e-09 
1.31655 	14.22006 	4.367e-07 	2.003e-05 	4.260e-07 	1.211e-04 	1.413e-06 	6.751e-10 	7.238e-09 
1.33665 	14.43716 	4.297e-07 	1.789e-05 	4.190e-07 	1.231e-04 	1.372e-06 	7.086e-10 	7.175e-09 
1.35675 	14.65426 	4.240e-07 	1.615e-05 	4.132e-07 	1.247e-04 	1.339e-06 	7.407e-10 	7.124e-09 
1.37685 	14.87136 	4.194e-07 	1.475e-05 	4.086e-07 	1.260e-04 	1.312e-06 	7.703e-10 	7.083e-09 
1.39695 	15.08846 	4.157e-07 	1.363e-05 	4.049e-07 	1.271e-04 	1.292e-06 	7.970e-10 	7.050e-09 
1.41705 	15.30556 	4.128e-07 	1.274e-05 	4.019e-07 	1.279e-04 	1.275e-06 	8.204e-10 	7.024e-09 
1.43715 	15.52266 	4.105e-07 	1.204e-05 	3.996e-07 	1.285e-04 	1.262e-06 	8.403e-10 	7.004e-09 
1.45725 	15.73976 	4.087e-07 	1.149e-05 	3.978e-07 	1.290e-04 	1.252e-06 	8.571e-10 	6.988e-09 
1.47735 	15.95686 	4.072e-07 	1.106e-05 	3.963e-07 	1.294e-04 	1.244e-06 	8.709e-10 	6.975e-09 
1.49745 	16.17396 	4.061e-07 	1.072e-05 	3.952e-07 	1.298e-04 	1.238e-06 	8.821e-10 	6.965e-09 
1.51755 	16.39106 	4.053e-07 	1.046e-05 	3.943e-07 	1.300e-04 	1.233e-06 	8.911e-10 	6.958e-09 
1.53765 	16.60816 	4.046e-07 	1.025e-05 	3.937e-07 	1.302e-04 	1.229e-06 	8.983e-10 	6.952e-09 
1.55775 	16.82526 	4.041e-07 	1.010e-05 	3.931e-07 	1.303e-04 	1.226e-06 	9.040e-10 	6.947e-09 
1.57785 	17.04236 	4.037e-07 	9.973e-06 	3.927e-07 	1.304e-04 	1.224e-06 	9.084e-10 	6.944e-09 
1.59795 	17.25946 	4.034e-07 	9.879e-06 	3.924e-07 	1.305e-04 	1.223e-06 	9.119e-10 	6.941e-09 
1.61805 	17.47656 	4.031e-07 	9.806e-06 	3.922e-07 	1.306e-04 	1.221e-06 	9.147e-10 	6.939e-09 
1.63815 	17.69366 	4.029e-07 	9.750e-06 	3.920e-07 	1.307e-04 	1.220e-06 	9.168e-10 	6.937e-09 
1.65825 	17.91076 	4.028e-07 	9.706e-06 	3.919e-07 	1.307e-04 	1.219e-06 	9.184e-10 	6.936e-09 
1.67835 	18.12786 	4.027e-07 	9.673e-06 	3.917e-07 	1.307e-04 	1.219e-06 	9.197e-10 	6.935e-09 
1.69845 	18.34496 	4.026e-07 	9.647e-06 	3.917e-07 	1.307e-04 	1.218e-06 	9.207e-10 	6.934e-09 
1.71855 	18.56206 	4.025e-07 	9.627e-06 	3.916e-07 	1.308e-04 	1.218e-06 	9.215e-10 	6.934e-09 
1.73865 	18.77916 	4.025e-07 	9.611e-06 	3.915e-07 	1.308e-04 	1.218e-06 	9.221e-10 	6.933e-09 
1.75875 	18.99626 	4.024e-07 	9.599e-06 	3.915e-07 	1.308e-04 	1.217e-06 	9.225e-10 	6.933e-09 
1.77885 	19.21336 	4.024e-07 	9.590e-06 	3.915e-07 	1.308e-04 	1.217e-06 	9.229e-10 	6.933e-09 
1.79895 	19.43046 	4.024e-07 	9.583e-06 	3.914e-07 	1.308e-04 	1.217e-06 	9.232e-10 	6.933e-09 
1.81905 	19.64756 	4.024e-07 	9.578e-06 	3.914e-07 	1.308e-04 	1.217e-06 	9.234e-10 	6.932e-09 
1.83915 	19.86466 	4.024e-07 	9.574e-06 	3.914e-07 	1.308e-04 	1.217e-06 	9.235e-10 	6.932e-09 
1.85925 	20.08176 	4.023e-07 	9.570e-06 	3.914e-07 	1.308e-04 	1.217e-06 	9.236e-10 	6.932e-09 
1.87935 	20.29886 	4.023e-07 	9.568e-06 	3.914e-07 	1.308e-04 	1.217e-06 	9.237e-10 	6.932e-09 
1.89945 	20.51596 	4.023e-07 	9.566e-06 	3.914e-07 	1.308e-04 	1.217e-06 	9.238e-10 	6.932e-09 
1.91955 	20.73306 	4.023e-07 	9.565e-06 	3.914e-07 	1.308e-04 	1.217e-06 	9.239e-10 	6.932e-09 
1.93965 	20.95016 	4.023e-07 	9.563e-06 	3.914e-07 	1.308e-04 	1.217e-06 	9.239e-10 	6.932e-09 
1.95975 	21.16726 	4.023e-07 	9.563e-06 	3.914e-07 	1.308e-04 	1.217e-06 	9.240e-10 	6.932e-09 
1.97985 	21.38436 	4.023e-07 	9.562e-06 	3.914e-07 	1.308e-04 	1.217e-06 	9.240e-10 	6.932e-09 
1.99995 	21.60146 	4.023e-07 	9.561e-06 	3.914e-07 	1.308e-04 	1.217e-06 	9.240e-10 	6.932e-09 
