n = 6.0e+03, Tgas =  26.2, Tdust =  26.2, Go = 10000.0
pc 	Av 	e- 	C 	C+ 	CO 	O 	O2 	H2O 
0.01005 	0.09304 	1.404e-04 	1.193e-09 	1.401e-04 	1.560e-13 	3.378e-04 	4.085e-18 	1.725e-14 
0.03015 	0.27913 	1.399e-04 	2.130e-09 	1.397e-04 	3.237e-13 	3.367e-04 	8.367e-18 	2.556e-14 
0.05025 	0.46521 	1.397e-04 	3.803e-09 	1.395e-04 	6.347e-13 	3.364e-04 	1.656e-17 	3.734e-14 
0.07035 	0.65130 	1.398e-04 	6.775e-09 	1.397e-04 	1.188e-12 	3.368e-04 	3.184e-17 	5.395e-14 
0.09045 	0.83739 	1.402e-04 	1.203e-08 	1.400e-04 	2.150e-12 	3.376e-04 	5.996e-17 	7.721e-14 
0.11055 	1.02347 	1.406e-04 	2.128e-08 	1.405e-04 	3.793e-12 	3.388e-04 	1.115e-16 	1.096e-13 
0.13065 	1.20956 	1.411e-04 	3.755e-08 	1.410e-04 	6.573e-12 	3.399e-04 	2.063e-16 	1.545e-13 
0.15075 	1.39564 	1.415e-04 	6.607e-08 	1.414e-04 	1.123e-11 	3.410e-04 	3.813e-16 	2.166e-13 
0.17085 	1.58173 	1.418e-04 	1.160e-07 	1.417e-04 	1.901e-11 	3.420e-04 	7.063e-16 	3.022e-13 
0.19095 	1.76782 	1.421e-04 	2.034e-07 	1.420e-04 	3.193e-11 	3.428e-04 	1.313e-15 	4.199e-13 
0.21105 	1.95390 	1.422e-04 	3.559e-07 	1.421e-04 	5.339e-11 	3.435e-04 	2.453e-15 	5.818e-13 
0.23115 	2.13999 	1.421e-04 	6.213e-07 	1.421e-04 	8.911e-11 	3.440e-04 	4.601e-15 	8.048e-13 
0.25125 	2.32607 	1.418e-04 	1.081e-06 	1.418e-04 	1.488e-10 	3.444e-04 	8.662e-15 	1.112e-12 
0.27135 	2.51216 	1.412e-04 	1.873e-06 	1.411e-04 	2.490e-10 	3.447e-04 	1.636e-14 	1.539e-12 
0.29145 	2.69824 	1.399e-04 	3.221e-06 	1.399e-04 	4.184e-10 	3.450e-04 	3.098e-14 	2.135e-12 
0.31155 	2.88433 	1.378e-04 	5.471e-06 	1.377e-04 	7.067e-10 	3.453e-04 	5.885e-14 	2.980e-12 
0.33165 	3.07042 	1.343e-04 	9.116e-06 	1.342e-04 	1.200e-09 	3.455e-04 	1.123e-13 	4.203e-12 
0.35175 	3.25650 	1.287e-04 	1.476e-05 	1.287e-04 	2.047e-09 	3.459e-04 	2.156e-13 	6.027e-12 
0.37185 	3.44259 	1.207e-04 	2.295e-05 	1.207e-04 	3.497e-09 	3.463e-04 	4.189e-13 	8.851e-12 
0.39195 	3.62867 	1.099e-04 	3.392e-05 	1.099e-04 	5.964e-09 	3.467e-04 	8.289e-13 	1.340e-11 
0.41205 	3.81476 	9.681e-05 	4.729e-05 	9.676e-05 	1.011e-08 	3.473e-04 	1.683e-12 	2.098e-11 
0.43215 	4.00084 	8.223e-05 	6.214e-05 	8.217e-05 	1.697e-08 	3.480e-04 	3.528e-12 	3.398e-11 
0.45225 	4.18693 	6.738e-05 	7.726e-05 	6.732e-05 	2.815e-08 	3.486e-04 	7.659e-12 	5.673e-11 
0.47235 	4.37302 	5.333e-05 	9.156e-05 	5.327e-05 	4.617e-08 	3.492e-04 	1.717e-11 	9.700e-11 
0.49245 	4.55910 	4.083e-05 	1.043e-04 	4.077e-05 	7.485e-08 	3.498e-04 	3.949e-11 	1.687e-10 
0.51255 	4.74519 	3.026e-05 	1.150e-04 	3.020e-05 	1.201e-07 	3.502e-04 	9.223e-11 	2.963e-10 
0.53265 	4.93127 	2.171e-05 	1.236e-04 	2.165e-05 	1.910e-07 	3.506e-04 	2.159e-10 	5.211e-10 
0.55275 	5.11736 	1.508e-05 	1.303e-04 	1.502e-05 	3.013e-07 	3.507e-04 	4.985e-10 	9.079e-10 
0.57285 	5.30345 	1.018e-05 	1.351e-04 	1.012e-05 	4.726e-07 	3.508e-04 	1.115e-09 	1.549e-09 
0.59295 	5.48953 	6.717e-06 	1.384e-04 	6.655e-06 	7.412e-07 	3.506e-04 	2.369e-09 	2.555e-09 
0.61305 	5.67562 	4.401e-06 	1.403e-04 	4.341e-06 	1.176e-06 	3.503e-04 	4.707e-09 	4.042e-09 
0.63315 	5.86170 	2.930e-06 	1.410e-04 	2.875e-06 	1.911e-06 	3.495e-04 	8.660e-09 	6.115e-09 
0.65325 	6.04779 	2.041e-06 	1.406e-04 	1.994e-06 	3.195e-06 	3.481e-04 	1.473e-08 	8.885e-09 
0.67335 	6.23387 	1.525e-06 	1.389e-04 	1.485e-06 	5.470e-06 	3.456e-04 	2.326e-08 	1.249e-08 
0.69345 	6.41996 	1.226e-06 	1.352e-04 	1.194e-06 	9.477e-06 	3.412e-04 	3.442e-08 	1.714e-08 
0.71355 	6.60605 	1.042e-06 	1.285e-04 	1.016e-06 	1.635e-05 	3.334e-04 	4.833e-08 	2.315e-08 
0.73365 	6.79213 	9.080e-07 	1.176e-04 	8.865e-07 	2.741e-05 	3.207e-04 	6.537e-08 	3.086e-08 
0.75375 	6.97822 	7.922e-07 	1.019e-04 	7.738e-07 	4.322e-05 	3.019e-04 	8.659e-08 	4.063e-08 
0.77385 	7.16430 	6.838e-07 	8.272e-05 	6.677e-07 	6.250e-05 	2.770e-04 	1.139e-07 	5.272e-08 
0.79395 	7.35039 	5.873e-07 	6.343e-05 	5.726e-07 	8.188e-05 	2.475e-04 	1.488e-07 	6.710e-08 
0.81405 	7.53647 	5.116e-07 	4.775e-05 	4.977e-07 	9.765e-05 	2.145e-04 	1.888e-07 	8.297e-08 
0.83415 	7.72256 	4.641e-07 	3.800e-05 	4.506e-07 	1.075e-04 	1.776e-04 	2.196e-07 	9.762e-08 
0.85425 	7.90865 	4.504e-07 	3.520e-05 	4.370e-07 	1.103e-04 	1.379e-04 	2.150e-07 	1.061e-07 
0.87435 	8.09473 	4.758e-07 	4.042e-05 	4.625e-07 	1.050e-04 	1.017e-04 	1.642e-07 	1.044e-07 
0.89445 	8.28082 	5.378e-07 	5.414e-05 	5.244e-07 	9.126e-05 	7.467e-05 	1.003e-07 	9.472e-08 
0.91455 	8.46690 	6.208e-07 	7.351e-05 	6.072e-07 	7.179e-05 	5.624e-05 	5.596e-08 	8.147e-08 
0.93465 	8.65299 	7.050e-07 	9.376e-05 	6.905e-07 	5.145e-05 	4.318e-05 	3.151e-08 	6.780e-08 
0.95475 	8.83908 	7.743e-07 	1.113e-04 	7.580e-07 	3.378e-05 	3.323e-05 	1.841e-08 	5.535e-08 
0.97485 	9.02516 	8.172e-07 	1.243e-04 	7.980e-07 	2.077e-05 	2.523e-05 	1.111e-08 	4.482e-08 
0.99495 	9.21125 	8.316e-07 	1.321e-04 	8.089e-07 	1.293e-05 	1.888e-05 	6.880e-09 	3.636e-08 
1.01505 	9.39733 	8.304e-07 	1.360e-04 	8.043e-07 	8.983e-06 	1.428e-05 	4.422e-09 	2.987e-08 
1.03515 	9.58342 	8.273e-07 	1.378e-04 	7.992e-07 	7.226e-06 	1.123e-05 	3.013e-09 	2.509e-08 
1.05525 	9.76950 	8.285e-07 	1.383e-04 	7.999e-07 	6.663e-06 	9.301e-06 	2.206e-09 	2.165e-08 
1.07535 	9.95559 	8.353e-07 	1.380e-04 	8.076e-07 	6.935e-06 	8.102e-06 	1.740e-09 	1.921e-08 
1.09545 	10.14168 	8.468e-07 	1.368e-04 	8.210e-07 	8.045e-06 	7.373e-06 	1.472e-09 	1.747e-08 
1.11555 	10.32776 	8.602e-07 	1.345e-04 	8.370e-07 	1.026e-05 	6.925e-06 	1.318e-09 	1.621e-08 
1.13565 	10.51385 	8.700e-07 	1.307e-04 	8.497e-07 	1.402e-05 	6.601e-06 	1.231e-09 	1.527e-08 
1.15575 	10.69993 	8.704e-07 	1.251e-04 	8.528e-07 	1.951e-05 	6.275e-06 	1.174e-09 	1.452e-08 
1.17585 	10.88602 	8.601e-07 	1.181e-04 	8.443e-07 	2.643e-05 	5.897e-06 	1.129e-09 	1.389e-08 
1.19595 	11.07211 	8.414e-07 	1.102e-04 	8.270e-07 	3.421e-05 	5.485e-06 	1.090e-09 	1.333e-08 
1.21605 	11.25819 	8.177e-07 	1.020e-04 	8.042e-07 	4.237e-05 	5.070e-06 	1.058e-09 	1.283e-08 
1.23615 	11.44428 	7.913e-07 	9.368e-05 	7.784e-07 	5.059e-05 	4.672e-06 	1.032e-09 	1.238e-08 
1.25625 	11.63036 	7.639e-07 	8.553e-05 	7.514e-07 	5.865e-05 	4.301e-06 	1.014e-09 	1.197e-08 
1.27635 	11.81645 	7.364e-07 	7.766e-05 	7.242e-07 	6.642e-05 	3.963e-06 	1.004e-09 	1.160e-08 
1.29645 	12.00253 	7.097e-07 	7.018e-05 	6.976e-07 	7.379e-05 	3.659e-06 	1.000e-09 	1.126e-08 
1.31655 	12.18862 	6.840e-07 	6.315e-05 	6.721e-07 	8.070e-05 	3.386e-06 	1.005e-09 	1.095e-08 
1.33665 	12.37471 	6.598e-07 	5.660e-05 	6.479e-07 	8.712e-05 	3.146e-06 	1.016e-09 	1.067e-08 
1.35675 	12.56079 	6.373e-07 	5.057e-05 	6.254e-07 	9.302e-05 	2.934e-06 	1.035e-09 	1.042e-08 
1.37685 	12.74688 	6.166e-07 	4.506e-05 	6.047e-07 	9.840e-05 	2.748e-06 	1.062e-09 	1.019e-08 
1.39695 	12.93296 	5.977e-07 	4.008e-05 	5.858e-07 	1.032e-04 	2.587e-06 	1.096e-09 	9.995e-09 
1.41705 	13.11905 	5.807e-07 	3.562e-05 	5.687e-07 	1.076e-04 	2.448e-06 	1.137e-09 	9.818e-09 
1.43715 	13.30513 	5.655e-07 	3.166e-05 	5.535e-07 	1.114e-04 	2.329e-06 	1.184e-09 	9.663e-09 
1.45725 	13.49122 	5.522e-07 	2.818e-05 	5.401e-07 	1.148e-04 	2.227e-06 	1.237e-09 	9.529e-09 
1.47735 	13.67731 	5.405e-07 	2.516e-05 	5.284e-07 	1.177e-04 	2.141e-06 	1.294e-09 	9.413e-09 
1.49745 	13.86339 	5.304e-07 	2.255e-05 	5.183e-07 	1.202e-04 	2.068e-06 	1.354e-09 	9.314e-09 
1.51755 	14.04948 	5.218e-07 	2.033e-05 	5.096e-07 	1.223e-04 	2.006e-06 	1.415e-09 	9.229e-09 
1.53765 	14.23556 	5.145e-07 	1.844e-05 	5.022e-07 	1.241e-04 	1.955e-06 	1.476e-09 	9.158e-09 
1.55775 	14.42165 	5.083e-07 	1.686e-05 	4.960e-07 	1.256e-04 	1.913e-06 	1.535e-09 	9.098e-09 
1.57785 	14.60774 	5.031e-07 	1.554e-05 	4.909e-07 	1.269e-04 	1.878e-06 	1.591e-09 	9.048e-09 
1.59795 	14.79382 	4.989e-07 	1.444e-05 	4.866e-07 	1.279e-04 	1.850e-06 	1.642e-09 	9.007e-09 
1.61805 	14.97991 	4.953e-07 	1.354e-05 	4.830e-07 	1.288e-04 	1.826e-06 	1.689e-09 	8.973e-09 
1.63815 	15.16599 	4.925e-07 	1.280e-05 	4.801e-07 	1.295e-04 	1.807e-06 	1.730e-09 	8.946e-09 
1.65825 	15.35208 	4.901e-07 	1.220e-05 	4.777e-07 	1.300e-04 	1.791e-06 	1.766e-09 	8.923e-09 
1.67835 	15.53816 	4.882e-07 	1.171e-05 	4.758e-07 	1.305e-04 	1.779e-06 	1.797e-09 	8.905e-09 
1.69845 	15.72425 	4.866e-07 	1.131e-05 	4.742e-07 	1.309e-04 	1.768e-06 	1.823e-09 	8.890e-09 
1.71855 	15.91034 	4.853e-07 	1.099e-05 	4.729e-07 	1.312e-04 	1.760e-06 	1.846e-09 	8.878e-09 
1.73865 	16.09642 	4.843e-07 	1.073e-05 	4.719e-07 	1.314e-04 	1.754e-06 	1.864e-09 	8.868e-09 
1.75875 	16.28251 	4.835e-07 	1.052e-05 	4.711e-07 	1.316e-04 	1.748e-06 	1.879e-09 	8.860e-09 
1.77885 	16.46859 	4.828e-07 	1.035e-05 	4.704e-07 	1.318e-04 	1.744e-06 	1.892e-09 	8.854e-09 
1.79895 	16.65468 	4.823e-07 	1.022e-05 	4.699e-07 	1.319e-04 	1.741e-06 	1.902e-09 	8.849e-09 
1.81905 	16.84076 	4.819e-07 	1.011e-05 	4.694e-07 	1.320e-04 	1.738e-06 	1.911e-09 	8.845e-09 
1.83915 	17.02685 	4.815e-07 	1.002e-05 	4.691e-07 	1.321e-04 	1.736e-06 	1.917e-09 	8.842e-09 
1.85925 	17.21294 	4.813e-07 	9.952e-06 	4.688e-07 	1.322e-04 	1.734e-06 	1.923e-09 	8.839e-09 
1.87935 	17.39902 	4.810e-07 	9.896e-06 	4.686e-07 	1.322e-04 	1.732e-06 	1.927e-09 	8.837e-09 
1.89945 	17.58511 	4.809e-07 	9.851e-06 	4.684e-07 	1.323e-04 	1.731e-06 	1.931e-09 	8.835e-09 
1.91955 	17.77119 	4.807e-07 	9.815e-06 	4.683e-07 	1.323e-04 	1.730e-06 	1.934e-09 	8.834e-09 
1.93965 	17.95728 	4.806e-07 	9.786e-06 	4.682e-07 	1.323e-04 	1.730e-06 	1.936e-09 	8.833e-09 
1.95975 	18.14337 	4.805e-07 	9.763e-06 	4.681e-07 	1.324e-04 	1.729e-06 	1.938e-09 	8.832e-09 
1.97985 	18.32945 	4.804e-07 	9.744e-06 	4.680e-07 	1.324e-04 	1.729e-06 	1.939e-09 	8.831e-09 
1.99995 	18.51554 	4.804e-07 	9.730e-06 	4.679e-07 	1.324e-04 	1.728e-06 	1.941e-09 	8.831e-09 
