n = 1.2e+04, Tgas =  20.0, Tdust =  20.0, Go = 10000.0
pc 	Av 	e- 	C 	C+ 	CO 	O 	O2 	H2O 
0.01005 	0.18609 	1.393e-04 	3.853e-09 	1.392e-04 	6.366e-13 	3.357e-04 	1.730e-17 	2.028e-14 
0.03015 	0.55826 	1.400e-04 	1.211e-08 	1.399e-04 	2.097e-12 	3.373e-04 	5.977e-17 	4.273e-14 
0.05025 	0.93043 	1.409e-04 	3.763e-08 	1.408e-04 	6.327e-12 	3.396e-04 	1.972e-16 	8.630e-14 
0.07035 	1.30260 	1.416e-04 	1.160e-07 	1.415e-04 	1.825e-11 	3.415e-04 	6.537e-16 	1.694e-13 
0.09045 	1.67477 	1.418e-04 	3.553e-07 	1.418e-04 	5.171e-11 	3.427e-04 	2.220e-15 	3.269e-13 
0.11055 	2.04694 	1.414e-04 	1.078e-06 	1.414e-04 	1.469e-10 	3.435e-04 	7.710e-15 	6.257e-13 
0.13065 	2.41912 	1.395e-04 	3.210e-06 	1.395e-04 	4.255e-10 	3.441e-04 	2.711e-14 	1.202e-12 
0.15075 	2.79129 	1.339e-04 	9.080e-06 	1.338e-04 	1.264e-09 	3.446e-04 	9.546e-14 	2.371e-12 
0.17085 	3.16346 	1.204e-04 	2.284e-05 	1.204e-04 	3.814e-09 	3.453e-04 	3.358e-13 	5.009e-12 
0.19095 	3.53563 	9.675e-05 	4.701e-05 	9.672e-05 	1.128e-08 	3.466e-04 	1.217e-12 	1.192e-11 
0.21105 	3.90780 	6.762e-05 	7.675e-05 	6.759e-05 	3.157e-08 	3.481e-04 	4.894e-12 	3.239e-11 
0.23115 	4.27997 	4.128e-05 	1.036e-04 	4.124e-05 	8.246e-08 	3.494e-04 	2.299e-11 	9.694e-11 
0.25125 	4.65214 	2.215e-05 	1.228e-04 	2.212e-05 	2.021e-07 	3.501e-04 	1.207e-10 	3.028e-10 
0.27135 	5.02432 	1.040e-05 	1.339e-04 	1.037e-05 	4.712e-07 	3.498e-04 	6.265e-10 	9.224e-10 
0.29145 	5.39649 	4.314e-06 	1.375e-04 	4.281e-06 	1.083e-06 	3.475e-04 	2.744e-09 	2.515e-09 
0.31155 	5.76866 	1.704e-06 	1.330e-04 	1.675e-06 	2.673e-06 	3.402e-04 	9.049e-09 	5.856e-09 
0.33165 	6.14083 	7.344e-07 	1.128e-04 	7.135e-07 	7.220e-06 	3.183e-04 	2.324e-08 	1.226e-08 
0.35175 	6.51300 	3.607e-07 	6.642e-05 	3.447e-07 	1.703e-05 	2.689e-04 	5.748e-08 	2.562e-08 
0.37185 	6.88517 	2.121e-07 	2.339e-05 	1.974e-07 	2.586e-05 	2.151e-04 	1.547e-07 	5.355e-08 
0.39195 	7.25735 	1.595e-07 	7.865e-06 	1.449e-07 	2.891e-05 	1.628e-04 	3.444e-07 	9.837e-08 
0.41205 	7.62952 	1.446e-07 	5.110e-06 	1.280e-07 	2.937e-05 	7.638e-05 	4.347e-07 	1.303e-07 
0.43215 	8.00169 	1.786e-07 	1.446e-05 	1.612e-07 	2.736e-05 	2.637e-05 	1.449e-07 	9.373e-08 
0.45225 	8.37386 	2.595e-07 	5.419e-05 	2.453e-07 	1.905e-05 	1.793e-05 	2.194e-08 	5.869e-08 
0.47235 	8.74603 	3.309e-07 	9.727e-05 	3.161e-07 	1.006e-05 	1.273e-05 	5.130e-09 	3.652e-08 
0.49245 	9.11820 	3.566e-07 	1.209e-04 	3.389e-07 	5.124e-06 	7.429e-06 	1.495e-09 	2.238e-08 
0.51255 	9.49038 	3.596e-07 	1.295e-04 	3.400e-07 	3.330e-06 	4.302e-06 	5.253e-10 	1.444e-08 
0.53265 	9.86255 	3.613e-07 	1.310e-04 	3.417e-07 	2.995e-06 	2.869e-06 	2.474e-10 	1.036e-08 
0.55275 	10.23472 	3.654e-07 	1.282e-04 	3.470e-07 	3.545e-06 	2.213e-06 	1.568e-10 	8.318e-09 
0.57285 	10.60689 	3.648e-07 	1.209e-04 	3.518e-07 	5.030e-06 	1.847e-06 	1.224e-10 	7.240e-09 
0.59295 	10.97906 	3.627e-07 	1.086e-04 	3.483e-07 	7.530e-06 	1.537e-06 	1.056e-10 	6.589e-09 
0.61305 	11.35123 	3.472e-07 	9.314e-05 	3.341e-07 	1.069e-05 	1.220e-06 	9.256e-11 	6.096e-09 
0.63315 	11.72341 	3.256e-07 	7.683e-05 	3.129e-07 	1.398e-05 	9.319e-07 	8.170e-11 	5.687e-09 
0.65325 	12.09558 	3.022e-07 	6.135e-05 	2.895e-07 	1.707e-05 	7.000e-07 	7.349e-11 	5.342e-09 
0.67335 	12.46775 	2.798e-07 	4.751e-05 	2.665e-07 	1.978e-05 	5.267e-07 	6.842e-11 	5.056e-09 
0.69345 	12.83992 	2.598e-07 	3.567e-05 	2.458e-07 	2.204e-05 	4.033e-07 	6.670e-11 	4.827e-09 
0.71355 	13.21209 	2.431e-07 	2.601e-05 	2.281e-07 	2.383e-05 	3.186e-07 	6.833e-11 	4.651e-09 
0.73365 	13.58426 	2.299e-07 	1.850e-05 	2.140e-07 	2.517e-05 	2.621e-07 	7.304e-11 	4.522e-09 
0.75375 	13.95643 	2.201e-07 	1.295e-05 	2.033e-07 	2.612e-05 	2.254e-07 	8.012e-11 	4.431e-09 
0.77385 	14.32861 	2.131e-07 	9.024e-06 	1.956e-07 	2.678e-05 	2.020e-07 	8.840e-11 	4.370e-09 
0.79395 	14.70078 	2.084e-07 	6.345e-06 	1.902e-07 	2.722e-05 	1.871e-07 	9.663e-11 	4.329e-09 
0.81405 	15.07295 	2.052e-07 	4.558e-06 	1.867e-07 	2.750e-05 	1.776e-07 	1.038e-10 	4.302e-09 
0.83415 	15.44512 	2.031e-07 	3.386e-06 	1.843e-07 	2.769e-05 	1.717e-07 	1.096e-10 	4.285e-09 
0.85425 	15.81729 	2.018e-07 	2.624e-06 	1.828e-07 	2.781e-05 	1.679e-07 	1.139e-10 	4.273e-09 
0.87435 	16.18946 	2.009e-07 	2.132e-06 	1.818e-07 	2.788e-05 	1.655e-07 	1.169e-10 	4.266e-09 
0.89445 	16.56164 	2.004e-07 	1.815e-06 	1.811e-07 	2.793e-05 	1.639e-07 	1.190e-10 	4.262e-09 
0.91455 	16.93381 	2.000e-07 	1.612e-06 	1.807e-07 	2.796e-05 	1.630e-07 	1.204e-10 	4.259e-09 
0.93465 	17.30598 	1.998e-07 	1.481e-06 	1.804e-07 	2.798e-05 	1.623e-07 	1.213e-10 	4.257e-09 
0.95475 	17.67815 	1.996e-07 	1.398e-06 	1.803e-07 	2.800e-05 	1.619e-07 	1.219e-10 	4.256e-09 
0.97485 	18.05032 	1.995e-07 	1.344e-06 	1.802e-07 	2.800e-05 	1.617e-07 	1.222e-10 	4.255e-09 
0.99495 	18.42249 	1.995e-07 	1.310e-06 	1.801e-07 	2.801e-05 	1.615e-07 	1.225e-10 	4.254e-09 
1.01505 	18.79467 	1.994e-07 	1.288e-06 	1.800e-07 	2.801e-05 	1.614e-07 	1.227e-10 	4.254e-09 
1.03515 	19.16684 	1.994e-07 	1.274e-06 	1.800e-07 	2.801e-05 	1.613e-07 	1.228e-10 	4.254e-09 
1.05525 	19.53901 	1.994e-07 	1.265e-06 	1.800e-07 	2.802e-05 	1.613e-07 	1.228e-10 	4.254e-09 
1.07535 	19.91118 	1.994e-07 	1.259e-06 	1.800e-07 	2.802e-05 	1.613e-07 	1.229e-10 	4.254e-09 
1.09545 	20.28335 	1.994e-07 	1.255e-06 	1.800e-07 	2.802e-05 	1.613e-07 	1.229e-10 	4.254e-09 
1.11555 	20.65552 	1.994e-07 	1.253e-06 	1.800e-07 	2.802e-05 	1.612e-07 	1.229e-10 	4.254e-09 
1.13565 	21.02770 	1.994e-07 	1.251e-06 	1.800e-07 	2.802e-05 	1.612e-07 	1.229e-10 	4.253e-09 
1.15575 	21.39987 	1.994e-07 	1.250e-06 	1.800e-07 	2.802e-05 	1.612e-07 	1.229e-10 	4.253e-09 
1.17585 	21.77204 	1.994e-07 	1.250e-06 	1.800e-07 	2.802e-05 	1.612e-07 	1.229e-10 	4.253e-09 
1.19595 	22.14421 	1.994e-07 	1.249e-06 	1.800e-07 	2.802e-05 	1.612e-07 	1.229e-10 	4.253e-09 
1.21605 	22.51638 	1.994e-07 	1.249e-06 	1.800e-07 	2.802e-05 	1.612e-07 	1.229e-10 	4.253e-09 
1.23615 	22.88855 	1.994e-07 	1.249e-06 	1.800e-07 	2.802e-05 	1.612e-07 	1.229e-10 	4.253e-09 
1.25625 	23.26072 	1.994e-07 	1.249e-06 	1.800e-07 	2.802e-05 	1.612e-07 	1.229e-10 	4.253e-09 
1.27635 	23.63290 	1.994e-07 	1.249e-06 	1.800e-07 	2.802e-05 	1.612e-07 	1.229e-10 	4.253e-09 
1.29645 	24.00507 	1.994e-07 	1.249e-06 	1.800e-07 	2.802e-05 	1.612e-07 	1.229e-10 	4.253e-09 
1.31655 	24.37724 	1.994e-07 	1.249e-06 	1.800e-07 	2.802e-05 	1.612e-07 	1.229e-10 	4.253e-09 
1.33665 	24.74941 	1.994e-07 	1.249e-06 	1.800e-07 	2.802e-05 	1.612e-07 	1.229e-10 	4.253e-09 
1.35675 	25.12158 	1.994e-07 	1.249e-06 	1.800e-07 	2.802e-05 	1.612e-07 	1.229e-10 	4.253e-09 
1.37685 	25.49375 	1.994e-07 	1.249e-06 	1.800e-07 	2.802e-05 	1.612e-07 	1.229e-10 	4.253e-09 
1.39695 	25.86593 	1.994e-07 	1.249e-06 	1.800e-07 	2.802e-05 	1.612e-07 	1.229e-10 	4.253e-09 
1.41705 	26.23810 	1.994e-07 	1.249e-06 	1.800e-07 	2.802e-05 	1.612e-07 	1.229e-10 	4.253e-09 
1.43715 	26.61027 	1.994e-07 	1.249e-06 	1.800e-07 	2.802e-05 	1.612e-07 	1.229e-10 	4.253e-09 
1.45725 	26.98244 	1.994e-07 	1.249e-06 	1.800e-07 	2.802e-05 	1.612e-07 	1.229e-10 	4.253e-09 
1.47735 	27.35461 	1.994e-07 	1.249e-06 	1.800e-07 	2.802e-05 	1.612e-07 	1.229e-10 	4.253e-09 
1.49745 	27.72678 	1.994e-07 	1.249e-06 	1.800e-07 	2.802e-05 	1.612e-07 	1.229e-10 	4.253e-09 
1.51755 	28.09896 	1.994e-07 	1.249e-06 	1.800e-07 	2.802e-05 	1.612e-07 	1.229e-10 	4.253e-09 
1.53765 	28.47113 	1.994e-07 	1.249e-06 	1.800e-07 	2.802e-05 	1.612e-07 	1.229e-10 	4.253e-09 
1.55775 	28.84330 	1.994e-07 	1.249e-06 	1.800e-07 	2.802e-05 	1.612e-07 	1.229e-10 	4.253e-09 
1.57785 	29.21547 	1.994e-07 	1.249e-06 	1.800e-07 	2.802e-05 	1.612e-07 	1.229e-10 	4.253e-09 
1.59795 	29.58764 	1.994e-07 	1.249e-06 	1.800e-07 	2.802e-05 	1.612e-07 	1.229e-10 	4.253e-09 
1.61805 	29.95981 	1.994e-07 	1.249e-06 	1.800e-07 	2.802e-05 	1.612e-07 	1.229e-10 	4.253e-09 
1.63815 	30.33199 	1.994e-07 	1.249e-06 	1.800e-07 	2.802e-05 	1.612e-07 	1.229e-10 	4.253e-09 
1.65825 	30.70416 	1.994e-07 	1.249e-06 	1.800e-07 	2.802e-05 	1.612e-07 	1.229e-10 	4.253e-09 
1.67835 	31.07633 	1.994e-07 	1.249e-06 	1.800e-07 	2.802e-05 	1.612e-07 	1.229e-10 	4.253e-09 
1.69845 	31.44850 	1.994e-07 	1.249e-06 	1.800e-07 	2.802e-05 	1.612e-07 	1.229e-10 	4.253e-09 
1.71855 	31.82067 	1.994e-07 	1.249e-06 	1.800e-07 	2.802e-05 	1.612e-07 	1.229e-10 	4.253e-09 
1.73865 	32.19284 	1.994e-07 	1.249e-06 	1.800e-07 	2.802e-05 	1.612e-07 	1.229e-10 	4.253e-09 
1.75875 	32.56501 	1.994e-07 	1.249e-06 	1.800e-07 	2.802e-05 	1.612e-07 	1.229e-10 	4.253e-09 
1.77885 	32.93719 	1.994e-07 	1.249e-06 	1.800e-07 	2.802e-05 	1.612e-07 	1.229e-10 	4.253e-09 
1.79895 	33.30936 	1.994e-07 	1.249e-06 	1.800e-07 	2.802e-05 	1.612e-07 	1.229e-10 	4.253e-09 
1.81905 	33.68153 	1.994e-07 	1.249e-06 	1.800e-07 	2.802e-05 	1.612e-07 	1.229e-10 	4.253e-09 
1.83915 	34.05370 	1.994e-07 	1.249e-06 	1.800e-07 	2.802e-05 	1.612e-07 	1.229e-10 	4.253e-09 
1.85925 	34.42587 	1.994e-07 	1.249e-06 	1.800e-07 	2.802e-05 	1.612e-07 	1.229e-10 	4.253e-09 
1.87935 	34.79804 	1.994e-07 	1.249e-06 	1.800e-07 	2.802e-05 	1.612e-07 	1.229e-10 	4.253e-09 
1.89945 	35.17022 	1.994e-07 	1.249e-06 	1.800e-07 	2.802e-05 	1.612e-07 	1.229e-10 	4.253e-09 
1.91955 	35.54239 	1.994e-07 	1.249e-06 	1.800e-07 	2.802e-05 	1.612e-07 	1.229e-10 	4.253e-09 
1.93965 	35.91456 	1.994e-07 	1.249e-06 	1.800e-07 	2.802e-05 	1.612e-07 	1.229e-10 	4.253e-09 
1.95975 	36.28673 	1.994e-07 	1.249e-06 	1.800e-07 	2.802e-05 	1.612e-07 	1.229e-10 	4.253e-09 
1.97985 	36.65890 	1.994e-07 	1.249e-06 	1.800e-07 	2.802e-05 	1.612e-07 	1.229e-10 	4.253e-09 
1.99995 	37.03107 	1.994e-07 	1.249e-06 	1.800e-07 	2.802e-05 	1.612e-07 	1.229e-10 	4.253e-09 
