n = 1.3e+04, Tgas =  25.0, Tdust =  25.0, Go = 10000.0
pc 	Av 	e- 	C 	C+ 	CO 	O 	O2 	H2O 
0.01005 	0.20159 	1.399e-04 	3.896e-09 	1.398e-04 	8.012e-13 	3.371e-04 	2.302e-17 	2.426e-14 
0.03015 	0.60478 	1.406e-04 	1.348e-08 	1.406e-04 	2.885e-12 	3.390e-04 	8.724e-17 	5.314e-14 
0.05025 	1.00796 	1.416e-04 	4.599e-08 	1.415e-04 	9.399e-12 	3.413e-04 	3.172e-16 	1.120e-13 
0.07035 	1.41115 	1.422e-04 	1.554e-07 	1.421e-04 	2.926e-11 	3.431e-04 	1.171e-15 	2.301e-13 
0.09045 	1.81434 	1.423e-04 	5.210e-07 	1.422e-04 	8.993e-11 	3.442e-04 	4.450e-15 	4.655e-13 
0.11055 	2.21752 	1.413e-04 	1.724e-06 	1.413e-04 	2.798e-10 	3.448e-04 	1.729e-14 	9.377e-13 
0.13065 	2.62071 	1.377e-04 	5.512e-06 	1.377e-04 	8.954e-10 	3.453e-04 	6.775e-14 	1.913e-12 
0.15075 	3.02389 	1.274e-04 	1.604e-05 	1.274e-04 	2.942e-09 	3.459e-04 	2.655e-13 	4.107e-12 
0.17085 	3.42708 	1.056e-04 	3.831e-05 	1.056e-04 	9.609e-09 	3.469e-04 	1.064e-12 	9.890e-12 
0.19095 	3.83027 	7.456e-05 	6.990e-05 	7.453e-05 	2.969e-08 	3.483e-04 	4.716e-12 	2.784e-11 
0.21105 	4.23345 	4.465e-05 	1.003e-04 	4.462e-05 	8.457e-08 	3.496e-04 	2.479e-11 	8.906e-11 
0.23115 	4.63664 	2.287e-05 	1.224e-04 	2.284e-05 	2.230e-07 	3.505e-04 	1.477e-10 	3.027e-10 
0.25125 	5.03982 	1.000e-05 	1.352e-04 	9.971e-06 	5.551e-07 	3.508e-04 	8.542e-10 	9.997e-10 
0.27135 	5.44301 	3.832e-06 	1.407e-04 	3.802e-06 	1.382e-06 	3.502e-04 	3.908e-09 	2.862e-09 
0.29145 	5.84620 	1.471e-06 	1.406e-04 	1.448e-06 	3.882e-06 	3.476e-04 	1.238e-08 	6.750e-09 
0.31155 	6.24938 	7.097e-07 	1.329e-04 	6.935e-07 	1.235e-05 	3.383e-04 	2.788e-08 	1.386e-08 
0.33165 	6.65257 	4.480e-07 	1.093e-04 	4.364e-07 	3.624e-05 	3.109e-04 	5.070e-08 	2.627e-08 
0.35175 	7.05575 	3.100e-07 	6.790e-05 	3.007e-07 	7.774e-05 	2.562e-04 	8.786e-08 	4.579e-08 
0.37185 	7.45894 	2.318e-07 	3.460e-05 	2.234e-07 	1.111e-04 	1.805e-04 	1.427e-07 	6.980e-08 
0.39195 	7.86213 	2.263e-07 	3.151e-05 	2.181e-07 	1.142e-04 	9.392e-05 	1.118e-07 	7.598e-08 
0.41205 	8.26531 	2.952e-07 	6.528e-05 	2.874e-07 	8.040e-05 	4.324e-05 	2.877e-08 	5.602e-08 
0.43215 	8.66850 	3.765e-07 	1.098e-04 	3.679e-07 	3.581e-05 	2.184e-05 	6.946e-09 	3.490e-08 
0.45225 	9.07168 	4.002e-07 	1.347e-04 	3.878e-07 	1.082e-05 	1.048e-05 	1.938e-09 	2.049e-08 
0.47235 	9.47487 	3.856e-07 	1.405e-04 	3.698e-07 	5.021e-06 	5.195e-06 	6.258e-10 	1.253e-08 
0.49245 	9.87805 	3.839e-07 	1.410e-04 	3.678e-07 	4.381e-06 	3.308e-06 	2.867e-10 	8.737e-09 
0.51255 	10.28124 	3.972e-07 	1.390e-04 	3.832e-07 	6.218e-06 	2.674e-06 	1.920e-10 	6.977e-09 
0.53265 	10.68443 	4.138e-07 	1.319e-04 	4.032e-07 	1.311e-05 	2.467e-06 	1.683e-10 	6.107e-09 
0.55275 	11.08761 	4.070e-07 	1.166e-04 	3.987e-07 	2.819e-05 	2.205e-06 	1.600e-10 	5.562e-09 
0.57285 	11.49080 	3.816e-07 	9.801e-05 	3.743e-07 	4.656e-05 	1.863e-06 	1.525e-10 	5.116e-09 
0.59295 	11.89398 	3.523e-07 	7.992e-05 	3.451e-07 	6.434e-05 	1.557e-06 	1.492e-10 	4.749e-09 
0.61305 	12.29717 	3.243e-07 	6.373e-05 	3.173e-07 	8.019e-05 	1.310e-06 	1.511e-10 	4.449e-09 
0.63315 	12.70036 	2.999e-07 	4.993e-05 	2.928e-07 	9.361e-05 	1.121e-06 	1.588e-10 	4.208e-09 
0.65325 	13.10354 	2.796e-07 	3.866e-05 	2.724e-07 	1.045e-04 	9.794e-07 	1.727e-10 	4.019e-09 
0.67335 	13.50673 	2.637e-07 	2.984e-05 	2.563e-07 	1.130e-04 	8.772e-07 	1.926e-10 	3.877e-09 
0.69345 	13.90991 	2.516e-07 	2.324e-05 	2.441e-07 	1.192e-04 	8.051e-07 	2.172e-10 	3.774e-09 
0.71355 	14.31310 	2.430e-07 	1.852e-05 	2.354e-07 	1.237e-04 	7.556e-07 	2.439e-10 	3.702e-09 
0.73365 	14.71629 	2.370e-07 	1.527e-05 	2.294e-07 	1.268e-04 	7.225e-07 	2.697e-10 	3.652e-09 
0.75375 	15.11947 	2.330e-07 	1.310e-05 	2.253e-07 	1.288e-04 	7.007e-07 	2.920e-10 	3.620e-09 
0.77385 	15.52266 	2.304e-07 	1.169e-05 	2.227e-07 	1.301e-04 	6.867e-07 	3.095e-10 	3.598e-09 
0.79395 	15.92584 	2.288e-07 	1.079e-05 	2.210e-07 	1.310e-04 	6.778e-07 	3.223e-10 	3.585e-09 
0.81405 	16.32903 	2.277e-07 	1.023e-05 	2.200e-07 	1.315e-04 	6.722e-07 	3.310e-10 	3.576e-09 
0.83415 	16.73221 	2.271e-07 	9.873e-06 	2.193e-07 	1.318e-04 	6.687e-07 	3.369e-10 	3.571e-09 
0.85425 	17.13540 	2.266e-07 	9.652e-06 	2.189e-07 	1.320e-04 	6.665e-07 	3.406e-10 	3.568e-09 
0.87435 	17.53859 	2.264e-07 	9.515e-06 	2.186e-07 	1.322e-04 	6.652e-07 	3.430e-10 	3.566e-09 
0.89445 	17.94177 	2.262e-07 	9.430e-06 	2.185e-07 	1.322e-04 	6.644e-07 	3.445e-10 	3.564e-09 
0.91455 	18.34496 	2.261e-07 	9.378e-06 	2.184e-07 	1.323e-04 	6.639e-07 	3.454e-10 	3.564e-09 
0.93465 	18.74814 	2.261e-07 	9.346e-06 	2.183e-07 	1.323e-04 	6.635e-07 	3.460e-10 	3.563e-09 
0.95475 	19.15133 	2.260e-07 	9.326e-06 	2.183e-07 	1.323e-04 	6.633e-07 	3.464e-10 	3.563e-09 
0.97485 	19.55452 	2.260e-07 	9.314e-06 	2.182e-07 	1.323e-04 	6.632e-07 	3.466e-10 	3.563e-09 
0.99495 	19.95770 	2.260e-07 	9.306e-06 	2.182e-07 	1.323e-04 	6.631e-07 	3.467e-10 	3.563e-09 
1.01505 	20.36089 	2.260e-07 	9.301e-06 	2.182e-07 	1.324e-04 	6.631e-07 	3.468e-10 	3.563e-09 
1.03515 	20.76407 	2.260e-07 	9.298e-06 	2.182e-07 	1.324e-04 	6.631e-07 	3.468e-10 	3.562e-09 
1.05525 	21.16726 	2.260e-07 	9.297e-06 	2.182e-07 	1.324e-04 	6.631e-07 	3.469e-10 	3.562e-09 
1.07535 	21.57045 	2.260e-07 	9.296e-06 	2.182e-07 	1.324e-04 	6.630e-07 	3.469e-10 	3.562e-09 
1.09545 	21.97363 	2.260e-07 	9.295e-06 	2.182e-07 	1.324e-04 	6.630e-07 	3.469e-10 	3.562e-09 
1.11555 	22.37682 	2.260e-07 	9.295e-06 	2.182e-07 	1.324e-04 	6.630e-07 	3.469e-10 	3.562e-09 
1.13565 	22.78000 	2.260e-07 	9.294e-06 	2.182e-07 	1.324e-04 	6.630e-07 	3.469e-10 	3.562e-09 
1.15575 	23.18319 	2.260e-07 	9.294e-06 	2.182e-07 	1.324e-04 	6.630e-07 	3.469e-10 	3.562e-09 
1.17585 	23.58638 	2.260e-07 	9.294e-06 	2.182e-07 	1.324e-04 	6.630e-07 	3.469e-10 	3.562e-09 
1.19595 	23.98956 	2.260e-07 	9.294e-06 	2.182e-07 	1.324e-04 	6.630e-07 	3.469e-10 	3.562e-09 
1.21605 	24.39275 	2.260e-07 	9.294e-06 	2.182e-07 	1.324e-04 	6.630e-07 	3.469e-10 	3.562e-09 
1.23615 	24.79593 	2.260e-07 	9.294e-06 	2.182e-07 	1.324e-04 	6.630e-07 	3.469e-10 	3.562e-09 
1.25625 	25.19912 	2.260e-07 	9.294e-06 	2.182e-07 	1.324e-04 	6.630e-07 	3.469e-10 	3.562e-09 
1.27635 	25.60230 	2.260e-07 	9.294e-06 	2.182e-07 	1.324e-04 	6.630e-07 	3.469e-10 	3.562e-09 
1.29645 	26.00549 	2.260e-07 	9.294e-06 	2.182e-07 	1.324e-04 	6.630e-07 	3.469e-10 	3.562e-09 
1.31655 	26.40868 	2.260e-07 	9.294e-06 	2.182e-07 	1.324e-04 	6.630e-07 	3.469e-10 	3.562e-09 
1.33665 	26.81186 	2.260e-07 	9.294e-06 	2.182e-07 	1.324e-04 	6.630e-07 	3.469e-10 	3.562e-09 
1.35675 	27.21505 	2.260e-07 	9.294e-06 	2.182e-07 	1.324e-04 	6.630e-07 	3.469e-10 	3.562e-09 
1.37685 	27.61823 	2.260e-07 	9.294e-06 	2.182e-07 	1.324e-04 	6.630e-07 	3.469e-10 	3.562e-09 
1.39695 	28.02142 	2.260e-07 	9.294e-06 	2.182e-07 	1.324e-04 	6.630e-07 	3.469e-10 	3.562e-09 
1.41705 	28.42461 	2.260e-07 	9.294e-06 	2.182e-07 	1.324e-04 	6.630e-07 	3.469e-10 	3.562e-09 
1.43715 	28.82779 	2.260e-07 	9.294e-06 	2.182e-07 	1.324e-04 	6.630e-07 	3.469e-10 	3.562e-09 
1.45725 	29.23098 	2.260e-07 	9.294e-06 	2.182e-07 	1.324e-04 	6.630e-07 	3.469e-10 	3.562e-09 
1.47735 	29.63416 	2.260e-07 	9.294e-06 	2.182e-07 	1.324e-04 	6.630e-07 	3.469e-10 	3.562e-09 
1.49745 	30.03735 	2.260e-07 	9.294e-06 	2.182e-07 	1.324e-04 	6.630e-07 	3.469e-10 	3.562e-09 
1.51755 	30.44054 	2.260e-07 	9.294e-06 	2.182e-07 	1.324e-04 	6.630e-07 	3.469e-10 	3.562e-09 
1.53765 	30.84372 	2.260e-07 	9.294e-06 	2.182e-07 	1.324e-04 	6.630e-07 	3.469e-10 	3.562e-09 
1.55775 	31.24691 	2.260e-07 	9.294e-06 	2.182e-07 	1.324e-04 	6.630e-07 	3.469e-10 	3.562e-09 
1.57785 	31.65009 	2.260e-07 	9.294e-06 	2.182e-07 	1.324e-04 	6.630e-07 	3.469e-10 	3.562e-09 
1.59795 	32.05328 	2.260e-07 	9.294e-06 	2.182e-07 	1.324e-04 	6.630e-07 	3.469e-10 	3.562e-09 
1.61805 	32.45646 	2.260e-07 	9.294e-06 	2.182e-07 	1.324e-04 	6.630e-07 	3.469e-10 	3.562e-09 
1.63815 	32.85965 	2.260e-07 	9.294e-06 	2.182e-07 	1.324e-04 	6.630e-07 	3.469e-10 	3.562e-09 
1.65825 	33.26284 	2.260e-07 	9.294e-06 	2.182e-07 	1.324e-04 	6.630e-07 	3.469e-10 	3.562e-09 
1.67835 	33.66602 	2.260e-07 	9.294e-06 	2.182e-07 	1.324e-04 	6.630e-07 	3.469e-10 	3.562e-09 
1.69845 	34.06921 	2.260e-07 	9.294e-06 	2.182e-07 	1.324e-04 	6.630e-07 	3.469e-10 	3.562e-09 
1.71855 	34.47239 	2.260e-07 	9.294e-06 	2.182e-07 	1.324e-04 	6.630e-07 	3.469e-10 	3.562e-09 
1.73865 	34.87558 	2.260e-07 	9.294e-06 	2.182e-07 	1.324e-04 	6.630e-07 	3.469e-10 	3.562e-09 
1.75875 	35.27877 	2.260e-07 	9.294e-06 	2.182e-07 	1.324e-04 	6.630e-07 	3.469e-10 	3.562e-09 
1.77885 	35.68195 	2.260e-07 	9.294e-06 	2.182e-07 	1.324e-04 	6.630e-07 	3.469e-10 	3.562e-09 
1.79895 	36.08514 	2.260e-07 	9.294e-06 	2.182e-07 	1.324e-04 	6.630e-07 	3.469e-10 	3.562e-09 
1.81905 	36.48832 	2.260e-07 	9.294e-06 	2.182e-07 	1.324e-04 	6.630e-07 	3.469e-10 	3.562e-09 
1.83915 	36.89151 	2.260e-07 	9.294e-06 	2.182e-07 	1.324e-04 	6.630e-07 	3.469e-10 	3.562e-09 
1.85925 	37.29470 	2.260e-07 	9.294e-06 	2.182e-07 	1.324e-04 	6.630e-07 	3.469e-10 	3.562e-09 
1.87935 	37.69788 	2.260e-07 	9.294e-06 	2.182e-07 	1.324e-04 	6.630e-07 	3.469e-10 	3.562e-09 
1.89945 	38.10107 	2.260e-07 	9.294e-06 	2.182e-07 	1.324e-04 	6.630e-07 	3.469e-10 	3.562e-09 
1.91955 	38.50425 	2.260e-07 	9.294e-06 	2.182e-07 	1.324e-04 	6.630e-07 	3.469e-10 	3.562e-09 
1.93965 	38.90744 	2.260e-07 	9.294e-06 	2.182e-07 	1.324e-04 	6.630e-07 	3.469e-10 	3.562e-09 
1.95975 	39.31063 	2.260e-07 	9.294e-06 	2.182e-07 	1.324e-04 	6.630e-07 	3.469e-10 	3.562e-09 
1.97985 	39.71381 	2.260e-07 	9.294e-06 	2.182e-07 	1.324e-04 	6.630e-07 	3.469e-10 	3.562e-09 
1.99995 	40.11700 	2.260e-07 	9.294e-06 	2.182e-07 	1.324e-04 	6.630e-07 	3.469e-10 	3.562e-09 
