n = 1.0e+04, Tgas =  26.2, Tdust =  26.2, Go = 10000.0
pc 	Av 	e- 	C 	C+ 	CO 	O 	O2 	H2O 
0.01005 	0.15895 	1.399e-04 	2.584e-09 	1.398e-04 	4.885e-13 	3.370e-04 	1.347e-17 	2.223e-14 
0.03015 	0.47684 	1.401e-04 	6.928e-09 	1.400e-04 	1.430e-12 	3.376e-04 	4.043e-17 	4.161e-14 
0.05025 	0.79474 	1.408e-04 	1.838e-08 	1.408e-04 	3.812e-12 	3.394e-04 	1.146e-16 	7.596e-14 
0.07035 	1.11264 	1.416e-04 	4.834e-08 	1.415e-04 	9.628e-12 	3.413e-04 	3.198e-16 	1.360e-13 
0.09045 	1.43053 	1.421e-04 	1.264e-07 	1.421e-04 	2.360e-11 	3.428e-04 	9.000e-16 	2.398e-13 
0.11055 	1.74843 	1.423e-04 	3.288e-07 	1.423e-04 	5.706e-11 	3.439e-04 	2.575e-15 	4.186e-13 
0.13065 	2.06633 	1.421e-04 	8.504e-07 	1.421e-04 	1.379e-10 	3.446e-04 	7.484e-15 	7.272e-13 
0.15075 	2.38422 	1.410e-04 	2.174e-06 	1.409e-04 	3.366e-10 	3.450e-04 	2.198e-14 	1.264e-12 
0.17085 	2.70212 	1.379e-04 	5.417e-06 	1.379e-04 	8.356e-10 	3.454e-04 	6.488e-14 	2.221e-12 
0.19095 	3.02002 	1.307e-04 	1.275e-05 	1.307e-04 	2.110e-09 	3.459e-04 	1.924e-13 	4.025e-12 
0.21105 	3.33791 	1.168e-04 	2.699e-05 	1.167e-04 	5.351e-09 	3.465e-04 	5.795e-13 	7.758e-12 
0.23115 	3.65581 	9.532e-05 	4.882e-05 	9.529e-05 	1.333e-08 	3.475e-04 	1.829e-12 	1.639e-11 
0.25125 	3.97371 	7.009e-05 	7.450e-05 	7.006e-05 	3.193e-08 	3.486e-04 	6.308e-12 	3.817e-11 
0.27135 	4.29160 	4.654e-05 	9.846e-05 	4.650e-05 	7.301e-08 	3.496e-04 	2.415e-11 	9.575e-11 
0.29145 	4.60950 	2.803e-05 	1.172e-04 	2.800e-05 	1.599e-07 	3.504e-04 	9.953e-11 	2.502e-10 
0.31155 	4.92740 	1.532e-05 	1.300e-04 	1.528e-05 	3.379e-07 	3.508e-04 	4.126e-10 	6.530e-10 
0.33165 	5.24529 	7.619e-06 	1.375e-04 	7.582e-06 	7.000e-07 	3.508e-04 	1.567e-09 	1.611e-09 
0.35175 	5.56319 	3.567e-06 	1.408e-04 	3.533e-06 	1.484e-06 	3.501e-04 	4.958e-09 	3.563e-09 
0.37185 	5.88109 	1.722e-06 	1.408e-04 	1.693e-06 	3.424e-06 	3.481e-04 	1.244e-08 	6.969e-09 
0.39195 	6.19898 	9.700e-07 	1.364e-04 	9.484e-07 	8.587e-06 	3.424e-04 	2.508e-08 	1.243e-08 
0.41205 	6.51688 	6.605e-07 	1.239e-04 	6.447e-07 	2.139e-05 	3.280e-04 	4.300e-08 	2.097e-08 
0.43215 	6.83478 	4.949e-07 	9.871e-05 	4.825e-07 	4.673e-05 	2.981e-04 	6.777e-08 	3.385e-08 
0.45225 	7.15267 	3.757e-07 	6.493e-05 	3.652e-07 	8.063e-05 	2.514e-04 	1.058e-07 	5.182e-08 
0.47235 	7.47057 	2.982e-07 	3.852e-05 	2.885e-07 	1.071e-04 	1.927e-04 	1.565e-07 	7.297e-08 
0.49245 	7.78847 	2.756e-07 	3.041e-05 	2.661e-07 	1.153e-04 	1.241e-04 	1.598e-07 	8.520e-08 
0.51255 	8.10636 	3.178e-07 	4.535e-05 	3.086e-07 	1.003e-04 	6.876e-05 	7.669e-08 	7.553e-08 
0.53265 	8.42426 	4.024e-07 	7.910e-05 	3.931e-07 	6.645e-05 	3.983e-05 	2.520e-08 	5.652e-08 
0.55275 	8.74216 	4.780e-07 	1.119e-04 	4.674e-07 	3.357e-05 	2.413e-05 	9.001e-09 	3.914e-08 
0.57285 	9.06005 	5.068e-07 	1.315e-04 	4.929e-07 	1.394e-05 	1.417e-05 	3.552e-09 	2.643e-08 
0.59295 	9.37795 	4.994e-07 	1.382e-04 	4.820e-07 	7.215e-06 	8.378e-06 	1.540e-09 	1.829e-08 
0.61305 	9.69585 	4.950e-07 	1.396e-04 	4.765e-07 	5.687e-06 	5.658e-06 	8.073e-10 	1.361e-08 
0.63315 	10.01374 	5.023e-07 	1.389e-04 	4.849e-07 	6.373e-06 	4.467e-06 	5.333e-10 	1.103e-08 
0.65325 	10.33164 	5.172e-07 	1.355e-04 	5.026e-07 	9.581e-06 	3.964e-06 	4.299e-10 	9.574e-09 
0.67335 	10.64954 	5.253e-07 	1.277e-04 	5.136e-07 	1.726e-05 	3.660e-06 	3.906e-10 	8.683e-09 
0.69345 	10.96743 	5.138e-07 	1.153e-04 	5.040e-07 	2.953e-05 	3.286e-06 	3.678e-10 	8.035e-09 
0.71355 	11.28533 	4.895e-07 	1.010e-04 	4.806e-07 	4.371e-05 	2.875e-06 	3.511e-10 	7.508e-09 
0.73365 	11.60322 	4.608e-07 	8.659e-05 	4.523e-07 	5.790e-05 	2.496e-06 	3.416e-10 	7.067e-09 
0.75375 	11.92112 	4.320e-07 	7.310e-05 	4.237e-07 	7.119e-05 	2.172e-06 	3.399e-10 	6.695e-09 
0.77385 	12.23902 	4.052e-07 	6.090e-05 	3.969e-07 	8.316e-05 	1.904e-06 	3.461e-10 	6.379e-09 
0.79395 	12.55691 	3.811e-07 	5.020e-05 	3.728e-07 	9.361e-05 	1.687e-06 	3.607e-10 	6.115e-09 
0.81405 	12.87481 	3.604e-07 	4.107e-05 	3.520e-07 	1.025e-04 	1.515e-06 	3.838e-10 	5.896e-09 
0.83415 	13.19271 	3.430e-07 	3.348e-05 	3.345e-07 	1.098e-04 	1.380e-06 	4.153e-10 	5.719e-09 
0.85425 	13.51060 	3.288e-07 	2.735e-05 	3.203e-07 	1.157e-04 	1.277e-06 	4.543e-10 	5.579e-09 
0.87435 	13.82850 	3.177e-07 	2.254e-05 	3.090e-07 	1.204e-04 	1.200e-06 	4.987e-10 	5.470e-09 
0.89445 	14.14640 	3.091e-07 	1.886e-05 	3.004e-07 	1.239e-04 	1.142e-06 	5.456e-10 	5.387e-09 
0.91455 	14.46429 	3.027e-07 	1.611e-05 	2.939e-07 	1.265e-04 	1.100e-06 	5.915e-10 	5.326e-09 
0.93465 	14.78219 	2.980e-07 	1.410e-05 	2.892e-07 	1.284e-04 	1.070e-06 	6.335e-10 	5.281e-09 
0.95475 	15.10009 	2.947e-07 	1.265e-05 	2.858e-07 	1.298e-04 	1.048e-06 	6.695e-10 	5.249e-09 
0.97485 	15.41798 	2.923e-07 	1.163e-05 	2.833e-07 	1.308e-04 	1.033e-06 	6.987e-10 	5.226e-09 
0.99495 	15.73588 	2.906e-07 	1.091e-05 	2.816e-07 	1.314e-04 	1.022e-06 	7.213e-10 	5.211e-09 
1.01505 	16.05378 	2.894e-07 	1.041e-05 	2.805e-07 	1.319e-04 	1.015e-06 	7.383e-10 	5.200e-09 
1.03515 	16.37167 	2.886e-07 	1.007e-05 	2.796e-07 	1.322e-04 	1.010e-06 	7.506e-10 	5.192e-09 
1.05525 	16.68957 	2.880e-07 	9.831e-06 	2.791e-07 	1.325e-04 	1.006e-06 	7.595e-10 	5.187e-09 
1.07535 	17.00747 	2.877e-07 	9.667e-06 	2.787e-07 	1.326e-04 	1.004e-06 	7.657e-10 	5.183e-09 
1.09545 	17.32536 	2.874e-07 	9.555e-06 	2.784e-07 	1.327e-04 	1.002e-06 	7.700e-10 	5.181e-09 
1.11555 	17.64326 	2.872e-07 	9.478e-06 	2.782e-07 	1.328e-04 	1.001e-06 	7.731e-10 	5.179e-09 
1.13565 	17.96116 	2.871e-07 	9.425e-06 	2.781e-07 	1.328e-04 	1.000e-06 	7.751e-10 	5.178e-09 
1.15575 	18.27905 	2.870e-07 	9.390e-06 	2.780e-07 	1.329e-04 	9.998e-07 	7.766e-10 	5.177e-09 
1.17585 	18.59695 	2.869e-07 	9.365e-06 	2.780e-07 	1.329e-04 	9.995e-07 	7.776e-10 	5.176e-09 
1.19595 	18.91485 	2.869e-07 	9.348e-06 	2.779e-07 	1.329e-04 	9.992e-07 	7.782e-10 	5.176e-09 
1.21605 	19.23274 	2.869e-07 	9.337e-06 	2.779e-07 	1.329e-04 	9.990e-07 	7.787e-10 	5.176e-09 
1.23615 	19.55064 	2.869e-07 	9.329e-06 	2.779e-07 	1.329e-04 	9.989e-07 	7.790e-10 	5.176e-09 
1.25625 	19.86854 	2.869e-07 	9.323e-06 	2.779e-07 	1.329e-04 	9.989e-07 	7.792e-10 	5.175e-09 
1.27635 	20.18643 	2.868e-07 	9.320e-06 	2.779e-07 	1.329e-04 	9.988e-07 	7.794e-10 	5.175e-09 
1.29645 	20.50433 	2.868e-07 	9.317e-06 	2.779e-07 	1.329e-04 	9.988e-07 	7.795e-10 	5.175e-09 
1.31655 	20.82223 	2.868e-07 	9.316e-06 	2.779e-07 	1.329e-04 	9.987e-07 	7.795e-10 	5.175e-09 
1.33665 	21.14012 	2.868e-07 	9.314e-06 	2.779e-07 	1.329e-04 	9.987e-07 	7.796e-10 	5.175e-09 
1.35675 	21.45802 	2.868e-07 	9.314e-06 	2.778e-07 	1.329e-04 	9.987e-07 	7.796e-10 	5.175e-09 
1.37685 	21.77592 	2.868e-07 	9.313e-06 	2.778e-07 	1.329e-04 	9.987e-07 	7.796e-10 	5.175e-09 
1.39695 	22.09381 	2.868e-07 	9.313e-06 	2.778e-07 	1.329e-04 	9.987e-07 	7.797e-10 	5.175e-09 
1.41705 	22.41171 	2.868e-07 	9.313e-06 	2.778e-07 	1.329e-04 	9.987e-07 	7.797e-10 	5.175e-09 
1.43715 	22.72961 	2.868e-07 	9.312e-06 	2.778e-07 	1.329e-04 	9.987e-07 	7.797e-10 	5.175e-09 
1.45725 	23.04750 	2.868e-07 	9.312e-06 	2.778e-07 	1.329e-04 	9.987e-07 	7.797e-10 	5.175e-09 
1.47735 	23.36540 	2.868e-07 	9.312e-06 	2.778e-07 	1.329e-04 	9.987e-07 	7.797e-10 	5.175e-09 
1.49745 	23.68329 	2.868e-07 	9.312e-06 	2.778e-07 	1.329e-04 	9.987e-07 	7.797e-10 	5.175e-09 
1.51755 	24.00119 	2.868e-07 	9.312e-06 	2.778e-07 	1.329e-04 	9.987e-07 	7.797e-10 	5.175e-09 
1.53765 	24.31909 	2.868e-07 	9.312e-06 	2.778e-07 	1.329e-04 	9.987e-07 	7.797e-10 	5.175e-09 
1.55775 	24.63698 	2.868e-07 	9.312e-06 	2.778e-07 	1.329e-04 	9.987e-07 	7.797e-10 	5.175e-09 
1.57785 	24.95488 	2.868e-07 	9.312e-06 	2.778e-07 	1.329e-04 	9.987e-07 	7.797e-10 	5.175e-09 
1.59795 	25.27278 	2.868e-07 	9.312e-06 	2.778e-07 	1.329e-04 	9.987e-07 	7.797e-10 	5.175e-09 
1.61805 	25.59067 	2.868e-07 	9.312e-06 	2.778e-07 	1.329e-04 	9.987e-07 	7.797e-10 	5.175e-09 
1.63815 	25.90857 	2.868e-07 	9.312e-06 	2.778e-07 	1.329e-04 	9.987e-07 	7.797e-10 	5.175e-09 
1.65825 	26.22647 	2.868e-07 	9.312e-06 	2.778e-07 	1.329e-04 	9.987e-07 	7.797e-10 	5.175e-09 
1.67835 	26.54436 	2.868e-07 	9.312e-06 	2.778e-07 	1.329e-04 	9.987e-07 	7.797e-10 	5.175e-09 
1.69845 	26.86226 	2.868e-07 	9.312e-06 	2.778e-07 	1.329e-04 	9.987e-07 	7.797e-10 	5.175e-09 
1.71855 	27.18016 	2.868e-07 	9.312e-06 	2.778e-07 	1.329e-04 	9.987e-07 	7.797e-10 	5.175e-09 
1.73865 	27.49805 	2.868e-07 	9.312e-06 	2.778e-07 	1.329e-04 	9.987e-07 	7.797e-10 	5.175e-09 
1.75875 	27.81595 	2.868e-07 	9.312e-06 	2.778e-07 	1.329e-04 	9.987e-07 	7.797e-10 	5.175e-09 
1.77885 	28.13385 	2.868e-07 	9.312e-06 	2.778e-07 	1.329e-04 	9.987e-07 	7.797e-10 	5.175e-09 
1.79895 	28.45174 	2.868e-07 	9.312e-06 	2.778e-07 	1.329e-04 	9.987e-07 	7.797e-10 	5.175e-09 
1.81905 	28.76964 	2.868e-07 	9.312e-06 	2.778e-07 	1.329e-04 	9.987e-07 	7.797e-10 	5.175e-09 
1.83915 	29.08754 	2.868e-07 	9.312e-06 	2.778e-07 	1.329e-04 	9.987e-07 	7.797e-10 	5.175e-09 
1.85925 	29.40543 	2.868e-07 	9.312e-06 	2.778e-07 	1.329e-04 	9.987e-07 	7.797e-10 	5.175e-09 
1.87935 	29.72333 	2.868e-07 	9.312e-06 	2.778e-07 	1.329e-04 	9.987e-07 	7.797e-10 	5.175e-09 
1.89945 	30.04123 	2.868e-07 	9.312e-06 	2.778e-07 	1.329e-04 	9.987e-07 	7.797e-10 	5.175e-09 
1.91955 	30.35912 	2.868e-07 	9.312e-06 	2.778e-07 	1.329e-04 	9.987e-07 	7.797e-10 	5.175e-09 
1.93965 	30.67702 	2.868e-07 	9.312e-06 	2.778e-07 	1.329e-04 	9.987e-07 	7.797e-10 	5.175e-09 
1.95975 	30.99492 	2.868e-07 	9.312e-06 	2.778e-07 	1.329e-04 	9.987e-07 	7.797e-10 	5.175e-09 
1.97985 	31.31281 	2.868e-07 	9.312e-06 	2.778e-07 	1.329e-04 	9.987e-07 	7.797e-10 	5.175e-09 
1.99995 	31.63071 	2.868e-07 	9.312e-06 	2.778e-07 	1.329e-04 	9.987e-07 	7.797e-10 	5.175e-09 
