n = 1.4e+04, Tgas =  23.8, Tdust =  23.8, Go = 10000.0
pc 	Av 	e- 	C 	C+ 	CO 	O 	O2 	H2O 
0.01005 	0.21710 	1.399e-04 	4.543e-09 	1.398e-04 	9.263e-13 	3.370e-04 	2.699e-17 	2.450e-14 
0.03015 	0.65130 	1.408e-04 	1.723e-08 	1.407e-04 	3.590e-12 	3.393e-04 	1.114e-16 	5.692e-14 
0.05025 	1.08550 	1.417e-04 	6.438e-08 	1.417e-04 	1.261e-11 	3.417e-04 	4.458e-16 	1.265e-13 
0.07035 	1.51970 	1.422e-04 	2.383e-07 	1.422e-04 	4.261e-11 	3.433e-04 	1.832e-15 	2.732e-13 
0.09045 	1.95390 	1.419e-04 	8.730e-07 	1.419e-04 	1.436e-10 	3.443e-04 	7.787e-15 	5.820e-13 
0.11055 	2.38810 	1.399e-04 	3.127e-06 	1.399e-04 	4.964e-10 	3.449e-04 	3.371e-14 	1.242e-12 
0.13065 	2.82230 	1.328e-04 	1.045e-05 	1.328e-04 	1.778e-09 	3.454e-04 	1.461e-13 	2.741e-12 
0.15075 	3.25650 	1.144e-04 	2.930e-05 	1.143e-04 	6.447e-09 	3.463e-04 	6.348e-13 	6.696e-12 
0.17085 	3.69070 	8.306e-05 	6.119e-05 	8.304e-05 	2.229e-08 	3.478e-04 	2.962e-12 	1.943e-11 
0.19095 	4.12490 	4.978e-05 	9.509e-05 	4.975e-05 	7.024e-08 	3.493e-04 	1.661e-11 	6.632e-11 
0.21105 	4.55910 	2.489e-05 	1.204e-04 	2.486e-05 	2.013e-07 	3.504e-04 	1.109e-10 	2.469e-10 
0.23115 	4.99330 	1.037e-05 	1.349e-04 	1.034e-05 	5.359e-07 	3.508e-04 	7.411e-10 	9.019e-10 
0.25125 	5.42750 	3.688e-06 	1.408e-04 	3.661e-06 	1.417e-06 	3.502e-04 	3.832e-09 	2.813e-09 
0.27135 	5.86170 	1.313e-06 	1.403e-04 	1.291e-06 	4.307e-06 	3.472e-04 	1.296e-08 	7.029e-09 
0.29145 	6.29590 	6.126e-07 	1.304e-04 	5.980e-07 	1.492e-05 	3.355e-04 	2.979e-08 	1.509e-08 
0.31155 	6.73010 	3.808e-07 	1.005e-04 	3.704e-07 	4.502e-05 	3.004e-04 	5.514e-08 	2.958e-08 
0.33165 	7.16430 	2.580e-07 	5.483e-05 	2.496e-07 	9.079e-05 	2.345e-04 	9.991e-08 	5.218e-08 
0.35175 	7.59850 	2.032e-07 	2.874e-05 	1.954e-07 	1.169e-04 	1.459e-04 	1.446e-07 	7.479e-08 
0.37185 	8.03270 	2.310e-07 	4.207e-05 	2.235e-07 	1.036e-04 	6.401e-05 	6.138e-08 	6.685e-08 
0.39195 	8.46690 	3.150e-07 	8.943e-05 	3.074e-07 	5.617e-05 	2.898e-05 	1.206e-08 	4.303e-08 
0.41205 	8.90110 	3.691e-07 	1.279e-04 	3.592e-07 	1.760e-05 	1.358e-05 	2.818e-09 	2.459e-08 
0.43215 	9.33530 	3.590e-07 	1.396e-04 	3.449e-07 	5.873e-06 	5.994e-06 	7.468e-10 	1.398e-08 
0.45225 	9.76950 	3.522e-07 	1.412e-04 	3.369e-07 	4.223e-06 	3.363e-06 	2.792e-10 	9.023e-09 
0.47235 	10.20370 	3.623e-07 	1.398e-04 	3.486e-07 	5.510e-06 	2.534e-06 	1.650e-10 	6.859e-09 
0.49245 	10.63790 	3.801e-07 	1.334e-04 	3.697e-07 	1.168e-05 	2.297e-06 	1.383e-10 	5.868e-09 
0.51255 	11.07211 	3.759e-07 	1.176e-04 	3.680e-07 	2.725e-05 	2.051e-06 	1.312e-10 	5.297e-09 
0.53265 	11.50631 	3.509e-07 	9.753e-05 	3.439e-07 	4.701e-05 	1.712e-06 	1.246e-10 	4.841e-09 
0.55275 	11.94051 	3.217e-07 	7.815e-05 	3.150e-07 	6.603e-05 	1.410e-06 	1.220e-10 	4.471e-09 
0.57285 	12.37471 	2.944e-07 	6.106e-05 	2.877e-07 	8.272e-05 	1.173e-06 	1.244e-10 	4.173e-09 
0.59295 	12.80891 	2.711e-07 	4.679e-05 	2.643e-07 	9.656e-05 	9.952e-07 	1.325e-10 	3.939e-09 
0.61305 	13.24311 	2.522e-07 	3.545e-05 	2.453e-07 	1.075e-04 	8.670e-07 	1.465e-10 	3.761e-09 
0.63315 	13.67731 	2.379e-07 	2.688e-05 	2.308e-07 	1.157e-04 	7.772e-07 	1.660e-10 	3.632e-09 
0.65325 	14.11151 	2.275e-07 	2.073e-05 	2.204e-07 	1.215e-04 	7.163e-07 	1.891e-10 	3.542e-09 
0.67335 	14.54571 	2.204e-07 	1.652e-05 	2.132e-07 	1.255e-04 	6.760e-07 	2.129e-10 	3.481e-09 
0.69345 	14.97991 	2.157e-07 	1.376e-05 	2.085e-07 	1.280e-04 	6.502e-07 	2.344e-10 	3.441e-09 
0.71355 	15.41411 	2.128e-07 	1.201e-05 	2.055e-07 	1.297e-04 	6.340e-07 	2.515e-10 	3.416e-09 
0.73365 	15.84831 	2.109e-07 	1.092e-05 	2.036e-07 	1.307e-04 	6.241e-07 	2.640e-10 	3.401e-09 
0.75375 	16.28251 	2.098e-07 	1.026e-05 	2.024e-07 	1.313e-04 	6.180e-07 	2.725e-10 	3.391e-09 
0.77385 	16.71671 	2.091e-07 	9.856e-06 	2.018e-07 	1.317e-04 	6.144e-07 	2.779e-10 	3.386e-09 
0.79395 	17.15091 	2.087e-07 	9.616e-06 	2.013e-07 	1.319e-04 	6.122e-07 	2.813e-10 	3.382e-09 
0.81405 	17.58511 	2.085e-07 	9.472e-06 	2.011e-07 	1.320e-04 	6.109e-07 	2.834e-10 	3.380e-09 
0.83415 	18.01931 	2.083e-07 	9.386e-06 	2.010e-07 	1.321e-04 	6.101e-07 	2.847e-10 	3.379e-09 
0.85425 	18.45351 	2.082e-07 	9.335e-06 	2.009e-07 	1.322e-04 	6.096e-07 	2.855e-10 	3.378e-09 
0.87435 	18.88771 	2.082e-07 	9.305e-06 	2.008e-07 	1.322e-04 	6.093e-07 	2.859e-10 	3.378e-09 
0.89445 	19.32191 	2.082e-07 	9.287e-06 	2.008e-07 	1.322e-04 	6.092e-07 	2.862e-10 	3.377e-09 
0.91455 	19.75611 	2.081e-07 	9.276e-06 	2.008e-07 	1.322e-04 	6.091e-07 	2.863e-10 	3.377e-09 
0.93465 	20.19031 	2.081e-07 	9.270e-06 	2.007e-07 	1.322e-04 	6.090e-07 	2.864e-10 	3.377e-09 
0.95475 	20.62451 	2.081e-07 	9.266e-06 	2.007e-07 	1.322e-04 	6.090e-07 	2.865e-10 	3.377e-09 
0.97485 	21.05871 	2.081e-07 	9.264e-06 	2.007e-07 	1.322e-04 	6.090e-07 	2.865e-10 	3.377e-09 
0.99495 	21.49291 	2.081e-07 	9.263e-06 	2.007e-07 	1.322e-04 	6.090e-07 	2.866e-10 	3.377e-09 
1.01505 	21.92711 	2.081e-07 	9.262e-06 	2.007e-07 	1.322e-04 	6.090e-07 	2.866e-10 	3.377e-09 
1.03515 	22.36131 	2.081e-07 	9.261e-06 	2.007e-07 	1.322e-04 	6.090e-07 	2.866e-10 	3.377e-09 
1.05525 	22.79551 	2.081e-07 	9.261e-06 	2.007e-07 	1.322e-04 	6.089e-07 	2.866e-10 	3.377e-09 
1.07535 	23.22971 	2.081e-07 	9.261e-06 	2.007e-07 	1.322e-04 	6.089e-07 	2.866e-10 	3.377e-09 
1.09545 	23.66391 	2.081e-07 	9.261e-06 	2.007e-07 	1.322e-04 	6.089e-07 	2.866e-10 	3.377e-09 
1.11555 	24.09811 	2.081e-07 	9.261e-06 	2.007e-07 	1.322e-04 	6.089e-07 	2.866e-10 	3.377e-09 
1.13565 	24.53231 	2.081e-07 	9.261e-06 	2.007e-07 	1.322e-04 	6.089e-07 	2.866e-10 	3.377e-09 
1.15575 	24.96651 	2.081e-07 	9.261e-06 	2.007e-07 	1.322e-04 	6.089e-07 	2.866e-10 	3.377e-09 
1.17585 	25.40071 	2.081e-07 	9.261e-06 	2.007e-07 	1.322e-04 	6.089e-07 	2.866e-10 	3.377e-09 
1.19595 	25.83491 	2.081e-07 	9.261e-06 	2.007e-07 	1.322e-04 	6.089e-07 	2.866e-10 	3.377e-09 
1.21605 	26.26911 	2.081e-07 	9.261e-06 	2.007e-07 	1.322e-04 	6.089e-07 	2.866e-10 	3.377e-09 
1.23615 	26.70331 	2.081e-07 	9.261e-06 	2.007e-07 	1.322e-04 	6.089e-07 	2.866e-10 	3.377e-09 
1.25625 	27.13751 	2.081e-07 	9.261e-06 	2.007e-07 	1.322e-04 	6.089e-07 	2.866e-10 	3.377e-09 
1.27635 	27.57171 	2.081e-07 	9.261e-06 	2.007e-07 	1.322e-04 	6.089e-07 	2.866e-10 	3.377e-09 
1.29645 	28.00591 	2.081e-07 	9.261e-06 	2.007e-07 	1.322e-04 	6.089e-07 	2.866e-10 	3.377e-09 
1.31655 	28.44011 	2.081e-07 	9.261e-06 	2.007e-07 	1.322e-04 	6.089e-07 	2.866e-10 	3.377e-09 
1.33665 	28.87431 	2.081e-07 	9.261e-06 	2.007e-07 	1.322e-04 	6.089e-07 	2.866e-10 	3.377e-09 
1.35675 	29.30851 	2.081e-07 	9.261e-06 	2.007e-07 	1.322e-04 	6.089e-07 	2.866e-10 	3.377e-09 
1.37685 	29.74271 	2.081e-07 	9.261e-06 	2.007e-07 	1.322e-04 	6.089e-07 	2.866e-10 	3.377e-09 
1.39695 	30.17691 	2.081e-07 	9.261e-06 	2.007e-07 	1.322e-04 	6.089e-07 	2.866e-10 	3.377e-09 
1.41705 	30.61111 	2.081e-07 	9.261e-06 	2.007e-07 	1.322e-04 	6.089e-07 	2.866e-10 	3.377e-09 
1.43715 	31.04531 	2.081e-07 	9.261e-06 	2.007e-07 	1.322e-04 	6.089e-07 	2.866e-10 	3.377e-09 
1.45725 	31.47951 	2.081e-07 	9.261e-06 	2.007e-07 	1.322e-04 	6.089e-07 	2.866e-10 	3.377e-09 
1.47735 	31.91371 	2.081e-07 	9.261e-06 	2.007e-07 	1.322e-04 	6.089e-07 	2.866e-10 	3.377e-09 
1.49745 	32.34791 	2.081e-07 	9.261e-06 	2.007e-07 	1.322e-04 	6.089e-07 	2.866e-10 	3.377e-09 
1.51755 	32.78212 	2.081e-07 	9.261e-06 	2.007e-07 	1.322e-04 	6.089e-07 	2.866e-10 	3.377e-09 
1.53765 	33.21632 	2.081e-07 	9.261e-06 	2.007e-07 	1.322e-04 	6.089e-07 	2.866e-10 	3.377e-09 
1.55775 	33.65052 	2.081e-07 	9.261e-06 	2.007e-07 	1.322e-04 	6.089e-07 	2.866e-10 	3.377e-09 
1.57785 	34.08472 	2.081e-07 	9.261e-06 	2.007e-07 	1.322e-04 	6.089e-07 	2.866e-10 	3.377e-09 
1.59795 	34.51892 	2.081e-07 	9.261e-06 	2.007e-07 	1.322e-04 	6.089e-07 	2.866e-10 	3.377e-09 
1.61805 	34.95312 	2.081e-07 	9.261e-06 	2.007e-07 	1.322e-04 	6.089e-07 	2.866e-10 	3.377e-09 
1.63815 	35.38732 	2.081e-07 	9.261e-06 	2.007e-07 	1.322e-04 	6.089e-07 	2.866e-10 	3.377e-09 
1.65825 	35.82152 	2.081e-07 	9.261e-06 	2.007e-07 	1.322e-04 	6.089e-07 	2.866e-10 	3.377e-09 
1.67835 	36.25572 	2.081e-07 	9.261e-06 	2.007e-07 	1.322e-04 	6.089e-07 	2.866e-10 	3.377e-09 
1.69845 	36.68992 	2.081e-07 	9.261e-06 	2.007e-07 	1.322e-04 	6.089e-07 	2.866e-10 	3.377e-09 
1.71855 	37.12412 	2.081e-07 	9.261e-06 	2.007e-07 	1.322e-04 	6.089e-07 	2.866e-10 	3.377e-09 
1.73865 	37.55832 	2.081e-07 	9.261e-06 	2.007e-07 	1.322e-04 	6.089e-07 	2.866e-10 	3.377e-09 
1.75875 	37.99252 	2.081e-07 	9.261e-06 	2.007e-07 	1.322e-04 	6.089e-07 	2.866e-10 	3.377e-09 
1.77885 	38.42672 	2.081e-07 	9.261e-06 	2.007e-07 	1.322e-04 	6.089e-07 	2.866e-10 	3.377e-09 
1.79895 	38.86092 	2.081e-07 	9.261e-06 	2.007e-07 	1.322e-04 	6.089e-07 	2.866e-10 	3.377e-09 
1.81905 	39.29512 	2.081e-07 	9.261e-06 	2.007e-07 	1.322e-04 	6.089e-07 	2.866e-10 	3.377e-09 
1.83915 	39.72932 	2.081e-07 	9.261e-06 	2.007e-07 	1.322e-04 	6.089e-07 	2.866e-10 	3.377e-09 
1.85925 	40.16352 	2.081e-07 	9.261e-06 	2.007e-07 	1.322e-04 	6.089e-07 	2.866e-10 	3.377e-09 
1.87935 	40.59772 	2.081e-07 	9.261e-06 	2.007e-07 	1.322e-04 	6.089e-07 	2.866e-10 	3.377e-09 
1.89945 	41.03192 	2.081e-07 	9.261e-06 	2.007e-07 	1.322e-04 	6.089e-07 	2.866e-10 	3.377e-09 
1.91955 	41.46612 	2.081e-07 	9.261e-06 	2.007e-07 	1.322e-04 	6.089e-07 	2.866e-10 	3.377e-09 
1.93965 	41.90032 	2.081e-07 	9.261e-06 	2.007e-07 	1.322e-04 	6.089e-07 	2.866e-10 	3.377e-09 
1.95975 	42.33452 	2.081e-07 	9.261e-06 	2.007e-07 	1.322e-04 	6.089e-07 	2.866e-10 	3.377e-09 
1.97985 	42.76872 	2.081e-07 	9.261e-06 	2.007e-07 	1.322e-04 	6.089e-07 	2.866e-10 	3.377e-09 
1.99995 	43.20292 	2.081e-07 	9.261e-06 	2.007e-07 	1.322e-04 	6.089e-07 	2.866e-10 	3.377e-09 
