n = 8.0e+03, Tgas =  27.5, Tdust =  27.5, Go = 10000.0
pc 	Av 	e- 	C 	C+ 	CO 	O 	O2 	H2O 
0.01005 	0.12406 	1.401e-04 	1.736e-09 	1.399e-04 	2.908e-13 	3.374e-04 	7.910e-18 	2.102e-14 
0.03015 	0.37217 	1.399e-04 	3.763e-09 	1.398e-04 	7.164e-13 	3.370e-04 	1.947e-17 	3.428e-14 
0.05025 	0.62029 	1.402e-04 	8.118e-09 	1.401e-04 	1.628e-12 	3.377e-04 	4.558e-17 	5.514e-14 
0.07035 	0.86840 	1.407e-04 	1.740e-08 	1.406e-04 	3.505e-12 	3.391e-04 	1.036e-16 	8.766e-14 
0.09045 	1.11651 	1.413e-04 	3.708e-08 	1.413e-04 	7.286e-12 	3.406e-04 	2.327e-16 	1.379e-13 
0.11055 	1.36463 	1.418e-04 	7.868e-08 	1.418e-04 	1.480e-11 	3.420e-04 	5.233e-16 	2.152e-13 
0.13065 	1.61274 	1.422e-04 	1.664e-07 	1.421e-04 	2.962e-11 	3.431e-04 	1.186e-15 	3.334e-13 
0.15075 	1.86086 	1.423e-04 	3.508e-07 	1.423e-04 	5.883e-11 	3.439e-04 	2.711e-15 	5.143e-13 
0.17085 	2.10897 	1.422e-04 	7.369e-07 	1.422e-04 	1.167e-10 	3.445e-04 	6.253e-15 	7.911e-13 
0.19095 	2.35709 	1.416e-04 	1.538e-06 	1.415e-04 	2.323e-10 	3.450e-04 	1.452e-14 	1.217e-12 
0.21105 	2.60520 	1.401e-04 	3.175e-06 	1.400e-04 	4.660e-10 	3.453e-04 	3.387e-14 	1.879e-12 
0.23115 	2.85332 	1.370e-04 	6.413e-06 	1.369e-04 	9.445e-10 	3.456e-04 	7.934e-14 	2.932e-12 
0.25125 	3.10143 	1.311e-04 	1.246e-05 	1.310e-04 	1.932e-09 	3.460e-04 	1.870e-13 	4.674e-12 
0.27135 	3.34954 	1.210e-04 	2.271e-05 	1.210e-04 	3.970e-09 	3.465e-04 	4.467e-13 	7.733e-12 
0.29145 	3.59766 	1.062e-04 	3.782e-05 	1.061e-04 	8.112e-09 	3.471e-04 	1.097e-12 	1.349e-11 
0.31155 	3.84577 	8.758e-05 	5.675e-05 	8.754e-05 	1.631e-08 	3.479e-04 	2.825e-12 	2.500e-11 
0.33165 	4.09389 	6.773e-05 	7.694e-05 	6.769e-05 	3.204e-08 	3.488e-04 	7.728e-12 	4.903e-11 
0.35175 	4.34200 	4.922e-05 	9.576e-05 	4.918e-05 	6.140e-08 	3.495e-04 	2.244e-11 	1.004e-10 
0.37185 	4.59012 	3.371e-05 	1.115e-04 	3.366e-05 	1.149e-07 	3.502e-04 	6.808e-11 	2.113e-10 
0.39195 	4.83823 	2.176e-05 	1.236e-04 	2.172e-05 	2.108e-07 	3.506e-04 	2.096e-10 	4.486e-10 
0.41205 	5.08635 	1.325e-05 	1.321e-04 	1.320e-05 	3.803e-07 	3.508e-04 	6.306e-10 	9.377e-10 
0.43215 	5.33446 	7.651e-06 	1.375e-04 	7.604e-06 	6.813e-07 	3.507e-04 	1.770e-09 	1.876e-09 
0.45225 	5.58257 	4.282e-06 	1.404e-04 	4.238e-06 	1.239e-06 	3.503e-04 	4.440e-09 	3.502e-09 
0.47235 	5.83069 	2.433e-06 	1.411e-04 	2.394e-06 	2.357e-06 	3.491e-04 	9.696e-09 	6.051e-09 
0.49245 	6.07880 	1.497e-06 	1.397e-04 	1.466e-06 	4.747e-06 	3.466e-04 	1.841e-08 	9.777e-09 
0.51255 	6.32692 	1.044e-06 	1.350e-04 	1.019e-06 	9.863e-06 	3.409e-04 	3.094e-08 	1.507e-08 
0.53265 	6.57503 	8.101e-07 	1.249e-04 	7.910e-07 	2.019e-05 	3.293e-04 	4.741e-08 	2.252e-08 
0.55275 	6.82315 	6.591e-07 	1.069e-04 	6.437e-07 	3.834e-05 	3.082e-04 	6.877e-08 	3.285e-08 
0.57285 	7.07126 	5.368e-07 	8.180e-05 	5.236e-07 	6.358e-05 	2.763e-04 	9.813e-08 	4.663e-08 
0.59295 	7.31937 	4.366e-07 	5.617e-05 	4.247e-07 	8.933e-05 	2.365e-04 	1.395e-07 	6.390e-08 
0.61305 	7.56749 	3.689e-07 	3.796e-05 	3.576e-07 	1.076e-04 	1.912e-04 	1.866e-07 	8.276e-08 
0.63315 	7.81560 	3.410e-07 	3.048e-05 	3.299e-07 	1.151e-04 	1.410e-04 	2.024e-07 	9.650e-08 
0.65325 	8.06372 	3.563e-07 	3.436e-05 	3.453e-07 	1.112e-04 	9.550e-05 	1.517e-07 	9.735e-08 
0.67335 	8.31183 	4.071e-07 	4.895e-05 	3.963e-07 	9.660e-05 	6.517e-05 	8.292e-08 	8.825e-08 
0.69345 	8.55995 	4.683e-07 	6.761e-05 	4.574e-07 	7.787e-05 	4.739e-05 	4.356e-08 	7.661e-08 
0.71355 	8.80806 	5.182e-07 	8.289e-05 	5.071e-07 	6.253e-05 	3.640e-05 	2.556e-08 	6.605e-08 
0.73365 	9.05618 	5.498e-07 	9.207e-05 	5.385e-07 	5.330e-05 	2.919e-05 	1.707e-08 	5.771e-08 
0.75375 	9.30429 	5.647e-07 	9.545e-05 	5.533e-07 	4.988e-05 	2.426e-05 	1.276e-08 	5.157e-08 
0.77385 	9.55240 	5.668e-07 	9.432e-05 	5.555e-07 	5.099e-05 	2.076e-05 	1.044e-08 	4.715e-08 
0.79395 	9.80052 	5.596e-07 	9.000e-05 	5.484e-07 	5.529e-05 	1.814e-05 	9.162e-09 	4.392e-08 
0.81405 	10.04863 	5.459e-07 	8.363e-05 	5.350e-07 	6.165e-05 	1.607e-05 	8.461e-09 	4.148e-08 
0.83415 	10.29675 	5.282e-07 	7.612e-05 	5.174e-07 	6.914e-05 	1.437e-05 	8.115e-09 	3.955e-08 
0.85425 	10.54486 	5.083e-07 	6.816e-05 	4.977e-07 	7.708e-05 	1.293e-05 	8.010e-09 	3.797e-08 
0.87435 	10.79298 	4.878e-07 	6.022e-05 	4.774e-07 	8.500e-05 	1.172e-05 	8.089e-09 	3.662e-08 
0.89445 	11.04109 	4.678e-07 	5.263e-05 	4.574e-07 	9.258e-05 	1.068e-05 	8.327e-09 	3.547e-08 
0.91455 	11.28921 	4.490e-07 	4.559e-05 	4.386e-07 	9.959e-05 	9.803e-06 	8.711e-09 	3.446e-08 
0.93465 	11.53732 	4.317e-07 	3.923e-05 	4.213e-07 	1.059e-04 	9.067e-06 	9.240e-09 	3.359e-08 
0.95475 	11.78543 	4.163e-07 	3.362e-05 	4.059e-07 	1.115e-04 	8.453e-06 	9.909e-09 	3.283e-08 
0.97485 	12.03355 	4.029e-07 	2.877e-05 	3.924e-07 	1.163e-04 	7.948e-06 	1.071e-08 	3.220e-08 
0.99495 	12.28166 	3.914e-07 	2.466e-05 	3.809e-07 	1.204e-04 	7.536e-06 	1.164e-08 	3.166e-08 
1.01505 	12.52978 	3.818e-07 	2.124e-05 	3.712e-07 	1.238e-04 	7.204e-06 	1.266e-08 	3.122e-08 
1.03515 	12.77789 	3.739e-07 	1.845e-05 	3.633e-07 	1.266e-04 	6.939e-06 	1.374e-08 	3.086e-08 
1.05525 	13.02601 	3.675e-07 	1.622e-05 	3.568e-07 	1.288e-04 	6.731e-06 	1.484e-08 	3.057e-08 
1.07535 	13.27412 	3.624e-07 	1.445e-05 	3.517e-07 	1.306e-04 	6.568e-06 	1.590e-08 	3.034e-08 
1.09545 	13.52223 	3.584e-07 	1.307e-05 	3.477e-07 	1.319e-04 	6.441e-06 	1.688e-08 	3.017e-08 
1.11555 	13.77035 	3.553e-07 	1.200e-05 	3.445e-07 	1.330e-04 	6.344e-06 	1.776e-08 	3.003e-08 
1.13565 	14.01846 	3.529e-07 	1.118e-05 	3.421e-07 	1.338e-04 	6.270e-06 	1.852e-08 	2.992e-08 
1.15575 	14.26658 	3.510e-07 	1.056e-05 	3.402e-07 	1.344e-04 	6.214e-06 	1.916e-08 	2.984e-08 
1.17585 	14.51469 	3.496e-07 	1.009e-05 	3.388e-07 	1.349e-04 	6.172e-06 	1.968e-08 	2.978e-08 
1.19595 	14.76281 	3.486e-07 	9.738e-06 	3.377e-07 	1.352e-04 	6.140e-06 	2.009e-08 	2.974e-08 
1.21605 	15.01092 	3.478e-07 	9.472e-06 	3.369e-07 	1.355e-04 	6.116e-06 	2.042e-08 	2.971e-08 
1.23615 	15.25904 	3.472e-07 	9.273e-06 	3.363e-07 	1.357e-04 	6.098e-06 	2.067e-08 	2.968e-08 
1.25625 	15.50715 	3.467e-07 	9.125e-06 	3.359e-07 	1.358e-04 	6.084e-06 	2.086e-08 	2.966e-08 
1.27635 	15.75526 	3.464e-07 	9.014e-06 	3.355e-07 	1.359e-04 	6.074e-06 	2.101e-08 	2.965e-08 
1.29645 	16.00338 	3.461e-07 	8.932e-06 	3.353e-07 	1.360e-04 	6.067e-06 	2.112e-08 	2.964e-08 
1.31655 	16.25149 	3.460e-07 	8.871e-06 	3.351e-07 	1.361e-04 	6.061e-06 	2.121e-08 	2.963e-08 
1.33665 	16.49961 	3.458e-07 	8.825e-06 	3.350e-07 	1.361e-04 	6.057e-06 	2.127e-08 	2.962e-08 
1.35675 	16.74772 	3.457e-07 	8.791e-06 	3.349e-07 	1.362e-04 	6.054e-06 	2.132e-08 	2.962e-08 
1.37685 	16.99584 	3.456e-07 	8.766e-06 	3.348e-07 	1.362e-04 	6.052e-06 	2.135e-08 	2.962e-08 
1.39695 	17.24395 	3.456e-07 	8.747e-06 	3.347e-07 	1.362e-04 	6.050e-06 	2.138e-08 	2.961e-08 
1.41705 	17.49207 	3.455e-07 	8.733e-06 	3.347e-07 	1.362e-04 	6.049e-06 	2.140e-08 	2.961e-08 
1.43715 	17.74018 	3.455e-07 	8.723e-06 	3.346e-07 	1.362e-04 	6.048e-06 	2.141e-08 	2.961e-08 
1.45725 	17.98829 	3.455e-07 	8.715e-06 	3.346e-07 	1.362e-04 	6.047e-06 	2.142e-08 	2.961e-08 
1.47735 	18.23641 	3.455e-07 	8.710e-06 	3.346e-07 	1.362e-04 	6.047e-06 	2.143e-08 	2.961e-08 
1.49745 	18.48452 	3.455e-07 	8.705e-06 	3.346e-07 	1.363e-04 	6.047e-06 	2.144e-08 	2.961e-08 
1.51755 	18.73264 	3.455e-07 	8.702e-06 	3.346e-07 	1.363e-04 	6.046e-06 	2.144e-08 	2.961e-08 
1.53765 	18.98075 	3.454e-07 	8.700e-06 	3.346e-07 	1.363e-04 	6.046e-06 	2.144e-08 	2.961e-08 
1.55775 	19.22887 	3.454e-07 	8.698e-06 	3.346e-07 	1.363e-04 	6.046e-06 	2.145e-08 	2.961e-08 
1.57785 	19.47698 	3.454e-07 	8.697e-06 	3.346e-07 	1.363e-04 	6.046e-06 	2.145e-08 	2.961e-08 
1.59795 	19.72509 	3.454e-07 	8.696e-06 	3.346e-07 	1.363e-04 	6.046e-06 	2.145e-08 	2.961e-08 
1.61805 	19.97321 	3.454e-07 	8.695e-06 	3.346e-07 	1.363e-04 	6.046e-06 	2.145e-08 	2.961e-08 
1.63815 	20.22132 	3.454e-07 	8.695e-06 	3.346e-07 	1.363e-04 	6.046e-06 	2.145e-08 	2.961e-08 
1.65825 	20.46944 	3.454e-07 	8.694e-06 	3.346e-07 	1.363e-04 	6.046e-06 	2.145e-08 	2.961e-08 
1.67835 	20.71755 	3.454e-07 	8.694e-06 	3.346e-07 	1.363e-04 	6.046e-06 	2.145e-08 	2.961e-08 
1.69845 	20.96567 	3.454e-07 	8.694e-06 	3.346e-07 	1.363e-04 	6.046e-06 	2.145e-08 	2.961e-08 
1.71855 	21.21378 	3.454e-07 	8.694e-06 	3.346e-07 	1.363e-04 	6.046e-06 	2.145e-08 	2.961e-08 
1.73865 	21.46190 	3.454e-07 	8.693e-06 	3.346e-07 	1.363e-04 	6.045e-06 	2.145e-08 	2.961e-08 
1.75875 	21.71001 	3.454e-07 	8.693e-06 	3.346e-07 	1.363e-04 	6.045e-06 	2.145e-08 	2.961e-08 
1.77885 	21.95812 	3.454e-07 	8.693e-06 	3.346e-07 	1.363e-04 	6.045e-06 	2.145e-08 	2.961e-08 
1.79895 	22.20624 	3.454e-07 	8.693e-06 	3.346e-07 	1.363e-04 	6.045e-06 	2.145e-08 	2.961e-08 
1.81905 	22.45435 	3.454e-07 	8.693e-06 	3.346e-07 	1.363e-04 	6.045e-06 	2.145e-08 	2.961e-08 
1.83915 	22.70247 	3.454e-07 	8.693e-06 	3.346e-07 	1.363e-04 	6.045e-06 	2.145e-08 	2.961e-08 
1.85925 	22.95058 	3.454e-07 	8.693e-06 	3.346e-07 	1.363e-04 	6.045e-06 	2.145e-08 	2.961e-08 
1.87935 	23.19870 	3.454e-07 	8.693e-06 	3.346e-07 	1.363e-04 	6.045e-06 	2.145e-08 	2.961e-08 
1.89945 	23.44681 	3.454e-07 	8.693e-06 	3.346e-07 	1.363e-04 	6.045e-06 	2.145e-08 	2.961e-08 
1.91955 	23.69493 	3.454e-07 	8.693e-06 	3.346e-07 	1.363e-04 	6.045e-06 	2.145e-08 	2.961e-08 
1.93965 	23.94304 	3.454e-07 	8.693e-06 	3.346e-07 	1.363e-04 	6.045e-06 	2.145e-08 	2.961e-08 
1.95975 	24.19115 	3.454e-07 	8.693e-06 	3.346e-07 	1.363e-04 	6.045e-06 	2.145e-08 	2.961e-08 
1.97985 	24.43927 	3.454e-07 	8.693e-06 	3.346e-07 	1.363e-04 	6.045e-06 	2.145e-08 	2.961e-08 
1.99995 	24.68738 	3.454e-07 	8.693e-06 	3.346e-07 	1.363e-04 	6.045e-06 	2.145e-08 	2.961e-08 
