n = 8.0e+03, Tgas =  30.0, Tdust =  30.0, Go = 10000.0
pc 	Av 	e- 	C 	C+ 	CO 	O 	O2 	H2O 
0.01005 	0.12406 	1.403e-04 	1.653e-09 	1.401e-04 	2.952e-13 	3.379e-04 	8.487e-18 	2.484e-14 
0.03015 	0.37217 	1.401e-04 	3.589e-09 	1.399e-04 	7.321e-13 	3.374e-04 	2.064e-17 	3.891e-14 
0.05025 	0.62029 	1.404e-04 	7.751e-09 	1.402e-04 	1.671e-12 	3.381e-04 	4.801e-17 	6.088e-14 
0.07035 	0.86840 	1.409e-04 	1.662e-08 	1.408e-04 	3.605e-12 	3.395e-04 	1.087e-16 	9.497e-14 
0.09045 	1.11651 	1.415e-04 	3.544e-08 	1.414e-04 	7.497e-12 	3.410e-04 	2.436e-16 	1.476e-13 
0.11055 	1.36463 	1.420e-04 	7.523e-08 	1.419e-04 	1.522e-11 	3.423e-04 	5.470e-16 	2.283e-13 
0.13065 	1.61274 	1.423e-04 	1.591e-07 	1.423e-04 	3.045e-11 	3.434e-04 	1.238e-15 	3.517e-13 
0.15075 	1.86086 	1.425e-04 	3.356e-07 	1.425e-04 	6.042e-11 	3.443e-04 	2.831e-15 	5.405e-13 
0.17085 	2.10897 	1.424e-04 	7.050e-07 	1.423e-04 	1.197e-10 	3.449e-04 	6.527e-15 	8.293e-13 
0.19095 	2.35709 	1.418e-04 	1.472e-06 	1.417e-04 	2.379e-10 	3.453e-04 	1.516e-14 	1.273e-12 
0.21105 	2.60520 	1.404e-04 	3.042e-06 	1.403e-04 	4.764e-10 	3.456e-04 	3.536e-14 	1.962e-12 
0.23115 	2.85332 	1.374e-04 	6.156e-06 	1.373e-04 	9.638e-10 	3.459e-04 	8.287e-14 	3.054e-12 
0.25125 	3.10143 	1.317e-04 	1.200e-05 	1.316e-04 	1.969e-09 	3.463e-04 	1.955e-13 	4.854e-12 
0.27135 	3.34954 	1.219e-04 	2.197e-05 	1.218e-04 	4.039e-09 	3.467e-04 	4.677e-13 	7.994e-12 
0.29145 	3.59766 	1.073e-04 	3.683e-05 	1.072e-04 	8.246e-09 	3.473e-04 	1.151e-12 	1.386e-11 
0.31155 	3.84577 	8.877e-05 	5.563e-05 	8.872e-05 	1.658e-08 	3.481e-04 	2.967e-12 	2.553e-11 
0.33165 	4.09389 	6.884e-05 	7.589e-05 	6.880e-05 	3.257e-08 	3.489e-04 	8.119e-12 	4.978e-11 
0.35175 	4.34200 	5.013e-05 	9.489e-05 	5.009e-05 	6.243e-08 	3.496e-04 	2.357e-11 	1.015e-10 
0.37185 	4.59012 	3.437e-05 	1.109e-04 	3.433e-05 	1.169e-07 	3.502e-04 	7.136e-11 	2.129e-10 
0.39195 	4.83823 	2.220e-05 	1.232e-04 	2.215e-05 	2.144e-07 	3.507e-04 	2.192e-10 	4.509e-10 
0.41205 	5.08635 	1.351e-05 	1.318e-04 	1.347e-05 	3.870e-07 	3.508e-04 	6.576e-10 	9.411e-10 
0.43215 	5.33446 	7.796e-06 	1.373e-04 	7.751e-06 	6.935e-07 	3.508e-04 	1.840e-09 	1.881e-09 
0.45225 	5.58257 	4.359e-06 	1.403e-04 	4.317e-06 	1.262e-06 	3.503e-04 	4.593e-09 	3.507e-09 
0.47235 	5.83069 	2.475e-06 	1.410e-04 	2.438e-06 	2.404e-06 	3.492e-04 	9.978e-09 	6.054e-09 
0.49245 	6.07880 	1.522e-06 	1.395e-04 	1.492e-06 	4.845e-06 	3.466e-04 	1.886e-08 	9.777e-09 
0.51255 	6.32692 	1.061e-06 	1.348e-04 	1.037e-06 	1.007e-05 	3.413e-04 	3.158e-08 	1.507e-08 
0.53265 	6.57503 	8.220e-07 	1.245e-04 	8.035e-07 	2.062e-05 	3.305e-04 	4.835e-08 	2.255e-08 
0.55275 	6.82315 	6.668e-07 	1.060e-04 	6.517e-07 	3.921e-05 	3.115e-04 	7.051e-08 	3.304e-08 
0.57285 	7.07126 	5.386e-07 	7.995e-05 	5.256e-07 	6.543e-05 	2.847e-04 	1.028e-07 	4.747e-08 
0.59295 	7.31937 	4.285e-07 	5.226e-05 	4.167e-07 	9.324e-05 	2.561e-04 	1.558e-07 	6.731e-08 
0.61305 	7.56749 	3.425e-07 	3.038e-05 	3.312e-07 	1.152e-04 	2.331e-04 	2.472e-07 	9.508e-08 
0.63315 	7.81560 	2.790e-07 	1.667e-05 	2.678e-07 	1.290e-04 	2.177e-04 	3.999e-07 	1.346e-07 
0.65325 	8.06372 	2.301e-07 	9.146e-06 	2.186e-07 	1.366e-04 	2.078e-04 	6.400e-07 	1.903e-07 
0.67335 	8.31183 	1.898e-07 	5.189e-06 	1.774e-07 	1.406e-04 	2.005e-04 	9.978e-07 	2.671e-07 
0.69345 	8.55995 	1.559e-07 	3.090e-06 	1.423e-07 	1.427e-04 	1.939e-04 	1.510e-06 	3.696e-07 
0.71355 	8.80806 	1.281e-07 	1.941e-06 	1.128e-07 	1.439e-04 	1.870e-04 	2.219e-06 	4.995e-07 
0.73365 	9.05618 	1.064e-07 	1.285e-06 	8.904e-08 	1.446e-04 	1.794e-04 	3.170e-06 	6.532e-07 
0.75375 	9.30429 	9.011e-08 	8.922e-07 	7.053e-08 	1.450e-04 	1.710e-04 	4.407e-06 	8.192e-07 
0.77385 	9.55240 	7.824e-08 	6.452e-07 	5.643e-08 	1.452e-04 	1.623e-04 	5.964e-06 	9.805e-07 
0.79395 	9.80052 	6.969e-08 	4.838e-07 	4.579e-08 	1.454e-04 	1.537e-04 	7.854e-06 	1.120e-06 
0.81405 	10.04863 	6.356e-08 	3.756e-07 	3.781e-08 	1.455e-04 	1.456e-04 	1.004e-05 	1.228e-06 
0.83415 	10.29675 	5.921e-08 	3.022e-07 	3.188e-08 	1.456e-04 	1.384e-04 	1.243e-05 	1.302e-06 
0.85425 	10.54486 	5.615e-08 	2.524e-07 	2.756e-08 	1.457e-04 	1.320e-04 	1.484e-05 	1.346e-06 
0.87435 	10.79298 	5.405e-08 	2.190e-07 	2.448e-08 	1.457e-04 	1.268e-04 	1.707e-05 	1.368e-06 
0.89445 	11.04109 	5.263e-08 	1.968e-07 	2.234e-08 	1.457e-04 	1.227e-04 	1.898e-05 	1.377e-06 
0.91455 	11.28921 	5.169e-08 	1.821e-07 	2.090e-08 	1.457e-04 	1.196e-04 	2.048e-05 	1.379e-06 
0.93465 	11.53732 	5.108e-08 	1.726e-07 	1.994e-08 	1.457e-04 	1.173e-04 	2.160e-05 	1.379e-06 
0.95475 	11.78543 	5.068e-08 	1.664e-07 	1.930e-08 	1.457e-04 	1.158e-04 	2.239e-05 	1.378e-06 
0.97485 	12.03355 	5.042e-08 	1.624e-07 	1.889e-08 	1.458e-04 	1.147e-04 	2.294e-05 	1.376e-06 
0.99495 	12.28166 	5.025e-08 	1.598e-07 	1.862e-08 	1.458e-04 	1.140e-04 	2.330e-05 	1.375e-06 
1.01505 	12.52978 	5.015e-08 	1.581e-07 	1.845e-08 	1.458e-04 	1.136e-04 	2.354e-05 	1.375e-06 
1.03515 	12.77789 	5.008e-08 	1.570e-07 	1.834e-08 	1.458e-04 	1.133e-04 	2.370e-05 	1.374e-06 
1.05525 	13.02601 	5.003e-08 	1.563e-07 	1.827e-08 	1.458e-04 	1.131e-04 	2.380e-05 	1.374e-06 
1.07535 	13.27412 	5.001e-08 	1.558e-07 	1.822e-08 	1.458e-04 	1.129e-04 	2.387e-05 	1.374e-06 
1.09545 	13.52223 	4.999e-08 	1.555e-07 	1.819e-08 	1.458e-04 	1.129e-04 	2.391e-05 	1.374e-06 
1.11555 	13.77035 	4.997e-08 	1.553e-07 	1.817e-08 	1.458e-04 	1.128e-04 	2.394e-05 	1.374e-06 
1.13565 	14.01846 	4.997e-08 	1.552e-07 	1.816e-08 	1.458e-04 	1.128e-04 	2.395e-05 	1.373e-06 
1.15575 	14.26658 	4.996e-08 	1.551e-07 	1.815e-08 	1.458e-04 	1.127e-04 	2.397e-05 	1.373e-06 
1.17585 	14.51469 	4.996e-08 	1.551e-07 	1.815e-08 	1.458e-04 	1.127e-04 	2.397e-05 	1.373e-06 
1.19595 	14.76281 	4.996e-08 	1.550e-07 	1.814e-08 	1.458e-04 	1.127e-04 	2.398e-05 	1.373e-06 
1.21605 	15.01092 	4.996e-08 	1.550e-07 	1.814e-08 	1.458e-04 	1.127e-04 	2.398e-05 	1.373e-06 
1.23615 	15.25904 	4.995e-08 	1.550e-07 	1.814e-08 	1.458e-04 	1.127e-04 	2.398e-05 	1.373e-06 
1.25625 	15.50715 	4.995e-08 	1.550e-07 	1.814e-08 	1.458e-04 	1.127e-04 	2.398e-05 	1.373e-06 
1.27635 	15.75526 	4.995e-08 	1.550e-07 	1.814e-08 	1.458e-04 	1.127e-04 	2.398e-05 	1.373e-06 
1.29645 	16.00338 	4.995e-08 	1.550e-07 	1.814e-08 	1.458e-04 	1.127e-04 	2.399e-05 	1.373e-06 
1.31655 	16.25149 	4.995e-08 	1.550e-07 	1.814e-08 	1.458e-04 	1.127e-04 	2.399e-05 	1.373e-06 
1.33665 	16.49961 	4.995e-08 	1.550e-07 	1.814e-08 	1.458e-04 	1.127e-04 	2.399e-05 	1.373e-06 
1.35675 	16.74772 	4.995e-08 	1.550e-07 	1.814e-08 	1.458e-04 	1.127e-04 	2.399e-05 	1.373e-06 
1.37685 	16.99584 	4.995e-08 	1.550e-07 	1.814e-08 	1.458e-04 	1.127e-04 	2.399e-05 	1.373e-06 
1.39695 	17.24395 	4.995e-08 	1.550e-07 	1.814e-08 	1.458e-04 	1.127e-04 	2.399e-05 	1.373e-06 
1.41705 	17.49207 	4.995e-08 	1.550e-07 	1.814e-08 	1.458e-04 	1.127e-04 	2.399e-05 	1.373e-06 
1.43715 	17.74018 	4.995e-08 	1.550e-07 	1.814e-08 	1.458e-04 	1.127e-04 	2.399e-05 	1.373e-06 
1.45725 	17.98829 	4.995e-08 	1.550e-07 	1.814e-08 	1.458e-04 	1.127e-04 	2.399e-05 	1.373e-06 
1.47735 	18.23641 	4.995e-08 	1.550e-07 	1.814e-08 	1.458e-04 	1.127e-04 	2.399e-05 	1.373e-06 
1.49745 	18.48452 	4.995e-08 	1.550e-07 	1.814e-08 	1.458e-04 	1.127e-04 	2.399e-05 	1.373e-06 
1.51755 	18.73264 	4.995e-08 	1.550e-07 	1.814e-08 	1.458e-04 	1.127e-04 	2.399e-05 	1.373e-06 
1.53765 	18.98075 	4.995e-08 	1.550e-07 	1.814e-08 	1.458e-04 	1.127e-04 	2.399e-05 	1.373e-06 
1.55775 	19.22887 	4.995e-08 	1.550e-07 	1.814e-08 	1.458e-04 	1.127e-04 	2.399e-05 	1.373e-06 
1.57785 	19.47698 	4.995e-08 	1.550e-07 	1.814e-08 	1.458e-04 	1.127e-04 	2.399e-05 	1.373e-06 
1.59795 	19.72509 	4.995e-08 	1.550e-07 	1.814e-08 	1.458e-04 	1.127e-04 	2.399e-05 	1.373e-06 
1.61805 	19.97321 	4.995e-08 	1.550e-07 	1.814e-08 	1.458e-04 	1.127e-04 	2.399e-05 	1.373e-06 
1.63815 	20.22132 	4.995e-08 	1.550e-07 	1.814e-08 	1.458e-04 	1.127e-04 	2.399e-05 	1.373e-06 
1.65825 	20.46944 	4.995e-08 	1.550e-07 	1.814e-08 	1.458e-04 	1.127e-04 	2.399e-05 	1.373e-06 
1.67835 	20.71755 	4.995e-08 	1.550e-07 	1.814e-08 	1.458e-04 	1.127e-04 	2.399e-05 	1.373e-06 
1.69845 	20.96567 	4.995e-08 	1.550e-07 	1.814e-08 	1.458e-04 	1.127e-04 	2.399e-05 	1.373e-06 
1.71855 	21.21378 	4.995e-08 	1.550e-07 	1.814e-08 	1.458e-04 	1.127e-04 	2.399e-05 	1.373e-06 
1.73865 	21.46190 	4.995e-08 	1.550e-07 	1.814e-08 	1.458e-04 	1.127e-04 	2.399e-05 	1.373e-06 
1.75875 	21.71001 	4.995e-08 	1.550e-07 	1.814e-08 	1.458e-04 	1.127e-04 	2.399e-05 	1.373e-06 
1.77885 	21.95812 	4.995e-08 	1.550e-07 	1.814e-08 	1.458e-04 	1.127e-04 	2.399e-05 	1.373e-06 
1.79895 	22.20624 	4.995e-08 	1.550e-07 	1.814e-08 	1.458e-04 	1.127e-04 	2.399e-05 	1.373e-06 
1.81905 	22.45435 	4.995e-08 	1.550e-07 	1.814e-08 	1.458e-04 	1.127e-04 	2.399e-05 	1.373e-06 
1.83915 	22.70247 	4.995e-08 	1.550e-07 	1.814e-08 	1.458e-04 	1.127e-04 	2.399e-05 	1.373e-06 
1.85925 	22.95058 	4.995e-08 	1.550e-07 	1.814e-08 	1.458e-04 	1.127e-04 	2.399e-05 	1.373e-06 
1.87935 	23.19870 	4.995e-08 	1.550e-07 	1.814e-08 	1.458e-04 	1.127e-04 	2.399e-05 	1.373e-06 
1.89945 	23.44681 	4.995e-08 	1.550e-07 	1.814e-08 	1.458e-04 	1.127e-04 	2.399e-05 	1.373e-06 
1.91955 	23.69493 	4.995e-08 	1.550e-07 	1.814e-08 	1.458e-04 	1.127e-04 	2.399e-05 	1.373e-06 
1.93965 	23.94304 	4.995e-08 	1.550e-07 	1.814e-08 	1.458e-04 	1.127e-04 	2.399e-05 	1.373e-06 
1.95975 	24.19115 	4.995e-08 	1.550e-07 	1.814e-08 	1.458e-04 	1.127e-04 	2.399e-05 	1.373e-06 
1.97985 	24.43927 	4.995e-08 	1.550e-07 	1.814e-08 	1.458e-04 	1.127e-04 	2.399e-05 	1.373e-06 
1.99995 	24.68738 	4.995e-08 	1.550e-07 	1.814e-08 	1.458e-04 	1.127e-04 	2.399e-05 	1.373e-06 
