n = 1.0e+04, Tgas =  23.8, Tdust =  23.8, Go = 10000.0
pc 	Av 	e- 	C 	C+ 	CO 	O 	O2 	H2O 
0.01005 	0.16283 	1.396e-04 	2.835e-09 	1.395e-04 	5.023e-13 	3.364e-04 	1.367e-17 	2.067e-14 
0.03015 	0.48848 	1.400e-04 	7.767e-09 	1.399e-04 	1.489e-12 	3.373e-04 	4.185e-17 	3.988e-14 
0.05025 	0.81413 	1.407e-04 	2.106e-08 	1.407e-04 	4.030e-12 	3.392e-04 	1.211e-16 	7.444e-14 
0.07035 	1.13978 	1.415e-04 	5.665e-08 	1.414e-04 	1.037e-11 	3.411e-04 	3.459e-16 	1.356e-13 
0.09045 	1.46543 	1.420e-04 	1.515e-07 	1.419e-04 	2.593e-11 	3.426e-04 	9.986e-16 	2.428e-13 
0.11055 	1.79108 	1.421e-04 	4.030e-07 	1.421e-04 	6.413e-11 	3.436e-04 	2.936e-15 	4.301e-13 
0.13065 	2.11673 	1.418e-04 	1.065e-06 	1.417e-04 	1.590e-10 	3.443e-04 	8.768e-15 	7.580e-13 
0.15075 	2.44238 	1.402e-04 	2.771e-06 	1.402e-04 	3.992e-10 	3.447e-04 	2.644e-14 	1.339e-12 
0.17085 	2.76803 	1.362e-04 	6.975e-06 	1.362e-04 	1.022e-09 	3.451e-04 	8.005e-14 	2.404e-12 
0.19095 	3.09368 	1.271e-04 	1.632e-05 	1.270e-04 	2.655e-09 	3.457e-04 	2.434e-13 	4.496e-12 
0.21105 	3.41933 	1.102e-04 	3.352e-05 	1.102e-04 	6.887e-09 	3.465e-04 	7.548e-13 	9.083e-12 
0.23115 	3.74498 	8.638e-05 	5.781e-05 	8.634e-05 	1.737e-08 	3.476e-04 	2.486e-12 	2.032e-11 
0.25125 	4.07063 	6.069e-05 	8.398e-05 	6.066e-05 	4.187e-08 	3.488e-04 	9.083e-12 	5.002e-11 
0.27135 	4.39628 	3.845e-05 	1.066e-04 	3.842e-05 	9.604e-08 	3.498e-04 	3.698e-11 	1.314e-10 
0.29145 	4.72193 	2.204e-05 	1.233e-04 	2.200e-05 	2.109e-07 	3.505e-04 	1.597e-10 	3.544e-10 
0.31155 	5.04758 	1.141e-05 	1.339e-04 	1.138e-05 	4.481e-07 	3.508e-04 	6.727e-10 	9.345e-10 
0.33165 	5.37323 	5.404e-06 	1.395e-04 	5.367e-06 	9.442e-07 	3.506e-04 	2.482e-09 	2.265e-09 
0.35175 	5.69888 	2.478e-06 	1.413e-04 	2.445e-06 	2.096e-06 	3.495e-04 	7.349e-09 	4.832e-09 
0.37185 	6.02453 	1.243e-06 	1.395e-04 	1.217e-06 	5.157e-06 	3.462e-04 	1.705e-08 	9.163e-09 
0.39195 	6.35018 	7.595e-07 	1.318e-04 	7.410e-07 	1.338e-05 	3.371e-04 	3.219e-08 	1.609e-08 
0.41205 	6.67583 	5.454e-07 	1.129e-04 	5.317e-07 	3.246e-05 	3.153e-04 	5.315e-08 	2.690e-08 
0.43215 	7.00148 	4.101e-07 	8.100e-05 	3.991e-07 	6.448e-05 	2.754e-04 	8.400e-08 	4.285e-08 
0.45225 	7.32713 	3.132e-07 	4.823e-05 	3.035e-07 	9.733e-05 	2.209e-04 	1.320e-07 	6.388e-08 
0.47235 	7.65278 	2.656e-07 	3.098e-05 	2.564e-07 	1.146e-04 	1.544e-04 	1.700e-07 	8.329e-08 
0.49245 	7.97843 	2.802e-07 	3.589e-05 	2.711e-07 	1.097e-04 	8.768e-05 	1.114e-07 	8.281e-08 
0.51255 	8.30408 	3.534e-07 	6.551e-05 	3.445e-07 	8.004e-05 	4.825e-05 	3.708e-08 	6.480e-08 
0.53265 	8.62973 	4.379e-07 	1.025e-04 	4.282e-07 	4.300e-05 	2.828e-05 	1.189e-08 	4.518e-08 
0.55275 	8.95538 	4.833e-07 	1.285e-04 	4.706e-07 	1.696e-05 	1.623e-05 	4.234e-09 	2.989e-08 
0.57285 	9.28103 	4.769e-07 	1.383e-04 	4.598e-07 	7.106e-06 	8.855e-06 	1.597e-09 	1.974e-08 
0.59295 	9.60668 	4.663e-07 	1.407e-04 	4.469e-07 	4.682e-06 	5.402e-06 	7.091e-10 	1.383e-08 
0.61305 	9.93233 	4.681e-07 	1.408e-04 	4.490e-07 	4.529e-06 	3.925e-06 	4.044e-10 	1.063e-08 
0.63315 	10.25798 	4.813e-07 	1.392e-04 	4.643e-07 	5.999e-06 	3.322e-06 	2.947e-10 	8.898e-09 
0.65325 	10.58363 	4.992e-07 	1.345e-04 	4.855e-07 	1.045e-05 	3.096e-06 	2.584e-10 	7.927e-09 
0.67335 	10.90928 	5.030e-07 	1.244e-04 	4.923e-07 	2.037e-05 	2.898e-06 	2.470e-10 	7.316e-09 
0.69345 	11.23493 	4.858e-07 	1.103e-04 	4.767e-07 	3.430e-05 	2.580e-06 	2.362e-10 	6.817e-09 
0.71355 	11.56058 	4.591e-07 	9.527e-05 	4.507e-07 	4.913e-05 	2.241e-06 	2.271e-10 	6.387e-09 
0.73365 	11.88623 	4.304e-07 	8.077e-05 	4.222e-07 	6.338e-05 	1.937e-06 	2.221e-10 	6.018e-09 
0.75375 	12.21188 	4.027e-07 	6.749e-05 	3.947e-07 	7.638e-05 	1.682e-06 	2.221e-10 	5.704e-09 
0.77385 	12.53753 	3.775e-07 	5.570e-05 	3.695e-07 	8.787e-05 	1.474e-06 	2.274e-10 	5.439e-09 
0.79395 	12.86318 	3.554e-07 	4.554e-05 	3.473e-07 	9.772e-05 	1.308e-06 	2.383e-10 	5.220e-09 
0.81405 	13.18883 	3.366e-07 	3.701e-05 	3.285e-07 	1.059e-04 	1.179e-06 	2.548e-10 	5.042e-09 
0.83415 	13.51448 	3.213e-07 	3.005e-05 	3.130e-07 	1.126e-04 	1.080e-06 	2.766e-10 	4.901e-09 
0.85425 	13.84013 	3.090e-07 	2.455e-05 	3.007e-07 	1.178e-04 	1.005e-06 	3.026e-10 	4.793e-09 
0.87435 	14.16578 	2.996e-07 	2.032e-05 	2.912e-07 	1.218e-04 	9.493e-07 	3.309e-10 	4.710e-09 
0.89445 	14.49143 	2.925e-07 	1.715e-05 	2.840e-07 	1.248e-04 	9.089e-07 	3.594e-10 	4.649e-09 
0.91455 	14.81708 	2.873e-07 	1.483e-05 	2.788e-07 	1.270e-04 	8.799e-07 	3.859e-10 	4.605e-09 
0.93465 	15.14273 	2.836e-07 	1.317e-05 	2.750e-07 	1.286e-04 	8.593e-07 	4.089e-10 	4.573e-09 
0.95475 	15.46838 	2.809e-07 	1.200e-05 	2.724e-07 	1.297e-04 	8.449e-07 	4.277e-10 	4.551e-09 
0.97485 	15.79403 	2.791e-07 	1.118e-05 	2.705e-07 	1.304e-04 	8.350e-07 	4.424e-10 	4.536e-09 
0.99495 	16.11968 	2.778e-07 	1.061e-05 	2.692e-07 	1.309e-04 	8.281e-07 	4.533e-10 	4.525e-09 
1.01505 	16.44533 	2.769e-07 	1.022e-05 	2.683e-07 	1.313e-04 	8.234e-07 	4.613e-10 	4.518e-09 
1.03515 	16.77098 	2.763e-07 	9.958e-06 	2.677e-07 	1.316e-04 	8.202e-07 	4.669e-10 	4.513e-09 
1.05525 	17.09663 	2.759e-07 	9.777e-06 	2.673e-07 	1.317e-04 	8.180e-07 	4.709e-10 	4.509e-09 
1.07535 	17.42228 	2.756e-07 	9.654e-06 	2.670e-07 	1.318e-04 	8.165e-07 	4.736e-10 	4.507e-09 
1.09545 	17.74793 	2.755e-07 	9.571e-06 	2.668e-07 	1.319e-04 	8.155e-07 	4.755e-10 	4.505e-09 
1.11555 	18.07358 	2.753e-07 	9.515e-06 	2.667e-07 	1.320e-04 	8.148e-07 	4.768e-10 	4.504e-09 
1.13565 	18.39923 	2.752e-07 	9.476e-06 	2.666e-07 	1.320e-04 	8.143e-07 	4.777e-10 	4.503e-09 
1.15575 	18.72488 	2.752e-07 	9.450e-06 	2.666e-07 	1.320e-04 	8.140e-07 	4.783e-10 	4.503e-09 
1.17585 	19.05053 	2.751e-07 	9.433e-06 	2.665e-07 	1.320e-04 	8.138e-07 	4.787e-10 	4.503e-09 
1.19595 	19.37618 	2.751e-07 	9.421e-06 	2.665e-07 	1.321e-04 	8.137e-07 	4.789e-10 	4.502e-09 
1.21605 	19.70183 	2.751e-07 	9.413e-06 	2.665e-07 	1.321e-04 	8.136e-07 	4.791e-10 	4.502e-09 
1.23615 	20.02748 	2.751e-07 	9.407e-06 	2.665e-07 	1.321e-04 	8.135e-07 	4.792e-10 	4.502e-09 
1.25625 	20.35313 	2.751e-07 	9.404e-06 	2.665e-07 	1.321e-04 	8.135e-07 	4.793e-10 	4.502e-09 
1.27635 	20.67878 	2.751e-07 	9.401e-06 	2.665e-07 	1.321e-04 	8.134e-07 	4.794e-10 	4.502e-09 
1.29645 	21.00443 	2.751e-07 	9.399e-06 	2.665e-07 	1.321e-04 	8.134e-07 	4.794e-10 	4.502e-09 
1.31655 	21.33008 	2.751e-07 	9.398e-06 	2.664e-07 	1.321e-04 	8.134e-07 	4.795e-10 	4.502e-09 
1.33665 	21.65573 	2.751e-07 	9.397e-06 	2.664e-07 	1.321e-04 	8.134e-07 	4.795e-10 	4.502e-09 
1.35675 	21.98139 	2.751e-07 	9.397e-06 	2.664e-07 	1.321e-04 	8.134e-07 	4.795e-10 	4.502e-09 
1.37685 	22.30704 	2.751e-07 	9.397e-06 	2.664e-07 	1.321e-04 	8.134e-07 	4.795e-10 	4.502e-09 
1.39695 	22.63269 	2.751e-07 	9.396e-06 	2.664e-07 	1.321e-04 	8.134e-07 	4.795e-10 	4.502e-09 
1.41705 	22.95834 	2.751e-07 	9.396e-06 	2.664e-07 	1.321e-04 	8.134e-07 	4.795e-10 	4.502e-09 
1.43715 	23.28399 	2.751e-07 	9.396e-06 	2.664e-07 	1.321e-04 	8.134e-07 	4.795e-10 	4.502e-09 
1.45725 	23.60964 	2.751e-07 	9.396e-06 	2.664e-07 	1.321e-04 	8.134e-07 	4.795e-10 	4.502e-09 
1.47735 	23.93529 	2.751e-07 	9.396e-06 	2.664e-07 	1.321e-04 	8.134e-07 	4.795e-10 	4.502e-09 
1.49745 	24.26094 	2.751e-07 	9.396e-06 	2.664e-07 	1.321e-04 	8.134e-07 	4.795e-10 	4.502e-09 
1.51755 	24.58659 	2.751e-07 	9.396e-06 	2.664e-07 	1.321e-04 	8.134e-07 	4.795e-10 	4.502e-09 
1.53765 	24.91224 	2.751e-07 	9.396e-06 	2.664e-07 	1.321e-04 	8.134e-07 	4.795e-10 	4.502e-09 
1.55775 	25.23789 	2.751e-07 	9.396e-06 	2.664e-07 	1.321e-04 	8.134e-07 	4.795e-10 	4.502e-09 
1.57785 	25.56354 	2.751e-07 	9.396e-06 	2.664e-07 	1.321e-04 	8.134e-07 	4.795e-10 	4.502e-09 
1.59795 	25.88919 	2.751e-07 	9.396e-06 	2.664e-07 	1.321e-04 	8.134e-07 	4.795e-10 	4.502e-09 
1.61805 	26.21484 	2.751e-07 	9.396e-06 	2.664e-07 	1.321e-04 	8.134e-07 	4.795e-10 	4.502e-09 
1.63815 	26.54049 	2.751e-07 	9.396e-06 	2.664e-07 	1.321e-04 	8.134e-07 	4.795e-10 	4.502e-09 
1.65825 	26.86614 	2.751e-07 	9.396e-06 	2.664e-07 	1.321e-04 	8.134e-07 	4.795e-10 	4.502e-09 
1.67835 	27.19179 	2.751e-07 	9.396e-06 	2.664e-07 	1.321e-04 	8.134e-07 	4.795e-10 	4.502e-09 
1.69845 	27.51744 	2.751e-07 	9.396e-06 	2.664e-07 	1.321e-04 	8.134e-07 	4.795e-10 	4.502e-09 
1.71855 	27.84309 	2.751e-07 	9.396e-06 	2.664e-07 	1.321e-04 	8.134e-07 	4.795e-10 	4.502e-09 
1.73865 	28.16874 	2.751e-07 	9.396e-06 	2.664e-07 	1.321e-04 	8.134e-07 	4.795e-10 	4.502e-09 
1.75875 	28.49439 	2.751e-07 	9.396e-06 	2.664e-07 	1.321e-04 	8.134e-07 	4.795e-10 	4.502e-09 
1.77885 	28.82004 	2.751e-07 	9.396e-06 	2.664e-07 	1.321e-04 	8.134e-07 	4.795e-10 	4.502e-09 
1.79895 	29.14569 	2.751e-07 	9.396e-06 	2.664e-07 	1.321e-04 	8.134e-07 	4.795e-10 	4.502e-09 
1.81905 	29.47134 	2.751e-07 	9.396e-06 	2.664e-07 	1.321e-04 	8.134e-07 	4.795e-10 	4.502e-09 
1.83915 	29.79699 	2.751e-07 	9.396e-06 	2.664e-07 	1.321e-04 	8.134e-07 	4.795e-10 	4.502e-09 
1.85925 	30.12264 	2.751e-07 	9.396e-06 	2.664e-07 	1.321e-04 	8.134e-07 	4.795e-10 	4.502e-09 
1.87935 	30.44829 	2.751e-07 	9.396e-06 	2.664e-07 	1.321e-04 	8.134e-07 	4.795e-10 	4.502e-09 
1.89945 	30.77394 	2.751e-07 	9.396e-06 	2.664e-07 	1.321e-04 	8.134e-07 	4.795e-10 	4.502e-09 
1.91955 	31.09959 	2.751e-07 	9.396e-06 	2.664e-07 	1.321e-04 	8.134e-07 	4.795e-10 	4.502e-09 
1.93965 	31.42524 	2.751e-07 	9.396e-06 	2.664e-07 	1.321e-04 	8.134e-07 	4.795e-10 	4.502e-09 
1.95975 	31.75089 	2.751e-07 	9.396e-06 	2.664e-07 	1.321e-04 	8.134e-07 	4.795e-10 	4.502e-09 
1.97985 	32.07654 	2.751e-07 	9.396e-06 	2.664e-07 	1.321e-04 	8.134e-07 	4.795e-10 	4.502e-09 
1.99995 	32.40219 	2.751e-07 	9.396e-06 	2.664e-07 	1.321e-04 	8.134e-07 	4.795e-10 	4.502e-09 
