n = 4.5e+02, Tgas =   9.0, Tdust =   9.0, Go =   1.0
pc 	Av 	e- 	C 	C+ 	CO 	O 	O2 	H2O 
0.10005 	0.06947 	1.388e-04 	1.614e-06 	1.383e-04 	3.414e-09 	3.373e-04 	1.747e-12 	1.285e-10 
0.30015 	0.20841 	1.380e-04 	2.421e-06 	1.375e-04 	5.633e-09 	3.373e-04 	2.709e-12 	1.601e-10 
0.50025 	0.34735 	1.368e-04 	3.615e-06 	1.363e-04 	9.278e-09 	3.374e-04 	4.166e-12 	1.993e-10 
0.70035 	0.48629 	1.351e-04 	5.354e-06 	1.346e-04 	1.524e-08 	3.375e-04 	6.354e-12 	2.480e-10 
0.90045 	0.62523 	1.327e-04 	7.846e-06 	1.322e-04 	2.492e-08 	3.377e-04 	9.624e-12 	3.091e-10 
1.10055 	0.76417 	1.292e-04 	1.133e-05 	1.288e-04 	4.051e-08 	3.379e-04 	1.451e-11 	3.869e-10 
1.30065 	0.90311 	1.246e-04 	1.604e-05 	1.242e-04 	6.528e-08 	3.382e-04 	2.185e-11 	4.882e-10 
1.50075 	1.04205 	1.186e-04 	2.217e-05 	1.182e-04 	1.041e-07 	3.386e-04 	3.304e-11 	6.238e-10 
1.70085 	1.18099 	1.112e-04 	2.976e-05 	1.107e-04 	1.637e-07 	3.391e-04 	5.049e-11 	8.106e-10 
1.90095 	1.31992 	1.024e-04 	3.870e-05 	1.019e-04 	2.536e-07 	3.397e-04 	7.843e-11 	1.075e-09 
2.10105 	1.45886 	9.261e-05 	4.866e-05 	9.210e-05 	3.858e-07 	3.402e-04 	1.244e-10 	1.458e-09 
2.30115 	1.59780 	8.219e-05 	5.918e-05 	8.167e-05 	5.759e-07 	3.408e-04 	2.021e-10 	2.022e-09 
2.50125 	1.73674 	7.164e-05 	6.976e-05 	7.111e-05 	8.426e-07 	3.413e-04 	3.361e-10 	2.864e-09 
2.70135 	1.87568 	6.138e-05 	7.992e-05 	6.084e-05 	1.209e-06 	3.417e-04 	5.714e-10 	4.129e-09 
2.90145 	2.01462 	5.177e-05 	8.927e-05 	5.123e-05 	1.702e-06 	3.418e-04 	9.894e-10 	6.039e-09 
3.10155 	2.15356 	4.305e-05 	9.751e-05 	4.251e-05 	2.361e-06 	3.417e-04 	1.736e-09 	8.932e-09 
3.30165 	2.29250 	3.534e-05 	1.044e-04 	3.481e-05 	3.240e-06 	3.412e-04 	3.071e-09 	1.330e-08 
3.50175 	2.43144 	2.869e-05 	1.099e-04 	2.817e-05 	4.426e-06 	3.402e-04 	5.442e-09 	1.989e-08 
3.70185 	2.57038 	2.306e-05 	1.138e-04 	2.257e-05 	6.062e-06 	3.385e-04 	9.589e-09 	2.972e-08 
3.90195 	2.70932 	1.838e-05 	1.159e-04 	1.793e-05 	8.379e-06 	3.358e-04 	1.668e-08 	4.426e-08 
4.10205 	2.84826 	1.455e-05 	1.159e-04 	1.414e-05 	1.174e-05 	3.314e-04 	2.847e-08 	6.554e-08 
4.30215 	2.98720 	1.142e-05 	1.134e-04 	1.107e-05 	1.664e-05 	3.247e-04 	4.743e-08 	9.635e-08 
4.50225 	3.12614 	8.881e-06 	1.079e-04 	8.591e-06 	2.368e-05 	3.144e-04 	7.708e-08 	1.407e-07 
4.70235 	3.26508 	6.808e-06 	9.891e-05 	6.572e-06 	3.325e-05 	2.993e-04 	1.224e-07 	2.043e-07 
4.90245 	3.40402 	5.142e-06 	8.693e-05 	4.948e-06 	4.514e-05 	2.781e-04 	1.889e-07 	2.935e-07 
5.10255 	3.54296 	3.882e-06 	7.347e-05 	3.719e-06 	5.797e-05 	2.505e-04 	2.767e-07 	4.083e-07 
5.30265 	3.68190 	3.046e-06 	6.102e-05 	2.902e-06 	6.958e-05 	2.179e-04 	3.660e-07 	5.285e-07 
5.50275 	3.82083 	2.584e-06 	5.144e-05 	2.448e-06 	7.838e-05 	1.840e-04 	4.203e-07 	6.168e-07 
5.70285 	3.95977 	2.396e-06 	4.511e-05 	2.263e-06 	8.411e-05 	1.532e-04 	4.183e-07 	6.471e-07 
5.90295 	4.09871 	2.387e-06 	4.136e-05 	2.254e-06 	8.741e-05 	1.284e-04 	3.727e-07 	6.233e-07 
6.10305 	4.23765 	2.488e-06 	3.933e-05 	2.353e-06 	8.910e-05 	1.096e-04 	3.103e-07 	5.677e-07 
6.30315 	4.37659 	2.646e-06 	3.833e-05 	2.509e-06 	8.983e-05 	9.562e-05 	2.500e-07 	5.016e-07 
6.50325 	4.51553 	2.830e-06 	3.788e-05 	2.689e-06 	9.004e-05 	8.501e-05 	1.993e-07 	4.375e-07 
6.70335 	4.65447 	3.017e-06 	3.766e-05 	2.873e-06 	9.004e-05 	7.663e-05 	1.593e-07 	3.812e-07 
6.90345 	4.79341 	3.191e-06 	3.746e-05 	3.045e-06 	9.002e-05 	6.975e-05 	1.286e-07 	3.341e-07 
7.10355 	4.93235 	3.343e-06 	3.714e-05 	3.195e-06 	9.011e-05 	6.396e-05 	1.055e-07 	2.958e-07 
7.30365 	5.07129 	3.470e-06 	3.661e-05 	3.321e-06 	9.040e-05 	5.901e-05 	8.828e-08 	2.652e-07 
7.50375 	5.21023 	3.568e-06 	3.586e-05 	3.420e-06 	9.091e-05 	5.476e-05 	7.542e-08 	2.411e-07 
7.70385 	5.34917 	3.641e-06 	3.487e-05 	3.494e-06 	9.164e-05 	5.111e-05 	6.586e-08 	2.221e-07 
7.90395 	5.48811 	3.691e-06 	3.369e-05 	3.545e-06 	9.256e-05 	4.798e-05 	5.873e-08 	2.073e-07 
8.10405 	5.62705 	3.722e-06 	3.238e-05 	3.578e-06 	9.361e-05 	4.530e-05 	5.340e-08 	1.957e-07 
8.30415 	5.76599 	3.737e-06 	3.098e-05 	3.595e-06 	9.475e-05 	4.302e-05 	4.940e-08 	1.866e-07 
8.50425 	5.90493 	3.741e-06 	2.956e-05 	3.601e-06 	9.593e-05 	4.108e-05 	4.639e-08 	1.795e-07 
8.70435 	6.04387 	3.737e-06 	2.814e-05 	3.599e-06 	9.710e-05 	3.943e-05 	4.413e-08 	1.740e-07 
8.90445 	6.18280 	3.727e-06 	2.678e-05 	3.590e-06 	9.825e-05 	3.802e-05 	4.242e-08 	1.696e-07 
9.10455 	6.32174 	3.713e-06 	2.549e-05 	3.579e-06 	9.933e-05 	3.683e-05 	4.114e-08 	1.661e-07 
9.30465 	6.46068 	3.698e-06 	2.429e-05 	3.565e-06 	1.003e-04 	3.582e-05 	4.017e-08 	1.634e-07 
9.50475 	6.59962 	3.682e-06 	2.320e-05 	3.550e-06 	1.013e-04 	3.495e-05 	3.944e-08 	1.612e-07 
9.70485 	6.73856 	3.666e-06 	2.221e-05 	3.535e-06 	1.021e-04 	3.422e-05 	3.890e-08 	1.595e-07 
9.90495 	6.87750 	3.650e-06 	2.132e-05 	3.520e-06 	1.029e-04 	3.361e-05 	3.849e-08 	1.581e-07 
10.10505 	7.01644 	3.636e-06 	2.053e-05 	3.507e-06 	1.035e-04 	3.308e-05 	3.819e-08 	1.570e-07 
10.30515 	7.15538 	3.623e-06 	1.984e-05 	3.494e-06 	1.041e-04 	3.264e-05 	3.796e-08 	1.561e-07 
10.50525 	7.29432 	3.611e-06 	1.923e-05 	3.482e-06 	1.046e-04 	3.226e-05 	3.780e-08 	1.554e-07 
10.70535 	7.43326 	3.600e-06 	1.870e-05 	3.472e-06 	1.051e-04 	3.194e-05 	3.768e-08 	1.548e-07 
10.90545 	7.57220 	3.590e-06 	1.824e-05 	3.463e-06 	1.055e-04 	3.167e-05 	3.759e-08 	1.544e-07 
11.10555 	7.71114 	3.582e-06 	1.784e-05 	3.455e-06 	1.058e-04 	3.144e-05 	3.753e-08 	1.540e-07 
11.30565 	7.85008 	3.574e-06 	1.750e-05 	3.448e-06 	1.061e-04 	3.125e-05 	3.749e-08 	1.537e-07 
11.50575 	7.98902 	3.568e-06 	1.720e-05 	3.442e-06 	1.064e-04 	3.109e-05 	3.746e-08 	1.534e-07 
11.70585 	8.12796 	3.562e-06 	1.695e-05 	3.436e-06 	1.066e-04 	3.095e-05 	3.744e-08 	1.532e-07 
11.90595 	8.26690 	3.557e-06 	1.674e-05 	3.431e-06 	1.068e-04 	3.084e-05 	3.743e-08 	1.531e-07 
12.10605 	8.40584 	3.553e-06 	1.655e-05 	3.427e-06 	1.069e-04 	3.074e-05 	3.742e-08 	1.529e-07 
12.30615 	8.54478 	3.549e-06 	1.640e-05 	3.424e-06 	1.071e-04 	3.066e-05 	3.741e-08 	1.528e-07 
12.50625 	8.68371 	3.546e-06 	1.626e-05 	3.421e-06 	1.072e-04 	3.059e-05 	3.741e-08 	1.527e-07 
12.70635 	8.82265 	3.544e-06 	1.615e-05 	3.418e-06 	1.073e-04 	3.053e-05 	3.741e-08 	1.526e-07 
12.90645 	8.96159 	3.541e-06 	1.605e-05 	3.416e-06 	1.074e-04 	3.048e-05 	3.741e-08 	1.526e-07 
13.10655 	9.10053 	3.540e-06 	1.597e-05 	3.414e-06 	1.074e-04 	3.044e-05 	3.741e-08 	1.525e-07 
13.30665 	9.23947 	3.538e-06 	1.590e-05 	3.413e-06 	1.075e-04 	3.040e-05 	3.741e-08 	1.525e-07 
13.50675 	9.37841 	3.537e-06 	1.584e-05 	3.412e-06 	1.075e-04 	3.037e-05 	3.742e-08 	1.525e-07 
13.70685 	9.51735 	3.535e-06 	1.579e-05 	3.410e-06 	1.076e-04 	3.034e-05 	3.742e-08 	1.524e-07 
13.90695 	9.65629 	3.534e-06 	1.575e-05 	3.409e-06 	1.076e-04 	3.032e-05 	3.742e-08 	1.524e-07 
14.10705 	9.79523 	3.533e-06 	1.571e-05 	3.409e-06 	1.077e-04 	3.031e-05 	3.742e-08 	1.524e-07 
14.30715 	9.93417 	3.533e-06 	1.568e-05 	3.408e-06 	1.077e-04 	3.029e-05 	3.742e-08 	1.524e-07 
14.50725 	10.07311 	3.532e-06 	1.565e-05 	3.407e-06 	1.077e-04 	3.028e-05 	3.742e-08 	1.523e-07 
14.70735 	10.21205 	3.532e-06 	1.563e-05 	3.407e-06 	1.077e-04 	3.027e-05 	3.742e-08 	1.523e-07 
14.90745 	10.35099 	3.531e-06 	1.561e-05 	3.406e-06 	1.077e-04 	3.026e-05 	3.743e-08 	1.523e-07 
15.10755 	10.48993 	3.531e-06 	1.560e-05 	3.406e-06 	1.078e-04 	3.025e-05 	3.743e-08 	1.523e-07 
15.30765 	10.62887 	3.530e-06 	1.558e-05 	3.406e-06 	1.078e-04 	3.024e-05 	3.743e-08 	1.523e-07 
15.50775 	10.76781 	3.530e-06 	1.557e-05 	3.405e-06 	1.078e-04 	3.024e-05 	3.743e-08 	1.523e-07 
15.70785 	10.90675 	3.530e-06 	1.556e-05 	3.405e-06 	1.078e-04 	3.023e-05 	3.743e-08 	1.523e-07 
15.90795 	11.04569 	3.530e-06 	1.555e-05 	3.405e-06 	1.078e-04 	3.023e-05 	3.743e-08 	1.523e-07 
16.10805 	11.18462 	3.530e-06 	1.555e-05 	3.405e-06 	1.078e-04 	3.022e-05 	3.743e-08 	1.523e-07 
16.30815 	11.32356 	3.529e-06 	1.554e-05 	3.405e-06 	1.078e-04 	3.022e-05 	3.743e-08 	1.523e-07 
16.50825 	11.46250 	3.529e-06 	1.554e-05 	3.405e-06 	1.078e-04 	3.022e-05 	3.743e-08 	1.523e-07 
16.70835 	11.60144 	3.529e-06 	1.553e-05 	3.404e-06 	1.078e-04 	3.022e-05 	3.743e-08 	1.523e-07 
16.90845 	11.74038 	3.529e-06 	1.553e-05 	3.404e-06 	1.078e-04 	3.022e-05 	3.743e-08 	1.523e-07 
17.10855 	11.87932 	3.529e-06 	1.553e-05 	3.404e-06 	1.078e-04 	3.021e-05 	3.743e-08 	1.523e-07 
17.30865 	12.01826 	3.529e-06 	1.552e-05 	3.404e-06 	1.078e-04 	3.021e-05 	3.743e-08 	1.523e-07 
17.50875 	12.15720 	3.529e-06 	1.552e-05 	3.404e-06 	1.078e-04 	3.021e-05 	3.743e-08 	1.523e-07 
17.70885 	12.29614 	3.529e-06 	1.552e-05 	3.404e-06 	1.078e-04 	3.021e-05 	3.743e-08 	1.523e-07 
17.90895 	12.43508 	3.529e-06 	1.552e-05 	3.404e-06 	1.078e-04 	3.021e-05 	3.743e-08 	1.523e-07 
18.10905 	12.57402 	3.529e-06 	1.552e-05 	3.404e-06 	1.078e-04 	3.021e-05 	3.743e-08 	1.523e-07 
18.30915 	12.71296 	3.529e-06 	1.551e-05 	3.404e-06 	1.078e-04 	3.021e-05 	3.743e-08 	1.523e-07 
18.50925 	12.85190 	3.529e-06 	1.551e-05 	3.404e-06 	1.078e-04 	3.021e-05 	3.743e-08 	1.523e-07 
18.70935 	12.99084 	3.529e-06 	1.551e-05 	3.404e-06 	1.078e-04 	3.021e-05 	3.743e-08 	1.523e-07 
18.90945 	13.12978 	3.529e-06 	1.551e-05 	3.404e-06 	1.078e-04 	3.021e-05 	3.743e-08 	1.523e-07 
19.10955 	13.26872 	3.529e-06 	1.551e-05 	3.404e-06 	1.078e-04 	3.021e-05 	3.743e-08 	1.523e-07 
19.30965 	13.40766 	3.529e-06 	1.551e-05 	3.404e-06 	1.078e-04 	3.021e-05 	3.743e-08 	1.523e-07 
19.50975 	13.54659 	3.529e-06 	1.551e-05 	3.404e-06 	1.078e-04 	3.021e-05 	3.743e-08 	1.523e-07 
19.70985 	13.68553 	3.529e-06 	1.551e-05 	3.404e-06 	1.078e-04 	3.021e-05 	3.743e-08 	1.523e-07 
19.90995 	13.82447 	3.529e-06 	1.551e-05 	3.404e-06 	1.078e-04 	3.021e-05 	3.743e-08 	1.523e-07 
