n = 4.7e+02, Tgas =  10.0, Tdust =  10.0, Go =   1.0
pc 	Av 	e- 	C 	C+ 	CO 	O 	O2 	H2O 
0.10005 	0.07294 	1.391e-04 	1.620e-06 	1.387e-04 	3.812e-09 	3.382e-04 	2.508e-12 	1.364e-10 
0.30015 	0.21883 	1.383e-04 	2.481e-06 	1.378e-04 	6.447e-09 	3.382e-04 	3.962e-12 	1.718e-10 
0.50025 	0.36472 	1.370e-04 	3.777e-06 	1.366e-04 	1.088e-08 	3.383e-04 	6.199e-12 	2.160e-10 
0.70035 	0.51060 	1.351e-04 	5.699e-06 	1.347e-04 	1.830e-08 	3.385e-04 	9.607e-12 	2.715e-10 
0.90045 	0.65649 	1.324e-04 	8.491e-06 	1.319e-04 	3.062e-08 	3.386e-04 	1.477e-11 	3.418e-10 
1.10055 	0.80238 	1.285e-04 	1.244e-05 	1.281e-04 	5.084e-08 	3.389e-04 	2.261e-11 	4.327e-10 
1.30065 	0.94826 	1.232e-04 	1.780e-05 	1.228e-04 	8.356e-08 	3.392e-04 	3.460e-11 	5.530e-10 
1.50075 	1.09415 	1.164e-04 	2.476e-05 	1.159e-04 	1.356e-07 	3.396e-04 	5.331e-11 	7.176e-10 
1.70085 	1.24003 	1.080e-04 	3.332e-05 	1.075e-04 	2.164e-07 	3.401e-04 	8.330e-11 	9.498e-10 
1.90095 	1.38592 	9.821e-05 	4.324e-05 	9.772e-05 	3.391e-07 	3.406e-04 	1.329e-10 	1.287e-09 
2.10105 	1.53181 	8.748e-05 	5.406e-05 	8.698e-05 	5.205e-07 	3.412e-04 	2.173e-10 	1.788e-09 
2.30115 	1.67769 	7.634e-05 	6.523e-05 	7.583e-05 	7.814e-07 	3.417e-04 	3.648e-10 	2.545e-09 
2.50125 	1.82358 	6.533e-05 	7.614e-05 	6.482e-05 	1.147e-06 	3.420e-04 	6.281e-10 	3.702e-09 
2.70135 	1.96947 	5.490e-05 	8.630e-05 	5.438e-05 	1.650e-06 	3.422e-04 	1.105e-09 	5.483e-09 
2.90145 	2.11535 	4.537e-05 	9.531e-05 	4.486e-05 	2.330e-06 	3.421e-04 	1.977e-09 	8.237e-09 
3.10155 	2.26124 	3.694e-05 	1.029e-04 	3.644e-05 	3.248e-06 	3.415e-04 	3.574e-09 	1.250e-08 
3.30165 	2.40713 	2.968e-05 	1.089e-04 	2.919e-05 	4.500e-06 	3.405e-04 	6.480e-09 	1.908e-08 
3.50175 	2.55301 	2.357e-05 	1.131e-04 	2.311e-05 	6.245e-06 	3.386e-04 	1.169e-08 	2.917e-08 
3.70185 	2.69890 	1.852e-05 	1.154e-04 	1.810e-05 	8.750e-06 	3.356e-04 	2.080e-08 	4.453e-08 
3.90195 	2.84478 	1.442e-05 	1.152e-04 	1.405e-05 	1.243e-05 	3.307e-04 	3.624e-08 	6.765e-08 
4.10205 	2.99067 	1.112e-05 	1.122e-04 	1.080e-05 	1.789e-05 	3.230e-04 	6.146e-08 	1.022e-07 
4.30215 	3.13656 	8.459e-06 	1.056e-04 	8.201e-06 	2.578e-05 	3.110e-04 	1.013e-07 	1.534e-07 
4.50225 	3.28244 	6.331e-06 	9.531e-05 	6.123e-06 	3.646e-05 	2.931e-04 	1.624e-07 	2.286e-07 
4.70235 	3.42833 	4.678e-06 	8.199e-05 	4.509e-06 	4.933e-05 	2.680e-04 	2.500e-07 	3.342e-07 
4.90245 	3.57422 	3.511e-06 	6.799e-05 	3.366e-06 	6.239e-05 	2.356e-04 	3.549e-07 	4.629e-07 
5.10255 	3.72010 	2.815e-06 	5.618e-05 	2.684e-06 	7.318e-05 	1.990e-04 	4.391e-07 	5.789e-07 
5.30265 	3.86599 	2.493e-06 	4.800e-05 	2.366e-06 	8.053e-05 	1.636e-04 	4.611e-07 	6.395e-07 
5.50275 	4.01188 	2.418e-06 	4.312e-05 	2.292e-06 	8.482e-05 	1.342e-04 	4.207e-07 	6.331e-07 
5.70285 	4.15776 	2.493e-06 	4.052e-05 	2.366e-06 	8.701e-05 	1.120e-04 	3.507e-07 	5.813e-07 
5.90295 	4.30365 	2.649e-06 	3.928e-05 	2.519e-06 	8.793e-05 	9.579e-05 	2.793e-07 	5.116e-07 
6.10305 	4.44954 	2.840e-06 	3.877e-05 	2.707e-06 	8.818e-05 	8.380e-05 	2.189e-07 	4.420e-07 
6.30315 	4.59542 	3.039e-06 	3.859e-05 	2.903e-06 	8.813e-05 	7.452e-05 	1.715e-07 	3.804e-07 
6.50325 	4.74131 	3.226e-06 	3.847e-05 	3.088e-06 	8.802e-05 	6.703e-05 	1.357e-07 	3.291e-07 
6.70335 	4.88719 	3.390e-06 	3.823e-05 	3.250e-06 	8.802e-05 	6.080e-05 	1.091e-07 	2.877e-07 
6.90345 	5.03308 	3.525e-06 	3.776e-05 	3.385e-06 	8.825e-05 	5.552e-05 	8.958e-08 	2.550e-07 
7.10355 	5.17897 	3.630e-06 	3.701e-05 	3.490e-06 	8.873e-05 	5.103e-05 	7.523e-08 	2.294e-07 
7.30365 	5.32485 	3.705e-06 	3.598e-05 	3.567e-06 	8.947e-05 	4.721e-05 	6.472e-08 	2.096e-07 
7.50375 	5.47074 	3.755e-06 	3.471e-05 	3.619e-06 	9.043e-05 	4.397e-05 	5.701e-08 	1.942e-07 
7.70385 	5.61663 	3.784e-06 	3.328e-05 	3.650e-06 	9.157e-05 	4.123e-05 	5.133e-08 	1.824e-07 
7.90395 	5.76251 	3.796e-06 	3.173e-05 	3.664e-06 	9.281e-05 	3.891e-05 	4.713e-08 	1.732e-07 
8.10405 	5.90840 	3.795e-06 	3.015e-05 	3.666e-06 	9.410e-05 	3.696e-05 	4.401e-08 	1.661e-07 
8.30415 	6.05429 	3.786e-06 	2.858e-05 	3.659e-06 	9.538e-05 	3.531e-05 	4.169e-08 	1.606e-07 
8.50425 	6.20017 	3.772e-06 	2.706e-05 	3.646e-06 	9.663e-05 	3.392e-05 	3.997e-08 	1.563e-07 
8.70435 	6.34606 	3.754e-06 	2.564e-05 	3.630e-06 	9.782e-05 	3.275e-05 	3.868e-08 	1.529e-07 
8.90445 	6.49195 	3.734e-06 	2.432e-05 	3.612e-06 	9.891e-05 	3.177e-05 	3.772e-08 	1.503e-07 
9.10455 	6.63783 	3.715e-06 	2.312e-05 	3.593e-06 	9.991e-05 	3.094e-05 	3.701e-08 	1.482e-07 
9.30465 	6.78372 	3.696e-06 	2.204e-05 	3.575e-06 	1.008e-04 	3.024e-05 	3.648e-08 	1.466e-07 
9.50475 	6.92960 	3.678e-06 	2.108e-05 	3.558e-06 	1.016e-04 	2.965e-05 	3.609e-08 	1.453e-07 
9.70485 	7.07549 	3.661e-06 	2.024e-05 	3.542e-06 	1.023e-04 	2.916e-05 	3.581e-08 	1.442e-07 
9.90495 	7.22138 	3.646e-06 	1.950e-05 	3.528e-06 	1.029e-04 	2.874e-05 	3.560e-08 	1.434e-07 
10.10505 	7.36726 	3.633e-06 	1.885e-05 	3.515e-06 	1.035e-04 	2.839e-05 	3.545e-08 	1.428e-07 
10.30515 	7.51315 	3.621e-06 	1.830e-05 	3.504e-06 	1.040e-04 	2.810e-05 	3.534e-08 	1.422e-07 
10.50525 	7.65904 	3.610e-06 	1.782e-05 	3.494e-06 	1.044e-04 	2.785e-05 	3.526e-08 	1.418e-07 
10.70535 	7.80492 	3.601e-06 	1.741e-05 	3.485e-06 	1.047e-04 	2.765e-05 	3.520e-08 	1.415e-07 
10.90545 	7.95081 	3.593e-06 	1.706e-05 	3.477e-06 	1.050e-04 	2.747e-05 	3.517e-08 	1.412e-07 
11.10555 	8.09670 	3.587e-06 	1.677e-05 	3.471e-06 	1.052e-04 	2.733e-05 	3.514e-08 	1.410e-07 
11.30565 	8.24258 	3.581e-06 	1.651e-05 	3.465e-06 	1.055e-04 	2.721e-05 	3.512e-08 	1.408e-07 
11.50575 	8.38847 	3.576e-06 	1.630e-05 	3.460e-06 	1.056e-04 	2.710e-05 	3.511e-08 	1.406e-07 
11.70585 	8.53435 	3.572e-06 	1.612e-05 	3.456e-06 	1.058e-04 	2.702e-05 	3.510e-08 	1.405e-07 
11.90595 	8.68024 	3.568e-06 	1.596e-05 	3.453e-06 	1.059e-04 	2.695e-05 	3.510e-08 	1.404e-07 
12.10605 	8.82613 	3.565e-06 	1.583e-05 	3.450e-06 	1.060e-04 	2.689e-05 	3.510e-08 	1.404e-07 
12.30615 	8.97201 	3.562e-06 	1.572e-05 	3.447e-06 	1.061e-04 	2.684e-05 	3.510e-08 	1.403e-07 
12.50625 	9.11790 	3.560e-06 	1.563e-05 	3.445e-06 	1.062e-04 	2.680e-05 	3.510e-08 	1.402e-07 
12.70635 	9.26379 	3.558e-06 	1.555e-05 	3.443e-06 	1.063e-04 	2.676e-05 	3.510e-08 	1.402e-07 
12.90645 	9.40967 	3.557e-06 	1.549e-05 	3.442e-06 	1.063e-04 	2.673e-05 	3.510e-08 	1.402e-07 
13.10655 	9.55556 	3.555e-06 	1.543e-05 	3.441e-06 	1.064e-04 	2.671e-05 	3.510e-08 	1.401e-07 
13.30665 	9.70145 	3.554e-06 	1.539e-05 	3.440e-06 	1.064e-04 	2.669e-05 	3.510e-08 	1.401e-07 
13.50675 	9.84733 	3.553e-06 	1.535e-05 	3.439e-06 	1.064e-04 	2.667e-05 	3.510e-08 	1.401e-07 
13.70685 	9.99322 	3.552e-06 	1.532e-05 	3.438e-06 	1.065e-04 	2.665e-05 	3.510e-08 	1.401e-07 
13.90695 	10.13911 	3.552e-06 	1.529e-05 	3.437e-06 	1.065e-04 	2.664e-05 	3.511e-08 	1.400e-07 
14.10705 	10.28499 	3.551e-06 	1.527e-05 	3.437e-06 	1.065e-04 	2.663e-05 	3.511e-08 	1.400e-07 
14.30715 	10.43088 	3.551e-06 	1.525e-05 	3.436e-06 	1.065e-04 	2.662e-05 	3.511e-08 	1.400e-07 
14.50725 	10.57676 	3.550e-06 	1.523e-05 	3.436e-06 	1.065e-04 	2.662e-05 	3.511e-08 	1.400e-07 
14.70735 	10.72265 	3.550e-06 	1.522e-05 	3.435e-06 	1.065e-04 	2.661e-05 	3.511e-08 	1.400e-07 
14.90745 	10.86854 	3.550e-06 	1.520e-05 	3.435e-06 	1.066e-04 	2.660e-05 	3.511e-08 	1.400e-07 
15.10755 	11.01442 	3.550e-06 	1.520e-05 	3.435e-06 	1.066e-04 	2.660e-05 	3.511e-08 	1.400e-07 
15.30765 	11.16031 	3.549e-06 	1.519e-05 	3.435e-06 	1.066e-04 	2.660e-05 	3.511e-08 	1.400e-07 
15.50775 	11.30620 	3.549e-06 	1.518e-05 	3.435e-06 	1.066e-04 	2.659e-05 	3.511e-08 	1.400e-07 
15.70785 	11.45208 	3.549e-06 	1.517e-05 	3.434e-06 	1.066e-04 	2.659e-05 	3.511e-08 	1.400e-07 
15.90795 	11.59797 	3.549e-06 	1.517e-05 	3.434e-06 	1.066e-04 	2.659e-05 	3.511e-08 	1.400e-07 
16.10805 	11.74386 	3.549e-06 	1.517e-05 	3.434e-06 	1.066e-04 	2.659e-05 	3.511e-08 	1.400e-07 
16.30815 	11.88974 	3.549e-06 	1.516e-05 	3.434e-06 	1.066e-04 	2.659e-05 	3.511e-08 	1.400e-07 
16.50825 	12.03563 	3.549e-06 	1.516e-05 	3.434e-06 	1.066e-04 	2.658e-05 	3.511e-08 	1.400e-07 
16.70835 	12.18151 	3.549e-06 	1.516e-05 	3.434e-06 	1.066e-04 	2.658e-05 	3.511e-08 	1.400e-07 
16.90845 	12.32740 	3.549e-06 	1.515e-05 	3.434e-06 	1.066e-04 	2.658e-05 	3.511e-08 	1.400e-07 
17.10855 	12.47329 	3.549e-06 	1.515e-05 	3.434e-06 	1.066e-04 	2.658e-05 	3.511e-08 	1.400e-07 
17.30865 	12.61917 	3.548e-06 	1.515e-05 	3.434e-06 	1.066e-04 	2.658e-05 	3.511e-08 	1.400e-07 
17.50875 	12.76506 	3.548e-06 	1.515e-05 	3.434e-06 	1.066e-04 	2.658e-05 	3.511e-08 	1.400e-07 
17.70885 	12.91095 	3.548e-06 	1.515e-05 	3.434e-06 	1.066e-04 	2.658e-05 	3.511e-08 	1.400e-07 
17.90895 	13.05683 	3.548e-06 	1.515e-05 	3.434e-06 	1.066e-04 	2.658e-05 	3.511e-08 	1.400e-07 
18.10905 	13.20272 	3.548e-06 	1.515e-05 	3.434e-06 	1.066e-04 	2.658e-05 	3.511e-08 	1.400e-07 
18.30915 	13.34861 	3.548e-06 	1.515e-05 	3.434e-06 	1.066e-04 	2.658e-05 	3.511e-08 	1.400e-07 
18.50925 	13.49449 	3.548e-06 	1.515e-05 	3.434e-06 	1.066e-04 	2.658e-05 	3.511e-08 	1.400e-07 
18.70935 	13.64038 	3.548e-06 	1.515e-05 	3.434e-06 	1.066e-04 	2.658e-05 	3.511e-08 	1.400e-07 
18.90945 	13.78627 	3.548e-06 	1.515e-05 	3.434e-06 	1.066e-04 	2.658e-05 	3.511e-08 	1.400e-07 
19.10955 	13.93215 	3.548e-06 	1.515e-05 	3.434e-06 	1.066e-04 	2.658e-05 	3.511e-08 	1.400e-07 
19.30965 	14.07804 	3.548e-06 	1.515e-05 	3.434e-06 	1.066e-04 	2.658e-05 	3.511e-08 	1.400e-07 
19.50975 	14.22392 	3.548e-06 	1.515e-05 	3.434e-06 	1.066e-04 	2.658e-05 	3.511e-08 	1.400e-07 
19.70985 	14.36981 	3.548e-06 	1.515e-05 	3.434e-06 	1.066e-04 	2.658e-05 	3.511e-08 	1.400e-07 
19.90995 	14.51570 	3.548e-06 	1.515e-05 	3.434e-06 	1.066e-04 	2.658e-05 	3.511e-08 	1.400e-07 
