n = 5.4e+02, Tgas =  10.0, Tdust =  10.0, Go =   1.0
pc 	Av 	e- 	C 	C+ 	CO 	O 	O2 	H2O 
0.10005 	0.08336 	1.389e-04 	1.904e-06 	1.385e-04 	5.074e-09 	3.384e-04 	2.938e-12 	1.375e-10 
0.30015 	0.25009 	1.377e-04 	3.091e-06 	1.373e-04 	9.241e-09 	3.385e-04 	4.911e-12 	1.785e-10 
0.50025 	0.41682 	1.359e-04 	4.968e-06 	1.355e-04 	1.677e-08 	3.387e-04 	8.102e-12 	2.313e-10 
0.70035 	0.58355 	1.330e-04 	7.870e-06 	1.326e-04 	3.024e-08 	3.388e-04 	1.321e-11 	3.000e-10 
0.90045 	0.75027 	1.288e-04 	1.220e-05 	1.284e-04 	5.402e-08 	3.391e-04 	2.136e-11 	3.913e-10 
1.10055 	0.91700 	1.227e-04 	1.837e-05 	1.223e-04 	9.523e-08 	3.395e-04 	3.452e-11 	5.167e-10 
1.30065 	1.08373 	1.146e-04 	2.663e-05 	1.142e-04 	1.649e-07 	3.400e-04 	5.632e-11 	6.962e-10 
1.50075 	1.25045 	1.045e-04 	3.693e-05 	1.040e-04 	2.795e-07 	3.405e-04 	9.376e-11 	9.642e-10 
1.70085 	1.41718 	9.270e-05 	4.879e-05 	9.228e-05 	4.615e-07 	3.412e-04 	1.608e-10 	1.379e-09 
1.90095 	1.58391 	8.007e-05 	6.146e-05 	7.964e-05 	7.408e-07 	3.417e-04 	2.854e-10 	2.037e-09 
2.10105 	1.75064 	6.737e-05 	7.405e-05 	6.693e-05 	1.155e-06 	3.422e-04 	5.246e-10 	3.102e-09 
2.30115 	1.91736 	5.531e-05 	8.577e-05 	5.487e-05 	1.749e-06 	3.423e-04 	9.944e-10 	4.845e-09 
2.50125 	2.08409 	4.441e-05 	9.600e-05 	4.398e-05 	2.586e-06 	3.421e-04 	1.930e-09 	7.717e-09 
2.70135 	2.25082 	3.494e-05 	1.044e-04 	3.452e-05 	3.756e-06 	3.414e-04 	3.801e-09 	1.247e-08 
2.90145 	2.41755 	2.700e-05 	1.105e-04 	2.660e-05 	5.415e-06 	3.398e-04 	7.516e-09 	2.031e-08 
3.10155 	2.58427 	2.052e-05 	1.143e-04 	2.015e-05 	7.834e-06 	3.370e-04 	1.475e-08 	3.318e-08 
3.30165 	2.75100 	1.535e-05 	1.152e-04 	1.502e-05 	1.149e-05 	3.323e-04 	2.841e-08 	5.415e-08 
3.50175 	2.91773 	1.130e-05 	1.126e-04 	1.102e-05 	1.713e-05 	3.243e-04 	5.314e-08 	8.799e-08 
3.70185 	3.08446 	8.153e-06 	1.056e-04 	7.932e-06 	2.569e-05 	3.112e-04 	9.607e-08 	1.422e-07 
3.90195 	3.25118 	5.741e-06 	9.367e-05 	5.567e-06 	3.777e-05 	2.904e-04 	1.672e-07 	2.277e-07 
4.10205 	3.41791 	3.988e-06 	7.806e-05 	3.849e-06 	5.242e-05 	2.598e-04 	2.735e-07 	3.528e-07 
4.30215 	3.58464 	2.883e-06 	6.244e-05 	2.764e-06 	6.655e-05 	2.202e-04 	3.929e-07 	4.983e-07 
4.50225 	3.75136 	2.332e-06 	5.058e-05 	2.220e-06 	7.706e-05 	1.771e-04 	4.607e-07 	6.044e-07 
4.70235 	3.91809 	2.154e-06 	4.344e-05 	2.044e-06 	8.326e-05 	1.391e-04 	4.387e-07 	6.262e-07 
4.90245 	4.08482 	2.195e-06 	3.980e-05 	2.083e-06 	8.631e-05 	1.108e-04 	3.607e-07 	5.773e-07 
5.10255 	4.25155 	2.347e-06 	3.820e-05 	2.234e-06 	8.752e-05 	9.105e-05 	2.754e-07 	4.988e-07 
5.30265 	4.41827 	2.548e-06 	3.764e-05 	2.431e-06 	8.779e-05 	7.721e-05 	2.051e-07 	4.193e-07 
5.50275 	4.58500 	2.756e-06 	3.751e-05 	2.637e-06 	8.768e-05 	6.697e-05 	1.528e-07 	3.507e-07 
5.70285 	4.75173 	2.948e-06 	3.742e-05 	2.828e-06 	8.752e-05 	5.896e-05 	1.155e-07 	2.957e-07 
5.90295 	4.91846 	3.111e-06 	3.714e-05 	2.990e-06 	8.755e-05 	5.247e-05 	8.933e-08 	2.531e-07 
6.10305 	5.08518 	3.238e-06 	3.651e-05 	3.117e-06 	8.788e-05 	4.713e-05 	7.115e-08 	2.208e-07 
6.30315 	5.25191 	3.329e-06 	3.551e-05 	3.210e-06 	8.856e-05 	4.272e-05 	5.852e-08 	1.966e-07 
6.50325 	5.41864 	3.388e-06 	3.417e-05 	3.271e-06 	8.954e-05 	3.908e-05 	4.975e-08 	1.785e-07 
6.70335 	5.58537 	3.421e-06 	3.257e-05 	3.305e-06 	9.076e-05 	3.610e-05 	4.362e-08 	1.651e-07 
6.90345 	5.75209 	3.432e-06 	3.082e-05 	3.319e-06 	9.214e-05 	3.365e-05 	3.932e-08 	1.551e-07 
7.10355 	5.91882 	3.430e-06 	2.900e-05 	3.319e-06 	9.359e-05 	3.165e-05 	3.629e-08 	1.476e-07 
7.30365 	6.08555 	3.418e-06 	2.721e-05 	3.308e-06 	9.503e-05 	3.001e-05 	3.414e-08 	1.420e-07 
7.50375 	6.25227 	3.400e-06 	2.550e-05 	3.292e-06 	9.641e-05 	2.867e-05 	3.263e-08 	1.378e-07 
7.70385 	6.41900 	3.379e-06 	2.391e-05 	3.273e-06 	9.769e-05 	2.757e-05 	3.155e-08 	1.346e-07 
7.90395 	6.58573 	3.358e-06 	2.248e-05 	3.253e-06 	9.886e-05 	2.667e-05 	3.080e-08 	1.322e-07 
8.10405 	6.75246 	3.337e-06 	2.121e-05 	3.233e-06 	9.990e-05 	2.594e-05 	3.027e-08 	1.303e-07 
8.30415 	6.91918 	3.317e-06 	2.009e-05 	3.214e-06 	1.008e-04 	2.533e-05 	2.991e-08 	1.289e-07 
8.50425 	7.08591 	3.300e-06 	1.912e-05 	3.197e-06 	1.016e-04 	2.484e-05 	2.966e-08 	1.279e-07 
8.70435 	7.25264 	3.284e-06 	1.829e-05 	3.182e-06 	1.023e-04 	2.444e-05 	2.950e-08 	1.270e-07 
8.90445 	7.41937 	3.270e-06 	1.759e-05 	3.169e-06 	1.029e-04 	2.411e-05 	2.939e-08 	1.264e-07 
9.10455 	7.58609 	3.258e-06 	1.700e-05 	3.157e-06 	1.033e-04 	2.384e-05 	2.932e-08 	1.259e-07 
9.30465 	7.75282 	3.248e-06 	1.650e-05 	3.147e-06 	1.038e-04 	2.362e-05 	2.927e-08 	1.255e-07 
9.50475 	7.91955 	3.239e-06 	1.608e-05 	3.139e-06 	1.041e-04 	2.344e-05 	2.925e-08 	1.252e-07 
9.70485 	8.08628 	3.232e-06 	1.573e-05 	3.132e-06 	1.044e-04 	2.330e-05 	2.923e-08 	1.250e-07 
9.90495 	8.25300 	3.226e-06 	1.545e-05 	3.126e-06 	1.046e-04 	2.318e-05 	2.923e-08 	1.248e-07 
10.10505 	8.41973 	3.221e-06 	1.521e-05 	3.121e-06 	1.048e-04 	2.308e-05 	2.923e-08 	1.246e-07 
10.30515 	8.58646 	3.217e-06 	1.501e-05 	3.117e-06 	1.050e-04 	2.300e-05 	2.923e-08 	1.245e-07 
10.50525 	8.75318 	3.213e-06 	1.485e-05 	3.113e-06 	1.051e-04 	2.293e-05 	2.923e-08 	1.244e-07 
10.70535 	8.91991 	3.210e-06 	1.471e-05 	3.111e-06 	1.052e-04 	2.288e-05 	2.924e-08 	1.243e-07 
10.90545 	9.08664 	3.208e-06 	1.460e-05 	3.108e-06 	1.053e-04 	2.284e-05 	2.924e-08 	1.243e-07 
11.10555 	9.25337 	3.206e-06 	1.451e-05 	3.106e-06 	1.054e-04 	2.280e-05 	2.925e-08 	1.242e-07 
11.30565 	9.42009 	3.204e-06 	1.444e-05 	3.105e-06 	1.054e-04 	2.277e-05 	2.925e-08 	1.242e-07 
11.50575 	9.58682 	3.203e-06 	1.438e-05 	3.103e-06 	1.055e-04 	2.275e-05 	2.925e-08 	1.242e-07 
11.70585 	9.75355 	3.202e-06 	1.433e-05 	3.102e-06 	1.055e-04 	2.273e-05 	2.926e-08 	1.241e-07 
11.90595 	9.92028 	3.201e-06 	1.428e-05 	3.101e-06 	1.056e-04 	2.271e-05 	2.926e-08 	1.241e-07 
12.10605 	10.08700 	3.200e-06 	1.425e-05 	3.101e-06 	1.056e-04 	2.270e-05 	2.926e-08 	1.241e-07 
12.30615 	10.25373 	3.199e-06 	1.422e-05 	3.100e-06 	1.056e-04 	2.269e-05 	2.926e-08 	1.241e-07 
12.50625 	10.42046 	3.199e-06 	1.420e-05 	3.100e-06 	1.056e-04 	2.268e-05 	2.927e-08 	1.241e-07 
12.70635 	10.58718 	3.198e-06 	1.418e-05 	3.099e-06 	1.057e-04 	2.267e-05 	2.927e-08 	1.241e-07 
12.90645 	10.75391 	3.198e-06 	1.417e-05 	3.099e-06 	1.057e-04 	2.267e-05 	2.927e-08 	1.241e-07 
13.10655 	10.92064 	3.198e-06 	1.415e-05 	3.099e-06 	1.057e-04 	2.266e-05 	2.927e-08 	1.241e-07 
13.30665 	11.08737 	3.198e-06 	1.414e-05 	3.098e-06 	1.057e-04 	2.266e-05 	2.927e-08 	1.241e-07 
13.50675 	11.25409 	3.197e-06 	1.414e-05 	3.098e-06 	1.057e-04 	2.266e-05 	2.927e-08 	1.241e-07 
13.70685 	11.42082 	3.197e-06 	1.413e-05 	3.098e-06 	1.057e-04 	2.265e-05 	2.927e-08 	1.240e-07 
13.90695 	11.58755 	3.197e-06 	1.412e-05 	3.098e-06 	1.057e-04 	2.265e-05 	2.927e-08 	1.240e-07 
14.10705 	11.75428 	3.197e-06 	1.412e-05 	3.098e-06 	1.057e-04 	2.265e-05 	2.927e-08 	1.240e-07 
14.30715 	11.92100 	3.197e-06 	1.412e-05 	3.098e-06 	1.057e-04 	2.265e-05 	2.927e-08 	1.240e-07 
14.50725 	12.08773 	3.197e-06 	1.411e-05 	3.098e-06 	1.057e-04 	2.265e-05 	2.927e-08 	1.240e-07 
14.70735 	12.25446 	3.197e-06 	1.411e-05 	3.098e-06 	1.057e-04 	2.265e-05 	2.927e-08 	1.240e-07 
14.90745 	12.42119 	3.197e-06 	1.411e-05 	3.098e-06 	1.057e-04 	2.265e-05 	2.928e-08 	1.240e-07 
15.10755 	12.58791 	3.197e-06 	1.411e-05 	3.097e-06 	1.057e-04 	2.265e-05 	2.928e-08 	1.240e-07 
15.30765 	12.75464 	3.197e-06 	1.410e-05 	3.097e-06 	1.057e-04 	2.265e-05 	2.928e-08 	1.240e-07 
15.50775 	12.92137 	3.197e-06 	1.410e-05 	3.097e-06 	1.057e-04 	2.265e-05 	2.928e-08 	1.240e-07 
15.70785 	13.08809 	3.197e-06 	1.410e-05 	3.097e-06 	1.057e-04 	2.264e-05 	2.928e-08 	1.240e-07 
15.90795 	13.25482 	3.197e-06 	1.410e-05 	3.097e-06 	1.057e-04 	2.264e-05 	2.928e-08 	1.240e-07 
16.10805 	13.42155 	3.197e-06 	1.410e-05 	3.097e-06 	1.057e-04 	2.264e-05 	2.928e-08 	1.240e-07 
16.30815 	13.58828 	3.197e-06 	1.410e-05 	3.097e-06 	1.057e-04 	2.264e-05 	2.928e-08 	1.240e-07 
16.50825 	13.75500 	3.197e-06 	1.410e-05 	3.097e-06 	1.057e-04 	2.264e-05 	2.928e-08 	1.240e-07 
16.70835 	13.92173 	3.197e-06 	1.410e-05 	3.097e-06 	1.057e-04 	2.264e-05 	2.928e-08 	1.240e-07 
16.90845 	14.08846 	3.197e-06 	1.410e-05 	3.097e-06 	1.057e-04 	2.264e-05 	2.928e-08 	1.240e-07 
17.10855 	14.25519 	3.197e-06 	1.410e-05 	3.097e-06 	1.057e-04 	2.264e-05 	2.928e-08 	1.240e-07 
17.30865 	14.42191 	3.197e-06 	1.410e-05 	3.097e-06 	1.057e-04 	2.264e-05 	2.928e-08 	1.240e-07 
17.50875 	14.58864 	3.197e-06 	1.410e-05 	3.097e-06 	1.057e-04 	2.264e-05 	2.928e-08 	1.240e-07 
17.70885 	14.75537 	3.197e-06 	1.410e-05 	3.097e-06 	1.057e-04 	2.264e-05 	2.928e-08 	1.240e-07 
17.90895 	14.92210 	3.197e-06 	1.410e-05 	3.097e-06 	1.057e-04 	2.264e-05 	2.928e-08 	1.240e-07 
18.10905 	15.08882 	3.197e-06 	1.410e-05 	3.097e-06 	1.057e-04 	2.264e-05 	2.928e-08 	1.240e-07 
18.30915 	15.25555 	3.197e-06 	1.410e-05 	3.097e-06 	1.057e-04 	2.264e-05 	2.928e-08 	1.240e-07 
18.50925 	15.42228 	3.197e-06 	1.410e-05 	3.097e-06 	1.057e-04 	2.264e-05 	2.928e-08 	1.240e-07 
18.70935 	15.58900 	3.197e-06 	1.410e-05 	3.097e-06 	1.057e-04 	2.264e-05 	2.928e-08 	1.240e-07 
18.90945 	15.75573 	3.197e-06 	1.410e-05 	3.097e-06 	1.057e-04 	2.264e-05 	2.928e-08 	1.240e-07 
19.10955 	15.92246 	3.197e-06 	1.410e-05 	3.097e-06 	1.057e-04 	2.264e-05 	2.928e-08 	1.240e-07 
19.30965 	16.08919 	3.197e-06 	1.410e-05 	3.097e-06 	1.057e-04 	2.264e-05 	2.928e-08 	1.240e-07 
19.50975 	16.25591 	3.197e-06 	1.410e-05 	3.097e-06 	1.057e-04 	2.264e-05 	2.928e-08 	1.240e-07 
19.70985 	16.42264 	3.197e-06 	1.410e-05 	3.097e-06 	1.057e-04 	2.264e-05 	2.928e-08 	1.240e-07 
19.90995 	16.58937 	3.197e-06 	1.410e-05 	3.097e-06 	1.057e-04 	2.264e-05 	2.928e-08 	1.240e-07 
