n = 6.8e+02, Tgas =  10.0, Tdust =  10.0, Go =   1.0
pc 	Av 	e- 	C 	C+ 	CO 	O 	O2 	H2O 
0.10005 	0.10420 	1.384e-04 	2.515e-06 	1.381e-04 	8.304e-09 	3.388e-04 	3.845e-12 	1.395e-10 
0.30015 	0.31261 	1.364e-04 	4.571e-06 	1.360e-04 	1.751e-08 	3.390e-04 	7.159e-12 	1.921e-10 
0.50025 	0.52102 	1.328e-04 	8.131e-06 	1.325e-04 	3.658e-08 	3.392e-04 	1.305e-11 	2.644e-10 
0.70035 	0.72943 	1.271e-04 	1.397e-05 	1.268e-04 	7.525e-08 	3.396e-04 	2.347e-11 	3.673e-10 
0.90045 	0.93784 	1.184e-04 	2.284e-05 	1.181e-04 	1.512e-07 	3.401e-04 	4.230e-11 	5.221e-10 
1.10055 	1.14625 	1.064e-04 	3.496e-05 	1.061e-04 	2.943e-07 	3.408e-04 	7.809e-11 	7.712e-10 
1.30065 	1.35466 	9.178e-05 	4.968e-05 	9.145e-05 	5.505e-07 	3.415e-04 	1.507e-10 	1.197e-09 
1.50075 	1.56307 	7.586e-05 	6.553e-05 	7.553e-05 	9.840e-07 	3.421e-04 	3.074e-10 	1.957e-09 
1.70085 	1.77148 	6.020e-05 	8.080e-05 	5.987e-05 	1.678e-06 	3.424e-04 	6.633e-10 	3.352e-09 
1.90095 	1.97989 	4.603e-05 	9.410e-05 	4.570e-05 	2.742e-06 	3.422e-04 	1.498e-09 	5.955e-09 
2.10105 	2.18830 	3.401e-05 	1.045e-04 	3.370e-05 	4.335e-06 	3.410e-04 	3.489e-09 	1.087e-08 
2.30115 	2.39671 	2.436e-05 	1.115e-04 	2.407e-05 	6.736e-06 	3.386e-04 	8.222e-09 	2.018e-08 
2.50125 	2.60511 	1.692e-05 	1.145e-04 	1.666e-05 	1.050e-05 	3.339e-04 	1.920e-08 	3.781e-08 
2.70135 	2.81352 	1.138e-05 	1.125e-04 	1.116e-05 	1.668e-05 	3.252e-04 	4.353e-08 	7.101e-08 
2.90145 	3.02193 	7.351e-06 	1.040e-04 	7.183e-06 	2.686e-05 	3.091e-04 	9.432e-08 	1.331e-07 
3.10155 	3.23034 	4.542e-06 	8.806e-05 	4.418e-06 	4.208e-05 	2.807e-04 	1.916e-07 	2.451e-07 
3.30165 	3.43875 	2.818e-06 	6.788e-05 	2.719e-06 	5.989e-05 	2.362e-04 	3.386e-07 	4.124e-07 
3.50175 	3.64716 	2.009e-06 	5.101e-05 	1.919e-06 	7.428e-05 	1.809e-04 	4.516e-07 	5.618e-07 
3.70185 	3.85557 	1.777e-06 	4.143e-05 	1.688e-06 	8.227e-05 	1.307e-04 	4.294e-07 	5.945e-07 
3.90195 	4.06398 	1.839e-06 	3.733e-05 	1.749e-06 	8.555e-05 	9.590e-05 	3.220e-07 	5.242e-07 
4.10205 	4.27239 	2.026e-06 	3.598e-05 	1.934e-06 	8.646e-05 	7.424e-05 	2.188e-07 	4.239e-07 
4.30215 	4.48080 	2.250e-06 	3.577e-05 	2.155e-06 	8.640e-05 	6.016e-05 	1.460e-07 	3.345e-07 
4.50225 	4.68921 	2.460e-06 	3.580e-05 	2.364e-06 	8.611e-05 	5.018e-05 	9.905e-08 	2.658e-07 
4.70235 	4.89762 	2.633e-06 	3.557e-05 	2.537e-06 	8.606e-05 	4.267e-05 	6.971e-08 	2.160e-07 
4.90245 	5.10602 	2.759e-06 	3.480e-05 	2.663e-06 	8.646e-05 	3.686e-05 	5.151e-08 	1.809e-07 
5.10255 	5.31443 	2.838e-06 	3.343e-05 	2.744e-06 	8.738e-05 	3.236e-05 	4.021e-08 	1.566e-07 
5.30265 	5.52284 	2.879e-06 	3.157e-05 	2.787e-06 	8.872e-05 	2.889e-05 	3.315e-08 	1.398e-07 
5.50275 	5.73125 	2.890e-06 	2.940e-05 	2.801e-06 	9.035e-05 	2.621e-05 	2.869e-08 	1.283e-07 
5.70285 	5.93966 	2.883e-06 	2.711e-05 	2.796e-06 	9.209e-05 	2.416e-05 	2.587e-08 	1.202e-07 
5.90295 	6.14807 	2.865e-06 	2.488e-05 	2.779e-06 	9.380e-05 	2.258e-05 	2.408e-08 	1.147e-07 
6.10305 	6.35648 	2.841e-06 	2.281e-05 	2.757e-06 	9.541e-05 	2.136e-05 	2.294e-08 	1.108e-07 
6.30315 	6.56489 	2.816e-06 	2.096e-05 	2.733e-06 	9.684e-05 	2.041e-05 	2.223e-08 	1.080e-07 
6.50325 	6.77330 	2.793e-06 	1.936e-05 	2.711e-06 	9.809e-05 	1.969e-05 	2.180e-08 	1.061e-07 
6.70335 	6.98171 	2.772e-06 	1.801e-05 	2.690e-06 	9.914e-05 	1.912e-05 	2.155e-08 	1.047e-07 
6.90345 	7.19012 	2.753e-06 	1.689e-05 	2.672e-06 	1.000e-04 	1.869e-05 	2.141e-08 	1.037e-07 
7.10355 	7.39852 	2.737e-06 	1.598e-05 	2.656e-06 	1.007e-04 	1.835e-05 	2.134e-08 	1.030e-07 
7.30365 	7.60693 	2.724e-06 	1.524e-05 	2.644e-06 	1.013e-04 	1.809e-05 	2.131e-08 	1.024e-07 
7.50375 	7.81534 	2.714e-06 	1.464e-05 	2.633e-06 	1.018e-04 	1.788e-05 	2.131e-08 	1.021e-07 
7.70385 	8.02375 	2.705e-06 	1.417e-05 	2.625e-06 	1.022e-04 	1.773e-05 	2.131e-08 	1.018e-07 
7.90395 	8.23216 	2.698e-06 	1.379e-05 	2.618e-06 	1.024e-04 	1.761e-05 	2.133e-08 	1.016e-07 
8.10405 	8.44057 	2.692e-06 	1.350e-05 	2.613e-06 	1.027e-04 	1.751e-05 	2.135e-08 	1.014e-07 
8.30415 	8.64898 	2.688e-06 	1.326e-05 	2.608e-06 	1.029e-04 	1.744e-05 	2.136e-08 	1.013e-07 
8.50425 	8.85739 	2.685e-06 	1.308e-05 	2.605e-06 	1.030e-04 	1.738e-05 	2.138e-08 	1.012e-07 
8.70435 	9.06580 	2.682e-06 	1.294e-05 	2.602e-06 	1.031e-04 	1.734e-05 	2.139e-08 	1.011e-07 
8.90445 	9.27421 	2.680e-06 	1.282e-05 	2.600e-06 	1.032e-04 	1.730e-05 	2.140e-08 	1.011e-07 
9.10455 	9.48262 	2.678e-06 	1.274e-05 	2.598e-06 	1.033e-04 	1.728e-05 	2.141e-08 	1.011e-07 
9.30465 	9.69103 	2.677e-06 	1.267e-05 	2.597e-06 	1.033e-04 	1.726e-05 	2.142e-08 	1.010e-07 
9.50475 	9.89943 	2.676e-06 	1.261e-05 	2.596e-06 	1.034e-04 	1.724e-05 	2.142e-08 	1.010e-07 
9.70485 	10.10784 	2.675e-06 	1.257e-05 	2.595e-06 	1.034e-04 	1.723e-05 	2.143e-08 	1.010e-07 
9.90495 	10.31625 	2.674e-06 	1.254e-05 	2.595e-06 	1.034e-04 	1.722e-05 	2.143e-08 	1.010e-07 
10.10505 	10.52466 	2.674e-06 	1.251e-05 	2.594e-06 	1.035e-04 	1.721e-05 	2.144e-08 	1.010e-07 
10.30515 	10.73307 	2.673e-06 	1.249e-05 	2.594e-06 	1.035e-04 	1.721e-05 	2.144e-08 	1.010e-07 
10.50525 	10.94148 	2.673e-06 	1.248e-05 	2.593e-06 	1.035e-04 	1.720e-05 	2.144e-08 	1.010e-07 
10.70535 	11.14989 	2.673e-06 	1.247e-05 	2.593e-06 	1.035e-04 	1.720e-05 	2.144e-08 	1.010e-07 
10.90545 	11.35830 	2.673e-06 	1.246e-05 	2.593e-06 	1.035e-04 	1.720e-05 	2.144e-08 	1.010e-07 
11.10555 	11.56671 	2.672e-06 	1.245e-05 	2.593e-06 	1.035e-04 	1.719e-05 	2.144e-08 	1.009e-07 
11.30565 	11.77512 	2.672e-06 	1.244e-05 	2.593e-06 	1.035e-04 	1.719e-05 	2.144e-08 	1.009e-07 
11.50575 	11.98353 	2.672e-06 	1.244e-05 	2.593e-06 	1.035e-04 	1.719e-05 	2.145e-08 	1.009e-07 
11.70585 	12.19194 	2.672e-06 	1.244e-05 	2.593e-06 	1.035e-04 	1.719e-05 	2.145e-08 	1.009e-07 
11.90595 	12.40034 	2.672e-06 	1.243e-05 	2.593e-06 	1.035e-04 	1.719e-05 	2.145e-08 	1.009e-07 
12.10605 	12.60875 	2.672e-06 	1.243e-05 	2.593e-06 	1.035e-04 	1.719e-05 	2.145e-08 	1.009e-07 
12.30615 	12.81716 	2.672e-06 	1.243e-05 	2.593e-06 	1.035e-04 	1.719e-05 	2.145e-08 	1.009e-07 
12.50625 	13.02557 	2.672e-06 	1.243e-05 	2.593e-06 	1.035e-04 	1.719e-05 	2.145e-08 	1.009e-07 
12.70635 	13.23398 	2.672e-06 	1.243e-05 	2.593e-06 	1.035e-04 	1.719e-05 	2.145e-08 	1.009e-07 
12.90645 	13.44239 	2.672e-06 	1.243e-05 	2.592e-06 	1.035e-04 	1.719e-05 	2.145e-08 	1.009e-07 
13.10655 	13.65080 	2.672e-06 	1.243e-05 	2.592e-06 	1.035e-04 	1.719e-05 	2.145e-08 	1.009e-07 
13.30665 	13.85921 	2.672e-06 	1.242e-05 	2.592e-06 	1.035e-04 	1.719e-05 	2.145e-08 	1.009e-07 
13.50675 	14.06762 	2.672e-06 	1.242e-05 	2.592e-06 	1.035e-04 	1.719e-05 	2.145e-08 	1.009e-07 
13.70685 	14.27603 	2.672e-06 	1.242e-05 	2.592e-06 	1.035e-04 	1.719e-05 	2.145e-08 	1.009e-07 
13.90695 	14.48444 	2.672e-06 	1.242e-05 	2.592e-06 	1.035e-04 	1.719e-05 	2.145e-08 	1.009e-07 
14.10705 	14.69285 	2.672e-06 	1.242e-05 	2.592e-06 	1.035e-04 	1.719e-05 	2.145e-08 	1.009e-07 
14.30715 	14.90125 	2.672e-06 	1.242e-05 	2.592e-06 	1.035e-04 	1.719e-05 	2.145e-08 	1.009e-07 
14.50725 	15.10966 	2.672e-06 	1.242e-05 	2.592e-06 	1.035e-04 	1.719e-05 	2.145e-08 	1.009e-07 
14.70735 	15.31807 	2.672e-06 	1.242e-05 	2.592e-06 	1.035e-04 	1.719e-05 	2.145e-08 	1.009e-07 
14.90745 	15.52648 	2.672e-06 	1.242e-05 	2.592e-06 	1.035e-04 	1.719e-05 	2.145e-08 	1.009e-07 
15.10755 	15.73489 	2.672e-06 	1.242e-05 	2.592e-06 	1.035e-04 	1.719e-05 	2.145e-08 	1.009e-07 
15.30765 	15.94330 	2.672e-06 	1.242e-05 	2.592e-06 	1.035e-04 	1.719e-05 	2.145e-08 	1.009e-07 
15.50775 	16.15171 	2.672e-06 	1.242e-05 	2.592e-06 	1.035e-04 	1.719e-05 	2.145e-08 	1.009e-07 
15.70785 	16.36012 	2.672e-06 	1.242e-05 	2.592e-06 	1.035e-04 	1.719e-05 	2.145e-08 	1.009e-07 
15.90795 	16.56853 	2.672e-06 	1.242e-05 	2.592e-06 	1.035e-04 	1.719e-05 	2.145e-08 	1.009e-07 
16.10805 	16.77694 	2.672e-06 	1.242e-05 	2.592e-06 	1.035e-04 	1.719e-05 	2.145e-08 	1.009e-07 
16.30815 	16.98535 	2.672e-06 	1.242e-05 	2.592e-06 	1.035e-04 	1.719e-05 	2.145e-08 	1.009e-07 
16.50825 	17.19376 	2.672e-06 	1.242e-05 	2.592e-06 	1.035e-04 	1.719e-05 	2.145e-08 	1.009e-07 
16.70835 	17.40216 	2.672e-06 	1.242e-05 	2.592e-06 	1.035e-04 	1.719e-05 	2.145e-08 	1.009e-07 
16.90845 	17.61057 	2.672e-06 	1.242e-05 	2.592e-06 	1.035e-04 	1.719e-05 	2.145e-08 	1.009e-07 
17.10855 	17.81898 	2.672e-06 	1.242e-05 	2.592e-06 	1.035e-04 	1.719e-05 	2.145e-08 	1.009e-07 
17.30865 	18.02739 	2.672e-06 	1.242e-05 	2.592e-06 	1.035e-04 	1.719e-05 	2.145e-08 	1.009e-07 
17.50875 	18.23580 	2.672e-06 	1.242e-05 	2.592e-06 	1.035e-04 	1.719e-05 	2.145e-08 	1.009e-07 
17.70885 	18.44421 	2.672e-06 	1.242e-05 	2.592e-06 	1.035e-04 	1.719e-05 	2.145e-08 	1.009e-07 
17.90895 	18.65262 	2.672e-06 	1.242e-05 	2.592e-06 	1.035e-04 	1.719e-05 	2.145e-08 	1.009e-07 
18.10905 	18.86103 	2.672e-06 	1.242e-05 	2.592e-06 	1.035e-04 	1.719e-05 	2.145e-08 	1.009e-07 
18.30915 	19.06944 	2.672e-06 	1.242e-05 	2.592e-06 	1.035e-04 	1.719e-05 	2.145e-08 	1.009e-07 
18.50925 	19.27785 	2.672e-06 	1.242e-05 	2.592e-06 	1.035e-04 	1.719e-05 	2.145e-08 	1.009e-07 
18.70935 	19.48626 	2.672e-06 	1.242e-05 	2.592e-06 	1.035e-04 	1.719e-05 	2.145e-08 	1.009e-07 
18.90945 	19.69466 	2.672e-06 	1.242e-05 	2.592e-06 	1.035e-04 	1.719e-05 	2.145e-08 	1.009e-07 
19.10955 	19.90307 	2.672e-06 	1.242e-05 	2.592e-06 	1.035e-04 	1.719e-05 	2.145e-08 	1.009e-07 
19.30965 	20.11148 	2.672e-06 	1.242e-05 	2.592e-06 	1.035e-04 	1.719e-05 	2.145e-08 	1.009e-07 
19.50975 	20.31989 	2.672e-06 	1.242e-05 	2.592e-06 	1.035e-04 	1.719e-05 	2.145e-08 	1.009e-07 
19.70985 	20.52830 	2.672e-06 	1.242e-05 	2.592e-06 	1.035e-04 	1.719e-05 	2.145e-08 	1.009e-07 
19.90995 	20.73671 	2.672e-06 	1.242e-05 	2.592e-06 	1.035e-04 	1.719e-05 	2.145e-08 	1.009e-07 
