n = 4.5e+02, Tgas =  10.0, Tdust =  10.0, Go =   1.0
pc 	Av 	e- 	C 	C+ 	CO 	O 	O2 	H2O 
0.10005 	0.06947 	1.392e-04 	1.529e-06 	1.387e-04 	3.439e-09 	3.381e-04 	2.369e-12 	1.360e-10 
0.30015 	0.20841 	1.384e-04 	2.296e-06 	1.380e-04 	5.674e-09 	3.381e-04 	3.670e-12 	1.696e-10 
0.50025 	0.34735 	1.373e-04 	3.430e-06 	1.369e-04 	9.345e-09 	3.382e-04 	5.638e-12 	2.110e-10 
0.70035 	0.48629 	1.357e-04 	5.087e-06 	1.352e-04 	1.535e-08 	3.383e-04 	8.588e-12 	2.625e-10 
0.90045 	0.62523 	1.334e-04 	7.468e-06 	1.329e-04 	2.511e-08 	3.385e-04 	1.298e-11 	3.269e-10 
1.10055 	0.76417 	1.301e-04 	1.081e-05 	1.296e-04 	4.081e-08 	3.387e-04 	1.953e-11 	4.086e-10 
1.30065 	0.90311 	1.256e-04 	1.535e-05 	1.252e-04 	6.580e-08 	3.389e-04 	2.932e-11 	5.144e-10 
1.50075 	1.04205 	1.198e-04 	2.129e-05 	1.193e-04 	1.050e-07 	3.393e-04 	4.418e-11 	6.552e-10 
1.70085 	1.18099 	1.125e-04 	2.871e-05 	1.120e-04 	1.652e-07 	3.397e-04 	6.722e-11 	8.481e-10 
1.90095 	1.31992 	1.039e-04 	3.749e-05 	1.034e-04 	2.560e-07 	3.402e-04 	1.039e-10 	1.120e-09 
2.10105 	1.45886 	9.413e-05 	4.736e-05 	9.361e-05 	3.897e-07 	3.408e-04 	1.639e-10 	1.511e-09 
2.30115 	1.59780 	8.371e-05 	5.786e-05 	8.318e-05 	5.819e-07 	3.413e-04 	2.647e-10 	2.086e-09 
2.50125 	1.73674 	7.310e-05 	6.847e-05 	7.256e-05 	8.516e-07 	3.417e-04 	4.377e-10 	2.942e-09 
2.70135 	1.87568 	6.273e-05 	7.872e-05 	6.219e-05 	1.222e-06 	3.420e-04 	7.398e-10 	4.225e-09 
2.90145 	2.01462 	5.297e-05 	8.819e-05 	5.243e-05 	1.721e-06 	3.421e-04 	1.273e-09 	6.163e-09 
3.10155 	2.15356 	4.409e-05 	9.656e-05 	4.355e-05 	2.387e-06 	3.420e-04 	2.222e-09 	9.097e-09 
3.30165 	2.29250 	3.621e-05 	1.036e-04 	3.568e-05 	3.276e-06 	3.414e-04 	3.907e-09 	1.354e-08 
3.50175 	2.43144 	2.940e-05 	1.092e-04 	2.889e-05 	4.476e-06 	3.404e-04 	6.880e-09 	2.024e-08 
3.70185 	2.57038 	2.363e-05 	1.132e-04 	2.314e-05 	6.131e-06 	3.386e-04 	1.205e-08 	3.027e-08 
3.90195 	2.70932 	1.883e-05 	1.154e-04 	1.838e-05 	8.477e-06 	3.358e-04 	2.081e-08 	4.518e-08 
4.10205 	2.84826 	1.489e-05 	1.154e-04 	1.449e-05 	1.188e-05 	3.313e-04 	3.523e-08 	6.710e-08 
4.30215 	2.98720 	1.168e-05 	1.129e-04 	1.134e-05 	1.684e-05 	3.244e-04 	5.816e-08 	9.901e-08 
4.50225 	3.12614 	9.073e-06 	1.073e-04 	8.788e-06 	2.395e-05 	3.138e-04 	9.353e-08 	1.452e-07 
4.70235 	3.26508 	6.950e-06 	9.819e-05 	6.718e-06 	3.361e-05 	2.981e-04 	1.466e-07 	2.116e-07 
4.90245 	3.40402 	5.251e-06 	8.611e-05 	5.062e-06 	4.553e-05 	2.761e-04 	2.229e-07 	3.048e-07 
5.10255 	3.54296 	3.979e-06 	7.270e-05 	3.819e-06 	5.825e-05 	2.474e-04 	3.197e-07 	4.234e-07 
5.30265 	3.68190 	3.148e-06 	6.050e-05 	3.005e-06 	6.956e-05 	2.137e-04 	4.119e-07 	5.441e-07 
5.50275 	3.82083 	2.703e-06 	5.134e-05 	2.568e-06 	7.792e-05 	1.793e-04 	4.594e-07 	6.270e-07 
5.70285 	3.95977 	2.537e-06 	4.544e-05 	2.405e-06 	8.320e-05 	1.487e-04 	4.453e-07 	6.486e-07 
5.90295 	4.09871 	2.550e-06 	4.204e-05 	2.417e-06 	8.615e-05 	1.244e-04 	3.894e-07 	6.173e-07 
6.10305 	4.23765 	2.668e-06 	4.026e-05 	2.533e-06 	8.760e-05 	1.063e-04 	3.208e-07 	5.574e-07 
6.30315 	4.37659 	2.840e-06 	3.943e-05 	2.702e-06 	8.816e-05 	9.289e-05 	2.572e-07 	4.899e-07 
6.50325 	4.51553 	3.033e-06 	3.909e-05 	2.892e-06 	8.826e-05 	8.259e-05 	2.046e-07 	4.260e-07 
6.70335 	4.65447 	3.225e-06 	3.895e-05 	3.081e-06 	8.817e-05 	7.437e-05 	1.634e-07 	3.704e-07 
6.90345 	4.79341 	3.402e-06 	3.880e-05 	3.256e-06 	8.811e-05 	6.758e-05 	1.320e-07 	3.242e-07 
7.10355 	4.93235 	3.556e-06 	3.849e-05 	3.409e-06 	8.818e-05 	6.183e-05 	1.082e-07 	2.868e-07 
7.30365 	5.07129 	3.682e-06 	3.797e-05 	3.535e-06 	8.846e-05 	5.691e-05 	9.047e-08 	2.570e-07 
7.50375 	5.21023 	3.779e-06 	3.719e-05 	3.633e-06 	8.898e-05 	5.268e-05 	7.722e-08 	2.334e-07 
7.70385 	5.34917 	3.850e-06 	3.616e-05 	3.704e-06 	8.974e-05 	4.904e-05 	6.735e-08 	2.149e-07 
7.90395 	5.48811 	3.897e-06 	3.493e-05 	3.753e-06 	9.069e-05 	4.593e-05 	5.996e-08 	2.004e-07 
8.10405 	5.62705 	3.924e-06 	3.355e-05 	3.783e-06 	9.178e-05 	4.327e-05 	5.443e-08 	1.891e-07 
8.30415 	5.76599 	3.936e-06 	3.208e-05 	3.797e-06 	9.297e-05 	4.100e-05 	5.027e-08 	1.802e-07 
8.50425 	5.90493 	3.936e-06 	3.057e-05 	3.799e-06 	9.421e-05 	3.907e-05 	4.714e-08 	1.733e-07 
8.70435 	6.04387 	3.928e-06 	2.908e-05 	3.793e-06 	9.545e-05 	3.742e-05 	4.477e-08 	1.678e-07 
8.90445 	6.18280 	3.915e-06 	2.763e-05 	3.782e-06 	9.665e-05 	3.602e-05 	4.297e-08 	1.635e-07 
9.10455 	6.32174 	3.898e-06 	2.626e-05 	3.767e-06 	9.779e-05 	3.483e-05 	4.161e-08 	1.601e-07 
9.30465 	6.46068 	3.880e-06 	2.499e-05 	3.750e-06 	9.886e-05 	3.381e-05 	4.057e-08 	1.574e-07 
9.50475 	6.59962 	3.861e-06 	2.382e-05 	3.732e-06 	9.984e-05 	3.295e-05 	3.979e-08 	1.552e-07 
9.70485 	6.73856 	3.842e-06 	2.276e-05 	3.714e-06 	1.007e-04 	3.222e-05 	3.920e-08 	1.535e-07 
9.90495 	6.87750 	3.824e-06 	2.180e-05 	3.697e-06 	1.015e-04 	3.160e-05 	3.875e-08 	1.521e-07 
10.10505 	7.01644 	3.807e-06 	2.096e-05 	3.681e-06 	1.023e-04 	3.107e-05 	3.842e-08 	1.510e-07 
10.30515 	7.15538 	3.792e-06 	2.021e-05 	3.667e-06 	1.029e-04 	3.062e-05 	3.817e-08 	1.501e-07 
10.50525 	7.29432 	3.778e-06 	1.956e-05 	3.653e-06 	1.034e-04 	3.024e-05 	3.798e-08 	1.494e-07 
10.70535 	7.43326 	3.765e-06 	1.899e-05 	3.642e-06 	1.039e-04 	2.992e-05 	3.784e-08 	1.488e-07 
10.90545 	7.57220 	3.754e-06 	1.849e-05 	3.631e-06 	1.043e-04 	2.965e-05 	3.774e-08 	1.484e-07 
11.10555 	7.71114 	3.745e-06 	1.806e-05 	3.622e-06 	1.047e-04 	2.942e-05 	3.767e-08 	1.480e-07 
11.30565 	7.85008 	3.736e-06 	1.769e-05 	3.613e-06 	1.050e-04 	2.922e-05 	3.761e-08 	1.477e-07 
11.50575 	7.98902 	3.729e-06 	1.737e-05 	3.606e-06 	1.053e-04 	2.906e-05 	3.757e-08 	1.474e-07 
11.70585 	8.12796 	3.722e-06 	1.710e-05 	3.600e-06 	1.055e-04 	2.892e-05 	3.754e-08 	1.472e-07 
11.90595 	8.26690 	3.717e-06 	1.687e-05 	3.595e-06 	1.057e-04 	2.880e-05 	3.752e-08 	1.470e-07 
12.10605 	8.40584 	3.712e-06 	1.667e-05 	3.590e-06 	1.059e-04 	2.870e-05 	3.751e-08 	1.469e-07 
12.30615 	8.54478 	3.708e-06 	1.650e-05 	3.586e-06 	1.060e-04 	2.862e-05 	3.750e-08 	1.468e-07 
12.50625 	8.68371 	3.704e-06 	1.635e-05 	3.583e-06 	1.062e-04 	2.854e-05 	3.749e-08 	1.467e-07 
12.70635 	8.82265 	3.701e-06 	1.623e-05 	3.580e-06 	1.063e-04 	2.848e-05 	3.749e-08 	1.466e-07 
12.90645 	8.96159 	3.699e-06 	1.612e-05 	3.578e-06 	1.063e-04 	2.843e-05 	3.749e-08 	1.465e-07 
13.10655 	9.10053 	3.697e-06 	1.603e-05 	3.575e-06 	1.064e-04 	2.839e-05 	3.749e-08 	1.465e-07 
13.30665 	9.23947 	3.695e-06 	1.596e-05 	3.574e-06 	1.065e-04 	2.835e-05 	3.748e-08 	1.465e-07 
13.50675 	9.37841 	3.693e-06 	1.589e-05 	3.572e-06 	1.065e-04 	2.832e-05 	3.748e-08 	1.464e-07 
13.70685 	9.51735 	3.692e-06 	1.584e-05 	3.571e-06 	1.066e-04 	2.830e-05 	3.748e-08 	1.464e-07 
13.90695 	9.65629 	3.691e-06 	1.579e-05 	3.570e-06 	1.066e-04 	2.828e-05 	3.749e-08 	1.464e-07 
14.10705 	9.79523 	3.690e-06 	1.575e-05 	3.569e-06 	1.067e-04 	2.826e-05 	3.749e-08 	1.463e-07 
14.30715 	9.93417 	3.689e-06 	1.572e-05 	3.568e-06 	1.067e-04 	2.824e-05 	3.749e-08 	1.463e-07 
14.50725 	10.07311 	3.688e-06 	1.569e-05 	3.567e-06 	1.067e-04 	2.823e-05 	3.749e-08 	1.463e-07 
14.70735 	10.21205 	3.688e-06 	1.567e-05 	3.567e-06 	1.067e-04 	2.822e-05 	3.749e-08 	1.463e-07 
14.90745 	10.35099 	3.687e-06 	1.565e-05 	3.566e-06 	1.068e-04 	2.821e-05 	3.749e-08 	1.463e-07 
15.10755 	10.48993 	3.687e-06 	1.563e-05 	3.566e-06 	1.068e-04 	2.820e-05 	3.749e-08 	1.463e-07 
15.30765 	10.62887 	3.686e-06 	1.562e-05 	3.565e-06 	1.068e-04 	2.819e-05 	3.749e-08 	1.463e-07 
15.50775 	10.76781 	3.686e-06 	1.560e-05 	3.565e-06 	1.068e-04 	2.819e-05 	3.749e-08 	1.463e-07 
15.70785 	10.90675 	3.686e-06 	1.559e-05 	3.565e-06 	1.068e-04 	2.818e-05 	3.749e-08 	1.463e-07 
15.90795 	11.04569 	3.686e-06 	1.558e-05 	3.565e-06 	1.068e-04 	2.818e-05 	3.749e-08 	1.462e-07 
16.10805 	11.18462 	3.685e-06 	1.558e-05 	3.564e-06 	1.068e-04 	2.817e-05 	3.749e-08 	1.462e-07 
16.30815 	11.32356 	3.685e-06 	1.557e-05 	3.564e-06 	1.068e-04 	2.817e-05 	3.749e-08 	1.462e-07 
16.50825 	11.46250 	3.685e-06 	1.556e-05 	3.564e-06 	1.068e-04 	2.817e-05 	3.749e-08 	1.462e-07 
16.70835 	11.60144 	3.685e-06 	1.556e-05 	3.564e-06 	1.068e-04 	2.817e-05 	3.749e-08 	1.462e-07 
16.90845 	11.74038 	3.685e-06 	1.556e-05 	3.564e-06 	1.068e-04 	2.817e-05 	3.749e-08 	1.462e-07 
17.10855 	11.87932 	3.685e-06 	1.555e-05 	3.564e-06 	1.068e-04 	2.816e-05 	3.749e-08 	1.462e-07 
17.30865 	12.01826 	3.685e-06 	1.555e-05 	3.564e-06 	1.068e-04 	2.816e-05 	3.749e-08 	1.462e-07 
17.50875 	12.15720 	3.685e-06 	1.555e-05 	3.564e-06 	1.068e-04 	2.816e-05 	3.749e-08 	1.462e-07 
17.70885 	12.29614 	3.685e-06 	1.555e-05 	3.564e-06 	1.068e-04 	2.816e-05 	3.749e-08 	1.462e-07 
17.90895 	12.43508 	3.685e-06 	1.554e-05 	3.564e-06 	1.068e-04 	2.816e-05 	3.749e-08 	1.462e-07 
18.10905 	12.57402 	3.685e-06 	1.554e-05 	3.564e-06 	1.068e-04 	2.816e-05 	3.749e-08 	1.462e-07 
18.30915 	12.71296 	3.684e-06 	1.554e-05 	3.564e-06 	1.068e-04 	2.816e-05 	3.749e-08 	1.462e-07 
18.50925 	12.85190 	3.684e-06 	1.554e-05 	3.564e-06 	1.068e-04 	2.816e-05 	3.749e-08 	1.462e-07 
18.70935 	12.99084 	3.684e-06 	1.554e-05 	3.564e-06 	1.068e-04 	2.816e-05 	3.749e-08 	1.462e-07 
18.90945 	13.12978 	3.684e-06 	1.554e-05 	3.564e-06 	1.068e-04 	2.816e-05 	3.749e-08 	1.462e-07 
19.10955 	13.26872 	3.684e-06 	1.554e-05 	3.564e-06 	1.068e-04 	2.816e-05 	3.749e-08 	1.462e-07 
19.30965 	13.40766 	3.684e-06 	1.554e-05 	3.564e-06 	1.068e-04 	2.816e-05 	3.749e-08 	1.462e-07 
19.50975 	13.54659 	3.684e-06 	1.554e-05 	3.563e-06 	1.068e-04 	2.816e-05 	3.749e-08 	1.462e-07 
19.70985 	13.68553 	3.684e-06 	1.554e-05 	3.563e-06 	1.068e-04 	2.816e-05 	3.749e-08 	1.462e-07 
19.90995 	13.82447 	3.684e-06 	1.554e-05 	3.563e-06 	1.068e-04 	2.816e-05 	3.749e-08 	1.462e-07 
