n = 4.3e+02, Tgas =  10.0, Tdust =  10.0, Go =   1.0
pc 	Av 	e- 	C 	C+ 	CO 	O 	O2 	H2O 
0.10005 	0.06600 	1.393e-04 	1.439e-06 	1.388e-04 	3.089e-09 	3.379e-04 	2.231e-12 	1.356e-10 
0.30015 	0.19799 	1.386e-04 	2.118e-06 	1.381e-04 	4.971e-09 	3.380e-04 	3.389e-12 	1.673e-10 
0.50025 	0.32998 	1.376e-04 	3.106e-06 	1.371e-04 	7.990e-09 	3.381e-04 	5.111e-12 	2.062e-10 
0.70035 	0.46197 	1.362e-04 	4.526e-06 	1.357e-04 	1.281e-08 	3.382e-04 	7.650e-12 	2.538e-10 
0.90045 	0.59397 	1.343e-04 	6.541e-06 	1.338e-04 	2.048e-08 	3.383e-04 	1.137e-11 	3.127e-10 
1.10055 	0.72596 	1.315e-04 	9.345e-06 	1.310e-04 	3.258e-08 	3.385e-04 	1.681e-11 	3.861e-10 
1.30065 	0.85795 	1.278e-04 	1.315e-05 	1.273e-04 	5.148e-08 	3.387e-04 	2.477e-11 	4.793e-10 
1.50075 	0.98994 	1.229e-04 	1.814e-05 	1.224e-04 	8.065e-08 	3.390e-04 	3.656e-11 	6.002e-10 
1.70085 	1.12194 	1.167e-04 	2.446e-05 	1.162e-04 	1.250e-07 	3.394e-04 	5.428e-11 	7.611e-10 
1.90095 	1.25393 	1.092e-04 	3.208e-05 	1.087e-04 	1.912e-07 	3.398e-04 	8.149e-11 	9.808e-10 
2.10105 	1.38592 	1.005e-04 	4.085e-05 	1.000e-04 	2.882e-07 	3.403e-04 	1.243e-10 	1.288e-09 
2.30115 	1.51791 	9.104e-05 	5.048e-05 	9.049e-05 	4.273e-07 	3.408e-04 	1.935e-10 	1.726e-09 
2.50125 	1.64991 	8.105e-05 	6.053e-05 	8.049e-05 	6.225e-07 	3.413e-04 	3.075e-10 	2.359e-09 
2.70135 	1.78190 	7.099e-05 	7.058e-05 	7.042e-05 	8.904e-07 	3.417e-04 	4.990e-10 	3.285e-09 
2.90145 	1.91389 	6.124e-05 	8.021e-05 	6.066e-05 	1.251e-06 	3.420e-04 	8.253e-10 	4.649e-09 
3.10155 	2.04588 	5.207e-05 	8.909e-05 	5.150e-05 	1.730e-06 	3.421e-04 	1.386e-09 	6.665e-09 
3.30165 	2.17788 	4.372e-05 	9.697e-05 	4.314e-05 	2.361e-06 	3.419e-04 	2.355e-09 	9.653e-09 
3.50175 	2.30987 	3.628e-05 	1.037e-04 	3.571e-05 	3.193e-06 	3.414e-04 	4.026e-09 	1.408e-08 
3.70185 	2.44186 	2.980e-05 	1.090e-04 	2.925e-05 	4.303e-06 	3.404e-04 	6.888e-09 	2.060e-08 
3.90195 	2.57385 	2.427e-05 	1.129e-04 	2.374e-05 	5.812e-06 	3.388e-04 	1.172e-08 	3.016e-08 
4.10205 	2.70585 	1.962e-05 	1.152e-04 	1.913e-05 	7.918e-06 	3.363e-04 	1.968e-08 	4.403e-08 
4.30215 	2.83784 	1.576e-05 	1.157e-04 	1.532e-05 	1.092e-05 	3.324e-04 	3.246e-08 	6.396e-08 
4.50225 	2.96983 	1.259e-05 	1.139e-04 	1.221e-05 	1.524e-05 	3.265e-04 	5.231e-08 	9.231e-08 
4.70235 	3.10182 	9.981e-06 	1.094e-04 	9.659e-06 	2.138e-05 	3.176e-04 	8.226e-08 	1.324e-07 
4.90245 	3.23382 	7.830e-06 	1.019e-04 	7.564e-06 	2.977e-05 	3.045e-04 	1.264e-07 	1.887e-07 
5.10255 	3.36581 	6.063e-06 	9.144e-05 	5.845e-06 	4.043e-05 	2.861e-04 	1.895e-07 	2.672e-07 
5.30265 	3.49780 	4.663e-06 	7.899e-05 	4.480e-06 	5.249e-05 	2.616e-04 	2.738e-07 	3.708e-07 
5.50275 	3.62979 	3.656e-06 	6.659e-05 	3.497e-06 	6.420e-05 	2.318e-04 	3.674e-07 	4.893e-07 
5.70285 	3.76179 	3.036e-06 	5.629e-05 	2.889e-06 	7.375e-05 	1.991e-04 	4.390e-07 	5.922e-07 
5.90295 	3.89378 	2.731e-06 	4.900e-05 	2.590e-06 	8.040e-05 	1.678e-04 	4.592e-07 	6.477e-07 
6.10305 	4.02577 	2.646e-06 	4.443e-05 	2.506e-06 	8.449e-05 	1.413e-04 	4.286e-07 	6.474e-07 
6.30315 	4.15776 	2.700e-06 	4.181e-05 	2.559e-06 	8.675e-05 	1.205e-04 	3.702e-07 	6.065e-07 
6.50325 	4.28976 	2.834e-06 	4.043e-05 	2.691e-06 	8.783e-05 	1.049e-04 	3.063e-07 	5.464e-07 
6.70335 	4.42175 	3.010e-06 	3.977e-05 	2.864e-06 	8.824e-05 	9.296e-05 	2.488e-07 	4.826e-07 
6.90345 	4.55374 	3.200e-06 	3.949e-05 	3.051e-06 	8.829e-05 	8.362e-05 	2.013e-07 	4.233e-07 
7.10355 	4.68573 	3.386e-06 	3.935e-05 	3.234e-06 	8.821e-05 	7.602e-05 	1.636e-07 	3.718e-07 
7.30365 	4.81772 	3.557e-06 	3.917e-05 	3.403e-06 	8.817e-05 	6.963e-05 	1.343e-07 	3.287e-07 
7.50375 	4.94972 	3.706e-06 	3.885e-05 	3.550e-06 	8.827e-05 	6.417e-05 	1.119e-07 	2.934e-07 
7.70385 	5.08171 	3.828e-06 	3.832e-05 	3.672e-06 	8.856e-05 	5.943e-05 	9.485e-08 	2.649e-07 
7.90395 	5.21370 	3.924e-06 	3.757e-05 	3.768e-06 	8.908e-05 	5.533e-05 	8.189e-08 	2.422e-07 
8.10405 	5.34569 	3.994e-06 	3.659e-05 	3.840e-06 	8.980e-05 	5.177e-05 	7.205e-08 	2.242e-07 
8.30415 	5.47769 	4.043e-06 	3.543e-05 	3.890e-06 	9.070e-05 	4.869e-05 	6.458e-08 	2.098e-07 
8.50425 	5.60968 	4.072e-06 	3.414e-05 	3.922e-06 	9.173e-05 	4.603e-05 	5.889e-08 	1.985e-07 
8.70435 	5.74167 	4.087e-06 	3.275e-05 	3.939e-06 	9.286e-05 	4.374e-05 	5.454e-08 	1.895e-07 
8.90445 	5.87366 	4.090e-06 	3.132e-05 	3.944e-06 	9.404e-05 	4.177e-05 	5.120e-08 	1.824e-07 
9.10455 	6.00566 	4.085e-06 	2.990e-05 	3.941e-06 	9.522e-05 	4.007e-05 	4.864e-08 	1.767e-07 
9.30465 	6.13765 	4.073e-06 	2.851e-05 	3.931e-06 	9.639e-05 	3.861e-05 	4.667e-08 	1.722e-07 
9.50475 	6.26964 	4.058e-06 	2.718e-05 	3.918e-06 	9.750e-05 	3.736e-05 	4.515e-08 	1.685e-07 
9.70485 	6.40163 	4.041e-06 	2.593e-05 	3.902e-06 	9.856e-05 	3.629e-05 	4.398e-08 	1.656e-07 
9.90495 	6.53363 	4.022e-06 	2.477e-05 	3.885e-06 	9.954e-05 	3.536e-05 	4.308e-08 	1.633e-07 
10.10505 	6.66562 	4.004e-06 	2.372e-05 	3.868e-06 	1.004e-04 	3.457e-05 	4.238e-08 	1.614e-07 
10.30515 	6.79761 	3.986e-06 	2.276e-05 	3.851e-06 	1.012e-04 	3.389e-05 	4.185e-08 	1.599e-07 
10.50525 	6.92960 	3.969e-06 	2.189e-05 	3.835e-06 	1.020e-04 	3.331e-05 	4.143e-08 	1.587e-07 
10.70535 	7.06160 	3.953e-06 	2.113e-05 	3.820e-06 	1.026e-04 	3.281e-05 	4.112e-08 	1.577e-07 
10.90545 	7.19359 	3.938e-06 	2.044e-05 	3.806e-06 	1.032e-04 	3.239e-05 	4.088e-08 	1.568e-07 
11.10555 	7.32558 	3.925e-06 	1.984e-05 	3.793e-06 	1.037e-04 	3.202e-05 	4.070e-08 	1.562e-07 
11.30565 	7.45757 	3.913e-06 	1.931e-05 	3.782e-06 	1.042e-04 	3.171e-05 	4.056e-08 	1.556e-07 
11.50575 	7.58957 	3.903e-06 	1.885e-05 	3.772e-06 	1.046e-04 	3.144e-05 	4.045e-08 	1.552e-07 
11.70585 	7.72156 	3.893e-06 	1.845e-05 	3.763e-06 	1.049e-04 	3.122e-05 	4.037e-08 	1.548e-07 
11.90595 	7.85355 	3.885e-06 	1.810e-05 	3.755e-06 	1.052e-04 	3.102e-05 	4.031e-08 	1.545e-07 
12.10605 	7.98554 	3.878e-06 	1.780e-05 	3.748e-06 	1.055e-04 	3.086e-05 	4.027e-08 	1.543e-07 
12.30615 	8.11754 	3.872e-06 	1.754e-05 	3.742e-06 	1.057e-04 	3.071e-05 	4.023e-08 	1.541e-07 
12.50625 	8.24953 	3.866e-06 	1.731e-05 	3.737e-06 	1.059e-04 	3.059e-05 	4.021e-08 	1.539e-07 
12.70635 	8.38152 	3.861e-06 	1.712e-05 	3.732e-06 	1.061e-04 	3.049e-05 	4.019e-08 	1.538e-07 
12.90645 	8.51351 	3.857e-06 	1.695e-05 	3.728e-06 	1.062e-04 	3.040e-05 	4.018e-08 	1.536e-07 
13.10655 	8.64551 	3.854e-06 	1.681e-05 	3.725e-06 	1.063e-04 	3.033e-05 	4.017e-08 	1.536e-07 
13.30665 	8.77750 	3.850e-06 	1.668e-05 	3.722e-06 	1.064e-04 	3.027e-05 	4.016e-08 	1.535e-07 
13.50675 	8.90949 	3.848e-06 	1.658e-05 	3.719e-06 	1.065e-04 	3.021e-05 	4.015e-08 	1.534e-07 
13.70685 	9.04148 	3.846e-06 	1.649e-05 	3.717e-06 	1.066e-04 	3.017e-05 	4.015e-08 	1.533e-07 
13.90695 	9.17348 	3.844e-06 	1.641e-05 	3.715e-06 	1.067e-04 	3.013e-05 	4.015e-08 	1.533e-07 
14.10705 	9.30547 	3.842e-06 	1.634e-05 	3.713e-06 	1.067e-04 	3.009e-05 	4.015e-08 	1.533e-07 
14.30715 	9.43746 	3.840e-06 	1.628e-05 	3.712e-06 	1.068e-04 	3.006e-05 	4.015e-08 	1.532e-07 
14.50725 	9.56945 	3.839e-06 	1.624e-05 	3.711e-06 	1.068e-04 	3.004e-05 	4.014e-08 	1.532e-07 
14.70735 	9.70145 	3.838e-06 	1.619e-05 	3.710e-06 	1.068e-04 	3.002e-05 	4.014e-08 	1.532e-07 
14.90745 	9.83344 	3.837e-06 	1.616e-05 	3.709e-06 	1.069e-04 	3.000e-05 	4.014e-08 	1.532e-07 
15.10755 	9.96543 	3.836e-06 	1.613e-05 	3.708e-06 	1.069e-04 	2.999e-05 	4.014e-08 	1.531e-07 
15.30765 	10.09742 	3.836e-06 	1.610e-05 	3.708e-06 	1.069e-04 	2.997e-05 	4.014e-08 	1.531e-07 
15.50775 	10.22942 	3.835e-06 	1.608e-05 	3.707e-06 	1.069e-04 	2.996e-05 	4.014e-08 	1.531e-07 
15.70785 	10.36141 	3.835e-06 	1.606e-05 	3.706e-06 	1.070e-04 	2.995e-05 	4.014e-08 	1.531e-07 
15.90795 	10.49340 	3.834e-06 	1.604e-05 	3.706e-06 	1.070e-04 	2.995e-05 	4.014e-08 	1.531e-07 
16.10805 	10.62539 	3.834e-06 	1.603e-05 	3.706e-06 	1.070e-04 	2.994e-05 	4.014e-08 	1.531e-07 
16.30815 	10.75739 	3.834e-06 	1.602e-05 	3.705e-06 	1.070e-04 	2.993e-05 	4.015e-08 	1.531e-07 
16.50825 	10.88938 	3.833e-06 	1.601e-05 	3.705e-06 	1.070e-04 	2.993e-05 	4.015e-08 	1.531e-07 
16.70835 	11.02137 	3.833e-06 	1.600e-05 	3.705e-06 	1.070e-04 	2.992e-05 	4.015e-08 	1.531e-07 
16.90845 	11.15336 	3.833e-06 	1.599e-05 	3.705e-06 	1.070e-04 	2.992e-05 	4.015e-08 	1.531e-07 
17.10855 	11.28536 	3.833e-06 	1.599e-05 	3.705e-06 	1.070e-04 	2.992e-05 	4.015e-08 	1.531e-07 
17.30865 	11.41735 	3.833e-06 	1.598e-05 	3.705e-06 	1.070e-04 	2.991e-05 	4.015e-08 	1.531e-07 
17.50875 	11.54934 	3.832e-06 	1.598e-05 	3.704e-06 	1.070e-04 	2.991e-05 	4.015e-08 	1.531e-07 
17.70885 	11.68133 	3.832e-06 	1.597e-05 	3.704e-06 	1.070e-04 	2.991e-05 	4.015e-08 	1.531e-07 
17.90895 	11.81333 	3.832e-06 	1.597e-05 	3.704e-06 	1.070e-04 	2.991e-05 	4.015e-08 	1.530e-07 
18.10905 	11.94532 	3.832e-06 	1.597e-05 	3.704e-06 	1.070e-04 	2.991e-05 	4.015e-08 	1.530e-07 
18.30915 	12.07731 	3.832e-06 	1.596e-05 	3.704e-06 	1.070e-04 	2.991e-05 	4.015e-08 	1.530e-07 
18.50925 	12.20930 	3.832e-06 	1.596e-05 	3.704e-06 	1.070e-04 	2.991e-05 	4.015e-08 	1.530e-07 
18.70935 	12.34130 	3.832e-06 	1.596e-05 	3.704e-06 	1.071e-04 	2.990e-05 	4.015e-08 	1.530e-07 
18.90945 	12.47329 	3.832e-06 	1.596e-05 	3.704e-06 	1.071e-04 	2.990e-05 	4.015e-08 	1.530e-07 
19.10955 	12.60528 	3.832e-06 	1.596e-05 	3.704e-06 	1.071e-04 	2.990e-05 	4.015e-08 	1.530e-07 
19.30965 	12.73727 	3.832e-06 	1.596e-05 	3.704e-06 	1.071e-04 	2.990e-05 	4.015e-08 	1.530e-07 
19.50975 	12.86927 	3.832e-06 	1.595e-05 	3.704e-06 	1.071e-04 	2.990e-05 	4.015e-08 	1.530e-07 
19.70985 	13.00126 	3.832e-06 	1.595e-05 	3.704e-06 	1.071e-04 	2.990e-05 	4.015e-08 	1.530e-07 
19.90995 	13.13325 	3.832e-06 	1.595e-05 	3.704e-06 	1.071e-04 	2.990e-05 	4.015e-08 	1.530e-07 
