n = 4.0e+02, Tgas =  10.0, Tdust =  10.0, Go =   1.0
pc 	Av 	e- 	C 	C+ 	CO 	O 	O2 	H2O 
0.10005 	0.06252 	1.393e-04 	1.350e-06 	1.388e-04 	2.761e-09 	3.378e-04 	2.095e-12 	1.352e-10 
0.30015 	0.18757 	1.387e-04 	1.949e-06 	1.382e-04 	4.334e-09 	3.378e-04 	3.120e-12 	1.651e-10 
0.50025 	0.31261 	1.379e-04 	2.804e-06 	1.374e-04 	6.797e-09 	3.379e-04 	4.618e-12 	2.013e-10 
0.70035 	0.43766 	1.367e-04 	4.013e-06 	1.362e-04 	1.064e-08 	3.380e-04 	6.788e-12 	2.454e-10 
0.90045 	0.56270 	1.350e-04 	5.706e-06 	1.345e-04 	1.662e-08 	3.381e-04 	9.917e-12 	2.990e-10 
1.10055 	0.68775 	1.328e-04 	8.039e-06 	1.322e-04 	2.585e-08 	3.382e-04 	1.441e-11 	3.650e-10 
1.30065 	0.81280 	1.297e-04 	1.119e-05 	1.291e-04 	4.000e-08 	3.384e-04 	2.086e-11 	4.472e-10 
1.50075 	0.93784 	1.256e-04 	1.533e-05 	1.251e-04 	6.149e-08 	3.387e-04 	3.018e-11 	5.513e-10 
1.70085 	1.06289 	1.204e-04 	2.060e-05 	1.199e-04 	9.370e-08 	3.390e-04 	4.381e-11 	6.860e-10 
1.90095 	1.18793 	1.141e-04 	2.707e-05 	1.135e-04 	1.413e-07 	3.394e-04 	6.405e-11 	8.647e-10 
2.10105 	1.31298 	1.066e-04 	3.469e-05 	1.060e-04 	2.105e-07 	3.398e-04 	9.477e-11 	1.107e-09 
2.30115 	1.43802 	9.816e-05 	4.326e-05 	9.758e-05 	3.093e-07 	3.403e-04 	1.424e-10 	1.441e-09 
2.50125 	1.56307 	8.902e-05 	5.251e-05 	8.843e-05 	4.477e-07 	3.408e-04 	2.179e-10 	1.912e-09 
2.70135 	1.68811 	7.952e-05 	6.207e-05 	7.893e-05 	6.377e-07 	3.412e-04 	3.397e-10 	2.581e-09 
2.90145 	1.81316 	7.002e-05 	7.156e-05 	6.941e-05 	8.938e-07 	3.416e-04 	5.394e-10 	3.540e-09 
3.10155 	1.93821 	6.082e-05 	8.064e-05 	6.021e-05 	1.233e-06 	3.419e-04 	8.708e-10 	4.925e-09 
3.30165 	2.06325 	5.217e-05 	8.905e-05 	5.155e-05 	1.677e-06 	3.420e-04 	1.425e-09 	6.931e-09 
3.50175 	2.18830 	4.424e-05 	9.655e-05 	4.362e-05 	2.255e-06 	3.418e-04 	2.354e-09 	9.840e-09 
3.70185 	2.31334 	3.713e-05 	1.030e-04 	3.652e-05 	3.006e-06 	3.414e-04 	3.911e-09 	1.405e-08 
3.90195 	2.43839 	3.089e-05 	1.083e-04 	3.029e-05 	3.994e-06 	3.406e-04 	6.501e-09 	2.013e-08 
4.10205 	2.56343 	2.550e-05 	1.123e-04 	2.493e-05 	5.316e-06 	3.392e-04 	1.075e-08 	2.885e-08 
4.30215 	2.68848 	2.093e-05 	1.148e-04 	2.039e-05 	7.126e-06 	3.371e-04 	1.760e-08 	4.123e-08 
4.50225 	2.81352 	1.708e-05 	1.158e-04 	1.659e-05 	9.654e-06 	3.339e-04 	2.834e-08 	5.864e-08 
4.70235 	2.93857 	1.388e-05 	1.149e-04 	1.345e-05 	1.323e-05 	3.291e-04 	4.469e-08 	8.287e-08 
4.90245 	3.06361 	1.123e-05 	1.118e-04 	1.086e-05 	1.828e-05 	3.219e-04 	6.890e-08 	1.163e-07 
5.10255 	3.18866 	9.018e-06 	1.061e-04 	8.706e-06 	2.523e-05 	3.115e-04 	1.039e-07 	1.623e-07 
5.30265 	3.31371 	7.168e-06 	9.756e-05 	6.909e-06 	3.429e-05 	2.969e-04 	1.535e-07 	2.253e-07 
5.50275 	3.43875 	5.636e-06 	8.668e-05 	5.420e-06 	4.517e-05 	2.772e-04 	2.214e-07 	3.100e-07 
5.70285 	3.56380 	4.432e-06 	7.468e-05 	4.247e-06 	5.676e-05 	2.521e-04 	3.062e-07 	4.159e-07 
5.90295 	3.68884 	3.584e-06 	6.345e-05 	3.419e-06 	6.737e-05 	2.228e-04 	3.912e-07 	5.275e-07 
6.10305 	3.81389 	3.075e-06 	5.452e-05 	2.921e-06 	7.570e-05 	1.922e-04 	4.472e-07 	6.155e-07 
6.30315 	3.93893 	2.834e-06 	4.829e-05 	2.685e-06 	8.141e-05 	1.637e-04 	4.549e-07 	6.562e-07 
6.50325 	4.06398 	2.781e-06 	4.438e-05 	2.632e-06 	8.492e-05 	1.398e-04 	4.205e-07 	6.481e-07 
6.70335 	4.18902 	2.847e-06 	4.209e-05 	2.697e-06 	8.688e-05 	1.211e-04 	3.650e-07 	6.065e-07 
6.90345 	4.31407 	2.983e-06 	4.086e-05 	2.831e-06 	8.785e-05 	1.067e-04 	3.059e-07 	5.492e-07 
7.10355 	4.43911 	3.156e-06 	4.025e-05 	3.000e-06 	8.822e-05 	9.560e-05 	2.523e-07 	4.892e-07 
7.30365 	4.56416 	3.341e-06 	3.996e-05 	3.182e-06 	8.828e-05 	8.672e-05 	2.075e-07 	4.330e-07 
7.50375 	4.68921 	3.523e-06 	3.980e-05 	3.362e-06 	8.823e-05 	7.941e-05 	1.713e-07 	3.838e-07 
7.70385 	4.81425 	3.691e-06 	3.962e-05 	3.528e-06 	8.820e-05 	7.321e-05 	1.427e-07 	3.420e-07 
7.90395 	4.93930 	3.840e-06 	3.932e-05 	3.675e-06 	8.829e-05 	6.785e-05 	1.203e-07 	3.074e-07 
8.10405 	5.06434 	3.964e-06 	3.884e-05 	3.798e-06 	8.855e-05 	6.318e-05 	1.030e-07 	2.791e-07 
8.30415 	5.18939 	4.063e-06 	3.816e-05 	3.898e-06 	8.900e-05 	5.908e-05 	8.955e-08 	2.562e-07 
8.50425 	5.31443 	4.138e-06 	3.727e-05 	3.974e-06 	8.965e-05 	5.550e-05 	7.921e-08 	2.377e-07 
8.70435 	5.43948 	4.192e-06 	3.622e-05 	4.030e-06 	9.046e-05 	5.236e-05 	7.121e-08 	2.229e-07 
8.90445 	5.56452 	4.228e-06 	3.503e-05 	4.067e-06 	9.141e-05 	4.963e-05 	6.503e-08 	2.110e-07 
9.10455 	5.68957 	4.248e-06 	3.374e-05 	4.089e-06 	9.246e-05 	4.725e-05 	6.023e-08 	2.014e-07 
9.30465 	5.81462 	4.256e-06 	3.240e-05 	4.099e-06 	9.357e-05 	4.518e-05 	5.649e-08 	1.938e-07 
9.50475 	5.93966 	4.255e-06 	3.105e-05 	4.100e-06 	9.470e-05 	4.338e-05 	5.358e-08 	1.876e-07 
9.70485 	6.06471 	4.247e-06 	2.971e-05 	4.095e-06 	9.583e-05 	4.182e-05 	5.131e-08 	1.826e-07 
9.90495 	6.18975 	4.235e-06 	2.842e-05 	4.084e-06 	9.692e-05 	4.046e-05 	4.952e-08 	1.786e-07 
10.10505 	6.31480 	4.219e-06 	2.719e-05 	4.070e-06 	9.797e-05 	3.929e-05 	4.813e-08 	1.754e-07 
10.30515 	6.43984 	4.202e-06 	2.603e-05 	4.055e-06 	9.895e-05 	3.827e-05 	4.703e-08 	1.727e-07 
10.50525 	6.56489 	4.184e-06 	2.496e-05 	4.038e-06 	9.986e-05 	3.739e-05 	4.617e-08 	1.706e-07 
10.70535 	6.68993 	4.166e-06 	2.398e-05 	4.022e-06 	1.007e-04 	3.663e-05 	4.550e-08 	1.688e-07 
10.90545 	6.81498 	4.149e-06 	2.308e-05 	4.005e-06 	1.015e-04 	3.597e-05 	4.497e-08 	1.674e-07 
11.10555 	6.94002 	4.132e-06 	2.228e-05 	3.990e-06 	1.022e-04 	3.540e-05 	4.456e-08 	1.662e-07 
11.30565 	7.06507 	4.117e-06 	2.155e-05 	3.975e-06 	1.028e-04 	3.490e-05 	4.424e-08 	1.652e-07 
11.50575 	7.19012 	4.103e-06 	2.091e-05 	3.962e-06 	1.033e-04 	3.448e-05 	4.399e-08 	1.644e-07 
11.70585 	7.31516 	4.090e-06 	2.033e-05 	3.949e-06 	1.038e-04 	3.411e-05 	4.379e-08 	1.638e-07 
11.90595 	7.44021 	4.078e-06 	1.983e-05 	3.938e-06 	1.043e-04 	3.379e-05 	4.364e-08 	1.633e-07 
12.10605 	7.56525 	4.068e-06 	1.938e-05 	3.928e-06 	1.047e-04 	3.352e-05 	4.352e-08 	1.628e-07 
12.30615 	7.69030 	4.058e-06 	1.899e-05 	3.919e-06 	1.050e-04 	3.328e-05 	4.343e-08 	1.624e-07 
12.50625 	7.81534 	4.050e-06 	1.864e-05 	3.911e-06 	1.053e-04 	3.308e-05 	4.336e-08 	1.621e-07 
12.70635 	7.94039 	4.042e-06 	1.834e-05 	3.904e-06 	1.055e-04 	3.291e-05 	4.330e-08 	1.619e-07 
12.90645 	8.06543 	4.036e-06 	1.808e-05 	3.898e-06 	1.058e-04 	3.276e-05 	4.326e-08 	1.617e-07 
13.10655 	8.19048 	4.030e-06 	1.785e-05 	3.893e-06 	1.060e-04 	3.263e-05 	4.323e-08 	1.615e-07 
13.30665 	8.31553 	4.025e-06 	1.765e-05 	3.888e-06 	1.061e-04 	3.252e-05 	4.320e-08 	1.613e-07 
13.50675 	8.44057 	4.021e-06 	1.748e-05 	3.884e-06 	1.063e-04 	3.242e-05 	4.318e-08 	1.612e-07 
13.70685 	8.56562 	4.017e-06 	1.733e-05 	3.880e-06 	1.064e-04 	3.234e-05 	4.317e-08 	1.611e-07 
13.90695 	8.69066 	4.014e-06 	1.720e-05 	3.877e-06 	1.065e-04 	3.227e-05 	4.316e-08 	1.610e-07 
14.10705 	8.81571 	4.011e-06 	1.709e-05 	3.874e-06 	1.066e-04 	3.221e-05 	4.315e-08 	1.609e-07 
14.30715 	8.94075 	4.008e-06 	1.700e-05 	3.871e-06 	1.067e-04 	3.216e-05 	4.314e-08 	1.609e-07 
14.50725 	9.06580 	4.006e-06 	1.691e-05 	3.869e-06 	1.068e-04 	3.211e-05 	4.314e-08 	1.608e-07 
14.70735 	9.19084 	4.004e-06 	1.684e-05 	3.868e-06 	1.068e-04 	3.207e-05 	4.313e-08 	1.608e-07 
14.90745 	9.31589 	4.003e-06 	1.678e-05 	3.866e-06 	1.069e-04 	3.204e-05 	4.313e-08 	1.607e-07 
15.10755 	9.44093 	4.001e-06 	1.673e-05 	3.865e-06 	1.069e-04 	3.201e-05 	4.313e-08 	1.607e-07 
15.30765 	9.56598 	4.000e-06 	1.668e-05 	3.863e-06 	1.070e-04 	3.199e-05 	4.313e-08 	1.607e-07 
15.50775 	9.69103 	3.999e-06 	1.664e-05 	3.862e-06 	1.070e-04 	3.197e-05 	4.313e-08 	1.606e-07 
15.70785 	9.81607 	3.998e-06 	1.660e-05 	3.862e-06 	1.070e-04 	3.195e-05 	4.312e-08 	1.606e-07 
15.90795 	9.94112 	3.997e-06 	1.658e-05 	3.861e-06 	1.071e-04 	3.193e-05 	4.312e-08 	1.606e-07 
16.10805 	10.06616 	3.997e-06 	1.655e-05 	3.860e-06 	1.071e-04 	3.192e-05 	4.312e-08 	1.606e-07 
16.30815 	10.19121 	3.996e-06 	1.653e-05 	3.860e-06 	1.071e-04 	3.191e-05 	4.312e-08 	1.606e-07 
16.50825 	10.31625 	3.996e-06 	1.651e-05 	3.859e-06 	1.071e-04 	3.190e-05 	4.312e-08 	1.606e-07 
16.70835 	10.44130 	3.995e-06 	1.649e-05 	3.859e-06 	1.071e-04 	3.189e-05 	4.312e-08 	1.606e-07 
16.90845 	10.56634 	3.995e-06 	1.648e-05 	3.858e-06 	1.072e-04 	3.188e-05 	4.312e-08 	1.606e-07 
17.10855 	10.69139 	3.994e-06 	1.647e-05 	3.858e-06 	1.072e-04 	3.187e-05 	4.312e-08 	1.605e-07 
17.30865 	10.81644 	3.994e-06 	1.646e-05 	3.858e-06 	1.072e-04 	3.187e-05 	4.312e-08 	1.605e-07 
17.50875 	10.94148 	3.994e-06 	1.645e-05 	3.858e-06 	1.072e-04 	3.186e-05 	4.312e-08 	1.605e-07 
17.70885 	11.06653 	3.994e-06 	1.644e-05 	3.857e-06 	1.072e-04 	3.186e-05 	4.312e-08 	1.605e-07 
17.90895 	11.19157 	3.994e-06 	1.643e-05 	3.857e-06 	1.072e-04 	3.186e-05 	4.312e-08 	1.605e-07 
18.10905 	11.31662 	3.993e-06 	1.643e-05 	3.857e-06 	1.072e-04 	3.185e-05 	4.312e-08 	1.605e-07 
18.30915 	11.44166 	3.993e-06 	1.642e-05 	3.857e-06 	1.072e-04 	3.185e-05 	4.312e-08 	1.605e-07 
18.50925 	11.56671 	3.993e-06 	1.642e-05 	3.857e-06 	1.072e-04 	3.185e-05 	4.312e-08 	1.605e-07 
18.70935 	11.69175 	3.993e-06 	1.641e-05 	3.857e-06 	1.072e-04 	3.185e-05 	4.312e-08 	1.605e-07 
18.90945 	11.81680 	3.993e-06 	1.641e-05 	3.857e-06 	1.072e-04 	3.185e-05 	4.312e-08 	1.605e-07 
19.10955 	11.94184 	3.993e-06 	1.641e-05 	3.857e-06 	1.072e-04 	3.184e-05 	4.312e-08 	1.605e-07 
19.30965 	12.06689 	3.993e-06 	1.641e-05 	3.856e-06 	1.072e-04 	3.184e-05 	4.312e-08 	1.605e-07 
19.50975 	12.19194 	3.993e-06 	1.640e-05 	3.856e-06 	1.072e-04 	3.184e-05 	4.312e-08 	1.605e-07 
19.70985 	12.31698 	3.993e-06 	1.640e-05 	3.856e-06 	1.072e-04 	3.184e-05 	4.312e-08 	1.605e-07 
19.90995 	12.44203 	3.993e-06 	1.640e-05 	3.856e-06 	1.072e-04 	3.184e-05 	4.312e-08 	1.605e-07 
