n = 9.8e+02, Tgas =  12.0, Tdust =  12.0, Go =   1.0
pc 	Av 	e- 	C 	C+ 	CO 	O 	O2 	H2O 
0.05005 	0.07530 	1.385e-04 	3.011e-06 	1.383e-04 	1.505e-08 	3.404e-04 	7.483e-12 	1.412e-10 
0.15015 	0.22589 	1.369e-04 	4.627e-06 	1.367e-04 	2.575e-08 	3.405e-04 	1.149e-11 	1.767e-10 
0.25025 	0.37648 	1.345e-04 	7.033e-06 	1.343e-04 	4.381e-08 	3.407e-04 	1.741e-11 	2.208e-10 
0.35035 	0.52708 	1.310e-04 	1.052e-05 	1.308e-04 	7.399e-08 	3.408e-04 	2.610e-11 	2.763e-10 
0.45045 	0.67767 	1.262e-04 	1.540e-05 	1.260e-04 	1.237e-07 	3.411e-04 	3.894e-11 	3.482e-10 
0.55055 	0.82826 	1.197e-04 	2.193e-05 	1.195e-04 	2.038e-07 	3.414e-04 	5.821e-11 	4.445e-10 
0.65065 	0.97885 	1.115e-04 	3.018e-05 	1.113e-04 	3.301e-07 	3.418e-04 	8.802e-11 	5.784e-10 
0.75075 	1.12945 	1.016e-04 	3.999e-05 	1.014e-04 	5.238e-07 	3.421e-04 	1.358e-10 	7.714e-10 
0.85085 	1.28004 	9.062e-05 	5.090e-05 	9.039e-05 	8.119e-07 	3.425e-04 	2.154e-10 	1.058e-09 
0.95095 	1.43063 	7.896e-05 	6.231e-05 	7.873e-05 	1.227e-06 	3.427e-04 	3.524e-10 	1.493e-09 
1.05105 	1.58123 	6.727e-05 	7.351e-05 	6.705e-05 	1.808e-06 	3.427e-04 	5.953e-10 	2.164e-09 
1.15115 	1.73182 	5.610e-05 	8.392e-05 	5.588e-05 	2.596e-06 	3.424e-04 	1.035e-09 	3.213e-09 
1.25125 	1.88241 	4.583e-05 	9.304e-05 	4.563e-05 	3.641e-06 	3.417e-04 	1.847e-09 	4.870e-09 
1.35135 	2.03300 	3.672e-05 	1.005e-04 	3.652e-05 	5.003e-06 	3.404e-04 	3.357e-09 	7.515e-09 
1.45145 	2.18360 	2.886e-05 	1.062e-04 	2.867e-05 	6.765e-06 	3.384e-04 	6.180e-09 	1.177e-08 
1.55155 	2.33419 	2.224e-05 	1.099e-04 	2.207e-05 	9.053e-06 	3.355e-04 	1.143e-08 	1.867e-08 
1.65165 	2.48478 	1.680e-05 	1.113e-04 	1.663e-05 	1.208e-05 	3.313e-04 	2.108e-08 	2.989e-08 
1.75175 	2.63538 	1.240e-05 	1.103e-04 	1.225e-05 	1.617e-05 	3.251e-04 	3.845e-08 	4.822e-08 
1.85185 	2.78597 	8.909e-06 	1.061e-04 	8.784e-06 	2.180e-05 	3.157e-04 	6.877e-08 	7.820e-08 
1.95195 	2.93656 	6.210e-06 	9.827e-05 	6.107e-06 	2.953e-05 	3.014e-04 	1.197e-07 	1.269e-07 
2.05205 	3.08716 	4.206e-06 	8.658e-05 	4.122e-06 	3.957e-05 	2.797e-04 	1.999e-07 	2.029e-07 
2.15215 	3.23775 	2.835e-06 	7.216e-05 	2.763e-06 	5.113e-05 	2.485e-04 	3.104e-07 	3.091e-07 
2.25225 	3.38834 	2.010e-06 	5.792e-05 	1.945e-06 	6.217e-05 	2.083e-04 	4.250e-07 	4.259e-07 
2.35235 	3.53893 	1.592e-06 	4.682e-05 	1.529e-06 	7.061e-05 	1.643e-04 	4.874e-07 	5.103e-07 
2.45245 	3.68953 	1.434e-06 	3.986e-05 	1.370e-06 	7.582e-05 	1.248e-04 	4.628e-07 	5.302e-07 
2.55255 	3.84012 	1.427e-06 	3.620e-05 	1.362e-06 	7.850e-05 	9.471e-05 	3.786e-07 	4.931e-07 
2.65265 	3.99071 	1.502e-06 	3.457e-05 	1.435e-06 	7.962e-05 	7.375e-05 	2.839e-07 	4.283e-07 
2.75275 	4.14131 	1.616e-06 	3.406e-05 	1.548e-06 	7.987e-05 	5.932e-05 	2.049e-07 	3.594e-07 
2.85285 	4.29190 	1.744e-06 	3.415e-05 	1.675e-06 	7.966e-05 	4.904e-05 	1.462e-07 	2.975e-07 
2.95295 	4.44249 	1.871e-06 	3.448e-05 	1.802e-06 	7.926e-05 	4.135e-05 	1.047e-07 	2.461e-07 
3.05305 	4.59308 	1.987e-06 	3.483e-05 	1.918e-06 	7.885e-05 	3.537e-05 	7.591e-08 	2.050e-07 
3.15315 	4.74368 	2.087e-06 	3.501e-05 	2.018e-06 	7.855e-05 	3.059e-05 	5.612e-08 	1.728e-07 
3.25325 	4.89427 	2.167e-06 	3.491e-05 	2.099e-06 	7.847e-05 	2.671e-05 	4.254e-08 	1.478e-07 
3.35335 	5.04486 	2.227e-06 	3.445e-05 	2.161e-06 	7.865e-05 	2.355e-05 	3.320e-08 	1.286e-07 
3.45345 	5.19546 	2.269e-06 	3.362e-05 	2.203e-06 	7.911e-05 	2.097e-05 	2.676e-08 	1.140e-07 
3.55355 	5.34605 	2.293e-06 	3.245e-05 	2.229e-06 	7.984e-05 	1.887e-05 	2.230e-08 	1.028e-07 
3.65365 	5.49664 	2.304e-06 	3.099e-05 	2.241e-06 	8.078e-05 	1.716e-05 	1.917e-08 	9.429e-08 
3.75375 	5.64724 	2.303e-06 	2.934e-05 	2.242e-06 	8.187e-05 	1.577e-05 	1.698e-08 	8.780e-08 
3.85385 	5.79783 	2.295e-06 	2.757e-05 	2.234e-06 	8.306e-05 	1.463e-05 	1.543e-08 	8.284e-08 
3.95395 	5.94842 	2.281e-06 	2.576e-05 	2.221e-06 	8.428e-05 	1.371e-05 	1.434e-08 	7.903e-08 
4.05405 	6.09901 	2.264e-06 	2.398e-05 	2.205e-06 	8.550e-05 	1.294e-05 	1.356e-08 	7.611e-08 
4.15415 	6.24961 	2.246e-06 	2.228e-05 	2.186e-06 	8.666e-05 	1.232e-05 	1.302e-08 	7.385e-08 
4.25425 	6.40020 	2.226e-06 	2.069e-05 	2.168e-06 	8.775e-05 	1.180e-05 	1.265e-08 	7.210e-08 
4.35435 	6.55079 	2.208e-06 	1.923e-05 	2.149e-06 	8.876e-05 	1.138e-05 	1.240e-08 	7.074e-08 
4.45445 	6.70139 	2.190e-06 	1.792e-05 	2.132e-06 	8.966e-05 	1.102e-05 	1.224e-08 	6.968e-08 
4.55455 	6.85198 	2.174e-06 	1.675e-05 	2.116e-06 	9.047e-05 	1.073e-05 	1.214e-08 	6.884e-08 
4.65465 	7.00257 	2.160e-06 	1.572e-05 	2.102e-06 	9.118e-05 	1.049e-05 	1.208e-08 	6.819e-08 
4.75475 	7.15316 	2.147e-06 	1.482e-05 	2.089e-06 	9.181e-05 	1.029e-05 	1.205e-08 	6.767e-08 
4.85485 	7.30376 	2.135e-06 	1.404e-05 	2.077e-06 	9.235e-05 	1.012e-05 	1.205e-08 	6.726e-08 
4.95495 	7.45435 	2.125e-06 	1.336e-05 	2.067e-06 	9.281e-05 	9.981e-06 	1.206e-08 	6.694e-08 
5.05505 	7.60494 	2.116e-06 	1.279e-05 	2.059e-06 	9.321e-05 	9.866e-06 	1.208e-08 	6.668e-08 
5.15515 	7.75554 	2.109e-06 	1.229e-05 	2.051e-06 	9.355e-05 	9.770e-06 	1.210e-08 	6.647e-08 
5.25525 	7.90613 	2.102e-06 	1.188e-05 	2.045e-06 	9.384e-05 	9.690e-06 	1.212e-08 	6.630e-08 
5.35535 	8.05672 	2.097e-06 	1.152e-05 	2.040e-06 	9.409e-05 	9.624e-06 	1.215e-08 	6.617e-08 
5.45545 	8.20732 	2.092e-06 	1.122e-05 	2.035e-06 	9.430e-05 	9.569e-06 	1.217e-08 	6.606e-08 
5.55555 	8.35791 	2.088e-06 	1.097e-05 	2.031e-06 	9.447e-05 	9.523e-06 	1.219e-08 	6.597e-08 
5.65565 	8.50850 	2.085e-06 	1.075e-05 	2.028e-06 	9.462e-05 	9.485e-06 	1.221e-08 	6.590e-08 
5.75575 	8.65909 	2.082e-06 	1.058e-05 	2.025e-06 	9.474e-05 	9.453e-06 	1.223e-08 	6.584e-08 
5.85585 	8.80969 	2.080e-06 	1.042e-05 	2.023e-06 	9.485e-05 	9.427e-06 	1.224e-08 	6.580e-08 
5.95595 	8.96028 	2.078e-06 	1.030e-05 	2.021e-06 	9.494e-05 	9.405e-06 	1.226e-08 	6.576e-08 
6.05605 	9.11087 	2.076e-06 	1.019e-05 	2.019e-06 	9.501e-05 	9.387e-06 	1.227e-08 	6.573e-08 
6.15615 	9.26147 	2.075e-06 	1.010e-05 	2.017e-06 	9.507e-05 	9.371e-06 	1.228e-08 	6.570e-08 
6.25625 	9.41206 	2.074e-06 	1.003e-05 	2.016e-06 	9.512e-05 	9.359e-06 	1.229e-08 	6.568e-08 
6.35635 	9.56265 	2.073e-06 	9.968e-06 	2.015e-06 	9.517e-05 	9.348e-06 	1.229e-08 	6.566e-08 
6.45645 	9.71324 	2.072e-06 	9.916e-06 	2.014e-06 	9.520e-05 	9.339e-06 	1.230e-08 	6.565e-08 
6.55655 	9.86384 	2.071e-06 	9.872e-06 	2.014e-06 	9.523e-05 	9.332e-06 	1.231e-08 	6.563e-08 
6.65665 	10.01443 	2.071e-06 	9.836e-06 	2.013e-06 	9.526e-05 	9.326e-06 	1.231e-08 	6.562e-08 
6.75675 	10.16502 	2.070e-06 	9.806e-06 	2.013e-06 	9.528e-05 	9.321e-06 	1.231e-08 	6.562e-08 
6.85685 	10.31562 	2.070e-06 	9.781e-06 	2.012e-06 	9.530e-05 	9.317e-06 	1.232e-08 	6.561e-08 
6.95695 	10.46621 	2.069e-06 	9.759e-06 	2.012e-06 	9.531e-05 	9.313e-06 	1.232e-08 	6.560e-08 
7.05705 	10.61680 	2.069e-06 	9.742e-06 	2.012e-06 	9.532e-05 	9.310e-06 	1.232e-08 	6.560e-08 
7.15715 	10.76740 	2.069e-06 	9.727e-06 	2.011e-06 	9.533e-05 	9.308e-06 	1.232e-08 	6.560e-08 
7.25725 	10.91799 	2.069e-06 	9.715e-06 	2.011e-06 	9.534e-05 	9.306e-06 	1.233e-08 	6.559e-08 
7.35735 	11.06858 	2.069e-06 	9.704e-06 	2.011e-06 	9.535e-05 	9.304e-06 	1.233e-08 	6.559e-08 
7.45745 	11.21917 	2.068e-06 	9.696e-06 	2.011e-06 	9.536e-05 	9.303e-06 	1.233e-08 	6.559e-08 
7.55755 	11.36977 	2.068e-06 	9.688e-06 	2.011e-06 	9.536e-05 	9.301e-06 	1.233e-08 	6.559e-08 
7.65765 	11.52036 	2.068e-06 	9.682e-06 	2.011e-06 	9.536e-05 	9.300e-06 	1.233e-08 	6.558e-08 
7.75775 	11.67095 	2.068e-06 	9.677e-06 	2.011e-06 	9.537e-05 	9.300e-06 	1.233e-08 	6.558e-08 
7.85785 	11.82155 	2.068e-06 	9.673e-06 	2.011e-06 	9.537e-05 	9.299e-06 	1.233e-08 	6.558e-08 
7.95795 	11.97214 	2.068e-06 	9.670e-06 	2.011e-06 	9.537e-05 	9.298e-06 	1.233e-08 	6.558e-08 
8.05805 	12.12273 	2.068e-06 	9.667e-06 	2.011e-06 	9.538e-05 	9.298e-06 	1.233e-08 	6.558e-08 
8.15815 	12.27332 	2.068e-06 	9.664e-06 	2.010e-06 	9.538e-05 	9.297e-06 	1.233e-08 	6.558e-08 
8.25825 	12.42392 	2.068e-06 	9.662e-06 	2.010e-06 	9.538e-05 	9.297e-06 	1.233e-08 	6.558e-08 
8.35835 	12.57451 	2.068e-06 	9.661e-06 	2.010e-06 	9.538e-05 	9.297e-06 	1.233e-08 	6.558e-08 
8.45845 	12.72510 	2.068e-06 	9.659e-06 	2.010e-06 	9.538e-05 	9.297e-06 	1.233e-08 	6.558e-08 
8.55855 	12.87570 	2.068e-06 	9.658e-06 	2.010e-06 	9.538e-05 	9.296e-06 	1.233e-08 	6.558e-08 
8.65865 	13.02629 	2.068e-06 	9.657e-06 	2.010e-06 	9.538e-05 	9.296e-06 	1.233e-08 	6.558e-08 
8.75875 	13.17688 	2.068e-06 	9.656e-06 	2.010e-06 	9.538e-05 	9.296e-06 	1.233e-08 	6.558e-08 
8.85885 	13.32748 	2.068e-06 	9.656e-06 	2.010e-06 	9.538e-05 	9.296e-06 	1.233e-08 	6.558e-08 
8.95895 	13.47807 	2.068e-06 	9.655e-06 	2.010e-06 	9.538e-05 	9.296e-06 	1.233e-08 	6.558e-08 
9.05905 	13.62866 	2.068e-06 	9.655e-06 	2.010e-06 	9.538e-05 	9.296e-06 	1.233e-08 	6.558e-08 
9.15915 	13.77925 	2.068e-06 	9.654e-06 	2.010e-06 	9.538e-05 	9.296e-06 	1.233e-08 	6.558e-08 
9.25925 	13.92985 	2.068e-06 	9.654e-06 	2.010e-06 	9.538e-05 	9.296e-06 	1.233e-08 	6.558e-08 
9.35935 	14.08044 	2.068e-06 	9.654e-06 	2.010e-06 	9.538e-05 	9.296e-06 	1.233e-08 	6.558e-08 
9.45945 	14.23103 	2.068e-06 	9.653e-06 	2.010e-06 	9.538e-05 	9.296e-06 	1.233e-08 	6.558e-08 
9.55955 	14.38163 	2.068e-06 	9.653e-06 	2.010e-06 	9.538e-05 	9.296e-06 	1.233e-08 	6.558e-08 
9.65965 	14.53222 	2.068e-06 	9.653e-06 	2.010e-06 	9.538e-05 	9.295e-06 	1.233e-08 	6.558e-08 
9.75975 	14.68281 	2.068e-06 	9.653e-06 	2.010e-06 	9.538e-05 	9.295e-06 	1.233e-08 	6.558e-08 
9.85985 	14.83340 	2.068e-06 	9.653e-06 	2.010e-06 	9.539e-05 	9.295e-06 	1.233e-08 	6.558e-08 
9.95995 	14.98400 	2.068e-06 	9.653e-06 	2.010e-06 	9.539e-05 	9.295e-06 	1.233e-08 	6.558e-08 
