n = 1.0e+03, Tgas =  12.0, Tdust =  12.0, Go =   1.0
pc 	Av 	e- 	C 	C+ 	CO 	O 	O2 	H2O 
0.05005 	0.07800 	1.384e-04 	3.139e-06 	1.382e-04 	1.624e-08 	3.405e-04 	7.765e-12 	1.411e-10 
0.15015 	0.23400 	1.366e-04 	4.894e-06 	1.364e-04 	2.831e-08 	3.406e-04 	1.207e-11 	1.778e-10 
0.25025 	0.39000 	1.340e-04 	7.535e-06 	1.338e-04 	4.905e-08 	3.407e-04 	1.851e-11 	2.239e-10 
0.35035 	0.54600 	1.302e-04 	1.139e-05 	1.300e-04 	8.424e-08 	3.409e-04 	2.807e-11 	2.825e-10 
0.45045 	0.70199 	1.248e-04 	1.681e-05 	1.246e-04 	1.430e-07 	3.412e-04 	4.238e-11 	3.595e-10 
0.55055 	0.85799 	1.176e-04 	2.403e-05 	1.174e-04 	2.388e-07 	3.415e-04 	6.430e-11 	4.647e-10 
0.65065 	1.01399 	1.086e-04 	3.308e-05 	1.083e-04 	3.911e-07 	3.419e-04 	9.900e-11 	6.143e-10 
0.75075 	1.16999 	9.792e-05 	4.367e-05 	9.770e-05 	6.259e-07 	3.423e-04 	1.562e-10 	8.350e-10 
0.85085 	1.32599 	8.617e-05 	5.524e-05 	8.595e-05 	9.759e-07 	3.426e-04 	2.543e-10 	1.170e-09 
0.95095 	1.48199 	7.400e-05 	6.703e-05 	7.378e-05 	1.480e-06 	3.427e-04 	4.286e-10 	1.690e-09 
1.05105 	1.63799 	6.206e-05 	7.833e-05 	6.185e-05 	2.184e-06 	3.426e-04 	7.469e-10 	2.510e-09 
1.15115 	1.79399 	5.088e-05 	8.850e-05 	5.068e-05 	3.138e-06 	3.420e-04 	1.341e-09 	3.820e-09 
1.25125 	1.94999 	4.083e-05 	9.710e-05 	4.064e-05 	4.400e-06 	3.409e-04 	2.468e-09 	5.936e-09 
1.35135 	2.10598 	3.209e-05 	1.038e-04 	3.190e-05 	6.046e-06 	3.392e-04 	4.620e-09 	9.390e-09 
1.45145 	2.26198 	2.469e-05 	1.085e-04 	2.452e-05 	8.187e-06 	3.366e-04 	8.733e-09 	1.508e-08 
1.55155 	2.41798 	1.859e-05 	1.108e-04 	1.843e-05 	1.101e-05 	3.328e-04 	1.652e-08 	2.449e-08 
1.65165 	2.57398 	1.367e-05 	1.106e-04 	1.352e-05 	1.480e-05 	3.271e-04 	3.099e-08 	4.017e-08 
1.75175 	2.72998 	9.776e-06 	1.074e-04 	9.650e-06 	2.004e-05 	3.186e-04 	5.712e-08 	6.634e-08 
1.85185 	2.88598 	6.769e-06 	1.004e-04 	6.664e-06 	2.732e-05 	3.054e-04 	1.026e-07 	1.098e-07 
1.95195 	3.04198 	4.533e-06 	8.925e-05 	4.448e-06 	3.703e-05 	2.851e-04 	1.771e-07 	1.801e-07 
2.05205 	3.19798 	2.993e-06 	7.474e-05 	2.921e-06 	4.868e-05 	2.549e-04 	2.854e-07 	2.833e-07 
2.15215 	3.35398 	2.059e-06 	5.971e-05 	1.995e-06 	6.027e-05 	2.145e-04 	4.065e-07 	4.041e-07 
2.25225 	3.50997 	1.583e-06 	4.762e-05 	1.521e-06 	6.938e-05 	1.689e-04 	4.820e-07 	4.982e-07 
2.35235 	3.66597 	1.399e-06 	3.998e-05 	1.337e-06 	7.506e-05 	1.269e-04 	4.656e-07 	5.258e-07 
2.45245 	3.82197 	1.383e-06 	3.600e-05 	1.320e-06 	7.795e-05 	9.489e-05 	3.807e-07 	4.905e-07 
2.55255 	3.97797 	1.456e-06 	3.426e-05 	1.391e-06 	7.913e-05 	7.287e-05 	2.824e-07 	4.242e-07 
2.65265 	4.13397 	1.570e-06 	3.375e-05 	1.504e-06 	7.938e-05 	5.796e-05 	2.006e-07 	3.533e-07 
2.75275 	4.28997 	1.699e-06 	3.386e-05 	1.633e-06 	7.915e-05 	4.748e-05 	1.408e-07 	2.901e-07 
2.85285 	4.44597 	1.826e-06 	3.423e-05 	1.759e-06 	7.872e-05 	3.973e-05 	9.929e-08 	2.381e-07 
2.95295 	4.60197 	1.941e-06 	3.460e-05 	1.875e-06 	7.829e-05 	3.375e-05 	7.099e-08 	1.969e-07 
3.05305 	4.75796 	2.039e-06 	3.478e-05 	1.973e-06 	7.800e-05 	2.901e-05 	5.187e-08 	1.650e-07 
3.15315 	4.91396 	2.117e-06 	3.464e-05 	2.051e-06 	7.794e-05 	2.520e-05 	3.896e-08 	1.405e-07 
3.25325 	5.06996 	2.173e-06 	3.411e-05 	2.109e-06 	7.817e-05 	2.212e-05 	3.023e-08 	1.220e-07 
3.35335 	5.22596 	2.211e-06 	3.319e-05 	2.148e-06 	7.869e-05 	1.963e-05 	2.430e-08 	1.079e-07 
3.45345 	5.38196 	2.231e-06 	3.190e-05 	2.169e-06 	7.949e-05 	1.763e-05 	2.024e-08 	9.732e-08 
3.55355 	5.53796 	2.238e-06 	3.033e-05 	2.177e-06 	8.050e-05 	1.601e-05 	1.744e-08 	8.933e-08 
3.65365 	5.69396 	2.234e-06 	2.856e-05 	2.175e-06 	8.166e-05 	1.470e-05 	1.550e-08 	8.329e-08 
3.75375 	5.84996 	2.223e-06 	2.671e-05 	2.164e-06 	8.289e-05 	1.364e-05 	1.415e-08 	7.872e-08 
3.85385 	6.00596 	2.208e-06 	2.484e-05 	2.149e-06 	8.415e-05 	1.278e-05 	1.321e-08 	7.524e-08 
3.95395 	6.16195 	2.189e-06 	2.302e-05 	2.132e-06 	8.538e-05 	1.208e-05 	1.255e-08 	7.259e-08 
4.05405 	6.31795 	2.170e-06 	2.131e-05 	2.113e-06 	8.654e-05 	1.151e-05 	1.211e-08 	7.057e-08 
4.15415 	6.47395 	2.151e-06 	1.972e-05 	2.094e-06 	8.762e-05 	1.104e-05 	1.181e-08 	6.901e-08 
4.25425 	6.62995 	2.132e-06 	1.829e-05 	2.076e-06 	8.860e-05 	1.066e-05 	1.162e-08 	6.780e-08 
4.35435 	6.78595 	2.115e-06 	1.701e-05 	2.059e-06 	8.947e-05 	1.034e-05 	1.150e-08 	6.687e-08 
4.45445 	6.94195 	2.100e-06 	1.588e-05 	2.043e-06 	9.024e-05 	1.008e-05 	1.143e-08 	6.614e-08 
4.55455 	7.09795 	2.086e-06 	1.490e-05 	2.030e-06 	9.091e-05 	9.869e-06 	1.140e-08 	6.557e-08 
4.65465 	7.25395 	2.074e-06 	1.404e-05 	2.018e-06 	9.150e-05 	9.693e-06 	1.140e-08 	6.513e-08 
4.75475 	7.40995 	2.063e-06 	1.331e-05 	2.007e-06 	9.200e-05 	9.547e-06 	1.141e-08 	6.478e-08 
4.85485 	7.56594 	2.054e-06 	1.269e-05 	1.998e-06 	9.242e-05 	9.427e-06 	1.142e-08 	6.450e-08 
4.95495 	7.72194 	2.046e-06 	1.216e-05 	1.990e-06 	9.278e-05 	9.327e-06 	1.145e-08 	6.428e-08 
5.05505 	7.87794 	2.040e-06 	1.171e-05 	1.984e-06 	9.309e-05 	9.245e-06 	1.147e-08 	6.410e-08 
5.15515 	8.03394 	2.034e-06 	1.134e-05 	1.978e-06 	9.335e-05 	9.178e-06 	1.150e-08 	6.396e-08 
5.25525 	8.18994 	2.029e-06 	1.102e-05 	1.973e-06 	9.357e-05 	9.122e-06 	1.152e-08 	6.385e-08 
5.35535 	8.34594 	2.025e-06 	1.075e-05 	1.969e-06 	9.375e-05 	9.075e-06 	1.155e-08 	6.376e-08 
5.45545 	8.50194 	2.022e-06 	1.053e-05 	1.966e-06 	9.390e-05 	9.037e-06 	1.157e-08 	6.369e-08 
5.55555 	8.65794 	2.019e-06 	1.034e-05 	1.963e-06 	9.403e-05 	9.006e-06 	1.159e-08 	6.363e-08 
5.65565 	8.81393 	2.017e-06 	1.019e-05 	1.961e-06 	9.414e-05 	8.980e-06 	1.160e-08 	6.358e-08 
5.75575 	8.96993 	2.015e-06 	1.006e-05 	1.959e-06 	9.423e-05 	8.958e-06 	1.162e-08 	6.354e-08 
5.85585 	9.12593 	2.013e-06 	9.951e-06 	1.957e-06 	9.430e-05 	8.940e-06 	1.163e-08 	6.351e-08 
5.95595 	9.28193 	2.011e-06 	9.861e-06 	1.956e-06 	9.436e-05 	8.925e-06 	1.164e-08 	6.349e-08 
6.05605 	9.43793 	2.010e-06 	9.786e-06 	1.954e-06 	9.441e-05 	8.913e-06 	1.165e-08 	6.347e-08 
6.15615 	9.59393 	2.009e-06 	9.724e-06 	1.953e-06 	9.446e-05 	8.903e-06 	1.166e-08 	6.345e-08 
6.25625 	9.74993 	2.009e-06 	9.672e-06 	1.953e-06 	9.449e-05 	8.895e-06 	1.166e-08 	6.344e-08 
6.35635 	9.90593 	2.008e-06 	9.630e-06 	1.952e-06 	9.452e-05 	8.888e-06 	1.167e-08 	6.343e-08 
6.45645 	10.06193 	2.007e-06 	9.594e-06 	1.951e-06 	9.455e-05 	8.882e-06 	1.167e-08 	6.342e-08 
6.55655 	10.21792 	2.007e-06 	9.564e-06 	1.951e-06 	9.457e-05 	8.878e-06 	1.168e-08 	6.341e-08 
6.65665 	10.37392 	2.007e-06 	9.540e-06 	1.951e-06 	9.458e-05 	8.874e-06 	1.168e-08 	6.340e-08 
6.75675 	10.52992 	2.006e-06 	9.519e-06 	1.950e-06 	9.460e-05 	8.870e-06 	1.168e-08 	6.340e-08 
6.85685 	10.68592 	2.006e-06 	9.503e-06 	1.950e-06 	9.461e-05 	8.868e-06 	1.168e-08 	6.339e-08 
6.95695 	10.84192 	2.006e-06 	9.489e-06 	1.950e-06 	9.462e-05 	8.865e-06 	1.169e-08 	6.339e-08 
7.05705 	10.99792 	2.006e-06 	9.477e-06 	1.950e-06 	9.463e-05 	8.864e-06 	1.169e-08 	6.339e-08 
7.15715 	11.15392 	2.005e-06 	9.467e-06 	1.949e-06 	9.463e-05 	8.862e-06 	1.169e-08 	6.338e-08 
7.25725 	11.30992 	2.005e-06 	9.459e-06 	1.949e-06 	9.464e-05 	8.861e-06 	1.169e-08 	6.338e-08 
7.35735 	11.46591 	2.005e-06 	9.453e-06 	1.949e-06 	9.464e-05 	8.860e-06 	1.169e-08 	6.338e-08 
7.45745 	11.62191 	2.005e-06 	9.447e-06 	1.949e-06 	9.465e-05 	8.859e-06 	1.169e-08 	6.338e-08 
7.55755 	11.77791 	2.005e-06 	9.443e-06 	1.949e-06 	9.465e-05 	8.858e-06 	1.169e-08 	6.338e-08 
7.65765 	11.93391 	2.005e-06 	9.439e-06 	1.949e-06 	9.465e-05 	8.858e-06 	1.169e-08 	6.338e-08 
7.75775 	12.08991 	2.005e-06 	9.436e-06 	1.949e-06 	9.465e-05 	8.857e-06 	1.169e-08 	6.338e-08 
7.85785 	12.24591 	2.005e-06 	9.433e-06 	1.949e-06 	9.466e-05 	8.857e-06 	1.169e-08 	6.338e-08 
7.95795 	12.40191 	2.005e-06 	9.431e-06 	1.949e-06 	9.466e-05 	8.856e-06 	1.169e-08 	6.337e-08 
8.05805 	12.55791 	2.005e-06 	9.429e-06 	1.949e-06 	9.466e-05 	8.856e-06 	1.169e-08 	6.337e-08 
8.15815 	12.71391 	2.005e-06 	9.428e-06 	1.949e-06 	9.466e-05 	8.856e-06 	1.169e-08 	6.337e-08 
8.25825 	12.86990 	2.005e-06 	9.426e-06 	1.949e-06 	9.466e-05 	8.856e-06 	1.169e-08 	6.337e-08 
8.35835 	13.02590 	2.005e-06 	9.425e-06 	1.949e-06 	9.466e-05 	8.855e-06 	1.169e-08 	6.337e-08 
8.45845 	13.18190 	2.005e-06 	9.424e-06 	1.949e-06 	9.466e-05 	8.855e-06 	1.169e-08 	6.337e-08 
8.55855 	13.33790 	2.005e-06 	9.424e-06 	1.949e-06 	9.466e-05 	8.855e-06 	1.169e-08 	6.337e-08 
8.65865 	13.49390 	2.005e-06 	9.423e-06 	1.949e-06 	9.466e-05 	8.855e-06 	1.169e-08 	6.337e-08 
8.75875 	13.64990 	2.005e-06 	9.423e-06 	1.949e-06 	9.466e-05 	8.855e-06 	1.169e-08 	6.337e-08 
8.85885 	13.80590 	2.005e-06 	9.422e-06 	1.949e-06 	9.466e-05 	8.855e-06 	1.169e-08 	6.337e-08 
8.95895 	13.96190 	2.005e-06 	9.422e-06 	1.949e-06 	9.466e-05 	8.855e-06 	1.169e-08 	6.337e-08 
9.05905 	14.11790 	2.005e-06 	9.422e-06 	1.949e-06 	9.466e-05 	8.855e-06 	1.169e-08 	6.337e-08 
9.15915 	14.27389 	2.005e-06 	9.421e-06 	1.949e-06 	9.466e-05 	8.855e-06 	1.170e-08 	6.337e-08 
9.25925 	14.42989 	2.005e-06 	9.421e-06 	1.949e-06 	9.466e-05 	8.855e-06 	1.170e-08 	6.337e-08 
9.35935 	14.58589 	2.005e-06 	9.421e-06 	1.949e-06 	9.466e-05 	8.855e-06 	1.170e-08 	6.337e-08 
9.45945 	14.74189 	2.005e-06 	9.421e-06 	1.949e-06 	9.466e-05 	8.855e-06 	1.170e-08 	6.337e-08 
9.55955 	14.89789 	2.005e-06 	9.421e-06 	1.949e-06 	9.466e-05 	8.855e-06 	1.170e-08 	6.337e-08 
9.65965 	15.05389 	2.005e-06 	9.421e-06 	1.949e-06 	9.466e-05 	8.855e-06 	1.170e-08 	6.337e-08 
9.75975 	15.20989 	2.005e-06 	9.421e-06 	1.949e-06 	9.466e-05 	8.855e-06 	1.170e-08 	6.337e-08 
9.85985 	15.36589 	2.005e-06 	9.421e-06 	1.949e-06 	9.466e-05 	8.855e-06 	1.170e-08 	6.337e-08 
9.95995 	15.52188 	2.005e-06 	9.421e-06 	1.949e-06 	9.466e-05 	8.855e-06 	1.170e-08 	6.337e-08 
