n = 1.0e+03, Tgas =  12.6, Tdust =  12.6, Go =   1.0
pc 	Av 	e- 	C 	C+ 	CO 	O 	O2 	H2O 
0.05005 	0.07723 	1.386e-04 	3.027e-06 	1.384e-04 	1.591e-08 	3.407e-04 	8.490e-12 	1.447e-10 
0.15015 	0.23168 	1.369e-04 	4.703e-06 	1.367e-04 	2.759e-08 	3.408e-04 	1.314e-11 	1.819e-10 
0.25025 	0.38614 	1.344e-04 	7.221e-06 	1.342e-04 	4.756e-08 	3.410e-04 	2.006e-11 	2.284e-10 
0.35035 	0.54059 	1.308e-04 	1.090e-05 	1.306e-04 	8.132e-08 	3.412e-04 	3.029e-11 	2.872e-10 
0.45045 	0.69504 	1.256e-04 	1.607e-05 	1.254e-04 	1.374e-07 	3.414e-04 	4.550e-11 	3.640e-10 
0.55055 	0.84950 	1.187e-04 	2.299e-05 	1.185e-04 	2.288e-07 	3.417e-04 	6.861e-11 	4.678e-10 
0.65065 	1.00395 	1.100e-04 	3.172e-05 	1.098e-04 	3.737e-07 	3.421e-04 	1.049e-10 	6.141e-10 
0.75075 	1.15841 	9.966e-05 	4.202e-05 	9.944e-05 	5.969e-07 	3.424e-04 	1.640e-10 	8.279e-10 
0.85085 	1.31286 	8.813e-05 	5.338e-05 	8.791e-05 	9.296e-07 	3.427e-04 	2.642e-10 	1.150e-09 
0.95095 	1.46732 	7.608e-05 	6.508e-05 	7.586e-05 	1.409e-06 	3.428e-04 	4.402e-10 	1.645e-09 
1.05105 	1.62177 	6.414e-05 	7.639e-05 	6.393e-05 	2.079e-06 	3.427e-04 	7.581e-10 	2.421e-09 
1.15115 	1.77622 	5.288e-05 	8.670e-05 	5.268e-05 	2.987e-06 	3.422e-04 	1.345e-09 	3.651e-09 
1.25125 	1.93068 	4.268e-05 	9.552e-05 	4.248e-05 	4.188e-06 	3.412e-04 	2.446e-09 	5.625e-09 
1.35135 	2.08513 	3.373e-05 	1.025e-04 	3.355e-05 	5.754e-06 	3.396e-04 	4.528e-09 	8.826e-09 
1.45145 	2.23959 	2.612e-05 	1.075e-04 	2.594e-05 	7.786e-06 	3.371e-04 	8.468e-09 	1.406e-08 
1.55155 	2.39404 	1.980e-05 	1.103e-04 	1.963e-05 	1.045e-05 	3.335e-04 	1.586e-08 	2.268e-08 
1.65165 	2.54850 	1.467e-05 	1.107e-04 	1.452e-05 	1.401e-05 	3.283e-04 	2.951e-08 	3.695e-08 
1.75175 	2.70295 	1.058e-05 	1.081e-04 	1.045e-05 	1.890e-05 	3.204e-04 	5.400e-08 	6.063e-08 
1.85185 	2.85740 	7.405e-06 	1.019e-04 	7.295e-06 	2.569e-05 	3.083e-04 	9.642e-08 	9.984e-08 
1.95195 	3.01186 	5.013e-06 	9.162e-05 	4.923e-06 	3.484e-05 	2.896e-04 	1.661e-07 	1.634e-07 
2.05205 	3.16631 	3.325e-06 	7.774e-05 	3.251e-06 	4.609e-05 	2.616e-04 	2.698e-07 	2.589e-07 
2.15215 	3.32077 	2.265e-06 	6.265e-05 	2.199e-06 	5.776e-05 	2.233e-04 	3.934e-07 	3.772e-07 
2.25225 	3.47522 	1.699e-06 	4.987e-05 	1.636e-06 	6.741e-05 	1.784e-04 	4.847e-07 	4.795e-07 
2.35235 	3.62968 	1.461e-06 	4.139e-05 	1.398e-06 	7.371e-05 	1.352e-04 	4.883e-07 	5.220e-07 
2.45245 	3.78413 	1.415e-06 	3.680e-05 	1.352e-06 	7.705e-05 	1.011e-04 	4.128e-07 	4.987e-07 
2.55255 	3.93858 	1.473e-06 	3.472e-05 	1.408e-06 	7.849e-05 	7.721e-05 	3.124e-07 	4.377e-07 
2.65265 	4.09304 	1.582e-06 	3.403e-05 	1.516e-06 	7.887e-05 	6.103e-05 	2.244e-07 	3.674e-07 
2.75275 	4.24749 	1.711e-06 	3.408e-05 	1.644e-06 	7.869e-05 	4.975e-05 	1.584e-07 	3.028e-07 
2.85285 	4.40195 	1.841e-06 	3.445e-05 	1.774e-06 	7.826e-05 	4.149e-05 	1.118e-07 	2.488e-07 
2.95295 	4.55640 	1.962e-06 	3.488e-05 	1.894e-06 	7.779e-05 	3.516e-05 	7.989e-08 	2.055e-07 
3.05305 	4.71086 	2.066e-06 	3.516e-05 	1.999e-06 	7.742e-05 	3.016e-05 	5.815e-08 	1.718e-07 
3.15315 	4.86531 	2.150e-06 	3.515e-05 	2.084e-06 	7.727e-05 	2.613e-05 	4.342e-08 	1.458e-07 
3.25325 	5.01976 	2.213e-06 	3.476e-05 	2.148e-06 	7.739e-05 	2.288e-05 	3.342e-08 	1.259e-07 
3.35335 	5.17422 	2.257e-06 	3.397e-05 	2.193e-06 	7.781e-05 	2.025e-05 	2.661e-08 	1.109e-07 
3.45345 	5.32867 	2.282e-06 	3.279e-05 	2.220e-06 	7.852e-05 	1.812e-05 	2.194e-08 	9.946e-08 
3.55355 	5.48313 	2.293e-06 	3.131e-05 	2.231e-06 	7.946e-05 	1.639e-05 	1.871e-08 	9.083e-08 
3.65365 	5.63758 	2.292e-06 	2.960e-05 	2.231e-06 	8.057e-05 	1.500e-05 	1.647e-08 	8.430e-08 
3.75375 	5.79204 	2.282e-06 	2.776e-05 	2.223e-06 	8.179e-05 	1.387e-05 	1.490e-08 	7.934e-08 
3.85385 	5.94649 	2.267e-06 	2.587e-05 	2.209e-06 	8.304e-05 	1.295e-05 	1.380e-08 	7.556e-08 
3.95395 	6.10094 	2.249e-06 	2.402e-05 	2.191e-06 	8.429e-05 	1.220e-05 	1.303e-08 	7.267e-08 
4.05405 	6.25540 	2.229e-06 	2.224e-05 	2.171e-06 	8.548e-05 	1.159e-05 	1.250e-08 	7.046e-08 
4.15415 	6.40985 	2.209e-06 	2.059e-05 	2.152e-06 	8.660e-05 	1.109e-05 	1.214e-08 	6.876e-08 
4.25425 	6.56431 	2.190e-06 	1.908e-05 	2.132e-06 	8.763e-05 	1.067e-05 	1.190e-08 	6.744e-08 
4.35435 	6.71876 	2.171e-06 	1.772e-05 	2.114e-06 	8.855e-05 	1.033e-05 	1.174e-08 	6.641e-08 
4.45445 	6.87322 	2.154e-06 	1.651e-05 	2.098e-06 	8.937e-05 	1.005e-05 	1.165e-08 	6.562e-08 
4.55455 	7.02767 	2.139e-06 	1.546e-05 	2.083e-06 	9.009e-05 	9.816e-06 	1.160e-08 	6.499e-08 
4.65465 	7.18212 	2.126e-06 	1.453e-05 	2.069e-06 	9.071e-05 	9.624e-06 	1.158e-08 	6.450e-08 
4.75475 	7.33658 	2.114e-06 	1.374e-05 	2.058e-06 	9.126e-05 	9.466e-06 	1.159e-08 	6.411e-08 
4.85485 	7.49103 	2.104e-06 	1.306e-05 	2.048e-06 	9.172e-05 	9.334e-06 	1.160e-08 	6.380e-08 
4.95495 	7.64549 	2.095e-06 	1.248e-05 	2.039e-06 	9.211e-05 	9.226e-06 	1.162e-08 	6.356e-08 
5.05505 	7.79994 	2.088e-06 	1.198e-05 	2.031e-06 	9.245e-05 	9.136e-06 	1.164e-08 	6.337e-08 
5.15515 	7.95440 	2.081e-06 	1.157e-05 	2.025e-06 	9.274e-05 	9.061e-06 	1.167e-08 	6.321e-08 
5.25525 	8.10885 	2.076e-06 	1.121e-05 	2.020e-06 	9.298e-05 	8.999e-06 	1.169e-08 	6.309e-08 
5.35535 	8.26331 	2.071e-06 	1.092e-05 	2.015e-06 	9.318e-05 	8.948e-06 	1.171e-08 	6.299e-08 
5.45545 	8.41776 	2.068e-06 	1.067e-05 	2.011e-06 	9.335e-05 	8.906e-06 	1.174e-08 	6.291e-08 
5.55555 	8.57221 	2.064e-06 	1.046e-05 	2.008e-06 	9.349e-05 	8.871e-06 	1.176e-08 	6.284e-08 
5.65565 	8.72667 	2.062e-06 	1.029e-05 	2.005e-06 	9.361e-05 	8.842e-06 	1.177e-08 	6.279e-08 
5.75575 	8.88112 	2.059e-06 	1.014e-05 	2.003e-06 	9.371e-05 	8.818e-06 	1.179e-08 	6.274e-08 
5.85585 	9.03558 	2.057e-06 	1.002e-05 	2.001e-06 	9.379e-05 	8.798e-06 	1.180e-08 	6.271e-08 
5.95595 	9.19003 	2.056e-06 	9.917e-06 	1.999e-06 	9.386e-05 	8.782e-06 	1.181e-08 	6.268e-08 
6.05605 	9.34449 	2.054e-06 	9.833e-06 	1.998e-06 	9.392e-05 	8.768e-06 	1.182e-08 	6.266e-08 
6.15615 	9.49894 	2.053e-06 	9.762e-06 	1.997e-06 	9.397e-05 	8.757e-06 	1.183e-08 	6.264e-08 
6.25625 	9.65339 	2.052e-06 	9.703e-06 	1.996e-06 	9.401e-05 	8.747e-06 	1.184e-08 	6.262e-08 
6.35635 	9.80785 	2.052e-06 	9.655e-06 	1.995e-06 	9.404e-05 	8.740e-06 	1.184e-08 	6.261e-08 
6.45645 	9.96230 	2.051e-06 	9.614e-06 	1.995e-06 	9.407e-05 	8.733e-06 	1.185e-08 	6.260e-08 
6.55655 	10.11676 	2.050e-06 	9.580e-06 	1.994e-06 	9.409e-05 	8.728e-06 	1.185e-08 	6.259e-08 
6.65665 	10.27121 	2.050e-06 	9.552e-06 	1.994e-06 	9.411e-05 	8.723e-06 	1.186e-08 	6.258e-08 
6.75675 	10.42567 	2.050e-06 	9.528e-06 	1.993e-06 	9.413e-05 	8.720e-06 	1.186e-08 	6.258e-08 
6.85685 	10.58012 	2.049e-06 	9.509e-06 	1.993e-06 	9.414e-05 	8.717e-06 	1.186e-08 	6.257e-08 
6.95695 	10.73457 	2.049e-06 	9.493e-06 	1.993e-06 	9.415e-05 	8.714e-06 	1.186e-08 	6.257e-08 
7.05705 	10.88903 	2.049e-06 	9.479e-06 	1.993e-06 	9.416e-05 	8.712e-06 	1.186e-08 	6.257e-08 
7.15715 	11.04348 	2.049e-06 	9.468e-06 	1.992e-06 	9.417e-05 	8.710e-06 	1.187e-08 	6.256e-08 
7.25725 	11.19794 	2.049e-06 	9.459e-06 	1.992e-06 	9.417e-05 	8.709e-06 	1.187e-08 	6.256e-08 
7.35735 	11.35239 	2.048e-06 	9.451e-06 	1.992e-06 	9.418e-05 	8.708e-06 	1.187e-08 	6.256e-08 
7.45745 	11.50685 	2.048e-06 	9.445e-06 	1.992e-06 	9.418e-05 	8.707e-06 	1.187e-08 	6.256e-08 
7.55755 	11.66130 	2.048e-06 	9.439e-06 	1.992e-06 	9.419e-05 	8.706e-06 	1.187e-08 	6.256e-08 
7.65765 	11.81575 	2.048e-06 	9.435e-06 	1.992e-06 	9.419e-05 	8.705e-06 	1.187e-08 	6.255e-08 
7.75775 	11.97021 	2.048e-06 	9.431e-06 	1.992e-06 	9.419e-05 	8.704e-06 	1.187e-08 	6.255e-08 
7.85785 	12.12466 	2.048e-06 	9.428e-06 	1.992e-06 	9.419e-05 	8.704e-06 	1.187e-08 	6.255e-08 
7.95795 	12.27912 	2.048e-06 	9.426e-06 	1.992e-06 	9.420e-05 	8.704e-06 	1.187e-08 	6.255e-08 
8.05805 	12.43357 	2.048e-06 	9.424e-06 	1.992e-06 	9.420e-05 	8.703e-06 	1.187e-08 	6.255e-08 
8.15815 	12.58803 	2.048e-06 	9.422e-06 	1.992e-06 	9.420e-05 	8.703e-06 	1.187e-08 	6.255e-08 
8.25825 	12.74248 	2.048e-06 	9.420e-06 	1.992e-06 	9.420e-05 	8.703e-06 	1.187e-08 	6.255e-08 
8.35835 	12.89693 	2.048e-06 	9.419e-06 	1.992e-06 	9.420e-05 	8.703e-06 	1.187e-08 	6.255e-08 
8.45845 	13.05139 	2.048e-06 	9.418e-06 	1.992e-06 	9.420e-05 	8.702e-06 	1.187e-08 	6.255e-08 
8.55855 	13.20584 	2.048e-06 	9.417e-06 	1.992e-06 	9.420e-05 	8.702e-06 	1.187e-08 	6.255e-08 
8.65865 	13.36030 	2.048e-06 	9.417e-06 	1.992e-06 	9.420e-05 	8.702e-06 	1.187e-08 	6.255e-08 
8.75875 	13.51475 	2.048e-06 	9.416e-06 	1.992e-06 	9.420e-05 	8.702e-06 	1.187e-08 	6.255e-08 
8.85885 	13.66921 	2.048e-06 	9.416e-06 	1.991e-06 	9.420e-05 	8.702e-06 	1.187e-08 	6.255e-08 
8.95895 	13.82366 	2.048e-06 	9.415e-06 	1.991e-06 	9.420e-05 	8.702e-06 	1.187e-08 	6.255e-08 
9.05905 	13.97811 	2.048e-06 	9.415e-06 	1.991e-06 	9.420e-05 	8.702e-06 	1.187e-08 	6.255e-08 
9.15915 	14.13257 	2.048e-06 	9.415e-06 	1.991e-06 	9.420e-05 	8.702e-06 	1.187e-08 	6.255e-08 
9.25925 	14.28702 	2.048e-06 	9.414e-06 	1.991e-06 	9.420e-05 	8.702e-06 	1.187e-08 	6.255e-08 
9.35935 	14.44148 	2.048e-06 	9.414e-06 	1.991e-06 	9.420e-05 	8.702e-06 	1.187e-08 	6.255e-08 
9.45945 	14.59593 	2.048e-06 	9.414e-06 	1.991e-06 	9.420e-05 	8.702e-06 	1.187e-08 	6.255e-08 
9.55955 	14.75039 	2.048e-06 	9.414e-06 	1.991e-06 	9.420e-05 	8.702e-06 	1.187e-08 	6.255e-08 
9.65965 	14.90484 	2.048e-06 	9.414e-06 	1.991e-06 	9.420e-05 	8.702e-06 	1.187e-08 	6.255e-08 
9.75975 	15.05929 	2.048e-06 	9.414e-06 	1.991e-06 	9.420e-05 	8.702e-06 	1.187e-08 	6.255e-08 
9.85985 	15.21375 	2.048e-06 	9.414e-06 	1.991e-06 	9.420e-05 	8.702e-06 	1.187e-08 	6.255e-08 
9.95995 	15.36820 	2.048e-06 	9.414e-06 	1.991e-06 	9.420e-05 	8.702e-06 	1.187e-08 	6.255e-08 
