n = 9.9e+02, Tgas =  12.0, Tdust =  12.0, Go =   1.0
pc 	Av 	e- 	C 	C+ 	CO 	O 	O2 	H2O 
0.05005 	0.07645 	1.384e-04 	3.065e-06 	1.382e-04 	1.555e-08 	3.404e-04 	7.604e-12 	1.412e-10 
0.15015 	0.22936 	1.368e-04 	4.740e-06 	1.366e-04 	2.682e-08 	3.405e-04 	1.174e-11 	1.772e-10 
0.25025 	0.38227 	1.343e-04 	7.245e-06 	1.341e-04 	4.600e-08 	3.407e-04 	1.787e-11 	2.221e-10 
0.35035 	0.53518 	1.307e-04 	1.089e-05 	1.305e-04 	7.825e-08 	3.409e-04 	2.693e-11 	2.790e-10 
0.45045 	0.68809 	1.256e-04 	1.600e-05 	1.254e-04 	1.316e-07 	3.411e-04 	4.038e-11 	3.530e-10 
0.55055 	0.84100 	1.188e-04 	2.282e-05 	1.186e-04 	2.182e-07 	3.414e-04 	6.075e-11 	4.529e-10 
0.65065 	0.99391 	1.102e-04 	3.141e-05 	1.100e-04 	3.552e-07 	3.418e-04 	9.256e-11 	5.933e-10 
0.75075 	1.14682 	1.001e-04 	4.155e-05 	9.984e-05 	5.657e-07 	3.422e-04 	1.442e-10 	7.978e-10 
0.85085 	1.29973 	8.872e-05 	5.276e-05 	8.850e-05 	8.792e-07 	3.425e-04 	2.312e-10 	1.104e-09 
0.95095 	1.45264 	7.683e-05 	6.434e-05 	7.660e-05 	1.331e-06 	3.427e-04 	3.831e-10 	1.574e-09 
1.05105 	1.60555 	6.502e-05 	7.561e-05 	6.480e-05 	1.962e-06 	3.427e-04 	6.557e-10 	2.305e-09 
1.15115 	1.75846 	5.383e-05 	8.593e-05 	5.362e-05 	2.819e-06 	3.422e-04 	1.156e-09 	3.458e-09 
1.25125 	1.91137 	4.365e-05 	9.484e-05 	4.345e-05 	3.953e-06 	3.414e-04 	2.090e-09 	5.298e-09 
1.35135 	2.06428 	3.468e-05 	1.020e-04 	3.449e-05 	5.432e-06 	3.399e-04 	3.848e-09 	8.263e-09 
1.45145 	2.21719 	2.702e-05 	1.073e-04 	2.684e-05 	7.348e-06 	3.377e-04 	7.166e-09 	1.308e-08 
1.55155 	2.37010 	2.062e-05 	1.104e-04 	2.045e-05 	9.850e-06 	3.344e-04 	1.339e-08 	2.096e-08 
1.65165 	2.52301 	1.540e-05 	1.112e-04 	1.524e-05 	1.318e-05 	3.296e-04 	2.488e-08 	3.391e-08 
1.75175 	2.67592 	1.122e-05 	1.092e-04 	1.108e-05 	1.773e-05 	3.225e-04 	4.560e-08 	5.526e-08 
1.85185 	2.82883 	7.939e-06 	1.039e-04 	7.823e-06 	2.403e-05 	3.117e-04 	8.176e-08 	9.044e-08 
1.95195 	2.98174 	5.439e-06 	9.467e-05 	5.344e-06 	3.261e-05 	2.950e-04 	1.420e-07 	1.476e-07 
2.05205 	3.13465 	3.634e-06 	8.165e-05 	3.556e-06 	4.343e-05 	2.699e-04 	2.345e-07 	2.353e-07 
2.15215 	3.28756 	2.456e-06 	6.668e-05 	2.388e-06 	5.520e-05 	2.346e-04 	3.530e-07 	3.503e-07 
2.25225 	3.44047 	1.793e-06 	5.313e-05 	1.730e-06 	6.558e-05 	1.915e-04 	4.567e-07 	4.619e-07 
2.35235 	3.59338 	1.488e-06 	4.348e-05 	1.425e-06 	7.284e-05 	1.475e-04 	4.869e-07 	5.240e-07 
2.45245 	3.74629 	1.400e-06 	3.791e-05 	1.336e-06 	7.697e-05 	1.109e-04 	4.315e-07 	5.181e-07 
2.55255 	3.89920 	1.433e-06 	3.519e-05 	1.368e-06 	7.891e-05 	8.438e-05 	3.365e-07 	4.651e-07 
2.65265 	4.05211 	1.528e-06 	3.411e-05 	1.462e-06 	7.960e-05 	6.630e-05 	2.456e-07 	3.956e-07 
2.75275 	4.20502 	1.651e-06 	3.392e-05 	1.584e-06 	7.960e-05 	5.378e-05 	1.747e-07 	3.282e-07 
2.85285 	4.35793 	1.781e-06 	3.416e-05 	1.713e-06 	7.927e-05 	4.473e-05 	1.238e-07 	2.703e-07 
2.95295 	4.51084 	1.904e-06 	3.454e-05 	1.836e-06 	7.884e-05 	3.785e-05 	8.849e-08 	2.234e-07 
3.05305 	4.66375 	2.013e-06 	3.484e-05 	1.945e-06 	7.846e-05 	3.245e-05 	6.430e-08 	1.864e-07 
3.15315 	4.81666 	2.103e-06 	3.490e-05 	2.036e-06 	7.825e-05 	2.811e-05 	4.781e-08 	1.577e-07 
3.25325 	4.96957 	2.173e-06 	3.463e-05 	2.107e-06 	7.829e-05 	2.460e-05 	3.657e-08 	1.357e-07 
3.35335 	5.12248 	2.224e-06 	3.397e-05 	2.159e-06 	7.862e-05 	2.175e-05 	2.888e-08 	1.189e-07 
3.45345 	5.27539 	2.255e-06 	3.294e-05 	2.192e-06 	7.923e-05 	1.943e-05 	2.360e-08 	1.062e-07 
3.55355 	5.42830 	2.272e-06 	3.159e-05 	2.209e-06 	8.009e-05 	1.755e-05 	1.995e-08 	9.649e-08 
3.65365 	5.58121 	2.276e-06 	2.998e-05 	2.214e-06 	8.113e-05 	1.603e-05 	1.740e-08 	8.914e-08 
3.75375 	5.73412 	2.270e-06 	2.822e-05 	2.209e-06 	8.230e-05 	1.479e-05 	1.562e-08 	8.356e-08 
3.85385 	5.88703 	2.258e-06 	2.639e-05 	2.198e-06 	8.353e-05 	1.378e-05 	1.437e-08 	7.930e-08 
3.95395 	6.03994 	2.242e-06 	2.457e-05 	2.183e-06 	8.477e-05 	1.296e-05 	1.349e-08 	7.605e-08 
4.05405 	6.19285 	2.223e-06 	2.281e-05 	2.165e-06 	8.597e-05 	1.229e-05 	1.287e-08 	7.355e-08 
4.15415 	6.34575 	2.204e-06 	2.115e-05 	2.146e-06 	8.710e-05 	1.173e-05 	1.245e-08 	7.162e-08 
4.25425 	6.49866 	2.185e-06 	1.962e-05 	2.127e-06 	8.815e-05 	1.128e-05 	1.217e-08 	7.013e-08 
4.35435 	6.65157 	2.167e-06 	1.824e-05 	2.110e-06 	8.910e-05 	1.090e-05 	1.198e-08 	6.898e-08 
4.45445 	6.80448 	2.150e-06 	1.700e-05 	2.093e-06 	8.994e-05 	1.060e-05 	1.187e-08 	6.807e-08 
4.55455 	6.95739 	2.135e-06 	1.591e-05 	2.078e-06 	9.069e-05 	1.034e-05 	1.180e-08 	6.737e-08 
4.65465 	7.11030 	2.122e-06 	1.496e-05 	2.065e-06 	9.135e-05 	1.013e-05 	1.177e-08 	6.681e-08 
4.75475 	7.26321 	2.110e-06 	1.413e-05 	2.053e-06 	9.192e-05 	9.952e-06 	1.176e-08 	6.638e-08 
4.85485 	7.41612 	2.099e-06 	1.342e-05 	2.042e-06 	9.241e-05 	9.807e-06 	1.177e-08 	6.603e-08 
4.95495 	7.56903 	2.090e-06 	1.281e-05 	2.033e-06 	9.283e-05 	9.687e-06 	1.179e-08 	6.576e-08 
5.05505 	7.72194 	2.082e-06 	1.229e-05 	2.026e-06 	9.318e-05 	9.587e-06 	1.181e-08 	6.554e-08 
5.15515 	7.87485 	2.076e-06 	1.185e-05 	2.019e-06 	9.349e-05 	9.505e-06 	1.183e-08 	6.536e-08 
5.25525 	8.02776 	2.070e-06 	1.148e-05 	2.013e-06 	9.374e-05 	9.436e-06 	1.186e-08 	6.522e-08 
5.35535 	8.18067 	2.065e-06 	1.117e-05 	2.009e-06 	9.396e-05 	9.379e-06 	1.188e-08 	6.511e-08 
5.45545 	8.33358 	2.061e-06 	1.090e-05 	2.004e-06 	9.414e-05 	9.332e-06 	1.191e-08 	6.502e-08 
5.55555 	8.48649 	2.058e-06 	1.068e-05 	2.001e-06 	9.430e-05 	9.293e-06 	1.193e-08 	6.494e-08 
5.65565 	8.63940 	2.055e-06 	1.050e-05 	1.998e-06 	9.442e-05 	9.261e-06 	1.194e-08 	6.488e-08 
5.75575 	8.79231 	2.053e-06 	1.034e-05 	1.996e-06 	9.453e-05 	9.234e-06 	1.196e-08 	6.483e-08 
5.85585 	8.94522 	2.051e-06 	1.021e-05 	1.994e-06 	9.462e-05 	9.212e-06 	1.197e-08 	6.479e-08 
5.95595 	9.09813 	2.049e-06 	1.010e-05 	1.992e-06 	9.470e-05 	9.193e-06 	1.199e-08 	6.476e-08 
6.05605 	9.25104 	2.047e-06 	1.001e-05 	1.991e-06 	9.476e-05 	9.178e-06 	1.200e-08 	6.474e-08 
6.15615 	9.40395 	2.046e-06 	9.933e-06 	1.989e-06 	9.481e-05 	9.165e-06 	1.201e-08 	6.471e-08 
6.25625 	9.55686 	2.045e-06 	9.869e-06 	1.988e-06 	9.486e-05 	9.154e-06 	1.201e-08 	6.470e-08 
6.35635 	9.70977 	2.044e-06 	9.816e-06 	1.988e-06 	9.489e-05 	9.146e-06 	1.202e-08 	6.468e-08 
6.45645 	9.86268 	2.044e-06 	9.772e-06 	1.987e-06 	9.492e-05 	9.138e-06 	1.203e-08 	6.467e-08 
6.55655 	10.01559 	2.043e-06 	9.735e-06 	1.986e-06 	9.495e-05 	9.132e-06 	1.203e-08 	6.466e-08 
6.65665 	10.16850 	2.043e-06 	9.704e-06 	1.986e-06 	9.497e-05 	9.127e-06 	1.203e-08 	6.465e-08 
6.75675 	10.32141 	2.042e-06 	9.679e-06 	1.985e-06 	9.499e-05 	9.123e-06 	1.204e-08 	6.465e-08 
6.85685 	10.47432 	2.042e-06 	9.657e-06 	1.985e-06 	9.500e-05 	9.119e-06 	1.204e-08 	6.464e-08 
6.95695 	10.62723 	2.042e-06 	9.640e-06 	1.985e-06 	9.502e-05 	9.117e-06 	1.204e-08 	6.464e-08 
7.05705 	10.78014 	2.041e-06 	9.625e-06 	1.985e-06 	9.503e-05 	9.114e-06 	1.204e-08 	6.463e-08 
7.15715 	10.93305 	2.041e-06 	9.613e-06 	1.984e-06 	9.503e-05 	9.112e-06 	1.205e-08 	6.463e-08 
7.25725 	11.08596 	2.041e-06 	9.602e-06 	1.984e-06 	9.504e-05 	9.110e-06 	1.205e-08 	6.463e-08 
7.35735 	11.23887 	2.041e-06 	9.594e-06 	1.984e-06 	9.505e-05 	9.109e-06 	1.205e-08 	6.462e-08 
7.45745 	11.39178 	2.041e-06 	9.587e-06 	1.984e-06 	9.505e-05 	9.108e-06 	1.205e-08 	6.462e-08 
7.55755 	11.54469 	2.041e-06 	9.581e-06 	1.984e-06 	9.506e-05 	9.107e-06 	1.205e-08 	6.462e-08 
7.65765 	11.69760 	2.041e-06 	9.576e-06 	1.984e-06 	9.506e-05 	9.106e-06 	1.205e-08 	6.462e-08 
7.75775 	11.85051 	2.041e-06 	9.572e-06 	1.984e-06 	9.506e-05 	9.106e-06 	1.205e-08 	6.462e-08 
7.85785 	12.00342 	2.040e-06 	9.568e-06 	1.984e-06 	9.506e-05 	9.105e-06 	1.205e-08 	6.462e-08 
7.95795 	12.15633 	2.040e-06 	9.566e-06 	1.984e-06 	9.507e-05 	9.105e-06 	1.205e-08 	6.462e-08 
8.05805 	12.30924 	2.040e-06 	9.563e-06 	1.984e-06 	9.507e-05 	9.104e-06 	1.205e-08 	6.462e-08 
8.15815 	12.46215 	2.040e-06 	9.561e-06 	1.984e-06 	9.507e-05 	9.104e-06 	1.205e-08 	6.462e-08 
8.25825 	12.61505 	2.040e-06 	9.560e-06 	1.984e-06 	9.507e-05 	9.104e-06 	1.205e-08 	6.462e-08 
8.35835 	12.76796 	2.040e-06 	9.558e-06 	1.984e-06 	9.507e-05 	9.103e-06 	1.205e-08 	6.462e-08 
8.45845 	12.92087 	2.040e-06 	9.557e-06 	1.984e-06 	9.507e-05 	9.103e-06 	1.205e-08 	6.462e-08 
8.55855 	13.07378 	2.040e-06 	9.556e-06 	1.984e-06 	9.507e-05 	9.103e-06 	1.205e-08 	6.462e-08 
8.65865 	13.22669 	2.040e-06 	9.555e-06 	1.983e-06 	9.507e-05 	9.103e-06 	1.205e-08 	6.461e-08 
8.75875 	13.37960 	2.040e-06 	9.555e-06 	1.983e-06 	9.507e-05 	9.103e-06 	1.205e-08 	6.461e-08 
8.85885 	13.53251 	2.040e-06 	9.554e-06 	1.983e-06 	9.507e-05 	9.103e-06 	1.205e-08 	6.461e-08 
8.95895 	13.68542 	2.040e-06 	9.554e-06 	1.983e-06 	9.507e-05 	9.103e-06 	1.205e-08 	6.461e-08 
9.05905 	13.83833 	2.040e-06 	9.553e-06 	1.983e-06 	9.507e-05 	9.103e-06 	1.205e-08 	6.461e-08 
9.15915 	13.99124 	2.040e-06 	9.553e-06 	1.983e-06 	9.508e-05 	9.102e-06 	1.205e-08 	6.461e-08 
9.25925 	14.14415 	2.040e-06 	9.553e-06 	1.983e-06 	9.508e-05 	9.102e-06 	1.205e-08 	6.461e-08 
9.35935 	14.29706 	2.040e-06 	9.553e-06 	1.983e-06 	9.508e-05 	9.102e-06 	1.205e-08 	6.461e-08 
9.45945 	14.44997 	2.040e-06 	9.552e-06 	1.983e-06 	9.508e-05 	9.102e-06 	1.205e-08 	6.461e-08 
9.55955 	14.60288 	2.040e-06 	9.552e-06 	1.983e-06 	9.508e-05 	9.102e-06 	1.205e-08 	6.461e-08 
9.65965 	14.75579 	2.040e-06 	9.552e-06 	1.983e-06 	9.508e-05 	9.102e-06 	1.205e-08 	6.461e-08 
9.75975 	14.90870 	2.040e-06 	9.552e-06 	1.983e-06 	9.508e-05 	9.102e-06 	1.205e-08 	6.461e-08 
9.85985 	15.06161 	2.040e-06 	9.552e-06 	1.983e-06 	9.508e-05 	9.102e-06 	1.205e-08 	6.461e-08 
9.95995 	15.21452 	2.040e-06 	9.552e-06 	1.983e-06 	9.508e-05 	9.102e-06 	1.205e-08 	6.461e-08 
