n = 9.5e+02, Tgas =  12.0, Tdust =  12.0, Go =   1.0
pc 	Av 	e- 	C 	C+ 	CO 	O 	O2 	H2O 
0.05005 	0.07337 	1.386e-04 	2.920e-06 	1.383e-04 	1.423e-08 	3.404e-04 	7.281e-12 	1.412e-10 
0.15015 	0.22010 	1.371e-04 	4.442e-06 	1.368e-04 	2.403e-08 	3.405e-04 	1.108e-11 	1.758e-10 
0.25025 	0.36683 	1.348e-04 	6.689e-06 	1.346e-04 	4.036e-08 	3.406e-04 	1.665e-11 	2.186e-10 
0.35035 	0.51356 	1.316e-04 	9.928e-06 	1.314e-04 	6.733e-08 	3.408e-04 	2.476e-11 	2.720e-10 
0.45045 	0.66029 	1.271e-04 	1.445e-05 	1.269e-04 	1.113e-07 	3.410e-04 	3.662e-11 	3.405e-10 
0.55055 	0.80702 	1.211e-04 	2.050e-05 	1.209e-04 	1.816e-07 	3.413e-04 	5.419e-11 	4.309e-10 
0.65065 	0.95376 	1.135e-04 	2.819e-05 	1.132e-04 	2.917e-07 	3.417e-04 	8.094e-11 	5.547e-10 
0.75075 	1.10049 	1.042e-04 	3.741e-05 	1.040e-04 	4.598e-07 	3.420e-04 	1.230e-10 	7.304e-10 
0.85085 	1.24722 	9.376e-05 	4.783e-05 	9.352e-05 	7.092e-07 	3.424e-04 	1.916e-10 	9.869e-10 
0.95095 	1.39395 	8.251e-05 	5.888e-05 	8.228e-05 	1.069e-06 	3.427e-04 	3.071e-10 	1.370e-09 
1.05105 	1.54068 	7.108e-05 	6.994e-05 	7.084e-05 	1.572e-06 	3.428e-04 	5.075e-10 	1.952e-09 
1.15115 	1.68741 	5.997e-05 	8.041e-05 	5.975e-05 	2.256e-06 	3.426e-04 	8.630e-10 	2.847e-09 
1.25125 	1.83414 	4.962e-05 	8.982e-05 	4.940e-05 	3.164e-06 	3.421e-04 	1.505e-09 	4.240e-09 
1.35135 	1.98088 	4.029e-05 	9.781e-05 	4.008e-05 	4.348e-06 	3.411e-04 	2.677e-09 	6.429e-09 
1.45145 	2.12761 	3.212e-05 	1.041e-04 	3.192e-05 	5.875e-06 	3.395e-04 	4.831e-09 	9.895e-09 
1.55155 	2.27434 	2.515e-05 	1.086e-04 	2.496e-05 	7.844e-06 	3.371e-04 	8.783e-09 	1.542e-08 
1.65165 	2.42107 	1.932e-05 	1.111e-04 	1.915e-05 	1.041e-05 	3.337e-04 	1.597e-08 	2.428e-08 
1.75175 	2.56780 	1.455e-05 	1.114e-04 	1.439e-05 	1.384e-05 	3.288e-04 	2.883e-08 	3.851e-08 
1.85185 	2.71453 	1.071e-05 	1.089e-04 	1.057e-05 	1.850e-05 	3.214e-04 	5.128e-08 	6.146e-08 
1.95195 	2.86127 	7.675e-06 	1.033e-04 	7.556e-06 	2.492e-05 	3.103e-04 	8.922e-08 	9.838e-08 
2.05205 	3.00800 	5.342e-06 	9.401e-05 	5.244e-06 	3.351e-05 	2.935e-04 	1.506e-07 	1.568e-07 
2.15215 	3.15473 	3.640e-06 	8.128e-05 	3.560e-06 	4.416e-05 	2.688e-04 	2.420e-07 	2.440e-07 
2.25225 	3.30146 	2.513e-06 	6.689e-05 	2.442e-06 	5.560e-05 	2.348e-04 	3.566e-07 	3.560e-07 
2.35235 	3.44819 	1.863e-06 	5.386e-05 	1.797e-06 	6.570e-05 	1.936e-04 	4.571e-07 	4.645e-07 
2.45245 	3.59492 	1.552e-06 	4.440e-05 	1.486e-06 	7.290e-05 	1.515e-04 	4.906e-07 	5.280e-07 
2.55255 	3.74166 	1.452e-06 	3.875e-05 	1.386e-06 	7.715e-05 	1.157e-04 	4.436e-07 	5.280e-07 
2.65265 	3.88839 	1.474e-06 	3.585e-05 	1.407e-06 	7.925e-05 	8.910e-05 	3.546e-07 	4.811e-07 
2.75275 	4.03512 	1.562e-06 	3.460e-05 	1.493e-06 	8.008e-05 	7.058e-05 	2.650e-07 	4.150e-07 
2.85285 	4.18185 	1.680e-06 	3.427e-05 	1.611e-06 	8.020e-05 	5.762e-05 	1.925e-07 	3.485e-07 
2.95295 	4.32858 	1.808e-06 	3.442e-05 	1.739e-06 	7.995e-05 	4.818e-05 	1.389e-07 	2.900e-07 
3.05305 	4.47531 	1.933e-06 	3.475e-05 	1.863e-06 	7.955e-05 	4.101e-05 	1.008e-07 	2.415e-07 
3.15315 	4.62204 	2.047e-06 	3.506e-05 	1.976e-06 	7.916e-05 	3.534e-05 	7.410e-08 	2.026e-07 
3.25325 	4.76878 	2.143e-06 	3.519e-05 	2.073e-06 	7.890e-05 	3.076e-05 	5.553e-08 	1.720e-07 
3.35335 	4.91551 	2.221e-06 	3.504e-05 	2.152e-06 	7.886e-05 	2.702e-05 	4.263e-08 	1.482e-07 
3.45345 	5.06224 	2.280e-06 	3.455e-05 	2.212e-06 	7.908e-05 	2.395e-05 	3.367e-08 	1.298e-07 
3.55355 	5.20897 	2.320e-06 	3.370e-05 	2.253e-06 	7.956e-05 	2.143e-05 	2.741e-08 	1.156e-07 
3.65365 	5.35570 	2.344e-06 	3.253e-05 	2.278e-06 	8.029e-05 	1.937e-05 	2.301e-08 	1.047e-07 
3.75375 	5.50243 	2.354e-06 	3.111e-05 	2.290e-06 	8.122e-05 	1.768e-05 	1.991e-08 	9.632e-08 
3.85385 	5.64917 	2.354e-06 	2.949e-05 	2.291e-06 	8.229e-05 	1.629e-05 	1.770e-08 	8.990e-08 
3.95395 	5.79590 	2.346e-06 	2.776e-05 	2.284e-06 	8.346e-05 	1.515e-05 	1.613e-08 	8.496e-08 
4.05405 	5.94263 	2.333e-06 	2.600e-05 	2.271e-06 	8.466e-05 	1.422e-05 	1.500e-08 	8.114e-08 
4.15415 	6.08936 	2.316e-06 	2.427e-05 	2.255e-06 	8.586e-05 	1.345e-05 	1.420e-08 	7.819e-08 
4.25425 	6.23609 	2.298e-06 	2.261e-05 	2.237e-06 	8.700e-05 	1.281e-05 	1.364e-08 	7.589e-08 
4.35435 	6.38282 	2.279e-06 	2.105e-05 	2.219e-06 	8.808e-05 	1.228e-05 	1.324e-08 	7.410e-08 
4.45445 	6.52956 	2.261e-06 	1.961e-05 	2.201e-06 	8.908e-05 	1.184e-05 	1.297e-08 	7.270e-08 
4.55455 	6.67629 	2.243e-06 	1.831e-05 	2.183e-06 	8.998e-05 	1.147e-05 	1.278e-08 	7.160e-08 
4.65465 	6.82302 	2.227e-06 	1.714e-05 	2.167e-06 	9.080e-05 	1.117e-05 	1.267e-08 	7.074e-08 
4.75475 	6.96975 	2.212e-06 	1.611e-05 	2.153e-06 	9.151e-05 	1.092e-05 	1.260e-08 	7.005e-08 
4.85485 	7.11648 	2.199e-06 	1.520e-05 	2.140e-06 	9.215e-05 	1.070e-05 	1.256e-08 	6.951e-08 
4.95495 	7.26321 	2.187e-06 	1.441e-05 	2.128e-06 	9.270e-05 	1.053e-05 	1.255e-08 	6.907e-08 
5.05505 	7.40995 	2.177e-06 	1.373e-05 	2.118e-06 	9.318e-05 	1.038e-05 	1.256e-08 	6.873e-08 
5.15515 	7.55668 	2.168e-06 	1.314e-05 	2.109e-06 	9.359e-05 	1.026e-05 	1.257e-08 	6.845e-08 
5.25525 	7.70341 	2.160e-06 	1.263e-05 	2.101e-06 	9.394e-05 	1.016e-05 	1.259e-08 	6.823e-08 
5.35535 	7.85014 	2.153e-06 	1.220e-05 	2.094e-06 	9.424e-05 	1.007e-05 	1.261e-08 	6.805e-08 
5.45545 	7.99687 	2.147e-06 	1.183e-05 	2.089e-06 	9.450e-05 	9.998e-06 	1.263e-08 	6.790e-08 
5.55555 	8.14360 	2.142e-06 	1.152e-05 	2.084e-06 	9.472e-05 	9.938e-06 	1.265e-08 	6.778e-08 
5.65565 	8.29033 	2.138e-06 	1.125e-05 	2.079e-06 	9.490e-05 	9.888e-06 	1.267e-08 	6.769e-08 
5.75575 	8.43707 	2.135e-06 	1.102e-05 	2.076e-06 	9.506e-05 	9.846e-06 	1.269e-08 	6.761e-08 
5.85585 	8.58380 	2.131e-06 	1.083e-05 	2.073e-06 	9.519e-05 	9.811e-06 	1.271e-08 	6.755e-08 
5.95595 	8.73053 	2.129e-06 	1.067e-05 	2.070e-06 	9.531e-05 	9.782e-06 	1.273e-08 	6.749e-08 
6.05605 	8.87726 	2.127e-06 	1.054e-05 	2.068e-06 	9.540e-05 	9.758e-06 	1.274e-08 	6.745e-08 
6.15615 	9.02399 	2.125e-06 	1.042e-05 	2.066e-06 	9.548e-05 	9.737e-06 	1.275e-08 	6.742e-08 
6.25625 	9.17072 	2.123e-06 	1.033e-05 	2.065e-06 	9.555e-05 	9.720e-06 	1.276e-08 	6.739e-08 
6.35635 	9.31746 	2.122e-06 	1.025e-05 	2.064e-06 	9.561e-05 	9.706e-06 	1.277e-08 	6.736e-08 
6.45645 	9.46419 	2.121e-06 	1.018e-05 	2.062e-06 	9.565e-05 	9.694e-06 	1.278e-08 	6.734e-08 
6.55655 	9.61092 	2.120e-06 	1.012e-05 	2.062e-06 	9.569e-05 	9.684e-06 	1.279e-08 	6.733e-08 
6.65665 	9.75765 	2.119e-06 	1.008e-05 	2.061e-06 	9.573e-05 	9.675e-06 	1.279e-08 	6.731e-08 
6.75675 	9.90438 	2.119e-06 	1.004e-05 	2.060e-06 	9.575e-05 	9.668e-06 	1.280e-08 	6.730e-08 
6.85685 	10.05111 	2.118e-06 	1.000e-05 	2.060e-06 	9.578e-05 	9.663e-06 	1.280e-08 	6.729e-08 
6.95695 	10.19785 	2.118e-06 	9.973e-06 	2.059e-06 	9.580e-05 	9.658e-06 	1.281e-08 	6.729e-08 
7.05705 	10.34458 	2.117e-06 	9.949e-06 	2.059e-06 	9.581e-05 	9.654e-06 	1.281e-08 	6.728e-08 
7.15715 	10.49131 	2.117e-06 	9.929e-06 	2.058e-06 	9.583e-05 	9.650e-06 	1.281e-08 	6.727e-08 
7.25725 	10.63804 	2.117e-06 	9.912e-06 	2.058e-06 	9.584e-05 	9.647e-06 	1.281e-08 	6.727e-08 
7.35735 	10.78477 	2.116e-06 	9.898e-06 	2.058e-06 	9.585e-05 	9.645e-06 	1.282e-08 	6.727e-08 
7.45745 	10.93150 	2.116e-06 	9.886e-06 	2.058e-06 	9.586e-05 	9.643e-06 	1.282e-08 	6.726e-08 
7.55755 	11.07823 	2.116e-06 	9.876e-06 	2.058e-06 	9.587e-05 	9.641e-06 	1.282e-08 	6.726e-08 
7.65765 	11.22497 	2.116e-06 	9.868e-06 	2.057e-06 	9.587e-05 	9.640e-06 	1.282e-08 	6.726e-08 
7.75775 	11.37170 	2.116e-06 	9.861e-06 	2.057e-06 	9.588e-05 	9.638e-06 	1.282e-08 	6.726e-08 
7.85785 	11.51843 	2.116e-06 	9.855e-06 	2.057e-06 	9.588e-05 	9.637e-06 	1.282e-08 	6.725e-08 
7.95795 	11.66516 	2.116e-06 	9.850e-06 	2.057e-06 	9.588e-05 	9.637e-06 	1.282e-08 	6.725e-08 
8.05805 	11.81189 	2.116e-06 	9.846e-06 	2.057e-06 	9.589e-05 	9.636e-06 	1.282e-08 	6.725e-08 
8.15815 	11.95862 	2.116e-06 	9.843e-06 	2.057e-06 	9.589e-05 	9.635e-06 	1.282e-08 	6.725e-08 
8.25825 	12.10536 	2.115e-06 	9.840e-06 	2.057e-06 	9.589e-05 	9.635e-06 	1.282e-08 	6.725e-08 
8.35835 	12.25209 	2.115e-06 	9.838e-06 	2.057e-06 	9.589e-05 	9.634e-06 	1.282e-08 	6.725e-08 
8.45845 	12.39882 	2.115e-06 	9.835e-06 	2.057e-06 	9.589e-05 	9.634e-06 	1.282e-08 	6.725e-08 
8.55855 	12.54555 	2.115e-06 	9.834e-06 	2.057e-06 	9.590e-05 	9.634e-06 	1.282e-08 	6.725e-08 
8.65865 	12.69228 	2.115e-06 	9.832e-06 	2.057e-06 	9.590e-05 	9.634e-06 	1.282e-08 	6.725e-08 
8.75875 	12.83901 	2.115e-06 	9.831e-06 	2.057e-06 	9.590e-05 	9.633e-06 	1.282e-08 	6.725e-08 
8.85885 	12.98575 	2.115e-06 	9.830e-06 	2.057e-06 	9.590e-05 	9.633e-06 	1.282e-08 	6.725e-08 
8.95895 	13.13248 	2.115e-06 	9.829e-06 	2.057e-06 	9.590e-05 	9.633e-06 	1.282e-08 	6.725e-08 
9.05905 	13.27921 	2.115e-06 	9.829e-06 	2.057e-06 	9.590e-05 	9.633e-06 	1.283e-08 	6.725e-08 
9.15915 	13.42594 	2.115e-06 	9.828e-06 	2.057e-06 	9.590e-05 	9.633e-06 	1.283e-08 	6.725e-08 
9.25925 	13.57267 	2.115e-06 	9.828e-06 	2.057e-06 	9.590e-05 	9.633e-06 	1.283e-08 	6.725e-08 
9.35935 	13.71940 	2.115e-06 	9.827e-06 	2.057e-06 	9.590e-05 	9.633e-06 	1.283e-08 	6.725e-08 
9.45945 	13.86613 	2.115e-06 	9.827e-06 	2.057e-06 	9.590e-05 	9.633e-06 	1.283e-08 	6.725e-08 
9.55955 	14.01287 	2.115e-06 	9.826e-06 	2.057e-06 	9.590e-05 	9.633e-06 	1.283e-08 	6.725e-08 
9.65965 	14.15960 	2.115e-06 	9.826e-06 	2.057e-06 	9.590e-05 	9.633e-06 	1.283e-08 	6.725e-08 
9.75975 	14.30633 	2.115e-06 	9.826e-06 	2.057e-06 	9.590e-05 	9.632e-06 	1.283e-08 	6.725e-08 
9.85985 	14.45306 	2.115e-06 	9.826e-06 	2.057e-06 	9.590e-05 	9.632e-06 	1.283e-08 	6.725e-08 
9.95995 	14.59979 	2.115e-06 	9.826e-06 	2.057e-06 	9.590e-05 	9.632e-06 	1.283e-08 	6.725e-08 
